/home/techt/anaconda3/envs/hl/lib/python3.8/site-packages/torchvision/models/_utils.py:208: UserWarning: The parameter 'pretrained' is deprecated since 0.13 and may be removed in the future, please use 'weights' instead.
  warnings.warn(
/home/techt/anaconda3/envs/hl/lib/python3.8/site-packages/torchvision/models/_utils.py:223: UserWarning: Arguments other than a weight enum or `None` for 'weights' are deprecated since 0.13 and may be removed in the future. The current behavior is equivalent to passing `weights=MobileNet_V2_Weights.IMAGENET1K_V1`. You can also use `weights=MobileNet_V2_Weights.DEFAULT` to get the most up-to-date weights.
  warnings.warn(msg)
/home/techt/anaconda3/envs/hl/lib/python3.8/site-packages/torchvision/transforms/functional.py:1603: UserWarning: The default value of the antialias parameter of all the resizing transforms (Resize(), RandomResizedCrop(), etc.) will change from None to True in v0.17, in order to be consistent across the PIL and Tensor backends. To suppress this warning, directly pass antialias=True (recommended, future default), antialias=None (current default, which means False for Tensors and True for PIL), or antialias=False (only works on Tensors - PIL will still use antialiasing). This also applies if you are using the inference transforms from the models weights: update the call to weights.transforms(antialias=True).
  warnings.warn(
r_bn:  0.1
lr:  0.25
step 1
step 1.1
step 1.2
[5.22045199e-01 4.28916372e-19 2.36125687e-08 3.27098007e-01
 1.06966716e-04 4.67059490e-10 4.03776686e-03 3.59731617e-08
 1.46712000e-01 6.82051889e-13]
[2.20046298e-01 5.47885319e-16 1.47466300e-07 7.55662282e-01
 1.06443948e-03 1.03760164e-07 1.16786451e-03 8.72931140e-08
 2.20587775e-02 1.77998029e-12]
[1.11958664e-01 7.39023455e-12 1.07345361e-05 8.77313215e-01
 2.10711152e-03 6.79217857e-04 1.11430065e-03 4.09876094e-05
 6.77563516e-03 1.34097614e-07]
[8.44964016e-02 5.10833909e-07 8.56960452e-04 9.00384443e-01
 3.66642960e-03 1.04881178e-03 1.21933148e-03 1.01243137e-03
 7.30961827e-03 5.06181149e-06]
[0.08003948 0.00098013 0.00103418 0.89878179 0.00625745 0.00111821
 0.00125775 0.00101272 0.00855051 0.00096778]
[0.09189142 0.00152775 0.00093599 0.88410785 0.00757122 0.00098029
 0.00119839 0.00112563 0.00975968 0.00090178]
[0.10152804 0.00259932 0.00094731 0.86877288 0.01141625 0.00101815
 0.00122413 0.00113064 0.01032517 0.0010381 ]
[0.11674623 0.00621232 0.00095839 0.84584283 0.01446618 0.00131027
 0.00099365 0.001724   0.01049221 0.00125393]
[0.12829105 0.01157406 0.00119373 0.82149606 0.01879632 0.00115034
 0.00125838 0.00210875 0.0130127  0.00111863]
[0.14069564 0.01918742 0.00122381 0.78918229 0.02796598 0.00110424
 0.00097794 0.00310399 0.01444644 0.00211226]
[0.14919893 0.03118355 0.00102731 0.75764632 0.03506438 0.00122239
 0.00102723 0.00517627 0.01639921 0.0020544 ]
[0.1641486  0.04447874 0.00104769 0.72303095 0.0373987  0.00112352
 0.0012755  0.00726981 0.01815187 0.00207462]
[0.17292815 0.06320588 0.00104565 0.68977163 0.03957424 0.00134805
 0.00133348 0.00731045 0.02120103 0.00228145]
[0.18192021 0.07020904 0.00103331 0.66599565 0.04153991 0.00165458
 0.00109786 0.01225549 0.02173855 0.00255541]
[0.19738856 0.08221306 0.00115303 0.63895248 0.03965263 0.00191592
 0.00095452 0.01400912 0.02142382 0.00233686]
[0.20929383 0.09682535 0.00132811 0.60820117 0.04086696 0.00212768
 0.00163314 0.01486689 0.0223817  0.00247518]
[0.21307384 0.10921807 0.00129084 0.592421   0.04131158 0.00254382
 0.00110837 0.01491335 0.02190342 0.0022157 ]
[0.21966382 0.12016346 0.00114324 0.5717035  0.04143572 0.00316942
 0.00151825 0.01551839 0.02256207 0.00312213]
[0.22278722 0.13376782 0.00104533 0.55282943 0.04246863 0.00305289
 0.00122798 0.01674296 0.02280425 0.00327349]
[0.22294692 0.14602766 0.00133274 0.53744008 0.0433051  0.00343185
 0.00158399 0.01605802 0.02375974 0.0041139 ]
[0.23001687 0.15484297 0.00113067 0.51841676 0.04349874 0.00308705
 0.00112294 0.0177568  0.02592204 0.00420515]
[0.23393277 0.15455627 0.00125843 0.50569    0.0476602  0.00320821
 0.00105408 0.01972666 0.0277074  0.00520598]
[0.23277093 0.16254734 0.00115809 0.4910744  0.05059019 0.00315949
 0.0014896  0.01981978 0.03111155 0.00627863]
[0.23741077 0.16413184 0.00112926 0.47714175 0.0530793  0.00307703
 0.00108189 0.02273094 0.03295621 0.007261  ]
[0.23544843 0.1676253  0.00114751 0.47067415 0.05295373 0.00327001
 0.00130814 0.02526629 0.0345495  0.00775694]
[0.23710332 0.17905769 0.00142237 0.4545401  0.05290024 0.0030718
 0.00142081 0.02704719 0.03527643 0.00816005]
[0.23856877 0.18411584 0.00180785 0.44232644 0.0547314  0.00325825
 0.00149158 0.02884412 0.03658318 0.00827257]
[0.24301901 0.19034099 0.00190718 0.42957393 0.05496406 0.00328415
 0.00126835 0.02886519 0.03745432 0.00932283]
[0.24573627 0.19187876 0.00216968 0.41949772 0.05613907 0.00331824
 0.00147986 0.03024205 0.0394777  0.01006064]
[0.24494604 0.1970705  0.00218869 0.41228555 0.05719589 0.00359146
 0.00122141 0.03153071 0.03944594 0.0105238 ]
step 1.3
step 1.1
step 1.2
[4.02165890e-18 8.26971794e-03 5.06141507e-19 1.59744588e-15
 5.25333992e-25 9.74306116e-01 4.17947969e-03 9.42242413e-03
 3.82226195e-03 8.97291709e-18]
[3.59717694e-39 9.32286058e-02 7.74821361e-31 1.97244098e-34
 7.80472046e-58 5.95104579e-01 1.28379236e-01 1.83286519e-01
 1.05992175e-06 1.22459254e-39]
[9.84870596e-24 2.05495595e-01 7.04040789e-18 2.31354370e-20
 8.99873433e-36 2.96352733e-01 1.85131725e-01 3.12021761e-01
 9.98185248e-04 5.21497494e-24]
[1.00316027e-12 2.78821408e-01 2.07997358e-07 1.14680287e-09
 7.29665399e-28 1.64321032e-01 2.26176518e-01 3.29592029e-01
 1.08880386e-03 6.00650439e-13]
[9.25051351e-08 3.67350346e-01 8.64543392e-04 2.53870547e-05
 2.54755026e-16 1.24793880e-01 1.63326602e-01 3.42453955e-01
 1.18511243e-03 8.19734741e-08]
[1.38936024e-06 4.31519555e-01 1.00456617e-03 1.31199854e-04
 1.72986599e-10 1.11904709e-01 1.33897522e-01 3.19450842e-01
 2.08805569e-03 2.16072024e-06]
[7.14267606e-06 4.66354879e-01 7.03680068e-04 3.65130080e-04
 6.35464282e-05 1.01391413e-01 1.24633673e-01 3.03434889e-01
 3.03490029e-03 1.07465824e-05]
[2.61367879e-05 4.84154237e-01 5.81206614e-04 1.93595219e-04
 8.77283351e-04 9.67379396e-02 1.23718806e-01 2.88404617e-01
 5.27658722e-03 2.95914001e-05]
[6.69192318e-05 4.88744798e-01 5.29085009e-04 2.71982129e-04
 1.25754390e-03 9.23606838e-02 1.33740861e-01 2.77946202e-01
 5.01093375e-03 7.09906984e-05]
[1.55756702e-04 4.90905150e-01 6.11489906e-04 4.15532041e-04
 2.97231201e-03 9.03153984e-02 1.38146107e-01 2.69153890e-01
 7.15786270e-03 1.66501528e-04]
[2.32864062e-04 4.78052540e-01 5.68033142e-04 7.63540724e-04
 3.26115312e-03 9.24937178e-02 1.46320247e-01 2.70450197e-01
 7.60571871e-03 2.51988606e-04]
[3.01862561e-04 4.67089014e-01 5.35892611e-04 1.18181336e-03
 6.50057802e-03 9.33139808e-02 1.53101357e-01 2.68513771e-01
 9.11310914e-03 3.48620888e-04]
[3.20254938e-04 4.55635740e-01 4.69600675e-04 1.46582515e-03
 1.05108851e-02 9.08588519e-02 1.56674115e-01 2.69862788e-01
 1.37651887e-02 4.36749252e-04]
[3.25483404e-04 4.45095603e-01 4.17629409e-04 1.95333839e-03
 2.27131335e-02 9.07560325e-02 1.64598478e-01 2.57928861e-01
 1.57742842e-02 4.37155994e-04]
[3.39526508e-04 4.28597270e-01 3.99053376e-04 2.26331506e-03
 2.87546457e-02 9.27009693e-02 1.69629932e-01 2.54258361e-01
 2.26608384e-02 3.96089467e-04]
[0.00043911 0.41252372 0.00048806 0.00282466 0.03962103 0.09554544
 0.17282413 0.24821556 0.02704275 0.00047554]
[0.00060559 0.39012654 0.00064863 0.00429969 0.05048632 0.09838632
 0.18066334 0.24064214 0.03357953 0.00056191]
[0.00048439 0.37494762 0.00060657 0.00519489 0.05547769 0.10709242
 0.18862049 0.23079364 0.0356519  0.00113038]
[0.00091573 0.35843351 0.00092471 0.00534093 0.06284829 0.10742201
 0.19546697 0.22928013 0.03782702 0.0015407 ]
[0.00091142 0.34571708 0.00079086 0.00611549 0.06301263 0.11081426
 0.19772041 0.22846654 0.04501965 0.00143166]
[0.00144228 0.32946226 0.00080045 0.00840021 0.06836375 0.11165142
 0.19863607 0.23087649 0.04831972 0.00204735]
[0.00188859 0.31749227 0.00066393 0.01027447 0.06726192 0.11344307
 0.19946455 0.23517186 0.05222528 0.00211405]
[0.00257613 0.31018115 0.00071037 0.01206973 0.06794963 0.11456194
 0.19799412 0.23511292 0.05665627 0.00218775]
[0.00368455 0.30152342 0.00119714 0.01238144 0.06920513 0.11959797
 0.19961101 0.23175653 0.05873035 0.00231246]
[0.00461811 0.29455849 0.00055459 0.01125332 0.07153133 0.12596276
 0.197579   0.2301299  0.06068061 0.0031319 ]
[0.00731323 0.28593122 0.00185642 0.01299633 0.07118213 0.12894338
 0.19545902 0.22941374 0.06354587 0.00335867]
[0.00941288 0.2784605  0.00063494 0.01285206 0.07242218 0.13050281
 0.19288464 0.2304417  0.06614563 0.00624266]
[0.01128425 0.26621836 0.0025477  0.01390998 0.07390308 0.13310457
 0.19428668 0.23063664 0.06688296 0.00722577]
[0.01271247 0.25726317 0.00080725 0.01541323 0.07585482 0.13143422
 0.19485168 0.23272962 0.07032936 0.0086042 ]
[0.01292871 0.24977696 0.00073386 0.01799758 0.07906033 0.13031923
 0.19506755 0.23136042 0.07304834 0.00970701]
step 1.3
step 1.1
step 1.2
[5.50853339e-01 5.30381562e-12 8.05034050e-06 2.39461603e-19
 6.91987751e-10 7.37429212e-16 1.97813184e-21 5.07359795e-24
 4.49138610e-01 1.14438031e-22]
[5.75778945e-01 8.45327198e-04 1.39468383e-03 1.57149377e-22
 3.18874753e-06 3.73528903e-15 1.31418855e-20 4.01221352e-26
 4.21977855e-01 4.76985232e-23]
[5.92090978e-01 1.15952406e-03 4.00074568e-03 7.87443878e-13
 1.05794223e-03 7.89884206e-06 3.61407290e-13 4.72577795e-22
 4.01682911e-01 1.54978211e-18]
[6.08279220e-01 9.54197653e-03 7.08123353e-03 2.15893854e-07
 2.22868145e-03 1.15301499e-03 2.01681746e-09 6.39297906e-13
 3.71715655e-01 1.38909662e-13]
[5.57029572e-01 1.29827651e-01 1.11179419e-02 3.97491084e-04
 5.01028616e-03 1.17233060e-03 4.70035920e-08 2.87775320e-07
 2.95444392e-01 3.64503493e-11]
[4.90084972e-01 2.62716189e-01 1.36485040e-02 5.61292810e-04
 8.01215588e-03 7.19369323e-04 4.30291096e-07 3.46554934e-04
 2.23910529e-01 2.54067291e-09]
[4.43973291e-01 3.18505528e-01 2.50930720e-02 1.43042472e-04
 1.43697321e-02 7.48449427e-04 4.22395040e-06 9.71716075e-04
 1.96190828e-01 1.17640500e-07]
[4.19012707e-01 3.47481289e-01 3.03811831e-02 1.14153123e-04
 1.81942192e-02 8.68731620e-04 2.63835687e-05 2.07070711e-03
 1.81848189e-01 2.43787665e-06]
[3.91742732e-01 3.59471362e-01 4.12724161e-02 5.65066149e-05
 2.50307031e-02 8.83831548e-04 8.59766230e-05 2.33619212e-03
 1.79103077e-01 1.72037924e-05]
[3.71790922e-01 3.68430818e-01 4.60128078e-02 1.16720593e-03
 3.34235444e-02 6.75909194e-04 1.50233090e-04 4.16950785e-03
 1.74093427e-01 8.56246501e-05]
[3.49257804e-01 3.62616616e-01 6.72841570e-02 1.31748311e-03
 4.22242649e-02 5.42330079e-04 2.04151820e-04 4.61608106e-03
 1.71814260e-01 1.22852825e-04]
[3.29682242e-01 3.60881056e-01 8.19227822e-02 1.32213599e-03
 4.84237722e-02 3.60319266e-04 1.93438462e-04 5.92090911e-03
 1.71144576e-01 1.48768838e-04]
[3.14883987e-01 3.52932997e-01 9.27483797e-02 1.30474393e-03
 5.82416735e-02 3.60113213e-04 2.42486290e-04 6.12251130e-03
 1.72929563e-01 2.33544562e-04]
[3.00217753e-01 3.52546241e-01 1.04455431e-01 1.93586267e-03
 6.11837926e-02 3.23225493e-04 2.51803604e-04 9.67254434e-03
 1.69129961e-01 2.83385444e-04]
[0.28224606 0.34950185 0.11499661 0.00293651 0.06668128 0.00063215
 0.00054166 0.01139275 0.17043766 0.00063345]
[2.72987348e-01 3.46092351e-01 1.20967162e-01 5.09076128e-03
 6.92489563e-02 4.80360148e-04 4.31926161e-04 1.21060052e-02
 1.72475617e-01 1.19512499e-04]
[0.2668116  0.33868577 0.12463953 0.01104282 0.07323818 0.00037746
 0.0003453  0.01392629 0.17040391 0.00052913]
[0.2654377  0.33437499 0.1272827  0.01282649 0.07714242 0.00037489
 0.0003396  0.01464425 0.16672666 0.00085029]
[0.25624864 0.32671234 0.13447411 0.0163883  0.08165377 0.00049881
 0.00045435 0.01611327 0.16580263 0.00165378]
[0.25321859 0.32061661 0.13868661 0.0212658  0.08855717 0.00067113
 0.00061965 0.01921151 0.15506033 0.00209262]
[0.24308576 0.31421442 0.14720855 0.03032126 0.08872773 0.00044463
 0.00056744 0.02698536 0.14613692 0.00230795]
[0.2368347  0.31063794 0.14947337 0.03259531 0.09312594 0.00050886
 0.00049827 0.02940686 0.14368206 0.00323669]
[0.22621673 0.30821558 0.15322785 0.03518059 0.09572689 0.00106723
 0.00088826 0.0343395  0.14089981 0.00423755]
[0.22275384 0.30350612 0.15472668 0.04019773 0.09600333 0.00060333
 0.00042987 0.04293158 0.13473121 0.0041163 ]
[0.21904974 0.29673693 0.1570011  0.04243813 0.10144992 0.00152488
 0.00131603 0.04495389 0.13043166 0.00509771]
[0.21493595 0.28795401 0.15899357 0.04662352 0.10114348 0.00184487
 0.00100629 0.05238608 0.13073473 0.0043775 ]
[0.21003966 0.27959211 0.15907298 0.04969612 0.10459171 0.0031865
 0.0007143  0.0604948  0.12778716 0.00482467]
[0.20662327 0.27497921 0.16122983 0.0506082  0.10474072 0.00329907
 0.00058433 0.06561452 0.12747301 0.00484783]
[0.2038612  0.26919294 0.16160026 0.05179048 0.10816453 0.00423308
 0.00127285 0.06991259 0.12489628 0.00507579]
[0.19854942 0.26555457 0.16129039 0.0518702  0.11390816 0.00489559
 0.00131659 0.07311014 0.12369668 0.00580825]
step 1.3
step 1.1
step 1.2
[2.40670960e-06 1.08035617e-03 9.24780555e-03 8.56714057e-18
 9.44363960e-01 1.05966420e-22 3.00772768e-03 9.84042119e-27
 4.20193965e-02 2.78347424e-04]
[3.50368466e-03 6.93422135e-03 1.74651267e-01 1.01244799e-13
 6.78743581e-01 1.71343192e-17 3.96070471e-02 8.23223243e-22
 9.18626011e-02 4.69759723e-03]
[1.97375471e-02 1.51241631e-02 1.66603442e-01 9.66393313e-06
 4.66308315e-01 3.05522677e-13 1.50268616e-01 1.26197667e-17
 1.66801054e-01 1.51471991e-02]
[4.68405022e-02 2.53206531e-02 9.22839037e-02 1.08763527e-03
 3.33505199e-01 2.50368185e-06 2.42513330e-01 3.88412860e-12
 2.35263657e-01 2.31826160e-02]
[7.19327835e-02 4.11555841e-02 5.71585202e-02 2.30548532e-03
 2.41309168e-01 1.30859990e-03 2.85522553e-01 1.26425186e-05
 2.67018667e-01 3.22759958e-02]
[0.0888945  0.0442419  0.04869885 0.00290543 0.19557095 0.0012957
 0.29950962 0.00101694 0.27569704 0.04216907]
[0.10422361 0.05687205 0.04407713 0.00388179 0.16631577 0.00119796
 0.30395882 0.00154687 0.27471208 0.04321392]
[0.11331783 0.06769154 0.04785711 0.0047138  0.14476655 0.00120193
 0.29633886 0.00136802 0.27319957 0.0495448 ]
[0.12684719 0.07585183 0.04872303 0.00809346 0.13012081 0.00224547
 0.2846065  0.00129192 0.26642925 0.05579053]
[0.13191859 0.07846547 0.05453901 0.01499758 0.12952762 0.00247819
 0.27089728 0.00232531 0.25120442 0.06364652]
[0.1387877  0.0821708  0.057873   0.01688386 0.13140951 0.00257937
 0.26653556 0.00375701 0.22843508 0.07156811]
[0.13967942 0.09216762 0.06422083 0.0214342  0.13462148 0.00350236
 0.24782056 0.00511664 0.2193159  0.072121  ]
[0.13665421 0.0907143  0.06835756 0.02489243 0.13082238 0.00451933
 0.23491125 0.00597392 0.22627317 0.07688145]
[0.13347935 0.09448685 0.07185856 0.03714472 0.12806805 0.00576827
 0.22928806 0.00805166 0.21394972 0.07790477]
[0.13919998 0.10034368 0.06958312 0.03991036 0.1412112  0.00823465
 0.22820794 0.01249081 0.18454452 0.07627375]
[0.14042482 0.10391054 0.07185647 0.04701971 0.14613828 0.01283943
 0.22017892 0.0152436  0.16404415 0.07834406]
[0.14417308 0.10553133 0.07638748 0.05209658 0.15619234 0.0197513
 0.21286998 0.01611458 0.13337098 0.08351235]
[0.15225336 0.10858558 0.07561329 0.05302463 0.16622724 0.02299996
 0.20397852 0.01743432 0.11069718 0.08918592]
[0.15411622 0.10880367 0.07804724 0.05518555 0.1716821  0.02658985
 0.20111626 0.01958893 0.09915055 0.08571963]
[0.15573554 0.10511253 0.07685569 0.05627195 0.17798199 0.03207834
 0.19627796 0.02195958 0.08368192 0.09404452]
[0.11814019 0.10182152 0.10460851 0.09228477 0.12437246 0.02884431
 0.15708795 0.02103644 0.17344397 0.07835988]
[0.15301453 0.10385127 0.0772115  0.06041203 0.17142895 0.04144523
 0.18891909 0.02653987 0.08193273 0.09524479]
[0.11376332 0.10345961 0.10597521 0.1045662  0.12197459 0.03649354
 0.14371389 0.02223304 0.17194407 0.07587652]
[0.14509623 0.10332881 0.0771522  0.06723984 0.16903838 0.05105058
 0.17923422 0.03028007 0.08049623 0.09708344]
[0.11302681 0.10187461 0.10398011 0.09937786 0.12479871 0.0442273
 0.14624196 0.02609151 0.15557393 0.08480718]
[0.14541643 0.10663287 0.07474457 0.07309199 0.17092488 0.05454185
 0.16690798 0.03505293 0.07224756 0.10043894]
[0.12239941 0.1013596  0.09064328 0.09308159 0.14036977 0.05042966
 0.15066077 0.03361535 0.12517219 0.09226838]
[0.1232927  0.10511608 0.08920572 0.08442151 0.14543467 0.05238418
 0.15448231 0.03705767 0.11786248 0.09074267]
[0.10391509 0.10411387 0.10606537 0.11762891 0.11371773 0.04919474
 0.12725375 0.03283237 0.16157459 0.08370358]
[0.1284513  0.10855126 0.08655146 0.08394649 0.15011505 0.05702643
 0.15152706 0.0409698  0.09322162 0.09963954]
step 1.3
step 1.1
step 1.2
[2.58731091e-28 1.31009997e-21 1.16529410e-15 3.87231264e-22
 6.08716365e-26 2.47636911e-18 1.45084336e-24 3.78468555e-01
 6.21520012e-01 1.14321020e-05]
[3.60218312e-23 2.21964128e-19 1.19904521e-14 9.25046493e-18
 1.09974288e-19 6.10711873e-17 8.05403258e-20 1.39180759e-01
 7.79118873e-01 8.17003684e-02]
[4.18137165e-20 1.83618496e-21 1.65703080e-15 1.52151073e-17
 2.30007253e-19 1.15570327e-16 3.64234746e-18 6.69527365e-02
 5.71725740e-01 3.61321523e-01]
[6.61326187e-22 5.81868429e-22 2.11547431e-16 5.54570544e-16
 1.22853775e-20 2.37641570e-17 3.15039128e-19 4.66802951e-02
 3.83642985e-01 5.69676720e-01]
[1.43774504e-22 3.70441291e-24 4.69532573e-15 1.22865559e-15
 4.26691876e-20 1.11370135e-22 3.40108803e-19 4.23728623e-02
 2.90753660e-01 6.66873477e-01]
[7.30232735e-16 6.79742264e-15 3.16218697e-08 1.12740964e-08
 5.85325971e-12 6.77426541e-14 7.94274576e-13 4.07046478e-02
 2.53231980e-01 7.06063330e-01]
[1.79182876e-09 2.95443020e-08 6.18153599e-04 2.82090429e-04
 2.31480723e-06 1.68480866e-07 3.62560775e-07 3.79807180e-02
 2.45860998e-01 7.15255163e-01]
[7.66095676e-08 2.03561913e-06 5.61670884e-04 2.97945970e-04
 1.78247422e-05 7.82614865e-06 3.25270259e-06 3.73200837e-02
 2.50799251e-01 7.10990033e-01]
[1.20467424e-06 2.37374075e-05 5.23294119e-04 3.26709782e-04
 5.64663367e-05 6.39030233e-05 1.79228912e-05 3.78291518e-02
 2.56950070e-01 7.04207540e-01]
[8.69543858e-06 6.23428836e-05 5.24016351e-04 3.64606464e-04
 1.11003774e-04 1.29954756e-04 5.54776270e-05 3.83558621e-02
 2.69645720e-01 6.90742321e-01]
[2.86058956e-05 4.04043828e-04 4.39313157e-04 3.36818115e-04
 1.49286128e-04 8.30376771e-04 1.07175563e-04 3.86367409e-02
 2.80037638e-01 6.79030002e-01]
[6.21843580e-05 1.08191218e-03 3.83750007e-04 3.13448332e-04
 1.93739495e-04 9.77402248e-04 1.58145379e-04 3.87149783e-02
 2.88646493e-01 6.69467947e-01]
[8.90968677e-05 1.16518402e-03 3.10422117e-04 2.67810080e-04
 3.93302800e-04 1.14738667e-03 1.80149986e-04 4.02049374e-02
 2.97503825e-01 6.58737885e-01]
[1.19871701e-04 1.25411181e-03 2.73341183e-04 2.46714677e-04
 1.05890085e-03 2.13572425e-03 1.94069274e-04 3.98292349e-02
 3.11531691e-01 6.43356341e-01]
[2.38769366e-04 2.08110445e-03 4.13957351e-04 3.83058294e-04
 1.33007618e-03 2.18503164e-03 3.30657951e-04 4.12109574e-02
 3.20179244e-01 6.31647143e-01]
[2.65457370e-04 3.11424397e-03 3.93597085e-04 3.59430996e-04
 2.80377958e-03 2.56919217e-03 1.23483709e-03 4.20723789e-02
 3.33478455e-01 6.13708627e-01]
[3.02362097e-04 3.34184957e-03 3.93914410e-04 3.66227614e-04
 3.07768942e-03 3.89301140e-03 2.37644509e-03 4.31909046e-02
 3.46298097e-01 5.96759499e-01]
[2.89222165e-04 7.49520476e-03 3.49338890e-04 3.26026467e-04
 3.28257364e-03 4.20257853e-03 2.39498401e-03 4.27476165e-02
 3.54273051e-01 5.84639404e-01]
[2.72637197e-04 1.26765507e-02 3.13547104e-04 2.96263752e-04
 3.55736103e-03 5.42237721e-03 2.27038183e-03 4.81769985e-02
 3.55466404e-01 5.71547479e-01]
[2.92293941e-04 1.50531377e-02 3.23119883e-04 3.08065827e-04
 4.30394506e-03 7.46731625e-03 2.29867676e-03 5.17406739e-02
 3.57411802e-01 5.60800968e-01]
[4.14481885e-04 1.90817310e-02 4.45801504e-04 4.29642862e-04
 5.59645158e-03 1.09990430e-02 3.33103531e-03 5.46698410e-02
 3.53070275e-01 5.51961697e-01]
[5.32219616e-04 2.16638673e-02 1.18535021e-03 5.46453881e-04
 5.36959209e-03 1.36286017e-02 2.23850267e-03 5.88900669e-02
 3.50060560e-01 5.45884785e-01]
[0.00072307 0.02369163 0.00172781 0.00074573 0.00534442 0.01421458
 0.0024163  0.06590168 0.34895062 0.53628417]
[7.47307544e-04 2.64886209e-02 1.98660307e-03 4.50952262e-04
 6.02422139e-03 2.97819402e-02 2.70333159e-03 7.90354808e-02
 3.19372750e-01 5.33408793e-01]
[0.00099357 0.02890006 0.00290761 0.0006242  0.00709603 0.04912867
 0.00264618 0.09562921 0.28524491 0.52682955]
[0.00090815 0.02981942 0.00346068 0.00128419 0.00777446 0.05494584
 0.00305882 0.11375707 0.27497239 0.51001899]
[0.00107998 0.03533851 0.0057696  0.00170481 0.00764521 0.06078699
 0.00279962 0.12634829 0.26453287 0.49399412]
[0.00100036 0.04144618 0.00733725 0.00209755 0.00816848 0.06653223
 0.00291668 0.13573876 0.25766985 0.47709265]
[0.0008876  0.04567133 0.00729356 0.00254775 0.00872167 0.06597786
 0.00302123 0.14643895 0.25224303 0.46719703]
[0.00155086 0.05086017 0.00836828 0.00274627 0.00966661 0.0674848
 0.00351155 0.15599086 0.24450561 0.45531498]
step 1.3
step 1.1
step 1.2
[2.63329581e-05 3.10405448e-24 4.97034050e-01 1.02316478e-02
 1.21040611e-34 3.73210495e-21 1.41061224e-07 4.86439265e-01
 6.26077270e-03 7.78987669e-06]
[7.21893021e-04 4.45743321e-17 6.93738565e-01 1.44921776e-02
 6.54923861e-20 5.72373462e-18 5.19703022e-03 2.80410192e-01
 5.17350626e-03 2.66636089e-04]
[1.06985651e-03 9.22022046e-09 6.95286382e-01 2.59989595e-02
 2.11706557e-26 1.92731754e-15 7.40131193e-02 1.80245041e-01
 2.29316538e-02 4.54979205e-04]
[1.21130815e-03 1.04718910e-03 5.73458201e-01 3.28194474e-02
 1.27136451e-16 6.41815807e-20 1.18568653e-01 1.31652277e-01
 1.40271834e-01 9.71089707e-04]
[1.43047646e-03 2.10705783e-03 4.11546914e-01 3.68305820e-02
 1.72051211e-11 1.77462934e-17 1.69425333e-01 1.17686620e-01
 2.59575337e-01 1.39767973e-03]
[2.94200472e-03 5.32877701e-03 3.05794879e-01 4.44505243e-02
 1.07855918e-03 1.34348874e-11 2.10251255e-01 1.04551170e-01
 3.23475255e-01 2.12757555e-03]
[0.00829461 0.00734892 0.24324703 0.05208036 0.00190597 0.00214711
 0.22811045 0.09833773 0.35322611 0.00530171]
[0.01264003 0.01152008 0.20082081 0.05543652 0.00255664 0.00303502
 0.23353038 0.10464569 0.36740723 0.00840761]
[0.01724164 0.025514   0.16681751 0.05655985 0.00486016 0.00470001
 0.23635105 0.1055397  0.37189463 0.01052144]
[0.01881242 0.03774834 0.15213608 0.05830165 0.00416085 0.00603788
 0.2338834  0.10758348 0.36820012 0.01313578]
[0.02349044 0.05127541 0.14477171 0.06088085 0.0043947  0.00756807
 0.22864805 0.10560351 0.35878278 0.01458448]
[0.02702773 0.05740924 0.14006997 0.06259306 0.00628799 0.00858937
 0.22699967 0.10628659 0.3461283  0.01860808]
[0.03026642 0.06993987 0.12887963 0.06222794 0.00650753 0.0088436
 0.22468048 0.10767745 0.33576455 0.02521254]
[0.03246061 0.07729789 0.12461164 0.06266037 0.01011474 0.00970532
 0.21793832 0.10488085 0.32658187 0.03374839]
[0.03335276 0.08278887 0.12224597 0.06103963 0.01112835 0.0089757
 0.21710517 0.10343968 0.32167176 0.03825211]
[0.03442808 0.09139082 0.11135937 0.05952339 0.0130112  0.00897088
 0.2177344  0.10684185 0.31438459 0.04235542]
[0.0364112  0.09253102 0.11210929 0.06063835 0.01367096 0.00896809
 0.21563273 0.11198431 0.30388027 0.04417377]
[0.0375506  0.09560571 0.11085423 0.05988693 0.01591141 0.00887932
 0.21513342 0.11279029 0.29445999 0.04892811]
[0.03900293 0.09967147 0.10970065 0.06052323 0.01754252 0.01128322
 0.21020129 0.11408152 0.28844908 0.04954408]
[0.04144225 0.09972263 0.11061879 0.06022963 0.01964943 0.01260183
 0.20550587 0.1159644  0.28291104 0.05135413]
[0.0419793  0.10220746 0.10947688 0.06115442 0.02198106 0.01263455
 0.20717121 0.1168128  0.2747152  0.05186712]
[0.0425729  0.10094809 0.10827189 0.06170767 0.02213646 0.01463221
 0.20389515 0.12119912 0.27241643 0.05222009]
[0.04258437 0.10438814 0.10758753 0.06281808 0.02331715 0.01686078
 0.20245873 0.12404956 0.26318203 0.05275362]
[0.04726822 0.10967095 0.10671621 0.06052832 0.02327915 0.01796441
 0.19764045 0.12085699 0.26313052 0.05294479]
[0.04425925 0.11347327 0.10474704 0.0662792  0.02559697 0.01860345
 0.19509339 0.12717648 0.2491177  0.05565324]
[0.0442241  0.11840574 0.10544153 0.0658668  0.02493062 0.02358742
 0.18953931 0.12920084 0.24385984 0.0549438 ]
[0.04566289 0.1188552  0.10511255 0.06515698 0.02429303 0.02616441
 0.18249544 0.12907378 0.24761847 0.05556725]
[0.04724688 0.12313813 0.10404763 0.06372614 0.02488877 0.03049969
 0.17989677 0.12689838 0.24401371 0.0556439 ]
[0.04662051 0.12364382 0.10311003 0.06621044 0.0262504  0.0336095
 0.17943858 0.12770314 0.23755898 0.0558546 ]
[0.04767533 0.12720833 0.10227645 0.06489251 0.02810749 0.03607311
 0.17871665 0.12456834 0.23177944 0.05870235]
step 1.3
step 1.1
step 1.2
[4.03833176e-13 1.12162902e-20 6.87109521e-35 1.84165720e-25
 7.72776592e-07 2.53106494e-18 7.49918683e-11 1.20375863e-01
 5.48649107e-12 8.79623364e-01]
[7.24084458e-11 3.95304212e-11 3.61385811e-25 2.19869909e-22
 5.17798038e-03 4.38641216e-16 4.03785945e-07 3.63615990e-02
 2.25354464e-07 9.58459791e-01]
[1.48717151e-06 9.67198531e-04 1.49968062e-14 3.99942921e-17
 2.44646808e-01 8.84441185e-12 1.00998924e-03 2.08967009e-02
 4.12907076e-05 7.32436526e-01]
[8.75490178e-04 1.06428348e-03 1.02634594e-03 1.53309294e-10
 4.68301989e-01 2.74929716e-06 1.75171451e-03 1.96821319e-02
 2.16634513e-03 5.05128950e-01]
[9.60777336e-04 3.03248809e-03 1.18816703e-03 4.24782317e-04
 5.67326885e-01 1.11443023e-03 3.22060633e-03 2.16490037e-02
 6.31120249e-03 3.94771657e-01]
[0.00111981 0.00926161 0.00214194 0.00103418 0.60252547 0.00207194
 0.00528661 0.02160185 0.00820058 0.34675602]
[0.00124298 0.01833484 0.00408883 0.00122323 0.60413941 0.00221677
 0.01019383 0.02486874 0.01010401 0.32358736]
[0.00304288 0.03953864 0.00613512 0.00107951 0.59282676 0.00203472
 0.01360894 0.02613015 0.01451987 0.3010834 ]
[0.00395727 0.06767291 0.00726882 0.00203034 0.57272706 0.00319035
 0.01651187 0.02806893 0.01769659 0.28087586]
[0.00490234 0.09061196 0.01035222 0.00312447 0.55160545 0.00734368
 0.01770631 0.02933356 0.01981312 0.2652069 ]
[0.00467088 0.11352876 0.01418445 0.0052023  0.52546851 0.01136026
 0.02192869 0.03156493 0.02286001 0.24923121]
[0.00515864 0.1271663  0.02171436 0.01002823 0.51311091 0.01186205
 0.02588382 0.03228313 0.02531421 0.22747836]
[0.00515412 0.13861309 0.0249527  0.01182497 0.49886908 0.01064935
 0.02907497 0.03101228 0.02995519 0.21989426]
[0.00519387 0.14910126 0.02689751 0.01242146 0.48900651 0.0100305
 0.03011306 0.03008414 0.03434083 0.21281087]
[0.00537699 0.15753018 0.02824933 0.01464154 0.47625954 0.01036016
 0.03314211 0.02992476 0.03964236 0.20487303]
[0.0060224  0.16104007 0.0308281  0.01659156 0.46105425 0.01101199
 0.03627274 0.03107709 0.04177409 0.20432771]
[0.00712598 0.16457961 0.03043173 0.01972035 0.45127613 0.01063523
 0.03934184 0.03147386 0.04270216 0.20271311]
[0.00814633 0.16781045 0.03225452 0.02294466 0.44436741 0.01037548
 0.04075017 0.03215674 0.04510964 0.19608462]
[0.00850999 0.17271324 0.03291142 0.0258266  0.43556975 0.01081004
 0.04159137 0.03303423 0.04604878 0.1929846 ]
[0.01052083 0.17634572 0.0339141  0.03434795 0.42168345 0.01113991
 0.04351269 0.03336079 0.04730991 0.18786466]
[0.01143113 0.18816041 0.03664411 0.03836585 0.40860698 0.01141157
 0.04439728 0.03341848 0.04716305 0.18040116]
[0.01250004 0.20148204 0.03774845 0.04336805 0.39465709 0.01138155
 0.0476448  0.03433304 0.04607669 0.17080826]
[0.01268197 0.20636259 0.03848182 0.04463166 0.38387127 0.01356865
 0.05086216 0.03471833 0.04696135 0.1678602 ]
[0.01403123 0.20636323 0.03945232 0.04552086 0.37884678 0.01352028
 0.05783814 0.03668561 0.04649477 0.16124678]
[0.01453919 0.20704027 0.04371012 0.04578089 0.37386787 0.01333567
 0.06012037 0.03789823 0.04966292 0.15404447]
[0.01676219 0.20939613 0.0468743  0.04952011 0.36437705 0.01334503
 0.06308638 0.03839129 0.05124949 0.14699802]
[0.01728783 0.2164279  0.04956825 0.049137   0.35296953 0.01372664
 0.06739049 0.03943942 0.05443714 0.1396158 ]
[0.01655059 0.21709072 0.05383767 0.05102063 0.3440998  0.0145688
 0.06964667 0.04034234 0.0562838  0.13655897]
[0.01682876 0.225419   0.05674576 0.05048852 0.33052612 0.01495706
 0.07008563 0.04163767 0.05727765 0.13603384]
[0.01789095 0.22838025 0.05886703 0.05082042 0.32312833 0.01524333
 0.07124104 0.04383902 0.05770118 0.13288847]
step 1.3
step 1.1
step 1.2
[1.53490038e-13 5.65080015e-13 7.18395797e-05 8.34965458e-14
 1.25533720e-05 2.74888499e-08 1.88049781e-04 9.99727371e-01
 3.15403018e-08 1.27412741e-07]
[1.07432599e-11 6.68553369e-06 1.02730833e-03 2.45212224e-12
 2.38886172e-05 2.64794251e-04 9.23293389e-04 9.95590273e-01
 1.09442161e-03 1.06933564e-03]
[1.11650575e-09 1.08873536e-03 1.05129211e-03 2.31718514e-09
 1.08749132e-03 1.03253566e-03 1.09789902e-03 9.89984204e-01
 2.88412461e-03 1.77371441e-03]
[2.18841237e-08 3.31288401e-03 2.17501367e-03 1.42337952e-07
 3.22647963e-03 1.19737597e-03 1.92470454e-03 9.82735111e-01
 3.18130442e-03 2.24696207e-03]
[1.19102711e-06 6.48051028e-03 6.50605882e-03 4.78033839e-06
 2.92953292e-03 1.41055841e-03 3.73160797e-03 9.68868468e-01
 3.61329245e-03 6.45399972e-03]
[2.88877516e-06 1.07315552e-02 1.30063805e-02 1.33307069e-04
 3.53294859e-03 1.57024115e-03 6.93296143e-03 9.48937432e-01
 5.43827915e-03 9.71400580e-03]
[8.28324601e-06 7.62770897e-02 2.46113198e-02 9.36671627e-04
 4.09083215e-03 1.12654332e-03 7.46623284e-03 8.63352012e-01
 7.16826149e-03 1.49627540e-02]
[4.31112248e-05 1.83109424e-01 3.42337014e-02 1.06174600e-03
 6.18380383e-03 1.16907758e-03 7.56025345e-03 7.38850009e-01
 7.31452793e-03 2.04743465e-02]
[9.53859283e-05 2.74198894e-01 3.94485562e-02 1.03787466e-03
 7.85366086e-03 9.89726252e-04 9.42014984e-03 6.28489229e-01
 9.29653521e-03 2.91699882e-02]
[2.51957032e-04 3.12548458e-01 4.01265000e-02 1.18461635e-03
 9.65680166e-03 1.16758855e-03 8.98167353e-03 5.73394177e-01
 1.40511344e-02 3.86370931e-02]
[0.00054349 0.34022221 0.04231418 0.00098154 0.01603865 0.00102295
 0.00946121 0.5254551  0.01830268 0.04565799]
[7.07892342e-04 3.50321353e-01 4.57995285e-02 1.00010182e-03
 1.94070418e-02 4.48258270e-04 8.52978651e-03 4.99882806e-01
 2.12606776e-02 5.26425544e-02]
[0.00087692 0.35824518 0.04799842 0.00117639 0.02354478 0.00055709
 0.00756227 0.48124052 0.02326043 0.05553801]
[0.00096963 0.35912632 0.04992414 0.00105448 0.02996618 0.0015561
 0.0076595  0.46153906 0.02709162 0.06111297]
[0.00107387 0.35651048 0.05022819 0.00132586 0.03240072 0.00261633
 0.00766421 0.44255941 0.03714609 0.06847484]
[0.00081563 0.3541517  0.04983264 0.00144897 0.03851679 0.00244897
 0.00813961 0.43062624 0.04494994 0.06906952]
[0.0017216  0.34484784 0.05217752 0.00102818 0.0419484  0.00346166
 0.00820507 0.42169795 0.05600689 0.06890488]
[0.00095995 0.34113634 0.05417759 0.00109262 0.04402983 0.00342458
 0.00828258 0.40187916 0.0654259  0.07959145]
[0.00145778 0.33597476 0.05594261 0.00148464 0.04870076 0.00408157
 0.00863922 0.38688736 0.07178503 0.08504627]
[0.00130807 0.32824617 0.05607382 0.00217077 0.05286462 0.00491462
 0.00902699 0.36871763 0.08573456 0.09094275]
[0.00093119 0.31921243 0.06005496 0.00229096 0.06209587 0.00621151
 0.00974718 0.34464495 0.10508345 0.08972749]
[0.00161328 0.30797818 0.06056686 0.00310387 0.07126619 0.0083413
 0.00971978 0.32622166 0.11700378 0.09418511]
[0.0010258  0.29972102 0.06236707 0.00339606 0.07708323 0.00901257
 0.0096254  0.32023469 0.12267188 0.09486226]
[0.00144049 0.29240646 0.06414027 0.00315229 0.08319175 0.0088401
 0.0094421  0.3129252  0.12630594 0.09815541]
[0.0011053  0.28072982 0.06456478 0.00372721 0.08734675 0.00988142
 0.00932333 0.31332524 0.12958476 0.10041139]
[0.00145316 0.27459173 0.06549855 0.00444768 0.09564628 0.00896287
 0.00963782 0.29722351 0.13333449 0.10920392]
[0.0016229  0.26675873 0.06646272 0.00517556 0.09907089 0.00968622
 0.01008022 0.28499299 0.14354917 0.1126006 ]
[0.00184512 0.26039234 0.0680546  0.00570371 0.10313149 0.00993497
 0.01089462 0.28150856 0.14126057 0.11727401]
[0.00137509 0.25339109 0.06853362 0.00648024 0.10717673 0.00979904
 0.01064051 0.27561399 0.14928549 0.11770422]
[0.00166883 0.2460796  0.06793078 0.00731074 0.10864375 0.00997292
 0.01092843 0.27307664 0.14819911 0.12618919]
step 1.3
step 1.1
step 1.2
[7.22529544e-19 5.53940914e-12 7.39696799e-01 4.99735606e-16
 9.19019045e-02 1.35265113e-02 7.50076481e-04 1.93131655e-11
 5.87189852e-03 1.48252811e-01]
[2.53350253e-19 1.96782912e-08 1.59710444e-01 7.72262196e-14
 2.65205568e-01 2.11201472e-01 1.10245640e-03 1.57859081e-10
 3.39690414e-01 2.30896263e-02]
[2.57166298e-13 8.93675865e-02 9.47405534e-02 1.62410450e-08
 2.15570828e-01 1.69246466e-01 3.08755268e-03 1.93289035e-06
 3.96490028e-01 3.14950370e-02]
[8.97923871e-08 1.63851852e-01 7.57230384e-02 1.54954317e-05
 2.08794261e-01 1.34515684e-01 9.15771141e-03 1.01485721e-03
 3.74233950e-01 3.26930604e-02]
[9.34929038e-05 1.92450347e-01 6.51630364e-02 2.00375016e-04
 2.04104164e-01 1.11207526e-01 1.03132880e-02 3.14771872e-03
 3.75403096e-01 3.79169552e-02]
[0.00103935 0.2008577  0.0577733  0.00104291 0.1905419  0.1122472
 0.01261328 0.00631181 0.37881246 0.0387601 ]
[0.00208541 0.20378443 0.05622924 0.00104578 0.1849413  0.11778612
 0.01357692 0.01269628 0.37009586 0.03775865]
[0.00212296 0.20709621 0.0577482  0.00106393 0.18034392 0.11438526
 0.01474092 0.01671816 0.36799702 0.03778342]
[0.0033989  0.20931556 0.06020632 0.00190324 0.17531149 0.11637382
 0.01686196 0.01997756 0.35773794 0.03891321]
[0.00414501 0.20933798 0.05931029 0.00313055 0.16824334 0.11686311
 0.02087901 0.02629642 0.3511477  0.04064659]
[0.00427715 0.20822941 0.06377801 0.00317136 0.16332496 0.11790095
 0.02790349 0.0304766  0.34193394 0.03900413]
[0.00522159 0.20500046 0.06618701 0.00332614 0.15561447 0.11772087
 0.03693838 0.0336567  0.33841097 0.03792341]
[0.0052177  0.20211922 0.06918605 0.00417175 0.15352909 0.11510432
 0.03906672 0.03476145 0.33910796 0.03773572]
[0.00633391 0.20049882 0.0704302  0.00413535 0.15260112 0.11177875
 0.04586122 0.03782438 0.33243829 0.03809797]
[0.00829078 0.19362806 0.07166317 0.00410095 0.15573447 0.11100294
 0.04636841 0.04019685 0.33117574 0.03783862]
[0.00840654 0.18712386 0.07395297 0.00415623 0.15163152 0.11246636
 0.05142169 0.04203192 0.33099631 0.0378126 ]
[0.00837349 0.18629823 0.07920918 0.00421258 0.15155331 0.10927703
 0.05620538 0.04511663 0.32207079 0.03768338]
[0.00849092 0.18371133 0.081366   0.00487107 0.15540303 0.11123815
 0.05719023 0.04548678 0.315497   0.03674549]
[0.00999036 0.18321007 0.08240743 0.00529173 0.15567316 0.11402614
 0.05983602 0.04515786 0.307851   0.03655623]
[0.01185319 0.17809101 0.08349233 0.00619248 0.15354846 0.11553252
 0.05859901 0.04613021 0.31035897 0.03620181]
[0.01324894 0.1743023  0.0848902  0.0064226  0.15342204 0.11671085
 0.06087322 0.04919823 0.30519549 0.03573613]
[0.01377799 0.17227304 0.0852275  0.00631509 0.15134537 0.12011479
 0.06360864 0.05056443 0.30073882 0.03603435]
[0.01455295 0.16869847 0.0875486  0.00737074 0.15031358 0.1206893
 0.06439766 0.05164791 0.29894922 0.03583158]
[0.01464594 0.16590656 0.08857454 0.00729934 0.15054688 0.12193273
 0.06737308 0.05156776 0.29584815 0.03630502]
[0.01550948 0.16161981 0.09076305 0.00757883 0.1471144  0.12297785
 0.06933337 0.05138789 0.29798889 0.03572644]
[0.01725043 0.1600254  0.09225341 0.00742797 0.14642388 0.12540219
 0.07233327 0.05260852 0.29031072 0.03596421]
[0.02047098 0.15852116 0.09341619 0.00946806 0.14628059 0.12812973
 0.07147618 0.05411401 0.28224609 0.03587701]
[0.02220062 0.15633937 0.09347767 0.01035572 0.14543432 0.12969324
 0.07178062 0.05473099 0.28030731 0.03568014]
[0.02408026 0.15408703 0.09408075 0.01048845 0.1442353  0.13265546
 0.07146824 0.05774561 0.27476983 0.03638906]
[0.02516729 0.15273381 0.09674395 0.01049616 0.14629257 0.13192261
 0.07249304 0.05835478 0.26998329 0.03581249]
step 1.3
step 1.1
step 1.2
[1.37922432e-12 4.72250115e-32 8.43808291e-01 2.82196932e-11
 4.22531583e-37 8.90658479e-08 1.56191620e-01 5.79037291e-10
 2.71519080e-15 2.95480794e-11]
[6.52834432e-05 9.27554072e-28 9.42718109e-01 1.06175611e-03
 5.20859257e-27 1.17974530e-04 5.49568407e-02 1.07678553e-03
 1.31978360e-06 1.93055651e-06]
[6.61705685e-04 4.27873260e-21 9.25477006e-01 5.16234855e-03
 2.64712032e-23 4.15519747e-03 3.54067846e-02 2.60277017e-02
 2.00512189e-03 1.10413372e-03]
[1.10262215e-03 5.44081937e-13 6.07604060e-01 3.64781630e-02
 7.22528126e-19 1.29069827e-01 4.12638797e-02 1.75881820e-01
 7.55007681e-03 1.04955203e-03]
[3.14927023e-03 1.04933177e-03 3.92992855e-01 6.81021220e-02
 1.15809711e-11 2.62491850e-01 4.36165265e-02 2.11818024e-01
 1.46867839e-02 2.09323651e-03]
[0.00739522 0.00203347 0.28280242 0.10939782 0.00103416 0.32917056
 0.04901766 0.19529985 0.02077299 0.00307584]
[0.01048741 0.00369455 0.23285793 0.1447455  0.00109955 0.34440772
 0.05488065 0.17001081 0.03153987 0.00627602]
[0.01772127 0.0072471  0.18859658 0.1663843  0.00355047 0.3482751
 0.06263615 0.14942512 0.04375923 0.01240467]
[0.02231411 0.01045185 0.16373979 0.16369481 0.00635871 0.34683921
 0.06989388 0.14565185 0.05012894 0.02092684]
[0.0256261  0.01323556 0.14458328 0.16863207 0.00737088 0.34196516
 0.07335016 0.14049278 0.05453835 0.03020568]
[0.0272263  0.01565129 0.13624984 0.17061143 0.00823518 0.32546373
 0.08015614 0.13864989 0.05821194 0.03954427]
[0.03110979 0.0176275  0.13435047 0.17005225 0.01131662 0.31581018
 0.08520783 0.13286796 0.05979163 0.04186576]
[0.03398364 0.01836252 0.13364831 0.16902272 0.01233346 0.30824251
 0.08896356 0.12566977 0.06231097 0.04746255]
[0.03741613 0.01981709 0.12800744 0.16606021 0.01261223 0.3015286
 0.09071525 0.12473863 0.06599896 0.05310546]
[0.04217965 0.02269993 0.11898341 0.16283266 0.01278327 0.29442305
 0.09563696 0.12388089 0.06779979 0.0587804 ]
[0.04476271 0.03123393 0.11215093 0.16224003 0.01470986 0.2850619
 0.09916901 0.11813472 0.06858402 0.06395288]
[0.04445463 0.03709188 0.10920842 0.16409413 0.01546013 0.27578794
 0.10012111 0.11551282 0.07082329 0.06744567]
[0.04589104 0.04327234 0.10392586 0.16229849 0.0146399  0.26797805
 0.10261136 0.11466065 0.07155118 0.07317112]
[0.04674776 0.04877089 0.09727423 0.16001537 0.01612664 0.26214465
 0.10515483 0.11176255 0.07336569 0.07863739]
[0.04821432 0.05100637 0.09417629 0.1599771  0.015562   0.25673317
 0.10713496 0.11108731 0.07391713 0.08219136]
[0.05143821 0.05213286 0.09359785 0.158988   0.01691367 0.24787918
 0.10825975 0.10828179 0.07486372 0.08764497]
[0.05282714 0.05124213 0.09642509 0.16036131 0.01794377 0.24448367
 0.10851223 0.10423058 0.07643075 0.08754333]
[0.05432685 0.05242869 0.09766016 0.16010085 0.01682869 0.23822351
 0.11233274 0.10310364 0.07815873 0.08683614]
[0.05603542 0.05374595 0.10049684 0.156      0.01742904 0.23478429
 0.11397482 0.10093286 0.07770952 0.08889125]
[0.0573877  0.05791365 0.10045803 0.15455124 0.01792447 0.23022645
 0.11063098 0.09853755 0.07964422 0.09272569]
[0.05869758 0.05907049 0.09800191 0.1529173  0.01885414 0.22664576
 0.1136663  0.09649535 0.08058099 0.09507018]
[0.05803721 0.05936292 0.09965107 0.15163647 0.01928233 0.22129466
 0.11627361 0.09505132 0.08089423 0.09851617]
[0.0616638  0.06102793 0.09869493 0.15051085 0.01980343 0.21741496
 0.11388833 0.09325926 0.08274472 0.10099179]
[0.06202987 0.06277062 0.09782825 0.1499685  0.0205964  0.2131614
 0.11560507 0.09185585 0.08252624 0.1036578 ]
[0.06263267 0.06323366 0.09935077 0.14737269 0.02209874 0.2103693
 0.11515488 0.09129505 0.08269877 0.10579347]
step 1.3
bc shape torch.Size([10, 10, 512])
step 2
step 2.1
step 2.2
get_images call
per-class-batchnorm:  True
per-class-batchnorm:  True
per-class-batchnorm:  True
per-class-batchnorm:  True
per-class-batchnorm:  True
per-class-batchnorm:  True
per-class-batchnorm:  True
per-class-batchnorm:  True
per-class-batchnorm:  True
per-class-batchnorm:  True
per-class-batchnorm:  True
per-class-batchnorm:  True
per-class-batchnorm:  True
per-class-batchnorm:  True
per-class-batchnorm:  True
per-class-batchnorm:  True
per-class-batchnorm:  True
per-class-batchnorm:  True
per-class-batchnorm:  True
per-class-batchnorm:  True
------------iteration 0----------
total loss 315.55803210794534
main criterion 78.22345264017191
weighted_aux_loss 237.33457946777344
loss_r_bn_feature 2373.345703125
------------iteration 100----------
total loss 88.07912506016422
main criterion 32.83474410923649
weighted_aux_loss 55.244380950927734
loss_r_bn_feature 552.4437866210938
------------iteration 200----------
total loss 75.88144153587004
main criterion 32.14834445945402
weighted_aux_loss 43.733097076416016
loss_r_bn_feature 437.3309631347656
------------iteration 300----------
total loss 85.6399298222291
main criterion 37.432242444299426
weighted_aux_loss 48.20768737792969
loss_r_bn_feature 482.0768737792969
------------iteration 400----------
total loss 69.90719756032324
main criterion 28.354272450459955
weighted_aux_loss 41.55292510986328
loss_r_bn_feature 415.52923583984375
------------iteration 500----------
total loss 63.34913247298462
main criterion 28.742130214683836
weighted_aux_loss 34.60700225830078
loss_r_bn_feature 346.07000732421875
------------iteration 600----------
total loss 58.168892397963106
main criterion 25.563953890883024
weighted_aux_loss 32.60493850708008
loss_r_bn_feature 326.04937744140625
------------iteration 700----------
total loss 59.22556468835096
main criterion 26.139783590938848
weighted_aux_loss 33.08578109741211
loss_r_bn_feature 330.8577880859375
------------iteration 800----------
total loss 58.197016513062096
main criterion 26.449169909668544
weighted_aux_loss 31.747846603393555
loss_r_bn_feature 317.47845458984375
------------iteration 900----------
total loss 55.17484597595926
main criterion 25.284688276374293
weighted_aux_loss 29.89015769958496
loss_r_bn_feature 298.9015808105469
------------iteration 1000----------
total loss 46.453508647804284
main criterion 21.945141109352132
weighted_aux_loss 24.50836753845215
loss_r_bn_feature 245.08367919921875
------------iteration 1100----------
total loss 53.88089908608985
main criterion 24.87784923562598
weighted_aux_loss 29.003049850463867
loss_r_bn_feature 290.0304870605469
------------iteration 1200----------
total loss 60.62498466344817
main criterion 28.7128771957968
weighted_aux_loss 31.912107467651367
loss_r_bn_feature 319.1210632324219
------------iteration 1300----------
total loss 49.65713447723802
main criterion 24.21367210541185
weighted_aux_loss 25.443462371826172
loss_r_bn_feature 254.4346160888672
------------iteration 1400----------
total loss 34.40036368698462
main criterion 19.174892190402588
weighted_aux_loss 15.225471496582031
loss_r_bn_feature 152.2547149658203
------------iteration 1500----------
total loss 31.631825038008426
main criterion 16.848374911360477
weighted_aux_loss 14.78345012664795
loss_r_bn_feature 147.83450317382812
------------iteration 1600----------
total loss 34.47257233989987
main criterion 18.250795377619593
weighted_aux_loss 16.221776962280273
loss_r_bn_feature 162.2177734375
------------iteration 1700----------
total loss 27.23482626662826
main criterion 15.208131015163417
weighted_aux_loss 12.026695251464844
loss_r_bn_feature 120.26695251464844
------------iteration 1800----------
total loss 28.6989540836803
main criterion 16.765983083008912
weighted_aux_loss 11.932971000671387
loss_r_bn_feature 119.32970428466797
------------iteration 1900----------
total loss 27.826556433207692
main criterion 15.899326551921071
weighted_aux_loss 11.927229881286621
loss_r_bn_feature 119.27230072021484
=> using pytorch pre-trained model 'resnet18'
process data from ../recover/syn_data/imagenette/275
  0%|          | 0/300 [00:00<?, ?it/s]  0%|          | 1/300 [00:01<09:40,  1.94s/it]  1%|          | 2/300 [00:02<05:39,  1.14s/it]  1%|          | 3/300 [00:03<04:19,  1.15it/s]  1%|▏         | 4/300 [00:03<03:40,  1.34it/s]  2%|▏         | 5/300 [00:04<03:22,  1.46it/s]  2%|▏         | 6/300 [00:04<03:09,  1.55it/s]  2%|▏         | 7/300 [00:05<03:00,  1.63it/s]  3%|▎         | 8/300 [00:05<02:55,  1.66it/s]  3%|▎         | 9/300 [00:06<02:49,  1.71it/s]  3%|▎         | 10/300 [00:07<02:48,  1.72it/s]  4%|▎         | 11/300 [00:07<02:46,  1.74it/s]  4%|▍         | 12/300 [00:08<02:45,  1.74it/s]  4%|▍         | 13/300 [00:08<02:43,  1.76it/s]  5%|▍         | 14/300 [00:09<02:41,  1.77it/s]  5%|▌         | 15/300 [00:09<02:43,  1.75it/s]  5%|▌         | 16/300 [00:10<02:42,  1.75it/s]  6%|▌         | 17/300 [00:10<02:42,  1.75it/s]  6%|▌         | 18/300 [00:11<02:38,  1.77it/s]  6%|▋         | 19/300 [00:12<02:38,  1.77it/s]  7%|▋         | 20/300 [00:12<02:37,  1.77it/s]  7%|▋         | 21/300 [00:13<02:37,  1.78it/s]  7%|▋         | 22/300 [00:13<02:36,  1.78it/s]  8%|▊         | 23/300 [00:14<02:34,  1.79it/s]  8%|▊         | 24/300 [00:14<02:34,  1.78it/s]  8%|▊         | 25/300 [00:15<02:34,  1.78it/s]  9%|▊         | 26/300 [00:16<02:36,  1.75it/s]  9%|▉         | 27/300 [00:16<02:34,  1.76it/s]  9%|▉         | 28/300 [00:17<02:34,  1.76it/s] 10%|▉         | 29/300 [00:17<02:33,  1.77it/s] 10%|█         | 30/300 [00:18<02:33,  1.76it/s] 10%|█         | 31/300 [00:18<02:32,  1.76it/s] 11%|█         | 32/300 [00:19<02:31,  1.77it/s] 11%|█         | 33/300 [00:20<02:29,  1.78it/s] 11%|█▏        | 34/300 [00:20<02:28,  1.80it/s] 12%|█▏        | 35/300 [00:21<02:28,  1.78it/s] 12%|█▏        | 36/300 [00:21<02:28,  1.78it/s] 12%|█▏        | 37/300 [00:22<02:28,  1.78it/s] 13%|█▎        | 38/300 [00:22<02:26,  1.79it/s] 13%|█▎        | 39/300 [00:23<02:25,  1.79it/s] 13%|█▎        | 40/300 [00:23<02:25,  1.79it/s] 14%|█▎        | 41/300 [00:24<02:24,  1.79it/s] 14%|█▍        | 42/300 [00:25<02:22,  1.81it/s] 14%|█▍        | 43/300 [00:25<02:22,  1.81it/s] 15%|█▍        | 44/300 [00:26<02:23,  1.78it/s] 15%|█▌        | 45/300 [00:26<02:24,  1.76it/s] 15%|█▌        | 46/300 [00:27<02:24,  1.75it/s] 16%|█▌        | 47/300 [00:27<02:23,  1.77it/s] 16%|█▌        | 48/300 [00:28<02:22,  1.77it/s] 16%|█▋        | 49/300 [00:28<02:20,  1.78it/s] 17%|█▋        | 50/300 [00:29<02:20,  1.78it/s] 17%|█▋        | 51/300 [00:30<02:22,  1.75it/s] 17%|█▋        | 52/300 [00:30<02:19,  1.77it/s] 18%|█▊        | 53/300 [00:31<02:19,  1.77it/s] 18%|█▊        | 54/300 [00:31<02:19,  1.77it/s] 18%|█▊        | 55/300 [00:32<02:17,  1.78it/s] 19%|█▊        | 56/300 [00:32<02:17,  1.77it/s] 19%|█▉        | 57/300 [00:33<02:15,  1.79it/s] 19%|█▉        | 58/300 [00:34<02:16,  1.77it/s] 20%|█▉        | 59/300 [00:34<02:15,  1.78it/s] 20%|██        | 60/300 [00:35<02:15,  1.77it/s] 20%|██        | 61/300 [00:35<02:15,  1.76it/s] 21%|██        | 62/300 [00:36<02:16,  1.75it/s] 21%|██        | 63/300 [00:36<02:15,  1.75it/s] 21%|██▏       | 64/300 [00:37<02:13,  1.77it/s] 22%|██▏       | 65/300 [00:38<02:13,  1.77it/s] 22%|██▏       | 66/300 [00:38<02:12,  1.76it/s] 22%|██▏       | 67/300 [00:39<02:12,  1.76it/s] 23%|██▎       | 68/300 [00:39<02:10,  1.77it/s] 23%|██▎       | 69/300 [00:40<02:10,  1.77it/s] 23%|██▎       | 70/300 [00:40<02:10,  1.76it/s] 24%|██▎       | 71/300 [00:41<02:10,  1.75it/s] 24%|██▍       | 72/300 [00:42<02:09,  1.77it/s] 24%|██▍       | 73/300 [00:42<02:08,  1.77it/s] 25%|██▍       | 74/300 [00:43<02:08,  1.76it/s] 25%|██▌       | 75/300 [00:43<02:08,  1.75it/s] 25%|██▌       | 76/300 [00:44<02:09,  1.73it/s] 26%|██▌       | 77/300 [00:44<02:07,  1.75it/s] 26%|██▌       | 78/300 [00:45<02:07,  1.74it/s] 26%|██▋       | 79/300 [00:46<02:06,  1.74it/s] 27%|██▋       | 80/300 [00:46<02:07,  1.73it/s] 27%|██▋       | 81/300 [00:47<02:07,  1.72it/s] 27%|██▋       | 82/300 [00:47<02:05,  1.73it/s] 28%|██▊       | 83/300 [00:48<02:03,  1.76it/s] 28%|██▊       | 84/300 [00:48<02:03,  1.75it/s] 28%|██▊       | 85/300 [00:49<02:02,  1.75it/s] 29%|██▊       | 86/300 [00:50<02:01,  1.76it/s] 29%|██▉       | 87/300 [00:50<01:59,  1.78it/s] 29%|██▉       | 88/300 [00:51<01:58,  1.79it/s] 30%|██▉       | 89/300 [00:51<01:58,  1.78it/s] 30%|███       | 90/300 [00:52<01:58,  1.77it/s] 30%|███       | 91/300 [00:52<01:57,  1.78it/s] 31%|███       | 92/300 [00:53<01:56,  1.79it/s] 31%|███       | 93/300 [00:53<01:56,  1.78it/s] 31%|███▏      | 94/300 [00:54<01:57,  1.75it/s] 32%|███▏      | 95/300 [00:55<01:59,  1.72it/s] 32%|███▏      | 96/300 [00:55<01:59,  1.70it/s] 32%|███▏      | 97/300 [00:56<01:58,  1.72it/s] 33%|███▎      | 98/300 [00:56<01:58,  1.71it/s] 33%|███▎      | 99/300 [00:57<01:59,  1.69it/s] 33%|███▎      | 100/300 [00:58<01:59,  1.68it/s] 34%|███▎      | 101/300 [00:58<01:58,  1.68it/s] 34%|███▍      | 102/300 [00:59<01:57,  1.68it/s] 34%|███▍      | 103/300 [00:59<01:55,  1.70it/s] 35%|███▍      | 104/300 [01:00<01:55,  1.69it/s] 35%|███▌      | 105/300 [01:01<01:56,  1.67it/s] 35%|███▌      | 106/300 [01:01<01:56,  1.67it/s] 36%|███▌      | 107/300 [01:02<01:55,  1.67it/s] 36%|███▌      | 108/300 [01:02<01:54,  1.68it/s] 36%|███▋      | 109/300 [01:03<01:54,  1.67it/s] 37%|███▋      | 110/300 [01:04<01:52,  1.68it/s] 37%|███▋      | 111/300 [01:04<01:52,  1.68it/s] 37%|███▋      | 112/300 [01:05<01:52,  1.67it/s] 38%|███▊      | 113/300 [01:05<01:51,  1.67it/s] 38%|███▊      | 114/300 [01:06<01:49,  1.69it/s] 38%|███▊      | 115/300 [01:07<01:49,  1.69it/s] 39%|███▊      | 116/300 [01:07<01:50,  1.67it/s] 39%|███▉      | 117/300 [01:08<01:48,  1.68it/s] 39%|███▉      | 118/300 [01:08<01:48,  1.68it/s] 40%|███▉      | 119/300 [01:09<01:47,  1.68it/s] 40%|████      | 120/300 [01:09<01:45,  1.71it/s] 40%|████      | 121/300 [01:10<01:44,  1.71it/s] 41%|████      | 122/300 [01:11<01:45,  1.70it/s] 41%|████      | 123/300 [01:11<01:44,  1.69it/s] 41%|████▏     | 124/300 [01:12<01:41,  1.73it/s] 42%|████▏     | 125/300 [01:12<01:42,  1.71it/s] 42%|████▏     | 126/300 [01:13<01:42,  1.70it/s] 42%|████▏     | 127/300 [01:14<01:42,  1.69it/s] 43%|████▎     | 128/300 [01:14<01:41,  1.69it/s] 43%|████▎     | 129/300 [01:15<01:42,  1.67it/s] 43%|████▎     | 130/300 [01:15<01:41,  1.68it/s] 44%|████▎     | 131/300 [01:16<01:41,  1.67it/s] 44%|████▍     | 132/300 [01:17<01:39,  1.69it/s] 44%|████▍     | 133/300 [01:17<01:37,  1.71it/s] 45%|████▍     | 134/300 [01:18<01:36,  1.73it/s] 45%|████▌     | 135/300 [01:18<01:35,  1.73it/s] 45%|████▌     | 136/300 [01:19<01:34,  1.74it/s] 46%|████▌     | 137/300 [01:19<01:34,  1.72it/s] 46%|████▌     | 138/300 [01:20<01:36,  1.69it/s] 46%|████▋     | 139/300 [01:21<01:35,  1.69it/s] 47%|████▋     | 140/300 [01:21<01:35,  1.68it/s] 47%|████▋     | 141/300 [01:22<01:35,  1.67it/s] 47%|████▋     | 142/300 [01:22<01:34,  1.67it/s] 48%|████▊     | 143/300 [01:23<01:33,  1.69it/s] 48%|████▊     | 144/300 [01:24<01:33,  1.67it/s] 48%|████▊     | 145/300 [01:24<01:31,  1.69it/s] 49%|████▊     | 146/300 [01:25<01:31,  1.68it/s] 49%|████▉     | 147/300 [01:25<01:30,  1.68it/s] 49%|████▉     | 148/300 [01:26<01:29,  1.70it/s] 50%|████▉     | 149/300 [01:27<01:28,  1.70it/s] 50%|█████     | 150/300 [01:27<01:28,  1.69it/s] 50%|█████     | 151/300 [01:28<01:28,  1.69it/s] 51%|█████     | 152/300 [01:28<01:27,  1.69it/s] 51%|█████     | 153/300 [01:29<01:27,  1.69it/s] 51%|█████▏    | 154/300 [01:30<01:25,  1.71it/s] 52%|█████▏    | 155/300 [01:30<01:24,  1.71it/s] 52%|█████▏    | 156/300 [01:31<01:25,  1.69it/s] 52%|█████▏    | 157/300 [01:31<01:25,  1.68it/s] 53%|█████▎    | 158/300 [01:32<01:24,  1.68it/s] 53%|█████▎    | 159/300 [01:33<01:24,  1.68it/s] 53%|█████▎    | 160/300 [01:33<01:23,  1.68it/s] 54%|█████▎    | 161/300 [01:34<01:21,  1.71it/s] 54%|█████▍    | 162/300 [01:34<01:19,  1.73it/s] 54%|█████▍    | 163/300 [01:35<01:20,  1.71it/s] 55%|█████▍    | 164/300 [01:35<01:20,  1.69it/s] 55%|█████▌    | 165/300 [01:36<01:20,  1.69it/s] 55%|█████▌    | 166/300 [01:37<01:18,  1.71it/s] 56%|█████▌    | 167/300 [01:37<01:17,  1.71it/s] 56%|█████▌    | 168/300 [01:38<01:17,  1.71it/s] 56%|█████▋    | 169/300 [01:38<01:16,  1.72it/s] 57%|█████▋    | 170/300 [01:39<01:16,  1.71it/s] 57%|█████▋    | 171/300 [01:40<01:14,  1.73it/s] 57%|█████▋    | 172/300 [01:40<01:15,  1.71it/s] 58%|█████▊    | 173/300 [01:41<01:15,  1.69it/s] 58%|█████▊    | 174/300 [01:41<01:13,  1.72it/s] 58%|█████▊    | 175/300 [01:42<01:13,  1.71it/s] 59%|█████▊    | 176/300 [01:43<01:13,  1.68it/s] 59%|█████▉    | 177/300 [01:43<01:13,  1.68it/s] 59%|█████▉    | 178/300 [01:44<01:13,  1.66it/s] 60%|█████▉    | 179/300 [01:44<01:12,  1.67it/s] 60%|██████    | 180/300 [01:45<01:11,  1.68it/s] 60%|██████    | 181/300 [01:45<01:10,  1.69it/s] 61%|██████    | 182/300 [01:46<01:10,  1.68it/s] 61%|██████    | 183/300 [01:47<01:09,  1.67it/s] 61%|██████▏   | 184/300 [01:47<01:09,  1.68it/s] 62%|██████▏   | 185/300 [01:48<01:07,  1.69it/s] 62%|██████▏   | 186/300 [01:48<01:07,  1.69it/s] 62%|██████▏   | 187/300 [01:49<01:06,  1.70it/s] 63%|██████▎   | 188/300 [01:50<01:05,  1.70it/s] 63%|██████▎   | 189/300 [01:50<01:04,  1.72it/s] 63%|██████▎   | 190/300 [01:51<01:04,  1.71it/s] 64%|██████▎   | 191/300 [01:51<01:04,  1.69it/s] 64%|██████▍   | 192/300 [01:52<01:04,  1.68it/s] 64%|██████▍   | 193/300 [01:53<01:04,  1.67it/s] 65%|██████▍   | 194/300 [01:53<01:02,  1.69it/s] 65%|██████▌   | 195/300 [01:54<01:02,  1.68it/s] 65%|██████▌   | 196/300 [01:54<01:01,  1.70it/s] 66%|██████▌   | 197/300 [01:55<01:00,  1.71it/s] 66%|██████▌   | 198/300 [01:56<00:59,  1.71it/s] 66%|██████▋   | 199/300 [01:56<00:58,  1.73it/s] 67%|██████▋   | 200/300 [01:57<00:58,  1.72it/s] 67%|██████▋   | 201/300 [01:57<00:57,  1.73it/s] 67%|██████▋   | 202/300 [01:58<00:56,  1.74it/s] 68%|██████▊   | 203/300 [01:58<00:54,  1.77it/s] 68%|██████▊   | 204/300 [01:59<00:55,  1.74it/s] 68%|██████▊   | 205/300 [02:00<00:54,  1.75it/s] 69%|██████▊   | 206/300 [02:00<00:54,  1.74it/s] 69%|██████▉   | 207/300 [02:01<00:53,  1.74it/s] 69%|██████▉   | 208/300 [02:01<00:53,  1.72it/s] 70%|██████▉   | 209/300 [02:02<00:52,  1.73it/s] 70%|███████   | 210/300 [02:02<00:51,  1.74it/s] 70%|███████   | 211/300 [02:03<00:51,  1.74it/s] 71%|███████   | 212/300 [02:04<00:50,  1.74it/s] 71%|███████   | 213/300 [02:04<00:49,  1.74it/s] 71%|███████▏  | 214/300 [02:05<00:49,  1.73it/s] 72%|███████▏  | 215/300 [02:05<00:49,  1.73it/s] 72%|███████▏  | 216/300 [02:06<00:48,  1.73it/s] 72%|███████▏  | 217/300 [02:06<00:48,  1.72it/s] 73%|███████▎  | 218/300 [02:07<00:48,  1.70it/s] 73%|███████▎  | 219/300 [02:08<00:48,  1.67it/s] 73%|███████▎  | 220/300 [02:08<00:47,  1.67it/s] 74%|███████▎  | 221/300 [02:09<00:47,  1.66it/s] 74%|███████▍  | 222/300 [02:09<00:46,  1.69it/s] 74%|███████▍  | 223/300 [02:10<00:45,  1.69it/s] 75%|███████▍  | 224/300 [02:11<00:45,  1.69it/s] 75%|███████▌  | 225/300 [02:11<00:44,  1.70it/s] 75%|███████▌  | 226/300 [02:12<00:43,  1.70it/s] 76%|███████▌  | 227/300 [02:12<00:43,  1.69it/s] 76%|███████▌  | 228/300 [02:13<00:42,  1.69it/s] 76%|███████▋  | 229/300 [02:14<00:42,  1.69it/s] 77%|███████▋  | 230/300 [02:14<00:41,  1.68it/s] 77%|███████▋  | 231/300 [02:15<00:40,  1.69it/s] 77%|███████▋  | 232/300 [02:15<00:39,  1.71it/s] 78%|███████▊  | 233/300 [02:16<00:39,  1.68it/s] 78%|███████▊  | 234/300 [02:17<00:39,  1.68it/s] 78%|███████▊  | 235/300 [02:17<00:38,  1.68it/s] 79%|███████▊  | 236/300 [02:18<00:38,  1.68it/s] 79%|███████▉  | 237/300 [02:18<00:37,  1.68it/s] 79%|███████▉  | 238/300 [02:19<00:36,  1.70it/s] 80%|███████▉  | 239/300 [02:20<00:36,  1.69it/s] 80%|████████  | 240/300 [02:20<00:35,  1.70it/s] 80%|████████  | 241/300 [02:21<00:34,  1.69it/s] 81%|████████  | 242/300 [02:21<00:34,  1.69it/s] 81%|████████  | 243/300 [02:22<00:33,  1.69it/s] 81%|████████▏ | 244/300 [02:22<00:32,  1.70it/s] 82%|████████▏ | 245/300 [02:23<00:32,  1.69it/s] 82%|████████▏ | 246/300 [02:24<00:32,  1.68it/s] 82%|████████▏ | 247/300 [02:24<00:30,  1.71it/s] 83%|████████▎ | 248/300 [02:25<00:30,  1.70it/s] 83%|████████▎ | 249/300 [02:25<00:30,  1.69it/s] 83%|████████▎ | 250/300 [02:26<00:29,  1.70it/s] 84%|████████▎ | 251/300 [02:27<00:28,  1.71it/s] 84%|████████▍ | 252/300 [02:27<00:28,  1.71it/s] 84%|████████▍ | 253/300 [02:28<00:27,  1.73it/s] 85%|████████▍ | 254/300 [02:28<00:26,  1.74it/s] 85%|████████▌ | 255/300 [02:29<00:25,  1.74it/s] 85%|████████▌ | 256/300 [02:29<00:25,  1.74it/s] 86%|████████▌ | 257/300 [02:30<00:24,  1.73it/s] 86%|████████▌ | 258/300 [02:31<00:24,  1.74it/s] 86%|████████▋ | 259/300 [02:31<00:23,  1.75it/s] 87%|████████▋ | 260/300 [02:32<00:23,  1.73it/s] 87%|████████▋ | 261/300 [02:32<00:22,  1.71it/s] 87%|████████▋ | 262/300 [02:33<00:22,  1.72it/s] 88%|████████▊ | 263/300 [02:34<00:21,  1.71it/s] 88%|████████▊ | 264/300 [02:34<00:21,  1.70it/s] 88%|████████▊ | 265/300 [02:35<00:20,  1.71it/s] 89%|████████▊ | 266/300 [02:35<00:19,  1.71it/s] 89%|████████▉ | 267/300 [02:36<00:19,  1.73it/s] 89%|████████▉ | 268/300 [02:36<00:18,  1.71it/s] 90%|████████▉ | 269/300 [02:37<00:18,  1.71it/s] 90%|█████████ | 270/300 [02:38<00:17,  1.71it/s] 90%|█████████ | 271/300 [02:38<00:16,  1.71it/s] 91%|█████████ | 272/300 [02:39<00:16,  1.70it/s] 91%|█████████ | 273/300 [02:39<00:15,  1.70it/s] 91%|█████████▏| 274/300 [02:40<00:15,  1.68it/s] 92%|█████████▏| 275/300 [02:41<00:14,  1.68it/s] 92%|█████████▏| 276/300 [02:41<00:14,  1.67it/s] 92%|█████████▏| 277/300 [02:42<00:13,  1.70it/s] 93%|█████████▎| 278/300 [02:42<00:13,  1.69it/s] 93%|█████████▎| 279/300 [02:43<00:12,  1.68it/s] 93%|█████████▎| 280/300 [02:44<00:11,  1.69it/s] 94%|█████████▎| 281/300 [02:44<00:11,  1.70it/s] 94%|█████████▍| 282/300 [02:45<00:10,  1.71it/s] 94%|█████████▍| 283/300 [02:45<00:09,  1.70it/s] 95%|█████████▍| 284/300 [02:46<00:09,  1.69it/s] 95%|█████████▌| 285/300 [02:47<00:08,  1.68it/s] 95%|█████████▌| 286/300 [02:47<00:08,  1.68it/s] 96%|█████████▌| 287/300 [02:48<00:07,  1.69it/s] 96%|█████████▌| 288/300 [02:48<00:07,  1.70it/s] 96%|█████████▋| 289/300 [02:49<00:06,  1.68it/s] 97%|█████████▋| 290/300 [02:49<00:05,  1.70it/s] 97%|█████████▋| 291/300 [02:50<00:05,  1.71it/s] 97%|█████████▋| 292/300 [02:51<00:04,  1.71it/s] 98%|█████████▊| 293/300 [02:51<00:04,  1.70it/s] 98%|█████████▊| 294/300 [02:52<00:03,  1.70it/s] 98%|█████████▊| 295/300 [02:52<00:02,  1.72it/s] 99%|█████████▊| 296/300 [02:53<00:02,  1.70it/s] 99%|█████████▉| 297/300 [02:54<00:01,  1.70it/s] 99%|█████████▉| 298/300 [02:54<00:01,  1.71it/s]100%|█████████▉| 299/300 [02:55<00:00,  1.72it/s]100%|██████████| 300/300 [02:55<00:00,  1.73it/s]100%|██████████| 300/300 [02:55<00:00,  1.71it/s]
W&B disabled.
W&B online. Running your script from this directory will now sync to the cloud.
wandb: Currently logged in as: hl57. Use `wandb login --relogin` to force relogin
wandb: wandb version 0.15.12 is available!  To upgrade, please run:
wandb:  $ pip install wandb --upgrade
wandb: Tracking run with wandb version 0.15.10
wandb: Run data is saved locally in /media/techt/One Touch/DD/SRe2L/train/wandb/run-20231022_032608-j6veyxfl
wandb: Run `wandb offline` to turn off syncing.
wandb: Syncing run wild-meadow-447
wandb: ⭐️ View project at https://wandb.ai/hl57/final_rn18_fkd
wandb: 🚀 View run at https://wandb.ai/hl57/final_rn18_fkd/runs/j6veyxfl
======= FKD: dataset info ======
path: ../relabel/FKD_cutmix_fp16/imagenette/275/
num img: 100
batch size: 100
max epoch: 300
================================
load data successfully
=> loading student model 'resnet18'
TRAIN Iter 0: lr = 0.001000,	loss = 0.013455,	Top-1 err = 90.000000,	Top-5 err = 54.000000,	train_time = 3.257877
TEST Iter 0: loss = 11.650307,	Top-1 err = 90.063694,	Top-5 err = 49.222930,	val_time = 27.993048
TRAIN Iter 10: lr = 0.000997,	loss = 0.009820,	Top-1 err = 84.000000,	Top-5 err = 30.000000,	train_time = 2.225389
TEST Iter 10: loss = 8.837126,	Top-1 err = 81.910828,	Top-5 err = 40.280255,	val_time = 12.866184
TRAIN Iter 20: lr = 0.000989,	loss = 0.018222,	Top-1 err = 61.000000,	Top-5 err = 15.000000,	train_time = 2.252030
TEST Iter 20: loss = 12.753038,	Top-1 err = 77.605096,	Top-5 err = 36.025478,	val_time = 12.766444
TRAIN Iter 30: lr = 0.000976,	loss = 0.009872,	Top-1 err = 60.000000,	Top-5 err = 15.000000,	train_time = 2.304805
TEST Iter 30: loss = 8.846645,	Top-1 err = 71.949045,	Top-5 err = 33.656051,	val_time = 13.025398
TRAIN Iter 40: lr = 0.000957,	loss = 0.006331,	Top-1 err = 61.000000,	Top-5 err = 17.000000,	train_time = 2.259693
TEST Iter 40: loss = 6.729227,	Top-1 err = 73.987261,	Top-5 err = 26.292994,	val_time = 12.809177
TRAIN Iter 50: lr = 0.000933,	loss = 0.007184,	Top-1 err = 53.000000,	Top-5 err = 6.000000,	train_time = 2.281081
TEST Iter 50: loss = 8.011275,	Top-1 err = 70.700637,	Top-5 err = 28.764331,	val_time = 12.853211
TRAIN Iter 60: lr = 0.000905,	loss = 0.008126,	Top-1 err = 47.000000,	Top-5 err = 8.000000,	train_time = 2.269509
TEST Iter 60: loss = 11.387775,	Top-1 err = 74.369427,	Top-5 err = 25.375796,	val_time = 12.979040
TRAIN Iter 70: lr = 0.000872,	loss = 0.006743,	Top-1 err = 43.000000,	Top-5 err = 9.000000,	train_time = 2.299138
TEST Iter 70: loss = 5.078149,	Top-1 err = 69.579618,	Top-5 err = 23.541401,	val_time = 12.733989
TRAIN Iter 80: lr = 0.000835,	loss = 0.007767,	Top-1 err = 37.000000,	Top-5 err = 9.000000,	train_time = 2.228801
TEST Iter 80: loss = 5.437161,	Top-1 err = 68.789809,	Top-5 err = 23.031847,	val_time = 12.771236
TRAIN Iter 90: lr = 0.000794,	loss = 0.005683,	Top-1 err = 38.000000,	Top-5 err = 7.000000,	train_time = 2.222200
TEST Iter 90: loss = 3.577270,	Top-1 err = 64.458599,	Top-5 err = 21.579618,	val_time = 12.834783
TRAIN Iter 100: lr = 0.000750,	loss = 0.005164,	Top-1 err = 87.000000,	Top-5 err = 36.000000,	train_time = 2.278579
TEST Iter 100: loss = 5.365832,	Top-1 err = 69.656051,	Top-5 err = 21.936306,	val_time = 12.826874
TRAIN Iter 110: lr = 0.000703,	loss = 0.005066,	Top-1 err = 74.000000,	Top-5 err = 18.000000,	train_time = 2.209017
TEST Iter 110: loss = 3.712737,	Top-1 err = 63.643312,	Top-5 err = 20.662420,	val_time = 12.849913
TRAIN Iter 120: lr = 0.000655,	loss = 0.005061,	Top-1 err = 52.000000,	Top-5 err = 11.000000,	train_time = 2.249634
TEST Iter 120: loss = 3.862791,	Top-1 err = 60.254777,	Top-5 err = 15.414013,	val_time = 12.826426
TRAIN Iter 130: lr = 0.000604,	loss = 0.004189,	Top-1 err = 46.000000,	Top-5 err = 12.000000,	train_time = 2.296349
TEST Iter 130: loss = 3.460830,	Top-1 err = 64.509554,	Top-5 err = 20.407643,	val_time = 13.058009
TRAIN Iter 140: lr = 0.000552,	loss = 0.004138,	Top-1 err = 38.000000,	Top-5 err = 7.000000,	train_time = 2.227533
TEST Iter 140: loss = 2.827784,	Top-1 err = 57.707006,	Top-5 err = 16.254777,	val_time = 12.731342
TRAIN Iter 150: lr = 0.000500,	loss = 0.004073,	Top-1 err = 81.000000,	Top-5 err = 20.000000,	train_time = 2.284033
TEST Iter 150: loss = 3.519565,	Top-1 err = 59.643312,	Top-5 err = 14.802548,	val_time = 12.772935
TRAIN Iter 160: lr = 0.000448,	loss = 0.004152,	Top-1 err = 33.000000,	Top-5 err = 6.000000,	train_time = 2.245057
TEST Iter 160: loss = 2.971730,	Top-1 err = 55.337580,	Top-5 err = 13.401274,	val_time = 12.666751
TRAIN Iter 170: lr = 0.000396,	loss = 0.004693,	Top-1 err = 78.000000,	Top-5 err = 20.000000,	train_time = 2.211106
TEST Iter 170: loss = 2.799466,	Top-1 err = 56.254777,	Top-5 err = 15.108280,	val_time = 12.683359
TRAIN Iter 180: lr = 0.000345,	loss = 0.003442,	Top-1 err = 78.000000,	Top-5 err = 22.000000,	train_time = 2.235331
TEST Iter 180: loss = 2.471572,	Top-1 err = 54.114650,	Top-5 err = 14.165605,	val_time = 12.694041
TRAIN Iter 190: lr = 0.000297,	loss = 0.003301,	Top-1 err = 34.000000,	Top-5 err = 2.000000,	train_time = 2.251666
TEST Iter 190: loss = 2.894382,	Top-1 err = 55.388535,	Top-5 err = 13.808917,	val_time = 12.730156
TRAIN Iter 200: lr = 0.000250,	loss = 0.003365,	Top-1 err = 62.000000,	Top-5 err = 8.000000,	train_time = 2.197888
TEST Iter 200: loss = 2.451064,	Top-1 err = 52.178344,	Top-5 err = 13.375796,	val_time = 12.655725
TRAIN Iter 210: lr = 0.000206,	loss = 0.003287,	Top-1 err = 66.000000,	Top-5 err = 12.000000,	train_time = 2.185425
TEST Iter 210: loss = 2.672131,	Top-1 err = 52.815287,	Top-5 err = 13.350318,	val_time = 12.758632
TRAIN Iter 220: lr = 0.000165,	loss = 0.003695,	Top-1 err = 21.000000,	Top-5 err = 4.000000,	train_time = 2.253770
TEST Iter 220: loss = 2.457350,	Top-1 err = 50.522293,	Top-5 err = 11.668790,	val_time = 12.630374
TRAIN Iter 230: lr = 0.000128,	loss = 0.003443,	Top-1 err = 50.000000,	Top-5 err = 10.000000,	train_time = 2.267642
TEST Iter 230: loss = 2.452751,	Top-1 err = 51.108280,	Top-5 err = 11.694268,	val_time = 12.657350
TRAIN Iter 240: lr = 0.000095,	loss = 0.003823,	Top-1 err = 35.000000,	Top-5 err = 13.000000,	train_time = 2.227793
TEST Iter 240: loss = 2.404899,	Top-1 err = 50.573248,	Top-5 err = 11.312102,	val_time = 12.646201
TRAIN Iter 250: lr = 0.000067,	loss = 0.003399,	Top-1 err = 48.000000,	Top-5 err = 7.000000,	train_time = 2.212921
TEST Iter 250: loss = 2.371095,	Top-1 err = 50.624204,	Top-5 err = 11.261146,	val_time = 12.835866
TRAIN Iter 260: lr = 0.000043,	loss = 0.003238,	Top-1 err = 34.000000,	Top-5 err = 6.000000,	train_time = 2.227488
TEST Iter 260: loss = 2.351711,	Top-1 err = 50.624204,	Top-5 err = 11.464968,	val_time = 12.673196
TRAIN Iter 270: lr = 0.000024,	loss = 0.003191,	Top-1 err = 30.000000,	Top-5 err = 2.000000,	train_time = 2.239483
TEST Iter 270: loss = 2.377533,	Top-1 err = 50.242038,	Top-5 err = 11.592357,	val_time = 12.702411
TRAIN Iter 280: lr = 0.000011,	loss = 0.003739,	Top-1 err = 85.000000,	Top-5 err = 36.000000,	train_time = 2.247495
TEST Iter 280: loss = 2.394417,	Top-1 err = 49.783439,	Top-5 err = 11.490446,	val_time = 12.692240
TRAIN Iter 290: lr = 0.000003,	loss = 0.003167,	Top-1 err = 20.000000,	Top-5 err = 5.000000,	train_time = 2.220648
TEST Iter 290: loss = 2.344777,	Top-1 err = 49.834395,	Top-5 err = 11.312102,	val_time = 12.770358
wandb: Waiting for W&B process to finish... (success).
wandb: - 0.004 MB of 0.026 MB uploaded (0.000 MB deduped)wandb: \ 0.004 MB of 0.026 MB uploaded (0.000 MB deduped)wandb: 
wandb: Run history:
wandb:  train/Top1 ▂▂▃▄▂▃▁▂▅▃▄▇▇▇▃▅▃▇▇▇▅▄▆█▁▆█▆▆▅▄▇▅▆█▄▄▄▅▆
wandb:  train/Top5 ▁▂▅▅▃▅▃▄▇▆▄▇▇█▄▆▅███▆▆██▂███▆▇▇█▆██▇▆▇▇▇
wandb: train/epoch ▁▁▁▁▂▂▂▂▂▃▃▃▃▃▃▄▄▄▄▄▅▅▅▅▅▅▆▆▆▆▆▆▇▇▇▇▇███
wandb:  train/loss █▄▅▄▂▃▃▂▂▂▂▂▂▂▂▂▂▁▁▁▂▂▁▂▁▂▁▁▁▁▁▁▁▁▁▁▁▁▁▁
wandb:    train/lr ███████▇▇▇▇▇▇▆▆▆▅▅▅▅▄▄▄▄▃▃▃▃▂▂▂▂▂▁▁▁▁▁▁▁
wandb:   val/epoch ▁▁▁▂▂▂▂▃▃▃▃▄▄▄▄▅▅▅▅▅▆▆▆▆▇▇▇▇███
wandb:    val/loss ▇▅█▅▄▅▇▃▃▂▃▂▂▂▁▂▁▁▁▁▁▁▁▁▁▁▁▁▁▁▁
wandb:    val/top1 ▁▂▃▄▄▄▄▅▅▅▅▆▆▅▇▆▇▇▇▇█▇█████████
wandb:    val/top5 ▁▃▃▄▅▅▅▆▆▆▆▆▇▆▇▇█▇▇████████████
wandb: 
wandb: Run summary:
wandb:  train/Top1 55.0
wandb:  train/Top5 93.0
wandb: train/epoch 299
wandb:  train/loss 0.00385
wandb:    train/lr 0.0
wandb:   val/epoch 299
wandb:    val/loss 2.38127
wandb:    val/top1 50.11465
wandb:    val/top5 88.61146
wandb: 
wandb: 🚀 View run wild-meadow-447 at: https://wandb.ai/hl57/final_rn18_fkd/runs/j6veyxfl
wandb: ️⚡ View job at https://wandb.ai/hl57/final_rn18_fkd/jobs/QXJ0aWZhY3RDb2xsZWN0aW9uOjk3MzkyNjU3/version_details/v44
wandb: Synced 6 W&B file(s), 0 media file(s), 0 artifact file(s) and 0 other file(s)
wandb: Find logs at: ./wandb/run-20231022_032608-j6veyxfl/logs
TEST Iter 299: loss = 2.381271,	Top-1 err = 49.885350,	Top-5 err = 11.388535,	val_time = 13.022583
