/home/techt/anaconda3/envs/hl/lib/python3.8/site-packages/torchvision/models/_utils.py:208: UserWarning: The parameter 'pretrained' is deprecated since 0.13 and may be removed in the future, please use 'weights' instead.
  warnings.warn(
/home/techt/anaconda3/envs/hl/lib/python3.8/site-packages/torchvision/models/_utils.py:223: UserWarning: Arguments other than a weight enum or `None` for 'weights' are deprecated since 0.13 and may be removed in the future. The current behavior is equivalent to passing `weights=MobileNet_V2_Weights.IMAGENET1K_V1`. You can also use `weights=MobileNet_V2_Weights.DEFAULT` to get the most up-to-date weights.
  warnings.warn(msg)
/home/techt/anaconda3/envs/hl/lib/python3.8/site-packages/torchvision/transforms/functional.py:1603: UserWarning: The default value of the antialias parameter of all the resizing transforms (Resize(), RandomResizedCrop(), etc.) will change from None to True in v0.17, in order to be consistent across the PIL and Tensor backends. To suppress this warning, directly pass antialias=True (recommended, future default), antialias=None (current default, which means False for Tensors and True for PIL), or antialias=False (only works on Tensors - PIL will still use antialiasing). This also applies if you are using the inference transforms from the models weights: update the call to weights.transforms(antialias=True).
  warnings.warn(
r_bn:  0.3
lr:  0.25
step 1
step 1.1
step 1.2
[6.80509356e-17 5.29677256e-12 2.36806315e-15 4.20831709e-20
 5.82024346e-13 7.33819631e-07 1.86759221e-13 6.68587749e-04
 4.42797368e-10 9.99330678e-01]
[9.51782846e-32 1.55515655e-01 1.47795407e-19 1.36751049e-20
 3.92560154e-03 4.54634545e-01 1.21149101e-14 5.10301014e-08
 8.21596418e-07 3.85923325e-01]
[6.60973839e-23 3.74847184e-01 1.88089398e-12 5.12894753e-13
 1.61926385e-01 2.56224729e-01 1.05653503e-08 9.35081241e-04
 8.85390481e-04 2.05181219e-01]
[7.13007667e-14 3.57969646e-01 9.36226886e-10 1.20206036e-08
 2.90700714e-01 1.93347683e-01 4.73501659e-07 1.10434837e-03
 1.02244990e-03 1.55854672e-01]
[1.64828926e-08 2.90317022e-01 6.22601550e-09 2.54014777e-06
 4.07075121e-01 1.74386152e-01 2.13716906e-06 1.21721729e-03
 1.22916174e-03 1.25770625e-01]
[9.61928374e-05 2.71973590e-01 3.83673748e-06 9.30076677e-04
 4.53092346e-01 1.55532645e-01 3.57830824e-04 9.87069151e-04
 1.03762220e-03 1.15988791e-01]
[2.59014356e-04 2.69374109e-01 5.06834551e-06 1.01496447e-03
 4.68780820e-01 1.50627848e-01 1.12944742e-03 1.21184269e-03
 1.10908718e-03 1.06487798e-01]
[0.00147378 0.26328253 0.00072136 0.00071299 0.47088556 0.15538114
 0.00100259 0.00099874 0.00113259 0.10440872]
[1.94804780e-03 2.61585622e-01 1.11610958e-03 1.72564002e-04
 4.70139226e-01 1.57882835e-01 1.12600362e-03 1.16735706e-03
 1.05731347e-03 1.03804921e-01]
[0.00208233 0.26172354 0.00210497 0.0010539  0.46503859 0.16079589
 0.00199222 0.00114078 0.00108047 0.1029873 ]
[0.00317947 0.25902235 0.00239905 0.00115699 0.45872359 0.16706635
 0.00219741 0.00114846 0.00120095 0.10390537]
[0.00411432 0.25978383 0.00299761 0.00111373 0.4508609  0.17229943
 0.00207478 0.00085724 0.00116604 0.10473211]
[0.00482476 0.26014034 0.00333796 0.00132166 0.44144118 0.17913621
 0.00206277 0.00085808 0.0011835  0.10569354]
[0.00622399 0.26146368 0.00426015 0.00266569 0.42720928 0.19015936
 0.0020998  0.00116477 0.00106971 0.10368357]
[0.00911295 0.26288168 0.00497467 0.00312184 0.41748146 0.19706841
 0.00224161 0.00088674 0.00119637 0.10103428]
[0.00939663 0.26202356 0.00510543 0.00304277 0.41249948 0.19952545
 0.0022039  0.0007776  0.00090915 0.10451602]
[0.01317747 0.26204873 0.00526279 0.00325456 0.40569146 0.19956011
 0.00240833 0.00139185 0.00112948 0.10607523]
[0.01725578 0.26927927 0.00698859 0.00307402 0.39653379 0.19953505
 0.00313046 0.00115729 0.00098366 0.10206208]
[0.02136925 0.27238769 0.00933245 0.00333547 0.38821495 0.19876056
 0.00409692 0.00155598 0.00117369 0.09977302]
[0.0249102  0.27299613 0.00949602 0.00325794 0.37925193 0.20145354
 0.00587683 0.00139888 0.00135326 0.10000527]
[0.03121579 0.27453493 0.01242981 0.00409311 0.37032635 0.20379294
 0.00832957 0.00105011 0.00115885 0.09306854]
[0.03327395 0.27352624 0.01350083 0.00423248 0.36343632 0.20607388
 0.00833782 0.00093872 0.0011993  0.09548045]
[0.03639804 0.27689052 0.01350233 0.00428667 0.35383876 0.20232223
 0.00944588 0.0013858  0.00132876 0.100601  ]
[0.03780408 0.27979435 0.01391084 0.00475335 0.34390011 0.20558249
 0.01239637 0.0008542  0.00132684 0.09967737]
[0.04318028 0.27770897 0.01487018 0.00508066 0.33734574 0.20469338
 0.01453396 0.00111712 0.00113116 0.10033855]
[0.04969821 0.2735242  0.01607136 0.00512209 0.32978447 0.20468105
 0.01655327 0.00133384 0.00107061 0.1021609 ]
[0.05183047 0.27204252 0.02072439 0.00589459 0.32058753 0.2022892
 0.01865368 0.00168737 0.00119656 0.10509369]
[0.05772217 0.2597629  0.02182678 0.00645906 0.31621007 0.20124866
 0.0186964  0.00163777 0.00111449 0.1153217 ]
[0.05935284 0.25504141 0.02477969 0.00701418 0.31148886 0.20252145
 0.01875127 0.00114838 0.00106511 0.11883682]
[0.0617703  0.25444457 0.025576   0.00699923 0.30625918 0.20112884
 0.01969225 0.00155563 0.00113354 0.12144045]
step 1.3
step 1.1
step 1.2
[3.05026346e-03 9.96868081e-01 2.82642379e-07 8.13725014e-05
 1.52898094e-25 3.30327106e-18 1.32289010e-30 1.22350837e-17
 9.49754823e-12 4.56714277e-13]
[1.06790920e-03 9.56468932e-01 3.14592869e-02 1.05330246e-03
 2.45516223e-20 7.56332749e-11 1.14151450e-17 5.49227052e-04
 9.40043467e-03 9.07608716e-07]
[1.09789087e-03 6.56458034e-01 1.89637774e-01 2.07651040e-03
 4.07903418e-26 8.31229750e-04 1.41407873e-19 1.36298253e-02
 1.35052400e-01 1.21633578e-03]
[1.06562800e-03 4.67256764e-01 2.94030710e-01 3.00613029e-03
 3.44239758e-20 1.06263417e-03 1.29036478e-13 2.94707590e-02
 2.02011125e-01 2.09624901e-03]
[1.05681075e-03 3.56620014e-01 3.71860810e-01 5.33471919e-03
 1.03985713e-08 2.07876747e-03 7.96331720e-04 4.79330963e-02
 2.11405731e-01 2.91371037e-03]
[1.63887586e-03 2.98480848e-01 4.03364960e-01 1.36656855e-02
 3.73653599e-07 3.08038333e-03 1.20900576e-03 6.58759192e-02
 2.09474773e-01 3.20917557e-03]
[2.64649288e-03 2.65032094e-01 4.16693946e-01 1.97637530e-02
 1.15283880e-05 3.25663049e-03 1.10487946e-03 8.58489637e-02
 2.02131752e-01 3.50996116e-03]
[3.35633066e-03 2.44895856e-01 4.11286800e-01 2.62362107e-02
 1.65143057e-04 3.53969644e-03 2.00532068e-03 1.10591912e-01
 1.93663075e-01 4.25965419e-03]
[0.00336892 0.23526071 0.40305064 0.03129546 0.00049028 0.00535365
 0.00058271 0.12205583 0.19419404 0.00434776]
[0.00418341 0.22564677 0.39522791 0.03622931 0.00141415 0.0053086
 0.00104457 0.13861385 0.18657658 0.00575485]
[4.88468884e-03 2.22384920e-01 3.70506738e-01 4.10244862e-02
 9.11296818e-04 6.87558773e-03 3.51837291e-04 1.71634984e-01
 1.76227201e-01 5.19825954e-03]
[0.00505461 0.22282984 0.35174252 0.04469681 0.00099653 0.00891862
 0.00087989 0.18665323 0.17228219 0.00594575]
[0.00631554 0.21533474 0.33892752 0.05163442 0.00135585 0.00886703
 0.00118562 0.19648911 0.1744991  0.00539107]
[0.0083056  0.21394043 0.32783053 0.05178847 0.00140165 0.01314361
 0.00197801 0.20003095 0.17572569 0.00585506]
[0.01158386 0.21358591 0.32378675 0.05240007 0.00217683 0.01354863
 0.00233185 0.20355407 0.17130784 0.00572418]
[0.01697486 0.21439629 0.31299521 0.05402643 0.00112765 0.01665469
 0.00256561 0.20508606 0.16993833 0.00623486]
[0.01959771 0.2135842  0.30694628 0.05758656 0.00152601 0.01774978
 0.00276038 0.20911926 0.16494084 0.00618898]
[0.02093743 0.21046009 0.30245492 0.06403888 0.00178601 0.01992305
 0.00294894 0.20616868 0.16487539 0.00640661]
[0.02274817 0.20886111 0.2960513  0.07147011 0.00175089 0.02127294
 0.003758   0.20488819 0.16295374 0.00624556]
[0.02523043 0.21116385 0.29060098 0.07571113 0.00113168 0.02190493
 0.00420569 0.20673471 0.15700029 0.0063163 ]
[0.02605219 0.21354537 0.28552009 0.07943595 0.00122185 0.02210922
 0.00478989 0.20708688 0.15401671 0.00622183]
[0.02996487 0.21462307 0.27821736 0.08004989 0.00200711 0.02352399
 0.00742604 0.20775767 0.1500363  0.00639369]
[0.03367084 0.21099209 0.27323456 0.08368045 0.00121785 0.02510006
 0.00959073 0.21040926 0.14472206 0.0073821 ]
[0.03347567 0.20893474 0.27229347 0.08732604 0.00145754 0.02586809
 0.01065625 0.21027328 0.14153344 0.00818148]
[0.03762408 0.20754812 0.2599458  0.09387004 0.00172434 0.03351312
 0.01072126 0.20977127 0.1361031  0.00917887]
[0.04004384 0.20374413 0.25506022 0.09870736 0.00145143 0.03404244
 0.01262111 0.21302079 0.1298672  0.01144148]
[0.04176325 0.20681585 0.24622958 0.09952277 0.00100588 0.039984
 0.01434769 0.21093116 0.12727826 0.01212155]
[0.04508777 0.20595156 0.22714055 0.10301169 0.00089621 0.05267109
 0.01757212 0.211038   0.12418185 0.01244916]
[0.0463559  0.20452679 0.20540037 0.10535711 0.00104624 0.07231005
 0.01876608 0.20821188 0.12345237 0.01457321]
[0.04838297 0.20259916 0.19688078 0.10580097 0.00198433 0.08505842
 0.01982566 0.20266855 0.12121848 0.01558067]
step 1.3
step 1.1
step 1.2
[2.16141523e-05 5.97950277e-03 9.27534086e-01 2.14493477e-07
 6.43844251e-02 4.93133517e-13 2.14633784e-07 6.91017575e-49
 7.75999339e-06 2.07218275e-03]
[1.99303374e-03 5.47454587e-02 9.00859111e-01 8.92308422e-04
 3.52941674e-02 5.48153936e-13 4.11629075e-05 1.42557746e-37
 2.18907689e-03 3.98568091e-03]
[5.99286395e-03 2.03676532e-01 7.38991827e-01 1.09956661e-03
 3.13627140e-02 1.10409127e-09 9.79291622e-04 1.36567481e-23
 1.69010531e-02 9.96151096e-04]
[9.30835908e-03 2.87779896e-01 6.48699201e-01 1.08243601e-03
 3.37937498e-02 1.00565776e-04 1.04028289e-03 9.59739916e-11
 1.70944032e-02 1.10110639e-03]
[0.011583   0.32937186 0.59931529 0.00103459 0.03237902 0.0009219
 0.00190015 0.00101162 0.02112916 0.00135342]
[0.01523657 0.34636085 0.56044642 0.00153502 0.03905019 0.00059665
 0.00305785 0.0019443  0.03068334 0.00108882]
[0.01914567 0.34335208 0.53529582 0.00179187 0.04803077 0.00097724
 0.00614707 0.00306249 0.04019498 0.002002  ]
[0.02610616 0.3472299  0.5110325  0.00199546 0.04905302 0.00055423
 0.0130491  0.00543992 0.04150096 0.00403877]
[0.03157425 0.34710274 0.49313709 0.0017085  0.05284784 0.00139434
 0.01802259 0.00651547 0.04372952 0.00396766]
[0.03980522 0.35007087 0.47434905 0.00206072 0.05452652 0.00194761
 0.0207896  0.00723339 0.0449439  0.00427312]
[0.04322455 0.34532961 0.46162211 0.00264404 0.05554626 0.00084067
 0.02626981 0.01306595 0.04637548 0.00508152]
[0.04917848 0.34109133 0.44194483 0.00344119 0.0559833  0.0021792
 0.03283865 0.017023   0.04914645 0.00717356]
[0.05939898 0.33693795 0.41669568 0.00361589 0.05910415 0.00132842
 0.04145239 0.02031957 0.0528211  0.00832587]
[0.0627502  0.3302318  0.4023145  0.00325412 0.06109851 0.00190514
 0.04849323 0.02766826 0.05322684 0.0090574 ]
[0.06504287 0.32377069 0.38767604 0.00437529 0.06182678 0.00193597
 0.05445363 0.03402298 0.05480792 0.01208783]
[0.06956015 0.31169253 0.36864839 0.00508658 0.06009019 0.00215651
 0.06236546 0.05024551 0.0530941  0.01706058]
[0.07452903 0.30424104 0.35385313 0.00696541 0.05553411 0.00310557
 0.06645956 0.05864003 0.05335524 0.02331687]
[0.07798544 0.29178016 0.3333479  0.00818032 0.05757053 0.00396053
 0.07112765 0.07169393 0.05449953 0.02985399]
[0.07890831 0.28257033 0.32378835 0.01138011 0.05638417 0.00499063
 0.07487854 0.07625368 0.05255738 0.0382885 ]
[0.07895097 0.27415357 0.31572233 0.01594929 0.05776849 0.00553908
 0.07864901 0.07661577 0.05358967 0.04306181]
[0.08106925 0.26780546 0.30688646 0.02069158 0.05835852 0.00669091
 0.08408075 0.07785985 0.05066267 0.04589455]
[0.08531352 0.25873522 0.29702275 0.02560816 0.05935695 0.00743354
 0.08686663 0.08061205 0.04981193 0.04923925]
[0.08748252 0.25022021 0.2874702  0.03195487 0.0603155  0.00846797
 0.08736963 0.08124873 0.05340997 0.05206041]
[0.08840994 0.24300553 0.27888392 0.03709525 0.05876906 0.00829746
 0.09377037 0.08003037 0.0496228  0.0621153 ]
[0.08967985 0.23590293 0.26854745 0.03902953 0.05818307 0.01011781
 0.09663412 0.08286354 0.0490857  0.06995599]
[0.08951274 0.23685654 0.26052175 0.04008995 0.05895712 0.01022224
 0.10023133 0.08799167 0.04625007 0.06936659]
[0.09118254 0.23162678 0.25300484 0.04252722 0.05878837 0.0098951
 0.10212664 0.08993638 0.04913426 0.07177787]
[0.09013658 0.23000012 0.24585417 0.04523669 0.05980445 0.01018373
 0.10248408 0.09595533 0.04768364 0.07266121]
[0.09126329 0.22491509 0.23923212 0.04790212 0.06095457 0.01088396
 0.10157025 0.10049421 0.04832866 0.07445573]
[0.09042112 0.2185027  0.23622353 0.05249261 0.06206283 0.00978109
 0.10446375 0.10049947 0.04751848 0.07803443]
step 1.3
step 1.1
step 1.2
[6.57024140e-08 1.64201813e-28 6.95403868e-09 1.68291001e-17
 9.99999927e-01 3.16031784e-61 1.31558957e-16 3.79737168e-24
 3.65146862e-26 6.00241174e-31]
[5.89128749e-03 6.82314408e-20 2.38856210e-04 1.09040088e-03
 9.91580665e-01 4.28936114e-38 1.19489535e-03 4.68560294e-15
 3.89525103e-06 2.55739575e-19]
[1.06495196e-01 5.39912533e-09 1.20177774e-03 1.50968340e-02
 8.57918825e-01 1.80922329e-17 1.59488094e-02 1.09941243e-03
 2.11943277e-03 1.19707530e-04]
[0.20839765 0.00125981 0.00227379 0.05024202 0.69008691 0.00129492
 0.03946273 0.00160045 0.00419279 0.00118892]
[0.25003739 0.00327454 0.00462824 0.12226704 0.57699652 0.00136258
 0.03082171 0.00244386 0.00706783 0.00110028]
[0.26249399 0.00500675 0.00597289 0.17196122 0.49672226 0.00349793
 0.02798576 0.00684199 0.01759927 0.00191793]
[0.26124605 0.00745102 0.00973317 0.20549857 0.45494426 0.00508825
 0.02427247 0.00927958 0.02040135 0.00208528]
[0.25379637 0.0095993  0.01370471 0.23563875 0.41358131 0.00769825
 0.02784632 0.01298136 0.02272126 0.00243237]
[0.24722455 0.01409731 0.01748048 0.24838206 0.38035791 0.01295704
 0.03230744 0.01648676 0.02599861 0.00470784]
[0.236441   0.01627808 0.03157279 0.2531793  0.35761599 0.0162286
 0.03741597 0.01753329 0.02796282 0.00577216]
[0.21851098 0.02148016 0.04847115 0.25774734 0.32882911 0.02559076
 0.03940898 0.02369241 0.0280562  0.00821293]
[0.27350454 0.03101416 0.05337471 0.2219331  0.25939619 0.03408466
 0.04495782 0.03079074 0.03816622 0.01277786]
[0.27865861 0.04103628 0.06066506 0.20778058 0.23913961 0.04062237
 0.04077782 0.03578699 0.03880825 0.01672444]
[0.15813157 0.05443045 0.07450934 0.22981905 0.28990632 0.05199984
 0.04066084 0.05307557 0.02452889 0.02293812]
[0.13838205 0.05745209 0.07918591 0.21867833 0.29246943 0.05891906
 0.04297668 0.06298983 0.02358733 0.02535928]
[0.27095193 0.06747252 0.06029401 0.16329228 0.20370779 0.06271984
 0.041728   0.05498365 0.04599595 0.02885403]
[0.12853866 0.06960093 0.08048389 0.20614839 0.26975174 0.06729099
 0.0471956  0.07371048 0.02822128 0.02905805]
[0.26376498 0.073252   0.05886573 0.15174508 0.19139323 0.07212612
 0.04076687 0.06403129 0.05504725 0.02900744]
[0.12849083 0.07771343 0.08218856 0.18607549 0.24818109 0.07681767
 0.04605196 0.08611311 0.03465717 0.03371069]
[0.17273071 0.07643807 0.08031175 0.16901957 0.21704645 0.06690593
 0.05229637 0.08964972 0.03899044 0.03661099]
[0.09138975 0.08031231 0.09225774 0.18463327 0.24675723 0.07831248
 0.05144494 0.11085647 0.03252784 0.03150797]
[0.24179315 0.08570626 0.06705686 0.13434973 0.16230965 0.08431801
 0.04595186 0.08365169 0.06359513 0.03126766]
[0.21742931 0.09078603 0.07566364 0.13853633 0.16547213 0.0755813
 0.04667817 0.09458821 0.0637834  0.03148147]
[0.1102712  0.08815831 0.09624025 0.16270128 0.20809698 0.07762513
 0.05662236 0.12046604 0.04715914 0.03265931]
[0.1221493  0.08459744 0.0990158  0.16009312 0.19979922 0.07170461
 0.05577573 0.12449984 0.04855725 0.03380771]
[0.22188333 0.09978778 0.08080479 0.12591009 0.14729642 0.07796453
 0.0483978  0.09583304 0.06844727 0.03367494]
[0.09435567 0.09385473 0.10715611 0.16008267 0.19893579 0.07753516
 0.05833449 0.12900905 0.04605912 0.0346772 ]
[0.21888006 0.10616078 0.08190306 0.12092586 0.1385426  0.07520372
 0.05262856 0.09876543 0.07160586 0.03538408]
[0.14799893 0.09625582 0.1012273  0.13849325 0.15978319 0.07128462
 0.05789069 0.12324832 0.06698647 0.03683143]
[0.0902916  0.09778537 0.1145197  0.15564372 0.18854818 0.06975553
 0.06309605 0.1321608  0.0528536  0.03534545]
step 1.3
step 1.1
step 1.2
[1.08794191e-17 2.23978440e-13 3.68923743e-01 5.40776499e-12
 1.21184091e-08 1.69851856e-06 5.74232544e-01 3.18157196e-02
 3.85934174e-30 2.50262823e-02]
[6.13570912e-20 2.26049000e-13 5.79286628e-01 1.86444141e-04
 4.31904815e-03 2.47687262e-03 1.62296383e-01 2.49322590e-01
 4.47325712e-27 2.11203363e-03]
[3.04134645e-22 5.91640737e-09 4.39648943e-01 3.23152466e-03
 7.51786078e-03 9.52712417e-03 4.68301651e-02 4.91172267e-01
 7.14587477e-33 2.07210993e-03]
[2.83382834e-15 4.22488690e-05 3.00527808e-01 6.34348810e-03
 1.58916139e-02 1.19041350e-02 2.67817163e-02 6.36165540e-01
 1.58565274e-19 2.34344972e-03]
[9.21456043e-09 1.14349312e-03 2.35636768e-01 1.06300973e-02
 3.38857209e-02 1.79305922e-02 1.70182240e-02 6.81260779e-01
 3.69475554e-15 2.49431643e-03]
[9.54388805e-04 5.05417109e-03 1.99876031e-01 1.06996354e-02
 5.57090257e-02 2.11940598e-02 1.30434460e-02 6.91234745e-01
 1.73891022e-08 2.23447949e-03]
[9.56779302e-04 9.49530738e-03 1.79927646e-01 1.90330717e-02
 7.05584835e-02 1.83274763e-02 1.36982796e-02 6.84986523e-01
 4.20109583e-07 3.01601291e-03]
[9.39535156e-04 1.80088216e-02 1.66854058e-01 2.02798851e-02
 8.84350422e-02 2.19543083e-02 1.56895755e-02 6.65594222e-01
 4.32894831e-06 2.24022315e-03]
[9.31525953e-04 2.55942472e-02 1.56943036e-01 2.54928096e-02
 9.39547575e-02 2.74389415e-02 1.69023266e-02 6.50239875e-01
 2.32318713e-05 2.47924828e-03]
[1.08263161e-03 3.50950038e-02 1.48118896e-01 2.68053637e-02
 1.02802360e-01 3.57838847e-02 1.97706487e-02 6.26991722e-01
 8.64189828e-05 3.46307049e-03]
[1.07853821e-03 4.40007595e-02 1.41365646e-01 3.20780663e-02
 1.04098933e-01 4.15268127e-02 2.09399472e-02 6.11651850e-01
 1.68580945e-04 3.09086662e-03]
[1.61157642e-03 5.36852984e-02 1.48750067e-01 3.57698993e-02
 1.07339598e-01 4.69976769e-02 2.04385859e-02 5.81780557e-01
 3.96774558e-04 3.22996588e-03]
[0.00143015 0.06280821 0.14838247 0.03941438 0.11189586 0.05138005
 0.02321885 0.5575741  0.00093302 0.00296291]
[0.00106269 0.07049565 0.14867084 0.04174288 0.11633834 0.05411264
 0.02446177 0.53905342 0.00102251 0.00303926]
[0.00125448 0.07622404 0.15161686 0.04376993 0.12336026 0.05606128
 0.02576896 0.51750318 0.00096712 0.0034739 ]
[0.00317549 0.08214583 0.14887312 0.04872259 0.12563759 0.05558322
 0.02590676 0.50437108 0.00133751 0.0042468 ]
[0.00365528 0.08181503 0.1545169  0.05419209 0.12985116 0.05678313
 0.02749766 0.48600097 0.00107395 0.00461382]
[0.00601426 0.0806661  0.16077615 0.06014398 0.13430147 0.05741302
 0.02761627 0.46628172 0.00138454 0.00540248]
[0.00665609 0.08477315 0.16139329 0.06462518 0.13713552 0.05851333
 0.02739772 0.45192294 0.00203511 0.00554766]
[0.00871605 0.08833387 0.16410281 0.06658019 0.13692499 0.05797546
 0.02617761 0.44269896 0.00200531 0.00648474]
[0.01266924 0.08925108 0.16586604 0.06822169 0.14099806 0.05867511
 0.02533826 0.43045469 0.00195807 0.00656777]
[0.01579625 0.09037202 0.16579501 0.0729226  0.1401524  0.05601767
 0.02780667 0.42092479 0.00274575 0.00746684]
[0.01642729 0.08877902 0.16985354 0.07426457 0.14232271 0.05628205
 0.03027217 0.41259802 0.00280868 0.00639195]
[0.0169418  0.08685704 0.17516644 0.07667258 0.14480398 0.05547258
 0.03086541 0.40274695 0.00342413 0.00704909]
[0.01836236 0.08784623 0.17210526 0.08103383 0.14555794 0.05352774
 0.03589802 0.39514723 0.0031314  0.00738999]
[0.02302542 0.0886794  0.17174058 0.08368417 0.14772434 0.05444794
 0.03428426 0.38417015 0.00390408 0.00833966]
[0.02627752 0.0863203  0.17331467 0.08628487 0.14785839 0.05269746
 0.03827394 0.3760835  0.00415213 0.00873722]
[0.02743133 0.08765148 0.17326107 0.08815259 0.14484605 0.05494281
 0.03919072 0.37025387 0.00452527 0.00974481]
[0.02721494 0.08887175 0.17682075 0.09067944 0.14440416 0.05531352
 0.0401075  0.3607994  0.00538806 0.01040047]
[0.02797577 0.08999647 0.1771514  0.0912856  0.14470034 0.0544041
 0.04129629 0.35533472 0.00617187 0.01168342]
step 1.3
step 1.1
step 1.2
[5.18593869e-03 4.91653348e-21 7.17563417e-22 1.92261516e-10
 8.55582583e-31 5.67675054e-37 6.62626787e-12 9.73857093e-01
 1.54921400e-10 2.09569682e-02]
[6.06446394e-02 5.42533434e-20 3.25517172e-18 3.14538104e-09
 3.98658354e-21 1.43656039e-24 2.04216624e-03 6.39217005e-01
 1.08364965e-03 2.97012536e-01]
[2.15377059e-01 1.16362861e-17 4.60877958e-17 8.41118528e-07
 3.29360900e-21 4.10832878e-22 2.18644660e-02 3.57691040e-01
 3.19919827e-03 4.01867396e-01]
[2.77512509e-01 1.74368908e-16 5.29076629e-20 9.88867986e-04
 3.56458967e-20 3.55221716e-20 9.55938770e-02 2.35496760e-01
 1.35846801e-02 3.76823306e-01]
[3.10369444e-01 3.25278209e-16 1.89146437e-14 6.21702659e-03
 1.17039844e-22 7.72222539e-22 1.81065536e-01 1.77815849e-01
 2.26897265e-02 3.01842419e-01]
[3.23530025e-01 2.51618848e-08 5.21712127e-07 1.68476733e-02
 5.59734605e-13 1.55156979e-09 2.47522902e-01 1.45421779e-01
 3.07362988e-02 2.35940773e-01]
[3.30423422e-01 1.12400992e-04 1.01096150e-03 1.96468665e-02
 6.67690577e-08 1.01725218e-03 2.90879652e-01 1.32800248e-01
 3.98635532e-02 1.84245577e-01]
[3.33047093e-01 1.07425258e-03 9.04440763e-04 2.16131606e-02
 2.62712703e-06 1.29740127e-03 3.02119203e-01 1.27257290e-01
 5.29707172e-02 1.59713814e-01]
[3.30186648e-01 1.27917829e-03 9.80996817e-04 2.42344980e-02
 1.96778711e-05 1.50349209e-03 3.07648331e-01 1.25281846e-01
 6.35107001e-02 1.45354632e-01]
[3.20481892e-01 3.14545042e-03 9.69545296e-04 2.89804121e-02
 7.18011828e-05 2.19579615e-03 3.14085352e-01 1.21853207e-01
 7.14115864e-02 1.36804957e-01]
[3.05621639e-01 4.89980893e-03 9.15792101e-04 3.46294415e-02
 1.59495860e-04 3.10698514e-03 3.12906977e-01 1.16412195e-01
 7.88809483e-02 1.42466718e-01]
[0.2958429  0.00521365 0.00086596 0.03967516 0.00033926 0.00427466
 0.31036419 0.1163015  0.08137993 0.14574278]
[0.28786937 0.00648352 0.00092284 0.04180533 0.00100613 0.00629345
 0.30777049 0.1163977  0.0887307  0.14272047]
[0.27564674 0.00639791 0.00102082 0.045843   0.00109372 0.00663979
 0.30224536 0.12357456 0.09409432 0.14344378]
[0.27193782 0.0067493  0.00107724 0.04679113 0.00120367 0.00909471
 0.29686205 0.12750093 0.0941265  0.14465665]
[0.26748846 0.00821407 0.00101242 0.04607605 0.00215122 0.01319543
 0.29461424 0.12605313 0.09792117 0.1432738 ]
[0.26473777 0.00832562 0.00123583 0.04752688 0.00421061 0.01517895
 0.28604831 0.12897424 0.10230651 0.14145528]
[0.26455005 0.00855617 0.00148894 0.04889366 0.00787481 0.01476855
 0.28106923 0.12658651 0.10587859 0.14033348]
[0.25602298 0.01251058 0.00121981 0.0485299  0.01223383 0.01633304
 0.28080896 0.12360148 0.10852989 0.14020952]
[0.25234665 0.01461064 0.00165953 0.04979199 0.01567942 0.01741236
 0.27638677 0.12341249 0.10935332 0.13934683]
[0.24719185 0.01693207 0.0020203  0.050103   0.01891154 0.01765602
 0.2701163  0.12622483 0.11168796 0.13915612]
[0.24239868 0.01764931 0.00208281 0.04992408 0.02617096 0.01992662
 0.26734453 0.1239741  0.11310802 0.1374209 ]
[0.23773177 0.02093124 0.0024445  0.05103054 0.0301741  0.02080078
 0.26422706 0.1247407  0.11388505 0.13403426]
[0.23219326 0.02322192 0.0041385  0.04970073 0.03536252 0.02214008
 0.26326838 0.12184978 0.11502826 0.13309657]
[0.23141791 0.02335919 0.00440903 0.05053213 0.03721615 0.02287819
 0.25824049 0.12183266 0.11572653 0.13438771]
[0.22462762 0.02530551 0.00624061 0.0499139  0.03956382 0.02339145
 0.25360622 0.12078435 0.11580422 0.14076228]
[0.22320236 0.02700057 0.01033791 0.04965966 0.03812015 0.02434535
 0.25192264 0.12350153 0.11432554 0.13758428]
[0.21712556 0.02855339 0.01145563 0.04967526 0.03848952 0.02466383
 0.25026883 0.12533123 0.11737637 0.13706037]
[0.21233674 0.02915312 0.01254699 0.05039852 0.03847523 0.02554413
 0.24516936 0.12658456 0.11691996 0.14287141]
[0.20808736 0.03132201 0.01387951 0.05126405 0.03865563 0.02717035
 0.24053413 0.12600805 0.11704731 0.14603159]
step 1.3
step 1.1
step 1.2
[3.05900576e-28 3.79962237e-04 2.04085040e-25 4.56330664e-19
 9.88239862e-15 3.53518326e-02 7.80417679e-03 9.06432119e-13
 6.20373927e-06 9.56457825e-01]
[3.07683278e-24 1.26449765e-03 1.61020678e-21 3.17263456e-16
 1.51792201e-11 1.14349931e-02 3.91767690e-03 7.23455897e-11
 1.00944244e-03 9.82373390e-01]
[1.67811327e-19 2.08249391e-03 6.42499699e-15 1.30869419e-11
 2.26561791e-06 5.61379297e-03 3.20227342e-03 2.93554399e-06
 1.07628063e-03 9.88019958e-01]
[6.08703000e-14 4.27338314e-03 2.11467558e-10 8.57851489e-06
 1.02845909e-03 8.36713136e-03 5.50819817e-03 8.65968277e-04
 1.06098072e-03 9.78887301e-01]
[3.23635041e-09 6.15572570e-03 1.78429081e-08 1.06163816e-03
 2.18401443e-03 1.22401332e-02 9.38348877e-03 1.06039633e-03
 3.01056872e-03 9.64904014e-01]
[6.08302515e-05 7.77596219e-03 2.02629584e-06 4.20557417e-03
 3.11210082e-03 1.78055248e-02 1.36896938e-02 1.03781690e-03
 4.19055325e-03 9.48119917e-01]
[1.03646968e-03 1.17881549e-02 1.29765665e-05 7.58172854e-03
 4.74605766e-03 1.59231407e-02 2.90348128e-02 1.18322989e-03
 4.71853015e-03 9.23974899e-01]
[8.61724114e-04 1.41302359e-02 1.03768823e-03 9.25724725e-03
 1.14101158e-02 1.61039736e-02 4.70445120e-02 1.04674038e-03
 4.46098065e-03 8.94646782e-01]
[0.00093464 0.02811049 0.00114529 0.0133784  0.01665488 0.01682001
 0.05230041 0.0012137  0.00521022 0.86423194]
[0.00138245 0.03849387 0.00101998 0.01979398 0.02159776 0.01881192
 0.05971856 0.00102174 0.00626062 0.83189911]
[0.0011915  0.04959047 0.00097871 0.02499375 0.03332476 0.01842012
 0.0685266  0.00096484 0.00819242 0.79381683]
[0.00142185 0.06724015 0.00137189 0.03112133 0.03643848 0.01455765
 0.07197422 0.00132384 0.00960228 0.76494832]
[0.00183534 0.0857251  0.00110972 0.03332436 0.0381392  0.0156189
 0.07529459 0.00096591 0.01029952 0.73768737]
[0.00176803 0.09888524 0.00106983 0.04579611 0.04173239 0.0171384
 0.07651613 0.00109772 0.01137091 0.70462525]
[0.00190932 0.10915349 0.00118334 0.05489138 0.04521385 0.01711958
 0.08542131 0.00119241 0.01569912 0.6682162 ]
[0.00241677 0.12239167 0.00131409 0.06464417 0.04721035 0.01745146
 0.08836033 0.00138716 0.02141742 0.63340659]
[0.00225802 0.1340289  0.00111789 0.06696489 0.04781799 0.01769406
 0.08990208 0.00200245 0.02499739 0.61321633]
[0.00303405 0.14505968 0.00103642 0.07173735 0.04810655 0.02199211
 0.09063026 0.00250945 0.02536999 0.59052414]
[0.00374013 0.15410891 0.00121348 0.07857653 0.05028394 0.02146577
 0.08882078 0.00275787 0.03004134 0.56899126]
[0.00399057 0.15883211 0.00107782 0.08318001 0.04963605 0.02306638
 0.08831645 0.00348652 0.03555709 0.552857  ]
[0.00395817 0.16943632 0.00132367 0.09422779 0.05037676 0.02449498
 0.08109277 0.00320801 0.0410849  0.53079662]
[0.00445424 0.17253705 0.00137817 0.09885051 0.05151746 0.02910199
 0.07899361 0.00371972 0.04354084 0.51590639]
[0.00522333 0.1770844  0.00142782 0.10516122 0.05074202 0.03005805
 0.07948865 0.00340647 0.04773032 0.49967772]
[0.00558681 0.18242783 0.00194488 0.11187959 0.05283561 0.03026649
 0.07766582 0.00408017 0.04946715 0.48384564]
[0.00581505 0.18631092 0.00214069 0.11517536 0.05343174 0.03171696
 0.07765908 0.00426841 0.05071468 0.47276711]
[0.00545569 0.18586176 0.00224939 0.12302361 0.05395764 0.03380259
 0.07761614 0.00429767 0.05217383 0.46156168]
[0.00604181 0.18798563 0.00310073 0.1263658  0.05537968 0.0347623
 0.0754886  0.00612288 0.05326173 0.45149083]
[0.00629546 0.18869833 0.00292809 0.12882587 0.05490637 0.03564177
 0.07818532 0.00720557 0.05738508 0.43992814]
[0.00635431 0.1874578  0.0033204  0.13033347 0.05467575 0.03603823
 0.07938711 0.0071816  0.06067715 0.43457418]
[0.00610296 0.1877204  0.00318193 0.13678589 0.05543079 0.03692132
 0.0791684  0.00778667 0.06411039 0.42279125]
step 1.3
step 1.1
step 1.2
[4.35275153e-07 1.79184410e-25 2.30024722e-04 1.23804124e-06
 1.00017528e-04 4.33010991e-03 2.40362461e-05 8.97126472e-15
 9.95314138e-01 9.06543829e-18]
[7.64627369e-05 2.19232518e-35 1.58574957e-03 2.13079502e-04
 5.70679863e-04 3.49776823e-02 1.59472866e-02 8.49917493e-15
 9.46629059e-01 1.83659671e-18]
[9.56091645e-04 1.64199919e-22 2.03799253e-03 1.10173762e-03
 1.06260942e-03 5.92963770e-02 2.39560198e-01 8.10457054e-11
 6.95984994e-01 1.00062491e-14]
[1.29144433e-03 8.76572355e-13 2.37052685e-03 1.26128158e-03
 1.06563329e-03 6.96993973e-02 3.82871139e-01 1.02590111e-03
 5.40413868e-01 8.08531666e-07]
[2.20707907e-03 1.11742569e-03 2.75765998e-03 2.15583792e-03
 1.11988932e-03 8.39219884e-02 4.74697274e-01 1.51609528e-03
 4.30499538e-01 7.21271422e-06]
[5.37648479e-03 2.16733900e-03 7.44331231e-03 6.88935550e-03
 1.12057852e-03 8.69610809e-02 5.17701309e-01 2.09522380e-03
 3.70119168e-01 1.26148155e-04]
[0.00743963 0.00404906 0.01027294 0.02246307 0.00105729 0.10146119
 0.52179925 0.00142025 0.32926781 0.00076951]
[0.01170337 0.00641192 0.01165041 0.03202571 0.00119896 0.10442027
 0.52599703 0.00162986 0.30381818 0.00114428]
[0.02480267 0.01207912 0.0119564  0.04311725 0.00207805 0.10700406
 0.52060256 0.00254501 0.2745755  0.00123937]
[0.03750441 0.01622245 0.01389295 0.04925479 0.0021507  0.11182625
 0.5094775  0.00421025 0.25444484 0.00101586]
[0.0405851  0.02039658 0.01435412 0.05579088 0.00230181 0.11665248
 0.48917771 0.0046931  0.25504334 0.00100489]
[0.04800194 0.02164452 0.01591032 0.06582826 0.00237834 0.12035666
 0.47013166 0.00575012 0.24913462 0.00086355]
[0.04933917 0.02186862 0.01634481 0.07713749 0.00325626 0.12161627
 0.45331434 0.0068878  0.24880348 0.00143176]
[0.05048428 0.02246882 0.01670706 0.08625487 0.00306399 0.12567183
 0.43262572 0.00855495 0.25305823 0.00111025]
[0.05612629 0.02255253 0.01729021 0.0973091  0.00311775 0.12810552
 0.4154651  0.01020202 0.24872988 0.00110161]
[0.06131337 0.02305002 0.01707501 0.1053458  0.00359582 0.12895984
 0.40363996 0.01160867 0.24441689 0.00099463]
[0.05934824 0.02543827 0.01840168 0.1153612  0.00330368 0.13196676
 0.39186862 0.0118916  0.24157668 0.00084327]
[0.05793154 0.02796094 0.01918983 0.12229525 0.00314522 0.13443549
 0.37797403 0.01256693 0.24280718 0.00169358]
[0.05758474 0.02880319 0.02023672 0.12367425 0.00404578 0.13812592
 0.36958703 0.01533896 0.24133159 0.0012718 ]
[0.05704676 0.03224406 0.02172827 0.12674935 0.00436025 0.14509965
 0.35378988 0.01665267 0.24126868 0.00106045]
[0.05861641 0.03247529 0.02877504 0.12884929 0.00461679 0.14337264
 0.34638318 0.01776077 0.23745178 0.00169881]
[0.05934601 0.0334686  0.03074753 0.13325124 0.00468284 0.14264011
 0.33759102 0.01934186 0.23682814 0.00210263]
[0.05968229 0.03465774 0.03233633 0.13839701 0.00521052 0.14296071
 0.32790528 0.02145197 0.2349481  0.00245005]
[0.05941237 0.03620755 0.03408789 0.14132666 0.00520057 0.1426779
 0.31763136 0.02284685 0.23831598 0.00229286]
[0.06112207 0.03658805 0.034804   0.14668002 0.00549935 0.14180177
 0.31171465 0.02448524 0.23468808 0.00261676]
[0.06186807 0.0372537  0.03728333 0.14791166 0.00624558 0.14072334
 0.30544506 0.02650142 0.23392399 0.00284385]
[0.06358638 0.03769929 0.04078209 0.14816108 0.00632193 0.13818663
 0.2986824  0.03097145 0.2324739  0.00313486]
[0.06254998 0.03877989 0.04269868 0.15160623 0.00654425 0.13814473
 0.29311504 0.03660684 0.22629044 0.00366393]
[0.06356035 0.03980093 0.04272541 0.1551378  0.00665344 0.13822328
 0.28600188 0.0421113  0.22192129 0.00386432]
[0.06532176 0.03928594 0.04294591 0.15859012 0.00745559 0.13728537
 0.28045042 0.04839097 0.21688664 0.00338728]
step 1.3
step 1.1
step 1.2
[1.01992849e-03 2.88541055e-16 3.32091407e-02 1.03005533e-19
 4.61921356e-03 3.00178741e-01 6.60960232e-01 4.05675381e-07
 1.23384351e-05 1.53347774e-19]
[3.43556766e-03 2.96892310e-20 2.51551391e-02 5.39972319e-16
 3.40103740e-01 1.23826686e-01 3.31341871e-01 5.28427794e-05
 1.76084153e-01 6.83297558e-17]
[8.13030160e-03 2.10880077e-15 3.18287693e-02 1.30417057e-16
 2.19197080e-01 8.63868230e-02 2.54964273e-01 1.06081430e-03
 3.98431939e-01 7.16962117e-16]
[1.42940564e-02 6.10414785e-12 2.83383957e-02 1.77248742e-12
 1.86038456e-01 7.14500251e-02 2.33077774e-01 2.11306480e-03
 4.64688228e-01 7.15580969e-12]
[1.98108864e-02 4.87087733e-08 2.41851107e-02 1.83985909e-08
 1.89961507e-01 6.41096936e-02 2.22498092e-01 4.22031258e-03
 4.75214278e-01 5.30150827e-08]
[2.20029376e-02 2.67429213e-05 2.64307629e-02 1.21959772e-05
 1.91088760e-01 6.31505830e-02 2.12911321e-01 4.88085150e-03
 4.79466818e-01 2.90273687e-05]
[2.03021889e-02 4.12966087e-04 2.84950773e-02 2.11306785e-04
 2.07181568e-01 6.52217453e-02 2.03633149e-01 4.86140277e-03
 4.69243383e-01 4.37213052e-04]
[2.13816318e-02 6.78870403e-04 3.13498152e-02 3.71875671e-04
 2.14518132e-01 7.04246481e-02 1.97117701e-01 5.16846334e-03
 4.57969297e-01 1.01956465e-03]
[2.27652733e-02 6.66213991e-04 3.08010972e-02 4.12602964e-04
 2.23911074e-01 7.26775844e-02 1.96464622e-01 5.60237111e-03
 4.45619674e-01 1.07948640e-03]
[0.02305543 0.00123763 0.03065763 0.00085394 0.2351569  0.07334832
 0.19691101 0.00566753 0.43199809 0.00111352]
[0.02225224 0.00207509 0.0355723  0.00107682 0.23665531 0.07461957
 0.19860395 0.00567201 0.42239995 0.00107277]
[0.02198702 0.00210966 0.03516762 0.00105441 0.24860261 0.07759372
 0.20193046 0.00561019 0.40483523 0.00110909]
[0.0221739  0.00311176 0.03707647 0.00104276 0.24773557 0.08296457
 0.20410726 0.00592695 0.39478326 0.00107748]
[0.02195449 0.00516252 0.03790465 0.00105093 0.25309403 0.08537856
 0.20071641 0.00579958 0.38786514 0.00107367]
[0.02314315 0.00628227 0.03886788 0.00105014 0.26216205 0.08748191
 0.19974653 0.00628928 0.37391469 0.00106211]
[0.02442032 0.00802503 0.04000972 0.00108504 0.26742438 0.09679852
 0.1945958  0.00630441 0.36023756 0.00109921]
[0.02451035 0.0095111  0.04081655 0.00111323 0.27145081 0.10011622
 0.19237102 0.00640926 0.35256492 0.00113654]
[0.02524163 0.00949318 0.04228544 0.00106333 0.2777916  0.10878413
 0.19145847 0.00662103 0.33617635 0.00108483]
[0.02492544 0.01187553 0.04208695 0.00105697 0.28419844 0.11154046
 0.18898886 0.00778017 0.32649834 0.00104884]
[0.02471229 0.01369845 0.04241782 0.00104425 0.2920823  0.11041005
 0.19042699 0.0081269  0.31604553 0.00103543]
[0.02355992 0.01576139 0.0448186  0.00109156 0.30118757 0.11698089
 0.18219433 0.00916294 0.30413988 0.00110293]
[0.02077153 0.01887644 0.04639951 0.00109476 0.30029843 0.11797543
 0.18460731 0.01171616 0.29713205 0.00112838]
[0.02118039 0.02200218 0.04748812 0.00106956 0.30884204 0.11701382
 0.17955166 0.01264936 0.28909311 0.00110975]
[0.02084114 0.02418706 0.04835047 0.00110811 0.31048689 0.12379944
 0.17712585 0.01250919 0.2801093  0.00148255]
[0.02092956 0.02627271 0.04821815 0.00112197 0.31682902 0.12633567
 0.17441886 0.01293527 0.27081346 0.00212532]
[0.02030501 0.0270959  0.04799101 0.00124149 0.32124598 0.12847853
 0.17197214 0.01354505 0.2650061  0.0031188 ]
[0.02029239 0.02796463 0.04940633 0.00141521 0.32638895 0.1283483
 0.17037545 0.01406818 0.25742784 0.00431271]
[0.02033025 0.02789568 0.05305055 0.00158793 0.3272256  0.12783257
 0.17303385 0.01405847 0.24918673 0.00579837]
[0.0200103  0.02893016 0.05271379 0.00216448 0.32867924 0.13040264
 0.17107795 0.01463585 0.24461507 0.00677051]
[0.01903726 0.02840579 0.05330969 0.00234908 0.33205312 0.13088969
 0.17015824 0.01495074 0.24037027 0.00847612]
step 1.3
step 1.1
step 1.2
[8.85167044e-03 3.54338074e-27 1.55268419e-15 1.02967255e-03
 9.31933313e-02 7.63600035e-24 4.80253831e-01 1.65151388e-07
 4.16671330e-01 5.77011025e-34]
[3.12307356e-02 6.40799846e-30 4.46529028e-17 2.05293714e-03
 1.40494431e-01 2.74955678e-24 1.91666012e-01 2.05797105e-03
 6.32497913e-01 3.48845217e-39]
[3.12522148e-02 2.23559210e-19 8.57181984e-14 4.17084322e-03
 2.30206485e-01 1.38881033e-13 8.44664867e-02 1.56477748e-02
 6.34256195e-01 5.26855594e-24]
[2.38034256e-02 1.31015139e-08 1.46995495e-09 6.22245229e-03
 4.32552877e-01 3.07552903e-03 5.20933090e-02 1.66289593e-02
 4.65623421e-01 1.19677595e-08]
[2.91557394e-02 8.01651971e-04 2.09300306e-05 8.26866071e-03
 5.77443148e-01 7.27635140e-03 4.48511380e-02 3.01175898e-02
 2.99972705e-01 2.09208555e-03]
[0.03246171 0.00100994 0.00100088 0.01691471 0.63910146 0.00995167
 0.0419514  0.03852484 0.21391112 0.00517227]
[0.04675903 0.00211856 0.00111352 0.01884756 0.65063429 0.01132482
 0.04175216 0.04573179 0.17550279 0.00621548]
[0.05243754 0.00193988 0.00214648 0.02505816 0.62280163 0.01263706
 0.04120644 0.06101248 0.17346748 0.00729285]
[0.06107977 0.00277149 0.00313947 0.03189396 0.60176432 0.01473222
 0.04300836 0.06610791 0.16406922 0.01143327]
[0.06756959 0.00343181 0.00336069 0.03633535 0.58147277 0.0156558
 0.04746259 0.0744083  0.15543179 0.01487132]
[0.07053367 0.00417543 0.00626462 0.0366515  0.56676502 0.01555874
 0.05612798 0.0771613  0.1489387  0.01782304]
[0.07155682 0.00791676 0.00837212 0.04367651 0.54320538 0.01750128
 0.05999606 0.08185355 0.14683936 0.01908216]
[0.07538814 0.00849448 0.00951347 0.04758601 0.52688946 0.01647233
 0.06285656 0.08708429 0.14571666 0.01999861]
[0.07439819 0.0125263  0.01037499 0.05616104 0.50518928 0.01774077
 0.06840879 0.09096748 0.14215187 0.02208128]
[0.07401858 0.01348445 0.01244093 0.05622831 0.49271655 0.01763242
 0.07480788 0.09190639 0.14268104 0.02408345]
[0.08098676 0.01952691 0.01389938 0.05718867 0.46612911 0.01883322
 0.08092804 0.09241766 0.1446086  0.02548165]
[0.08412793 0.02306584 0.01560997 0.06183864 0.45151342 0.01788596
 0.08192441 0.09231747 0.1466155  0.02510086]
[0.08203194 0.03150393 0.01548621 0.06211692 0.4332747  0.01862171
 0.08386961 0.09582862 0.14775085 0.02951553]
[0.08080874 0.03766328 0.01791437 0.06483719 0.41310884 0.01819377
 0.0867717  0.09825516 0.15314525 0.02930168]
[0.08017447 0.04879851 0.01778217 0.06589759 0.39219652 0.01832218
 0.09641492 0.09698715 0.15221071 0.03121578]
[0.0797634  0.05830546 0.01836785 0.06537556 0.37653036 0.01931121
 0.10703601 0.09269907 0.14966848 0.03294262]
[0.0788272  0.06587705 0.01972145 0.06557443 0.36398772 0.01985905
 0.11278577 0.09329955 0.14647499 0.03359279]
[0.07848199 0.07410546 0.02084797 0.06882953 0.34718751 0.01842894
 0.11830474 0.09523173 0.14515722 0.0334249 ]
[0.07773587 0.08439098 0.02155276 0.06871279 0.32937259 0.02036185
 0.12553843 0.09486008 0.14309378 0.03438087]
[0.07609381 0.09315236 0.02312941 0.07071382 0.31503887 0.01963683
 0.1295136  0.09615525 0.14101962 0.03554642]
[0.07591696 0.10108029 0.02374859 0.07148877 0.29764391 0.01986113
 0.13477746 0.0963662  0.1417651  0.03735158]
[0.07591116 0.10773449 0.02372183 0.07407175 0.2808017  0.01990898
 0.13971052 0.0994958  0.13666909 0.04197468]
[0.07556575 0.11449221 0.02481752 0.07572866 0.27283995 0.01985449
 0.1376507  0.100772   0.1322441  0.04603461]
[0.0750506  0.11505305 0.02588608 0.07635706 0.26623544 0.02231165
 0.14026592 0.1019551  0.13186961 0.04501549]
[0.07504574 0.11768107 0.02639722 0.07714363 0.25937679 0.02277478
 0.14134753 0.10227028 0.13009079 0.04787216]
step 1.3
bc shape torch.Size([10, 10, 512])
step 2
step 2.1
step 2.2
get_images call
per-class-batchnorm:  True
per-class-batchnorm:  True
per-class-batchnorm:  True
per-class-batchnorm:  True
per-class-batchnorm:  True
per-class-batchnorm:  True
per-class-batchnorm:  True
per-class-batchnorm:  True
per-class-batchnorm:  True
per-class-batchnorm:  True
per-class-batchnorm:  True
per-class-batchnorm:  True
per-class-batchnorm:  True
per-class-batchnorm:  True
per-class-batchnorm:  True
per-class-batchnorm:  True
per-class-batchnorm:  True
per-class-batchnorm:  True
per-class-batchnorm:  True
per-class-batchnorm:  True
------------iteration 0----------
total loss 781.8784884120457
main criterion 78.72956263079571
weighted_aux_loss 703.14892578125
loss_r_bn_feature 2343.82958984375
------------iteration 100----------
total loss 180.51015661872376
main criterion 32.729532229075325
weighted_aux_loss 147.78062438964844
loss_r_bn_feature 492.60205078125
------------iteration 200----------
total loss 129.8499279239979
main criterion 29.66495325358775
weighted_aux_loss 100.18497467041016
loss_r_bn_feature 333.94989013671875
------------iteration 300----------
total loss 146.9921944867485
main criterion 31.057875944268037
weighted_aux_loss 115.93431854248047
loss_r_bn_feature 386.4477233886719
------------iteration 400----------
total loss 149.97632518499105
main criterion 42.02770915715902
weighted_aux_loss 107.94861602783203
loss_r_bn_feature 359.8287048339844
------------iteration 500----------
total loss 166.67795693614903
main criterion 38.98686349132482
weighted_aux_loss 127.69109344482422
loss_r_bn_feature 425.636962890625
------------iteration 600----------
total loss 114.6506208283001
main criterion 27.6922468048626
weighted_aux_loss 86.9583740234375
loss_r_bn_feature 289.8612365722656
------------iteration 700----------
total loss 221.07201363482577
main criterion 51.50606514849765
weighted_aux_loss 169.56594848632812
loss_r_bn_feature 565.2197875976562
------------iteration 800----------
total loss 98.2821777653075
main criterion 22.934826691088738
weighted_aux_loss 75.34735107421875
loss_r_bn_feature 251.1578369140625
------------iteration 900----------
total loss 155.95917318732995
main criterion 33.55708883674403
weighted_aux_loss 122.40208435058594
loss_r_bn_feature 408.0069274902344
------------iteration 1000----------
total loss 98.32891249568222
main criterion 26.49044203669784
weighted_aux_loss 71.83847045898438
loss_r_bn_feature 239.4615478515625
------------iteration 1100----------
total loss 98.38714266826494
main criterion 27.8114972214876
weighted_aux_loss 70.57564544677734
loss_r_bn_feature 235.25213623046875
------------iteration 1200----------
total loss 90.99269541658964
main criterion 27.939278210779086
weighted_aux_loss 63.05341720581055
loss_r_bn_feature 210.1780548095703
------------iteration 1300----------
total loss 60.619490715389375
main criterion 19.384127708797575
weighted_aux_loss 41.2353630065918
loss_r_bn_feature 137.45120239257812
------------iteration 1400----------
total loss 137.8980594648851
main criterion 35.28574714799058
weighted_aux_loss 102.61231231689453
loss_r_bn_feature 342.041015625
------------iteration 1500----------
total loss 54.161621789741865
main criterion 19.70312951068913
weighted_aux_loss 34.458492279052734
loss_r_bn_feature 114.86164093017578
------------iteration 1600----------
total loss 48.85318664842191
main criterion 17.856274645858434
weighted_aux_loss 30.996912002563477
loss_r_bn_feature 103.32303619384766
------------iteration 1700----------
total loss 48.213918178310266
main criterion 17.137036769618863
weighted_aux_loss 31.076881408691406
loss_r_bn_feature 103.589599609375
------------iteration 1800----------
total loss 109.93742380926795
main criterion 31.38923655340858
weighted_aux_loss 78.54818725585938
loss_r_bn_feature 261.8272705078125
------------iteration 1900----------
total loss 42.48293971835811
main criterion 18.01806545077999
weighted_aux_loss 24.464874267578125
loss_r_bn_feature 81.54957580566406
=> using pytorch pre-trained model 'resnet18'
process data from ../recover/syn_data/imagenette/276
  0%|          | 0/300 [00:00<?, ?it/s]  0%|          | 1/300 [00:01<09:29,  1.90s/it]  1%|          | 2/300 [00:02<05:41,  1.14s/it]  1%|          | 3/300 [00:03<04:28,  1.11it/s]  1%|▏         | 4/300 [00:03<03:53,  1.27it/s]  2%|▏         | 5/300 [00:04<03:34,  1.37it/s]  2%|▏         | 6/300 [00:05<03:24,  1.44it/s]  2%|▏         | 7/300 [00:05<03:17,  1.49it/s]  3%|▎         | 8/300 [00:06<03:11,  1.53it/s]  3%|▎         | 9/300 [00:06<03:06,  1.56it/s]  3%|▎         | 10/300 [00:07<03:04,  1.57it/s]  4%|▎         | 11/300 [00:08<03:01,  1.59it/s]  4%|▍         | 12/300 [00:08<03:00,  1.59it/s]  4%|▍         | 13/300 [00:09<03:00,  1.59it/s]  5%|▍         | 14/300 [00:09<02:58,  1.60it/s]  5%|▌         | 15/300 [00:10<02:57,  1.61it/s]  5%|▌         | 16/300 [00:11<02:56,  1.60it/s]  6%|▌         | 17/300 [00:11<02:55,  1.61it/s]  6%|▌         | 18/300 [00:12<02:55,  1.61it/s]  6%|▋         | 19/300 [00:13<02:54,  1.61it/s]  7%|▋         | 20/300 [00:13<02:54,  1.60it/s]  7%|▋         | 21/300 [00:14<02:53,  1.61it/s]  7%|▋         | 22/300 [00:14<02:53,  1.60it/s]  8%|▊         | 23/300 [00:15<02:53,  1.60it/s]  8%|▊         | 24/300 [00:16<02:53,  1.59it/s]  8%|▊         | 25/300 [00:16<02:52,  1.60it/s]  9%|▊         | 26/300 [00:17<02:50,  1.60it/s]  9%|▉         | 27/300 [00:18<02:51,  1.59it/s]  9%|▉         | 28/300 [00:18<02:49,  1.60it/s] 10%|▉         | 29/300 [00:19<02:49,  1.60it/s] 10%|█         | 30/300 [00:19<02:48,  1.60it/s] 10%|█         | 31/300 [00:20<02:47,  1.60it/s] 11%|█         | 32/300 [00:21<02:46,  1.61it/s] 11%|█         | 33/300 [00:21<02:45,  1.61it/s] 11%|█▏        | 34/300 [00:22<02:45,  1.61it/s] 12%|█▏        | 35/300 [00:23<02:44,  1.61it/s] 12%|█▏        | 36/300 [00:23<02:43,  1.61it/s] 12%|█▏        | 37/300 [00:24<02:41,  1.63it/s] 13%|█▎        | 38/300 [00:24<02:39,  1.64it/s] 13%|█▎        | 39/300 [00:25<02:39,  1.64it/s] 13%|█▎        | 40/300 [00:26<02:40,  1.62it/s] 14%|█▎        | 41/300 [00:26<02:39,  1.62it/s] 14%|█▍        | 42/300 [00:27<02:38,  1.62it/s] 14%|█▍        | 43/300 [00:27<02:37,  1.63it/s] 15%|█▍        | 44/300 [00:28<02:37,  1.63it/s] 15%|█▌        | 45/300 [00:29<02:35,  1.64it/s] 15%|█▌        | 46/300 [00:29<02:34,  1.64it/s] 16%|█▌        | 47/300 [00:30<02:34,  1.64it/s] 16%|█▌        | 48/300 [00:30<02:32,  1.65it/s] 16%|█▋        | 49/300 [00:31<02:33,  1.64it/s] 17%|█▋        | 50/300 [00:32<02:32,  1.64it/s] 17%|█▋        | 51/300 [00:32<02:31,  1.64it/s] 17%|█▋        | 52/300 [00:33<02:30,  1.64it/s] 18%|█▊        | 53/300 [00:34<02:30,  1.64it/s] 18%|█▊        | 54/300 [00:34<02:29,  1.65it/s] 18%|█▊        | 55/300 [00:35<02:28,  1.65it/s] 19%|█▊        | 56/300 [00:35<02:27,  1.66it/s] 19%|█▉        | 57/300 [00:36<02:27,  1.65it/s] 19%|█▉        | 58/300 [00:37<02:26,  1.66it/s] 20%|█▉        | 59/300 [00:37<02:26,  1.65it/s] 20%|██        | 60/300 [00:38<02:26,  1.64it/s] 20%|██        | 61/300 [00:38<02:25,  1.64it/s] 21%|██        | 62/300 [00:39<02:25,  1.64it/s] 21%|██        | 63/300 [00:40<02:25,  1.63it/s] 21%|██▏       | 64/300 [00:40<02:24,  1.63it/s] 22%|██▏       | 65/300 [00:41<02:24,  1.63it/s] 22%|██▏       | 66/300 [00:41<02:23,  1.63it/s] 22%|██▏       | 67/300 [00:42<02:22,  1.63it/s] 23%|██▎       | 68/300 [00:43<02:22,  1.63it/s] 23%|██▎       | 69/300 [00:43<02:20,  1.64it/s] 23%|██▎       | 70/300 [00:44<02:19,  1.65it/s] 24%|██▎       | 71/300 [00:44<02:19,  1.64it/s] 24%|██▍       | 72/300 [00:45<02:18,  1.64it/s] 24%|██▍       | 73/300 [00:46<02:17,  1.65it/s] 25%|██▍       | 74/300 [00:46<02:17,  1.64it/s] 25%|██▌       | 75/300 [00:47<02:16,  1.65it/s] 25%|██▌       | 76/300 [00:48<02:16,  1.65it/s] 26%|██▌       | 77/300 [00:48<02:15,  1.65it/s] 26%|██▌       | 78/300 [00:49<02:14,  1.65it/s] 26%|██▋       | 79/300 [00:49<02:14,  1.64it/s] 27%|██▋       | 80/300 [00:50<02:14,  1.64it/s] 27%|██▋       | 81/300 [00:51<02:13,  1.64it/s] 27%|██▋       | 82/300 [00:51<02:12,  1.65it/s] 28%|██▊       | 83/300 [00:52<02:11,  1.64it/s] 28%|██▊       | 84/300 [00:52<02:11,  1.64it/s] 28%|██▊       | 85/300 [00:53<02:10,  1.65it/s] 29%|██▊       | 86/300 [00:54<02:10,  1.64it/s] 29%|██▉       | 87/300 [00:54<02:11,  1.62it/s] 29%|██▉       | 88/300 [00:55<02:10,  1.62it/s] 30%|██▉       | 89/300 [00:55<02:10,  1.62it/s] 30%|███       | 90/300 [00:56<02:08,  1.63it/s] 30%|███       | 91/300 [00:57<02:09,  1.61it/s] 31%|███       | 92/300 [00:57<02:10,  1.60it/s] 31%|███       | 93/300 [00:58<02:09,  1.60it/s] 31%|███▏      | 94/300 [00:59<02:09,  1.60it/s] 32%|███▏      | 95/300 [00:59<02:08,  1.59it/s] 32%|███▏      | 96/300 [01:00<02:08,  1.59it/s] 32%|███▏      | 97/300 [01:01<02:07,  1.59it/s] 33%|███▎      | 98/300 [01:01<02:07,  1.59it/s] 33%|███▎      | 99/300 [01:02<02:06,  1.59it/s] 33%|███▎      | 100/300 [01:02<02:05,  1.60it/s] 34%|███▎      | 101/300 [01:03<02:04,  1.59it/s] 34%|███▍      | 102/300 [01:04<02:03,  1.60it/s] 34%|███▍      | 103/300 [01:04<02:04,  1.58it/s] 35%|███▍      | 104/300 [01:05<02:03,  1.59it/s] 35%|███▌      | 105/300 [01:06<02:02,  1.59it/s] 35%|███▌      | 106/300 [01:06<02:01,  1.59it/s] 36%|███▌      | 107/300 [01:07<02:00,  1.60it/s] 36%|███▌      | 108/300 [01:07<02:00,  1.60it/s] 36%|███▋      | 109/300 [01:08<02:00,  1.59it/s] 37%|███▋      | 110/300 [01:09<01:59,  1.59it/s] 37%|███▋      | 111/300 [01:09<01:57,  1.60it/s] 37%|███▋      | 112/300 [01:10<01:56,  1.61it/s] 38%|███▊      | 113/300 [01:11<01:56,  1.61it/s] 38%|███▊      | 114/300 [01:11<01:55,  1.62it/s] 38%|███▊      | 115/300 [01:12<01:55,  1.60it/s] 39%|███▊      | 116/300 [01:12<01:55,  1.59it/s] 39%|███▉      | 117/300 [01:13<01:55,  1.59it/s] 39%|███▉      | 118/300 [01:14<01:54,  1.60it/s] 40%|███▉      | 119/300 [01:14<01:52,  1.61it/s] 40%|████      | 120/300 [01:15<01:52,  1.61it/s] 40%|████      | 121/300 [01:16<01:52,  1.60it/s] 41%|████      | 122/300 [01:16<01:50,  1.61it/s] 41%|████      | 123/300 [01:17<01:50,  1.61it/s] 41%|████▏     | 124/300 [01:17<01:50,  1.59it/s] 42%|████▏     | 125/300 [01:18<01:48,  1.61it/s] 42%|████▏     | 126/300 [01:19<01:48,  1.61it/s] 42%|████▏     | 127/300 [01:19<01:48,  1.60it/s] 43%|████▎     | 128/300 [01:20<01:47,  1.60it/s] 43%|████▎     | 129/300 [01:21<01:47,  1.60it/s] 43%|████▎     | 130/300 [01:21<01:46,  1.59it/s] 44%|████▎     | 131/300 [01:22<01:45,  1.60it/s] 44%|████▍     | 132/300 [01:22<01:45,  1.60it/s] 44%|████▍     | 133/300 [01:23<01:44,  1.59it/s] 45%|████▍     | 134/300 [01:24<01:43,  1.60it/s] 45%|████▌     | 135/300 [01:24<01:43,  1.59it/s] 45%|████▌     | 136/300 [01:25<01:43,  1.59it/s] 46%|████▌     | 137/300 [01:26<01:42,  1.59it/s] 46%|████▌     | 138/300 [01:26<01:41,  1.60it/s] 46%|████▋     | 139/300 [01:27<01:40,  1.59it/s] 47%|████▋     | 140/300 [01:27<01:40,  1.60it/s] 47%|████▋     | 141/300 [01:28<01:38,  1.61it/s] 47%|████▋     | 142/300 [01:29<01:38,  1.60it/s] 48%|████▊     | 143/300 [01:29<01:37,  1.61it/s] 48%|████▊     | 144/300 [01:30<01:37,  1.61it/s] 48%|████▊     | 145/300 [01:31<01:35,  1.62it/s] 49%|████▊     | 146/300 [01:31<01:34,  1.63it/s] 49%|████▉     | 147/300 [01:32<01:34,  1.62it/s] 49%|████▉     | 148/300 [01:32<01:33,  1.62it/s] 50%|████▉     | 149/300 [01:33<01:32,  1.62it/s] 50%|█████     | 150/300 [01:34<01:32,  1.63it/s] 50%|█████     | 151/300 [01:34<01:32,  1.62it/s] 51%|█████     | 152/300 [01:35<01:32,  1.61it/s] 51%|█████     | 153/300 [01:35<01:31,  1.61it/s] 51%|█████▏    | 154/300 [01:36<01:30,  1.61it/s] 52%|█████▏    | 155/300 [01:37<01:30,  1.60it/s] 52%|█████▏    | 156/300 [01:37<01:30,  1.59it/s] 52%|█████▏    | 157/300 [01:38<01:29,  1.61it/s] 53%|█████▎    | 158/300 [01:39<01:28,  1.61it/s] 53%|█████▎    | 159/300 [01:39<01:28,  1.60it/s] 53%|█████▎    | 160/300 [01:40<01:27,  1.60it/s] 54%|█████▎    | 161/300 [01:40<01:27,  1.60it/s] 54%|█████▍    | 162/300 [01:41<01:26,  1.60it/s] 54%|█████▍    | 163/300 [01:42<01:25,  1.60it/s] 55%|█████▍    | 164/300 [01:42<01:25,  1.59it/s] 55%|█████▌    | 165/300 [01:43<01:24,  1.59it/s] 55%|█████▌    | 166/300 [01:44<01:23,  1.60it/s] 56%|█████▌    | 167/300 [01:44<01:22,  1.60it/s] 56%|█████▌    | 168/300 [01:45<01:22,  1.60it/s] 56%|█████▋    | 169/300 [01:45<01:22,  1.59it/s] 57%|█████▋    | 170/300 [01:46<01:21,  1.59it/s] 57%|█████▋    | 171/300 [01:47<01:21,  1.59it/s] 57%|█████▋    | 172/300 [01:47<01:20,  1.59it/s] 58%|█████▊    | 173/300 [01:48<01:19,  1.60it/s] 58%|█████▊    | 174/300 [01:49<01:18,  1.60it/s] 58%|█████▊    | 175/300 [01:49<01:18,  1.59it/s] 59%|█████▊    | 176/300 [01:50<01:17,  1.59it/s] 59%|█████▉    | 177/300 [01:50<01:16,  1.61it/s] 59%|█████▉    | 178/300 [01:51<01:15,  1.61it/s] 60%|█████▉    | 179/300 [01:52<01:15,  1.60it/s] 60%|██████    | 180/300 [01:52<01:15,  1.59it/s] 60%|██████    | 181/300 [01:53<01:14,  1.59it/s] 61%|██████    | 182/300 [01:54<01:14,  1.59it/s] 61%|██████    | 183/300 [01:54<01:13,  1.60it/s] 61%|██████▏   | 184/300 [01:55<01:12,  1.61it/s] 62%|██████▏   | 185/300 [01:56<01:11,  1.60it/s] 62%|██████▏   | 186/300 [01:56<01:11,  1.59it/s] 62%|██████▏   | 187/300 [01:57<01:10,  1.60it/s] 63%|██████▎   | 188/300 [01:57<01:09,  1.60it/s] 63%|██████▎   | 189/300 [01:58<01:08,  1.61it/s] 63%|██████▎   | 190/300 [01:59<01:08,  1.61it/s] 64%|██████▎   | 191/300 [01:59<01:07,  1.61it/s] 64%|██████▍   | 192/300 [02:00<01:06,  1.62it/s] 64%|██████▍   | 193/300 [02:00<01:06,  1.61it/s] 65%|██████▍   | 194/300 [02:01<01:06,  1.59it/s] 65%|██████▌   | 195/300 [02:02<01:05,  1.60it/s] 65%|██████▌   | 196/300 [02:02<01:05,  1.59it/s] 66%|██████▌   | 197/300 [02:03<01:04,  1.59it/s] 66%|██████▌   | 198/300 [02:04<01:03,  1.60it/s] 66%|██████▋   | 199/300 [02:04<01:03,  1.60it/s] 67%|██████▋   | 200/300 [02:05<01:02,  1.60it/s] 67%|██████▋   | 201/300 [02:05<01:01,  1.61it/s] 67%|██████▋   | 202/300 [02:06<01:00,  1.61it/s] 68%|██████▊   | 203/300 [02:07<01:00,  1.61it/s] 68%|██████▊   | 204/300 [02:07<00:59,  1.60it/s] 68%|██████▊   | 205/300 [02:08<00:59,  1.60it/s] 69%|██████▊   | 206/300 [02:09<00:58,  1.61it/s] 69%|██████▉   | 207/300 [02:09<00:57,  1.61it/s] 69%|██████▉   | 208/300 [02:10<00:57,  1.61it/s] 70%|██████▉   | 209/300 [02:10<00:56,  1.60it/s] 70%|███████   | 210/300 [02:11<00:56,  1.60it/s] 70%|███████   | 211/300 [02:12<00:55,  1.59it/s] 71%|███████   | 212/300 [02:12<00:55,  1.60it/s] 71%|███████   | 213/300 [02:13<00:54,  1.60it/s] 71%|███████▏  | 214/300 [02:14<00:53,  1.59it/s] 72%|███████▏  | 215/300 [02:14<00:53,  1.60it/s] 72%|███████▏  | 216/300 [02:15<00:52,  1.60it/s] 72%|███████▏  | 217/300 [02:15<00:51,  1.60it/s] 73%|███████▎  | 218/300 [02:16<00:51,  1.59it/s] 73%|███████▎  | 219/300 [02:17<00:50,  1.60it/s] 73%|███████▎  | 220/300 [02:17<00:49,  1.60it/s] 74%|███████▎  | 221/300 [02:18<00:48,  1.61it/s] 74%|███████▍  | 222/300 [02:19<00:48,  1.61it/s] 74%|███████▍  | 223/300 [02:19<00:47,  1.61it/s] 75%|███████▍  | 224/300 [02:20<00:47,  1.60it/s] 75%|███████▌  | 225/300 [02:20<00:47,  1.59it/s] 75%|███████▌  | 226/300 [02:21<00:46,  1.60it/s] 76%|███████▌  | 227/300 [02:22<00:45,  1.59it/s] 76%|███████▌  | 228/300 [02:22<00:45,  1.60it/s] 76%|███████▋  | 229/300 [02:23<00:44,  1.60it/s] 77%|███████▋  | 230/300 [02:24<00:43,  1.60it/s] 77%|███████▋  | 231/300 [02:24<00:43,  1.60it/s] 77%|███████▋  | 232/300 [02:25<00:42,  1.59it/s] 78%|███████▊  | 233/300 [02:25<00:41,  1.60it/s] 78%|███████▊  | 234/300 [02:26<00:41,  1.60it/s] 78%|███████▊  | 235/300 [02:27<00:40,  1.60it/s] 79%|███████▊  | 236/300 [02:27<00:40,  1.60it/s] 79%|███████▉  | 237/300 [02:28<00:39,  1.59it/s] 79%|███████▉  | 238/300 [02:29<00:38,  1.59it/s] 80%|███████▉  | 239/300 [02:29<00:37,  1.62it/s] 80%|████████  | 240/300 [02:30<00:37,  1.61it/s] 80%|████████  | 241/300 [02:30<00:36,  1.61it/s] 81%|████████  | 242/300 [02:31<00:35,  1.63it/s] 81%|████████  | 243/300 [02:32<00:34,  1.63it/s] 81%|████████▏ | 244/300 [02:32<00:34,  1.64it/s] 82%|████████▏ | 245/300 [02:33<00:33,  1.64it/s] 82%|████████▏ | 246/300 [02:33<00:32,  1.64it/s] 82%|████████▏ | 247/300 [02:34<00:32,  1.65it/s] 83%|████████▎ | 248/300 [02:35<00:31,  1.64it/s] 83%|████████▎ | 249/300 [02:35<00:30,  1.65it/s] 83%|████████▎ | 250/300 [02:36<00:30,  1.63it/s] 84%|████████▎ | 251/300 [02:37<00:30,  1.63it/s] 84%|████████▍ | 252/300 [02:37<00:29,  1.63it/s] 84%|████████▍ | 253/300 [02:38<00:28,  1.63it/s] 85%|████████▍ | 254/300 [02:38<00:28,  1.63it/s] 85%|████████▌ | 255/300 [02:39<00:27,  1.64it/s] 85%|████████▌ | 256/300 [02:40<00:27,  1.63it/s] 86%|████████▌ | 257/300 [02:40<00:26,  1.62it/s] 86%|████████▌ | 258/300 [02:41<00:25,  1.62it/s] 86%|████████▋ | 259/300 [02:41<00:25,  1.63it/s] 87%|████████▋ | 260/300 [02:42<00:24,  1.63it/s] 87%|████████▋ | 261/300 [02:43<00:24,  1.62it/s] 87%|████████▋ | 262/300 [02:43<00:23,  1.62it/s] 88%|████████▊ | 263/300 [02:44<00:22,  1.63it/s] 88%|████████▊ | 264/300 [02:45<00:21,  1.64it/s] 88%|████████▊ | 265/300 [02:45<00:21,  1.64it/s] 89%|████████▊ | 266/300 [02:46<00:20,  1.65it/s] 89%|████████▉ | 267/300 [02:46<00:20,  1.64it/s] 89%|████████▉ | 268/300 [02:47<00:19,  1.64it/s] 90%|████████▉ | 269/300 [02:48<00:18,  1.64it/s] 90%|█████████ | 270/300 [02:48<00:18,  1.63it/s] 90%|█████████ | 271/300 [02:49<00:17,  1.61it/s] 91%|█████████ | 272/300 [02:49<00:17,  1.62it/s] 91%|█████████ | 273/300 [02:50<00:16,  1.62it/s] 91%|█████████▏| 274/300 [02:51<00:16,  1.62it/s] 92%|█████████▏| 275/300 [02:51<00:15,  1.63it/s] 92%|█████████▏| 276/300 [02:52<00:14,  1.63it/s] 92%|█████████▏| 277/300 [02:52<00:14,  1.63it/s] 93%|█████████▎| 278/300 [02:53<00:13,  1.64it/s] 93%|█████████▎| 279/300 [02:54<00:12,  1.65it/s] 93%|█████████▎| 280/300 [02:54<00:12,  1.66it/s] 94%|█████████▎| 281/300 [02:55<00:11,  1.66it/s] 94%|█████████▍| 282/300 [02:56<00:10,  1.65it/s] 94%|█████████▍| 283/300 [02:56<00:10,  1.64it/s] 95%|█████████▍| 284/300 [02:57<00:09,  1.63it/s] 95%|█████████▌| 285/300 [02:57<00:09,  1.64it/s] 95%|█████████▌| 286/300 [02:58<00:08,  1.64it/s] 96%|█████████▌| 287/300 [02:59<00:07,  1.64it/s] 96%|█████████▌| 288/300 [02:59<00:07,  1.65it/s] 96%|█████████▋| 289/300 [03:00<00:06,  1.64it/s] 97%|█████████▋| 290/300 [03:00<00:06,  1.64it/s] 97%|█████████▋| 291/300 [03:01<00:05,  1.65it/s] 97%|█████████▋| 292/300 [03:02<00:04,  1.64it/s] 98%|█████████▊| 293/300 [03:02<00:04,  1.65it/s] 98%|█████████▊| 294/300 [03:03<00:03,  1.62it/s] 98%|█████████▊| 295/300 [03:03<00:03,  1.62it/s] 99%|█████████▊| 296/300 [03:04<00:02,  1.61it/s] 99%|█████████▉| 297/300 [03:05<00:01,  1.59it/s] 99%|█████████▉| 298/300 [03:05<00:01,  1.58it/s]100%|█████████▉| 299/300 [03:06<00:00,  1.57it/s]100%|██████████| 300/300 [03:07<00:00,  1.58it/s]100%|██████████| 300/300 [03:07<00:00,  1.60it/s]
W&B disabled.
W&B online. Running your script from this directory will now sync to the cloud.
wandb: Currently logged in as: hl57. Use `wandb login --relogin` to force relogin
wandb: wandb version 0.15.12 is available!  To upgrade, please run:
wandb:  $ pip install wandb --upgrade
wandb: Tracking run with wandb version 0.15.10
wandb: Run data is saved locally in /media/techt/One Touch/DD/SRe2L/train/wandb/run-20231022_035343-g3bycpln
wandb: Run `wandb offline` to turn off syncing.
wandb: Syncing run helpful-snowball-448
wandb: ⭐️ View project at https://wandb.ai/hl57/final_rn18_fkd
wandb: 🚀 View run at https://wandb.ai/hl57/final_rn18_fkd/runs/g3bycpln
======= FKD: dataset info ======
path: ../relabel/FKD_cutmix_fp16/imagenette/276/
num img: 100
batch size: 100
max epoch: 300
================================
load data successfully
=> loading student model 'resnet18'
TRAIN Iter 0: lr = 0.001000,	loss = 0.020012,	Top-1 err = 92.000000,	Top-5 err = 54.000000,	train_time = 3.184796
TEST Iter 0: loss = 17.839930,	Top-1 err = 89.579618,	Top-5 err = 49.859873,	val_time = 12.861869
TRAIN Iter 10: lr = 0.000997,	loss = 0.024505,	Top-1 err = 68.000000,	Top-5 err = 9.000000,	train_time = 2.220000
TEST Iter 10: loss = 44.477515,	Top-1 err = 85.350318,	Top-5 err = 46.420382,	val_time = 12.870769
TRAIN Iter 20: lr = 0.000989,	loss = 0.019765,	Top-1 err = 62.000000,	Top-5 err = 12.000000,	train_time = 2.215565
TEST Iter 20: loss = 14.703373,	Top-1 err = 81.121019,	Top-5 err = 32.815287,	val_time = 12.730775
TRAIN Iter 30: lr = 0.000976,	loss = 0.009159,	Top-1 err = 63.000000,	Top-5 err = 19.000000,	train_time = 2.231837
TEST Iter 30: loss = 6.030469,	Top-1 err = 78.445860,	Top-5 err = 35.490446,	val_time = 12.759258
TRAIN Iter 40: lr = 0.000957,	loss = 0.009369,	Top-1 err = 60.000000,	Top-5 err = 16.000000,	train_time = 2.224185
TEST Iter 40: loss = 7.830106,	Top-1 err = 75.745223,	Top-5 err = 29.732484,	val_time = 12.768699
TRAIN Iter 50: lr = 0.000933,	loss = 0.011028,	Top-1 err = 60.000000,	Top-5 err = 15.000000,	train_time = 2.245328
TEST Iter 50: loss = 3.901727,	Top-1 err = 67.337580,	Top-5 err = 21.859873,	val_time = 12.716856
TRAIN Iter 60: lr = 0.000905,	loss = 0.008878,	Top-1 err = 88.000000,	Top-5 err = 38.000000,	train_time = 2.213783
TEST Iter 60: loss = 5.337034,	Top-1 err = 66.369427,	Top-5 err = 22.089172,	val_time = 12.687036
TRAIN Iter 70: lr = 0.000872,	loss = 0.010106,	Top-1 err = 46.000000,	Top-5 err = 12.000000,	train_time = 2.219917
TEST Iter 70: loss = 4.331990,	Top-1 err = 64.840764,	Top-5 err = 18.292994,	val_time = 12.709157
TRAIN Iter 80: lr = 0.000835,	loss = 0.007603,	Top-1 err = 40.000000,	Top-5 err = 9.000000,	train_time = 2.303243
TEST Iter 80: loss = 4.130470,	Top-1 err = 61.885350,	Top-5 err = 17.324841,	val_time = 12.785476
TRAIN Iter 90: lr = 0.000794,	loss = 0.006749,	Top-1 err = 82.000000,	Top-5 err = 23.000000,	train_time = 2.189142
TEST Iter 90: loss = 3.609683,	Top-1 err = 62.726115,	Top-5 err = 19.108280,	val_time = 12.739278
TRAIN Iter 100: lr = 0.000750,	loss = 0.007444,	Top-1 err = 33.000000,	Top-5 err = 3.000000,	train_time = 2.202188
TEST Iter 100: loss = 3.903680,	Top-1 err = 63.363057,	Top-5 err = 17.350318,	val_time = 12.682342
TRAIN Iter 110: lr = 0.000703,	loss = 0.006617,	Top-1 err = 82.000000,	Top-5 err = 28.000000,	train_time = 2.184467
TEST Iter 110: loss = 3.307296,	Top-1 err = 56.662420,	Top-5 err = 15.464968,	val_time = 12.672010
TRAIN Iter 120: lr = 0.000655,	loss = 0.004702,	Top-1 err = 27.000000,	Top-5 err = 4.000000,	train_time = 2.194362
TEST Iter 120: loss = 3.903450,	Top-1 err = 62.267516,	Top-5 err = 15.898089,	val_time = 12.826342
TRAIN Iter 130: lr = 0.000604,	loss = 0.006506,	Top-1 err = 47.000000,	Top-5 err = 12.000000,	train_time = 2.250153
TEST Iter 130: loss = 3.248164,	Top-1 err = 60.178344,	Top-5 err = 17.885350,	val_time = 12.775467
TRAIN Iter 140: lr = 0.000552,	loss = 0.006097,	Top-1 err = 64.000000,	Top-5 err = 19.000000,	train_time = 2.247794
TEST Iter 140: loss = 3.688194,	Top-1 err = 58.089172,	Top-5 err = 13.732484,	val_time = 12.761303
TRAIN Iter 150: lr = 0.000500,	loss = 0.005896,	Top-1 err = 61.000000,	Top-5 err = 10.000000,	train_time = 2.191745
TEST Iter 150: loss = 3.266057,	Top-1 err = 56.101911,	Top-5 err = 14.547771,	val_time = 12.755150
TRAIN Iter 160: lr = 0.000448,	loss = 0.004864,	Top-1 err = 33.000000,	Top-5 err = 4.000000,	train_time = 2.191367
TEST Iter 160: loss = 3.162611,	Top-1 err = 58.242038,	Top-5 err = 14.318471,	val_time = 12.791547
TRAIN Iter 170: lr = 0.000396,	loss = 0.003901,	Top-1 err = 32.000000,	Top-5 err = 4.000000,	train_time = 2.239656
TEST Iter 170: loss = 2.694819,	Top-1 err = 55.643312,	Top-5 err = 13.121019,	val_time = 12.757412
TRAIN Iter 180: lr = 0.000345,	loss = 0.004257,	Top-1 err = 60.000000,	Top-5 err = 14.000000,	train_time = 2.188917
TEST Iter 180: loss = 2.592859,	Top-1 err = 51.898089,	Top-5 err = 11.464968,	val_time = 12.786452
TRAIN Iter 190: lr = 0.000297,	loss = 0.003843,	Top-1 err = 39.000000,	Top-5 err = 3.000000,	train_time = 2.194644
TEST Iter 190: loss = 2.469184,	Top-1 err = 52.203822,	Top-5 err = 12.025478,	val_time = 12.801587
TRAIN Iter 200: lr = 0.000250,	loss = 0.003984,	Top-1 err = 30.000000,	Top-5 err = 6.000000,	train_time = 2.265471
TEST Iter 200: loss = 2.828372,	Top-1 err = 51.286624,	Top-5 err = 10.878981,	val_time = 12.750475
TRAIN Iter 210: lr = 0.000206,	loss = 0.004125,	Top-1 err = 55.000000,	Top-5 err = 6.000000,	train_time = 2.235923
TEST Iter 210: loss = 2.503530,	Top-1 err = 50.267516,	Top-5 err = 10.904459,	val_time = 12.700905
TRAIN Iter 220: lr = 0.000165,	loss = 0.004503,	Top-1 err = 43.000000,	Top-5 err = 4.000000,	train_time = 2.210627
TEST Iter 220: loss = 2.475189,	Top-1 err = 50.777070,	Top-5 err = 10.242038,	val_time = 12.667910
TRAIN Iter 230: lr = 0.000128,	loss = 0.003429,	Top-1 err = 89.000000,	Top-5 err = 35.000000,	train_time = 2.176904
TEST Iter 230: loss = 2.500241,	Top-1 err = 51.694268,	Top-5 err = 11.286624,	val_time = 12.754876
TRAIN Iter 240: lr = 0.000095,	loss = 0.003867,	Top-1 err = 59.000000,	Top-5 err = 11.000000,	train_time = 2.163555
TEST Iter 240: loss = 2.249381,	Top-1 err = 48.662420,	Top-5 err = 10.394904,	val_time = 12.765416
TRAIN Iter 250: lr = 0.000067,	loss = 0.003995,	Top-1 err = 58.000000,	Top-5 err = 12.000000,	train_time = 2.206266
TEST Iter 250: loss = 2.242220,	Top-1 err = 48.585987,	Top-5 err = 10.496815,	val_time = 12.662821
TRAIN Iter 260: lr = 0.000043,	loss = 0.003986,	Top-1 err = 54.000000,	Top-5 err = 12.000000,	train_time = 2.195853
TEST Iter 260: loss = 2.247632,	Top-1 err = 48.280255,	Top-5 err = 10.089172,	val_time = 12.688110
TRAIN Iter 270: lr = 0.000024,	loss = 0.003502,	Top-1 err = 26.000000,	Top-5 err = 5.000000,	train_time = 2.219155
TEST Iter 270: loss = 2.194757,	Top-1 err = 48.433121,	Top-5 err = 9.910828,	val_time = 12.680626
TRAIN Iter 280: lr = 0.000011,	loss = 0.003990,	Top-1 err = 83.000000,	Top-5 err = 21.000000,	train_time = 2.203441
TEST Iter 280: loss = 2.263422,	Top-1 err = 49.146497,	Top-5 err = 9.528662,	val_time = 12.907063
TRAIN Iter 290: lr = 0.000003,	loss = 0.003314,	Top-1 err = 18.000000,	Top-5 err = 5.000000,	train_time = 2.220933
TEST Iter 290: loss = 2.276620,	Top-1 err = 48.866242,	Top-5 err = 9.503185,	val_time = 12.671438
wandb: Waiting for W&B process to finish... (success).
wandb: - 0.004 MB of 0.026 MB uploaded (0.000 MB deduped)wandb: \ 0.004 MB of 0.026 MB uploaded (0.000 MB deduped)wandb: 
wandb: Run history:
wandb:  train/Top1 ▁▃▂▄▁▃▂▅▅▆▅▆▅▃▂▄▁▃▄▆▆▂▅▂▂▃█▇▇▇█▇▅▇▁█▇▆██
wandb:  train/Top5 ▂▅▄▆▁▄▄▆▇▇▇▇▆▅▅▆▃▆▆▇▇▆▇▄▅▆▇▇▇██▇█▇▅█▇▇██
wandb: train/epoch ▁▁▁▁▂▂▂▂▂▃▃▃▃▃▃▄▄▄▄▄▅▅▅▅▅▅▆▆▆▆▆▆▇▇▇▇▇███
wandb:  train/loss ▄█▄▆▄▃▃▃▂▃▂▂▃▃▂▂▁▂▂▂▂▂▂▂▂▂▁▁▁▁▁▁▁▁▁▁▂▁▁▁
wandb:    train/lr ███████▇▇▇▇▇▇▆▆▆▅▅▅▅▄▄▄▄▃▃▃▃▂▂▂▂▂▁▁▁▁▁▁▁
wandb:   val/epoch ▁▁▁▂▂▂▂▃▃▃▃▄▄▄▄▅▅▅▅▅▆▆▆▆▇▇▇▇███
wandb:    val/loss ▄█▃▂▂▁▂▁▁▁▁▁▁▁▁▁▁▁▁▁▁▁▁▁▁▁▁▁▁▁▁
wandb:    val/top1 ▁▂▂▃▃▅▅▅▆▆▅▇▆▆▆▇▆▇▇▇▇██▇███████
wandb:    val/top5 ▁▂▄▃▄▆▆▆▇▆▇▇▇▇▇▇▇▇█████████████
wandb: 
wandb: Run summary:
wandb:  train/Top1 81.0
wandb:  train/Top5 99.0
wandb: train/epoch 299
wandb:  train/loss 0.00302
wandb:    train/lr 0.0
wandb:   val/epoch 299
wandb:    val/loss 2.27294
wandb:    val/top1 51.43949
wandb:    val/top5 90.64968
wandb: 
wandb: 🚀 View run helpful-snowball-448 at: https://wandb.ai/hl57/final_rn18_fkd/runs/g3bycpln
wandb: ️⚡ View job at https://wandb.ai/hl57/final_rn18_fkd/jobs/QXJ0aWZhY3RDb2xsZWN0aW9uOjk3MzkyNjU3/version_details/v44
wandb: Synced 6 W&B file(s), 0 media file(s), 0 artifact file(s) and 0 other file(s)
wandb: Find logs at: ./wandb/run-20231022_035343-g3bycpln/logs
TEST Iter 299: loss = 2.272942,	Top-1 err = 48.560510,	Top-5 err = 9.350318,	val_time = 12.709882
