/home/techt/anaconda3/envs/hl/lib/python3.8/site-packages/torchvision/models/_utils.py:208: UserWarning: The parameter 'pretrained' is deprecated since 0.13 and may be removed in the future, please use 'weights' instead.
  warnings.warn(
/home/techt/anaconda3/envs/hl/lib/python3.8/site-packages/torchvision/models/_utils.py:223: UserWarning: Arguments other than a weight enum or `None` for 'weights' are deprecated since 0.13 and may be removed in the future. The current behavior is equivalent to passing `weights=MobileNet_V2_Weights.IMAGENET1K_V1`. You can also use `weights=MobileNet_V2_Weights.DEFAULT` to get the most up-to-date weights.
  warnings.warn(msg)
/home/techt/anaconda3/envs/hl/lib/python3.8/site-packages/torchvision/transforms/functional.py:1603: UserWarning: The default value of the antialias parameter of all the resizing transforms (Resize(), RandomResizedCrop(), etc.) will change from None to True in v0.17, in order to be consistent across the PIL and Tensor backends. To suppress this warning, directly pass antialias=True (recommended, future default), antialias=None (current default, which means False for Tensors and True for PIL), or antialias=False (only works on Tensors - PIL will still use antialiasing). This also applies if you are using the inference transforms from the models weights: update the call to weights.transforms(antialias=True).
  warnings.warn(
r_bn:  1.0
lr:  0.25
step 1
step 1.1
step 1.2
[1.59075545e-17 3.99902212e-07 2.27295073e-03 8.88036983e-10
 7.63129619e-03 4.38372716e-11 2.50411036e-06 9.88751134e-01
 1.34171442e-03 2.65568302e-13]
[1.21604960e-17 1.42543243e-08 2.00228169e-01 7.76021152e-06
 1.81357017e-01 1.05923054e-03 5.21894763e-07 2.65011666e-01
 3.51857214e-01 4.78407902e-04]
[1.57545061e-15 4.73972686e-04 2.22170093e-01 2.04273562e-03
 4.60257190e-01 1.04295831e-02 2.15439700e-04 1.27171641e-01
 1.68283432e-01 8.95591337e-03]
[4.63776533e-06 1.08390717e-03 1.15252904e-01 1.96205951e-01
 3.41742444e-01 1.09070736e-01 1.03603659e-03 8.82069084e-02
 1.25125867e-01 2.22706067e-02]
[0.00099662 0.00111417 0.10807527 0.28344873 0.25041337 0.15544792
 0.00117942 0.06973325 0.10792699 0.02166426]
[0.00111624 0.00206152 0.11206164 0.32898141 0.19397779 0.17289355
 0.00173376 0.06023064 0.09751383 0.02942963]
[0.00093415 0.00308861 0.11814428 0.34785072 0.15869209 0.17838253
 0.00507354 0.05298273 0.08888232 0.04596903]
[0.00151392 0.00323226 0.12343629 0.35059397 0.15356477 0.17356357
 0.00616677 0.04680125 0.08714066 0.05398654]
[0.0012573  0.00303058 0.12463263 0.34533989 0.15262458 0.18161782
 0.00726995 0.04601586 0.08110809 0.0571033 ]
[0.00151578 0.00342711 0.12709501 0.3420492  0.14846327 0.17664218
 0.00940118 0.04504836 0.08439685 0.06196106]
[0.00155292 0.00406745 0.13694099 0.31775919 0.14300002 0.18129042
 0.01350715 0.04385042 0.08110333 0.07692812]
[0.00145456 0.00413047 0.13794525 0.29000441 0.14414247 0.19300468
 0.02067141 0.04472819 0.0789492  0.08496936]
[0.00147527 0.00491883 0.13940647 0.28006882 0.14233657 0.18978024
 0.0260135  0.04270257 0.0798638  0.09343393]
[0.00188767 0.0050638  0.14327832 0.2668269  0.14057018 0.19416944
 0.02595483 0.0409061  0.08098116 0.10036159]
[0.00193629 0.00519017 0.14431893 0.26722966 0.14069271 0.18985298
 0.02501905 0.04151378 0.08169077 0.10255565]
[0.00207032 0.00564463 0.1452251  0.26084034 0.13975684 0.19277359
 0.02505682 0.043033   0.08098928 0.10461007]
[0.00228534 0.00625869 0.14488444 0.25809203 0.14015542 0.18918814
 0.02514391 0.04334637 0.080964   0.10968166]
[0.00202734 0.00715769 0.14427863 0.25490435 0.14002419 0.18765147
 0.02511229 0.04279347 0.08390818 0.1121424 ]
[0.00211409 0.00814932 0.14423151 0.25257691 0.14130415 0.18337949
 0.02401998 0.0425051  0.0848715  0.11684796]
[0.00229225 0.00843195 0.14475325 0.25204833 0.14227404 0.18036583
 0.0238095  0.04285357 0.08535427 0.117817  ]
[0.00212435 0.00836383 0.14473629 0.24823518 0.14342219 0.17941016
 0.02401167 0.04352852 0.08588927 0.12027854]
[0.00248227 0.00830033 0.14599093 0.24401972 0.1448452  0.17477602
 0.02390388 0.04355542 0.08691924 0.125207  ]
[0.00234973 0.00882728 0.14462842 0.24490219 0.14584044 0.17228923
 0.02403911 0.04424182 0.08610269 0.1267791 ]
[0.00215171 0.00936286 0.14486949 0.24302315 0.14645021 0.17155776
 0.02381196 0.04576048 0.08659315 0.12641923]
[0.00214265 0.01037027 0.14534015 0.24030738 0.14758833 0.16899901
 0.0240047  0.04491428 0.08756882 0.1287644 ]
[0.00217334 0.01025497 0.14524775 0.23956738 0.14766819 0.1679775
 0.02408398 0.04499812 0.08929511 0.12873365]
[0.00218824 0.01068043 0.14592531 0.23823355 0.14783135 0.16675227
 0.02429715 0.04577111 0.09085809 0.12746249]
[0.00232281 0.0105042  0.14476932 0.23862526 0.14702511 0.16578522
 0.02466886 0.04636522 0.09146966 0.12846434]
[0.00256639 0.01122103 0.14449584 0.23770032 0.14714525 0.16560837
 0.02399984 0.04744879 0.09231438 0.12749979]
[0.0030698  0.0113547  0.14327778 0.23712249 0.14736543 0.16520801
 0.02492799 0.04743226 0.0936839  0.12655764]
step 1.3
step 1.1
step 1.2
[8.63639545e-27 1.25100628e-12 1.42131226e-09 1.25735960e-17
 2.03538707e-14 9.99999999e-01 8.74013481e-24 5.24043590e-20
 5.31093011e-19 5.10513108e-20]
[8.44967751e-38 1.91884870e-13 8.39319714e-03 7.41472271e-21
 6.58811394e-15 9.91606803e-01 3.83047080e-31 2.37794589e-18
 2.83329907e-27 2.51928259e-17]
[1.02496496e-29 2.42832132e-06 1.61232672e-01 1.90773928e-12
 7.95061192e-04 8.37969839e-01 2.73557998e-21 2.51742047e-16
 4.67243122e-18 1.90586622e-14]
[1.85741347e-23 8.76663007e-04 3.48716234e-01 1.33728197e-07
 8.46172671e-04 6.49560796e-01 1.29195144e-17 1.34296541e-13
 2.22993859e-14 1.31288207e-10]
[5.37951561e-18 9.49977707e-04 4.73411925e-01 2.87273958e-05
 1.13049039e-03 5.24478837e-01 4.13358354e-14 5.30079580e-11
 2.42752154e-11 4.32034543e-08]
[1.00190542e-12 1.91567327e-03 5.26394979e-01 1.17293988e-03
 1.46392628e-03 4.67846209e-01 7.34578373e-11 1.32567346e-08
 1.19901145e-03 7.24780793e-06]
[2.63405149e-06 3.06438912e-03 5.64051546e-01 2.18676197e-03
 1.03655371e-03 4.28196410e-01 6.83118534e-08 2.91555462e-06
 1.41149664e-03 4.72244337e-05]
[1.01295150e-03 7.09611319e-03 5.74251202e-01 2.29911218e-03
 7.96697392e-04 4.11380286e-01 1.02715284e-06 1.47145172e-05
 3.07777587e-03 7.01192308e-05]
[1.14759725e-03 1.41541638e-02 5.78214729e-01 3.55070839e-03
 7.49717444e-04 3.95805607e-01 8.31718603e-06 5.36621930e-05
 6.25687607e-03 5.86213735e-05]
[1.16681317e-03 2.30236683e-02 5.78222179e-01 5.34335202e-03
 6.69128773e-04 3.85241984e-01 3.26646745e-05 1.25189264e-04
 6.14098903e-03 3.40320502e-05]
[1.68585195e-03 3.60725675e-02 5.74948361e-01 7.59772166e-03
 6.01095164e-04 3.70867444e-01 7.76440522e-05 2.01294204e-04
 7.72608194e-03 2.21939291e-04]
[4.07756235e-03 5.67713026e-02 5.62770075e-01 9.95523680e-03
 6.03566354e-04 3.55542103e-01 1.52255161e-04 2.98132481e-04
 9.41715244e-03 4.12613772e-04]
[5.17397604e-03 7.40251514e-02 5.48157167e-01 1.51299097e-02
 4.25221132e-04 3.45088429e-01 1.70835867e-04 2.72504816e-04
 1.06455035e-02 9.11301083e-04]
[9.49743161e-03 8.84533734e-02 5.31240308e-01 1.87092955e-02
 5.33584518e-04 3.38125330e-01 2.86703468e-04 3.98277395e-04
 1.09973262e-02 1.75836948e-03]
[1.45560693e-02 1.00409224e-01 5.18306969e-01 2.30590523e-02
 3.35457298e-04 3.25324149e-01 2.15948297e-04 3.28827171e-04
 1.44578668e-02 3.00643614e-03]
[1.80984543e-02 1.07692785e-01 5.08529818e-01 2.73283305e-02
 3.83625938e-04 3.15915778e-01 2.83139357e-04 4.36016522e-04
 1.50515636e-02 6.28048910e-03]
[2.07569580e-02 1.15408623e-01 4.92600216e-01 3.81854731e-02
 3.44193816e-04 3.02901090e-01 2.76397640e-04 5.43682497e-04
 2.08267175e-02 8.15664794e-03]
[2.18985394e-02 1.18394790e-01 4.86262956e-01 4.01929209e-02
 3.11203205e-04 2.87527500e-01 2.65947490e-04 4.66406052e-04
 2.58095834e-02 1.88701532e-02]
[2.31725070e-02 1.32692272e-01 4.63146084e-01 4.72095695e-02
 3.63608365e-04 2.74852527e-01 3.24345450e-04 7.88710785e-04
 3.19994095e-02 2.54509659e-02]
[2.69557741e-02 1.37028858e-01 4.47486186e-01 4.82647365e-02
 2.30929957e-04 2.68267272e-01 2.11601977e-04 5.61927753e-04
 4.29496849e-02 2.80430298e-02]
[2.73297918e-02 1.44230988e-01 4.28273431e-01 5.33714865e-02
 1.95854731e-04 2.63824831e-01 1.83551964e-04 6.65890488e-04
 4.56633576e-02 3.62608174e-02]
[0.03092885 0.14835064 0.40922813 0.05758265 0.00062346 0.25237935
 0.00059381 0.00208558 0.05018071 0.04804681]
[0.03354787 0.15108743 0.39809765 0.06708935 0.00040578 0.24132637
 0.00044102 0.00086664 0.05458323 0.05255466]
[0.03579719 0.15304848 0.38363883 0.06984618 0.00051996 0.24182546
 0.00052006 0.00156957 0.05708913 0.05614513]
[0.03681365 0.16187545 0.37146212 0.07242798 0.00059345 0.23789014
 0.00057117 0.00232613 0.05847056 0.05756937]
[4.05424076e-02 1.66877285e-01 3.54868547e-01 7.62347763e-02
 3.32651235e-04 2.36380689e-01 3.62621641e-04 2.04294248e-03
 6.38931967e-02 5.84648834e-02]
[0.04255431 0.17166174 0.33569743 0.07946909 0.00054106 0.23777285
 0.00051117 0.00324695 0.06474774 0.06379765]
[0.04601011 0.17737803 0.32441815 0.08179592 0.00088367 0.23214477
 0.00073656 0.0041347  0.0670805  0.06541758]
[0.04707384 0.18004936 0.31619541 0.08963444 0.00097452 0.22236377
 0.00068243 0.0042136  0.0695901  0.06922253]
[0.05008708 0.18127563 0.30599986 0.09272061 0.000573   0.22227713
 0.00170977 0.00437248 0.0718598  0.06912465]
step 1.3
step 1.1
step 1.2
[1.40788289e-02 2.71336988e-06 8.83338030e-12 1.59080078e-01
 3.02293466e-03 6.50737014e-01 1.23387628e-19 1.73078428e-01
 3.18293344e-09 2.06982838e-27]
[1.59967850e-02 4.00414205e-07 3.55661417e-07 3.12941888e-01
 1.08831171e-01 5.12628821e-01 3.51740902e-15 4.92800719e-02
 3.20506397e-04 3.00460439e-23]
[1.97128655e-02 6.62169529e-06 4.42196036e-04 2.36643131e-01
 2.46282325e-01 4.80671297e-01 7.37462416e-21 1.41481275e-02
 2.09343659e-03 1.21066348e-17]
[2.71441143e-02 9.54286071e-04 1.23606203e-03 1.61079118e-01
 3.40014029e-01 4.54538001e-01 5.64599401e-15 8.92086138e-03
 6.11352732e-03 2.56891512e-17]
[3.30024606e-02 1.73367769e-03 2.04209815e-03 1.27883504e-01
 3.82766942e-01 4.36554517e-01 8.04714866e-08 8.05350625e-03
 7.96321354e-03 1.26684730e-10]
[3.72107776e-02 2.08271960e-03 2.96599622e-03 1.06031207e-01
 4.04896615e-01 4.28348459e-01 1.06123527e-03 6.23336527e-03
 1.11593844e-02 1.02411220e-05]
[3.76666654e-02 3.87512877e-03 4.13028182e-03 1.00320302e-01
 4.09560460e-01 4.26522475e-01 5.96756302e-04 6.10683741e-03
 1.11973647e-02 2.37284535e-05]
[3.73356797e-02 7.05600621e-03 7.06449432e-03 9.95220404e-02
 4.06735186e-01 4.17617241e-01 9.92054314e-04 7.54107858e-03
 1.60407908e-02 9.54290580e-05]
[3.69110207e-02 1.48245568e-02 9.07341864e-03 9.88107465e-02
 4.02075385e-01 4.09611777e-01 6.40512688e-04 8.99703748e-03
 1.89155782e-02 1.39966603e-04]
[3.92731088e-02 2.40159480e-02 9.02575504e-03 1.06770768e-01
 3.85072917e-01 4.01341949e-01 8.91546948e-04 1.04649108e-02
 2.28489985e-02 2.94098202e-04]
[0.0402225  0.02880025 0.01130246 0.1117276  0.37479385 0.39067288
 0.00057334 0.01127572 0.0302229  0.0004085 ]
[0.04268612 0.0330909  0.01320418 0.11529595 0.36299406 0.38352355
 0.00093123 0.01147085 0.03612814 0.00067502]
[0.04487231 0.04165299 0.01409864 0.12304928 0.35383574 0.36998674
 0.00066454 0.01140797 0.03971795 0.00071386]
[0.04593199 0.05216424 0.0151807  0.12701729 0.34040484 0.35846617
 0.00093391 0.01175356 0.04725817 0.00088911]
[0.04611518 0.05749367 0.01714237 0.12947461 0.33602067 0.34741235
 0.00117579 0.01294072 0.0516115  0.00061316]
[0.04654635 0.06279911 0.01822572 0.1304305  0.32772698 0.34205963
 0.00198587 0.01468419 0.0541823  0.00135935]
[0.04755744 0.06913868 0.01949827 0.13548124 0.31939658 0.33154147
 0.00195577 0.01703514 0.05777175 0.00062366]
[0.04978927 0.07552941 0.02156988 0.13670868 0.29860537 0.32837912
 0.00216703 0.01992997 0.06648569 0.00083559]
[0.04668129 0.07726702 0.02322415 0.14414808 0.29215422 0.31927138
 0.00309266 0.01960812 0.07357601 0.00097707]
[0.04755817 0.078615   0.02889835 0.14460186 0.28280012 0.31034666
 0.00489497 0.0202052  0.08044768 0.00163201]
[0.04466301 0.08468435 0.03256318 0.14518656 0.27655544 0.30078388
 0.0072472  0.02419353 0.0833124  0.00081044]
[0.04487294 0.08772022 0.03366261 0.14881753 0.27200971 0.29298025
 0.00825952 0.0249607  0.08595638 0.00076014]
[0.04478489 0.09079235 0.03747472 0.15267544 0.26981094 0.28030231
 0.01125891 0.0242922  0.08769041 0.00091781]
[0.0441586  0.09357977 0.03618466 0.15418367 0.26293851 0.27522746
 0.01207107 0.02651831 0.09279907 0.00233888]
[0.04346557 0.09534476 0.03639106 0.15941037 0.25848154 0.26507439
 0.01625234 0.02807405 0.09659051 0.0009154 ]
[0.04415998 0.09678407 0.03871745 0.15764119 0.25328067 0.25923658
 0.01882324 0.02951286 0.10033885 0.00150511]
[0.04417563 0.09826252 0.04013712 0.15627269 0.25046759 0.25463326
 0.02212732 0.03174463 0.09968214 0.00249711]
[0.04316222 0.09761763 0.04282838 0.15331196 0.24371834 0.25015261
 0.03044855 0.0339378  0.10323621 0.00158629]
[0.04448845 0.10173873 0.04293659 0.14914914 0.23757069 0.24463007
 0.03802639 0.03544599 0.10463081 0.00138315]
[0.04454466 0.10512033 0.04544966 0.14932822 0.23179023 0.24225495
 0.03955359 0.03688941 0.10380097 0.00126796]
step 1.3
step 1.1
step 1.2
[9.96538822e-01 3.07671222e-38 2.19905019e-10 9.31466108e-22
 9.67621819e-28 3.27380254e-17 1.85362971e-07 3.46099221e-03
 1.10662939e-27 5.19755807e-27]
[9.96612121e-01 2.46180694e-27 1.30244780e-06 1.60025283e-12
 4.41088689e-18 7.88533524e-12 2.94610477e-04 3.09196582e-03
 4.45220695e-24 1.32266815e-21]
[9.93493037e-01 1.70137991e-16 1.08810977e-03 8.39261555e-04
 7.52236088e-08 2.62889413e-07 2.24193109e-03 2.33732212e-03
 8.96896135e-15 9.52257183e-18]
[9.87330184e-01 5.24326888e-14 1.33689300e-03 9.35296600e-04
 2.23478997e-05 7.96445115e-05 5.84845248e-03 3.55001714e-03
 8.97164440e-04 7.87166192e-14]
[9.81448631e-01 1.67362742e-11 2.32095539e-03 1.04641729e-03
 6.95402592e-05 1.18561723e-03 5.82495057e-03 7.06365025e-03
 1.04016151e-03 7.64511302e-08]
[9.65587309e-01 2.34398726e-09 8.20528482e-03 1.08313269e-03
 8.58069010e-04 1.18137811e-03 1.27551218e-02 8.19178784e-03
 1.18664520e-03 9.51269066e-04]
[9.37460959e-01 1.53807536e-06 1.51521651e-02 1.28581589e-03
 3.56856752e-03 1.13592932e-03 2.27082769e-02 1.42969962e-02
 3.35487571e-03 1.03487611e-03]
[0.90618681 0.00121674 0.02791996 0.00118239 0.00906889 0.00115355
 0.0307133  0.01506528 0.00592549 0.00156758]
[0.85361807 0.00622246 0.04305623 0.00121177 0.01969319 0.00130956
 0.04409083 0.02085221 0.00825691 0.00168877]
[0.80163794 0.02568803 0.0497522  0.00136882 0.02816361 0.00140743
 0.04947412 0.02332745 0.0170387  0.00214169]
[0.66158372 0.0546685  0.05557323 0.00191612 0.03599132 0.00142867
 0.07677802 0.03015339 0.07957431 0.00233272]
[0.51053445 0.0876754  0.05247965 0.0011692  0.04202148 0.0027768
 0.10570982 0.04178382 0.15443191 0.00141747]
[0.42875692 0.11641671 0.05463865 0.00165787 0.04359105 0.00403746
 0.11555601 0.04919825 0.18392321 0.00222386]
[0.36011618 0.13170128 0.05527927 0.00133045 0.04989266 0.00364749
 0.12817467 0.05492386 0.21309858 0.00183556]
[0.31260327 0.15074152 0.05540746 0.00120864 0.05521448 0.00480507
 0.13921254 0.05919702 0.21934908 0.00226091]
[0.27589443 0.15697335 0.06259156 0.00109746 0.06855837 0.00493946
 0.13665619 0.06409855 0.22695629 0.00223435]
[0.25489218 0.1662236  0.06726569 0.00266697 0.07018907 0.00546674
 0.13423105 0.06694353 0.22968299 0.00243819]
[0.23537128 0.17207544 0.06810418 0.00226663 0.07784029 0.0081011
 0.13295116 0.06817179 0.23300061 0.00211751]
[0.22275357 0.16988395 0.06818612 0.00339546 0.08815664 0.00908303
 0.13025232 0.07803794 0.22826668 0.00198429]
[0.21138717 0.17144911 0.0698509  0.00370828 0.09084872 0.00955338
 0.13305287 0.08148711 0.22620643 0.00245603]
[0.20639287 0.17120346 0.07288594 0.00356175 0.09293964 0.00996843
 0.13409013 0.08460122 0.22184806 0.00250849]
[0.20343605 0.17153781 0.07849394 0.00361063 0.09338527 0.01021889
 0.13299328 0.08607586 0.21791307 0.0023352 ]
[0.19753089 0.17205293 0.07878915 0.00425824 0.09558746 0.0118169
 0.13341063 0.09045178 0.21323127 0.00287075]
[0.1932416  0.17241667 0.07674259 0.00489824 0.09613789 0.01613187
 0.13331934 0.09398859 0.21081593 0.00230727]
[0.18857563 0.17150536 0.08121993 0.0057734  0.09670329 0.0168906
 0.13583703 0.09198609 0.20927598 0.00223269]
[0.1859011  0.17002218 0.08162582 0.00629534 0.10136619 0.02011575
 0.13998862 0.09453138 0.19706794 0.00308567]
[0.18165787 0.16916776 0.08316375 0.0070871  0.10436973 0.02139844
 0.1402382  0.09432421 0.19560672 0.00298622]
[0.17764432 0.17085476 0.08575861 0.00797839 0.10493556 0.02341204
 0.14186574 0.09546344 0.1893301  0.00275705]
[0.17318119 0.17056861 0.08632735 0.00865958 0.10681406 0.0252039
 0.14422577 0.09623743 0.18524558 0.00353653]
[0.16806545 0.16980172 0.08923    0.00954903 0.10816889 0.02683722
 0.14576757 0.09979335 0.17885922 0.00392757]
step 1.3
step 1.1
step 1.2
[7.28005599e-01 1.97409108e-01 1.46320840e-34 2.14764960e-21
 2.39476585e-03 1.01749683e-10 1.49354439e-16 3.07815120e-02
 4.09469453e-05 4.13680680e-02]
[4.26182025e-01 5.53722127e-01 1.44552652e-23 6.68966306e-25
 9.78284019e-04 4.31732659e-05 4.01805943e-17 6.33246438e-03
 5.60131374e-05 1.26859141e-02]
[2.34678847e-01 7.49201440e-01 6.86754863e-22 4.63210093e-31
 1.05980742e-03 1.14501424e-03 3.93245308e-16 3.34219993e-03
 2.08655483e-03 8.48613629e-03]
[1.43806211e-01 8.29942884e-01 1.17856927e-26 1.61267096e-21
 1.17453576e-03 1.05056312e-02 1.97075804e-16 3.99387765e-03
 2.49957282e-03 8.07728725e-03]
[1.06201928e-01 8.28390364e-01 2.66429971e-17 1.10648777e-18
 1.79831131e-03 4.90265480e-02 8.74509554e-15 4.08001670e-03
 2.68050119e-03 7.82233132e-03]
[1.01961057e-01 7.05309088e-01 6.28917064e-15 2.10195585e-11
 2.08527614e-03 1.73229048e-01 1.25993881e-08 4.41096293e-03
 3.40396792e-03 9.60058733e-03]
[1.03235815e-01 5.64249327e-01 2.32256755e-08 8.59470208e-06
 2.58722322e-03 3.09346531e-01 8.21828359e-04 4.77014555e-03
 5.04567198e-03 9.93483986e-03]
[1.10015855e-01 4.95814518e-01 6.23911649e-07 4.38722852e-05
 2.32739120e-03 3.69088696e-01 9.94271812e-04 4.75851379e-03
 5.86533551e-03 1.10909225e-02]
[1.13005461e-01 4.53758269e-01 9.93908084e-06 1.68551498e-04
 3.14415537e-03 4.03194449e-01 1.13669522e-03 4.33559632e-03
 7.47273678e-03 1.37741466e-02]
[1.11689486e-01 4.38763589e-01 1.13421852e-04 7.67181463e-04
 3.41059011e-03 4.15281913e-01 8.98803515e-04 4.55536343e-03
 8.58798399e-03 1.59316667e-02]
[1.17327040e-01 4.21802371e-01 2.77443750e-04 9.55276275e-04
 4.13901247e-03 4.23269971e-01 9.16679140e-04 4.96646496e-03
 9.07473055e-03 1.72710107e-02]
[1.20121700e-01 4.20812458e-01 1.11825937e-03 3.78449293e-04
 4.76923395e-03 4.18139242e-01 1.43790520e-03 4.64422400e-03
 9.83292296e-03 1.87456049e-02]
[0.12159595 0.41863407 0.00115961 0.00111353 0.00533124 0.41184535
 0.00100345 0.00502659 0.01100629 0.02328391]
[0.12940263 0.40982696 0.00138955 0.00110268 0.00545948 0.40979192
 0.00148031 0.00515788 0.01041003 0.02597856]
[0.13510102 0.39888003 0.00119306 0.00194147 0.00563869 0.41151337
 0.00120448 0.00559704 0.01108306 0.02784778]
[0.14340889 0.38011666 0.00126646 0.00296176 0.00740688 0.41694105
 0.00124272 0.00868491 0.01227939 0.02569127]
[0.16303232 0.34965938 0.00140518 0.00327462 0.01141363 0.41537491
 0.00115238 0.01395283 0.01354286 0.02719188]
[0.16923624 0.33233001 0.00255818 0.00515664 0.01378551 0.41271923
 0.00131973 0.01677998 0.01342278 0.03269169]
[0.17146229 0.32362178 0.00301353 0.00870655 0.01400231 0.40983637
 0.00200996 0.01784763 0.01426629 0.03523329]
[0.17716653 0.30597337 0.00191688 0.01594518 0.01486943 0.40500246
 0.00201361 0.02429535 0.01603356 0.03678363]
[0.17706843 0.29385612 0.0024789  0.01786898 0.01922103 0.39907349
 0.00243627 0.02659293 0.02009615 0.04130771]
[0.17992916 0.28941044 0.00239498 0.01995114 0.02306763 0.39122456
 0.00220597 0.02632096 0.02237871 0.04311646]
[0.18051216 0.27672168 0.00284323 0.02457815 0.02726798 0.38765109
 0.00299049 0.0283854  0.02422168 0.04482814]
[0.17852588 0.26749803 0.0021002  0.02962521 0.02784544 0.38557852
 0.00329291 0.03229245 0.02580515 0.04743621]
[0.1776781  0.25649899 0.00232162 0.03343601 0.03155584 0.38185149
 0.00425405 0.0312347  0.02858527 0.05258393]
[0.18322019 0.24985384 0.00367962 0.03495019 0.03358608 0.37362439
 0.00474886 0.03213319 0.02967313 0.05453052]
[0.18410049 0.24403707 0.00221123 0.03842625 0.03464762 0.37100575
 0.00526536 0.03352442 0.03144298 0.05533882]
[0.18493342 0.24427013 0.00239168 0.03962332 0.03276831 0.36946013
 0.00541152 0.03301346 0.03209996 0.05602806]
[0.18742853 0.2376988  0.002361   0.04159428 0.03488584 0.36136342
 0.00618784 0.03398048 0.03507612 0.05942369]
[0.18582336 0.23666368 0.0038335  0.04336141 0.03574288 0.35529883
 0.00667399 0.03392348 0.03926568 0.05941319]
step 1.3
step 1.1
step 1.2
[3.55652293e-01 2.70928689e-21 3.88905622e-22 3.10478388e-26
 1.36867225e-19 2.84803470e-18 6.44347707e-01 5.71281942e-15
 3.26766623e-19 1.87068682e-19]
[1.11736119e-01 1.99597189e-37 1.51224454e-43 3.68938707e-47
 2.54311389e-30 2.17411679e-34 8.88263881e-01 2.17965485e-27
 5.78797013e-35 1.11714673e-43]
[6.57813097e-02 2.47443587e-18 2.35784816e-24 3.77038207e-24
 1.00802581e-22 1.96354804e-17 9.34218690e-01 5.98061732e-15
 9.25680328e-18 2.79894120e-24]
[7.95809294e-02 2.25024049e-17 2.12272644e-15 3.36963610e-26
 3.36022457e-23 4.53450117e-22 9.20419071e-01 2.59808911e-13
 1.12461678e-16 2.84032432e-23]
[9.20403331e-02 4.10522367e-09 1.02138972e-03 5.00892708e-20
 6.53226990e-17 1.46173373e-13 9.06911887e-01 6.22412349e-07
 2.57640278e-05 4.83109165e-17]
[1.16080228e-01 8.55143966e-04 1.10502328e-03 7.21803722e-12
 1.62932733e-10 3.99519949e-08 8.79973254e-01 8.82376699e-04
 1.10393379e-03 4.14408059e-10]
[1.38212558e-01 1.24427490e-03 3.11077450e-03 5.48049814e-09
 1.06805875e-07 7.92307912e-06 8.54142942e-01 1.18886541e-03
 2.09202829e-03 5.21824217e-07]
[1.60951759e-01 2.11770829e-03 5.24485019e-03 1.68877841e-06
 6.50252080e-05 1.19066427e-03 8.25122985e-01 1.10675656e-03
 3.16454041e-03 1.03402178e-03]
[1.74061642e-01 3.06026846e-03 8.33234408e-03 1.03943878e-03
 2.72680989e-04 2.20478940e-03 8.04855645e-01 8.47959922e-04
 3.37722783e-03 1.94800313e-03]
[1.93919902e-01 4.06613442e-03 1.42873414e-02 2.05711874e-03
 7.31898896e-05 4.19453921e-03 7.69826672e-01 1.03294348e-03
 6.27788436e-03 4.26427534e-03]
[1.97539250e-01 5.42345251e-03 2.09500692e-02 3.17462037e-03
 2.40570108e-04 5.17142315e-03 7.40254697e-01 9.93640289e-04
 9.51815947e-03 1.67341176e-02]
[0.20651219 0.00750234 0.02301714 0.00314873 0.00101133 0.00654466
 0.70152075 0.00129773 0.01167225 0.03777287]
[0.21566128 0.01444438 0.02447311 0.0065368  0.00121977 0.00842067
 0.65845215 0.00138823 0.01732455 0.05207904]
[0.2175447  0.01875347 0.02704683 0.00838279 0.00117079 0.0106033
 0.62482006 0.00134275 0.02762425 0.06271106]
[0.22955161 0.02299687 0.02846546 0.01215397 0.00155515 0.01534474
 0.58780263 0.00198143 0.03326437 0.06688376]
[0.23074954 0.02581721 0.02923536 0.01580925 0.0021141  0.02140471
 0.55636073 0.00402395 0.03781025 0.07667489]
[0.23199112 0.02940631 0.0294968  0.02044513 0.0022766  0.02464467
 0.54305638 0.00504106 0.03653356 0.07710838]
[0.23607308 0.02943858 0.03266768 0.02508205 0.00315365 0.03093945
 0.51178186 0.00525559 0.03763647 0.08797159]
[0.23449406 0.03107004 0.03467333 0.03104659 0.00516202 0.03432709
 0.4833191  0.00633712 0.03955388 0.10001678]
[0.23957867 0.03349761 0.03720528 0.0353774  0.00632655 0.03704539
 0.4619549  0.00836034 0.04118056 0.09947329]
[0.22811311 0.03665094 0.04250781 0.03880788 0.00940426 0.03828781
 0.44922774 0.01339258 0.0432365  0.10037136]
[0.23237045 0.04408286 0.04577593 0.04365963 0.01176814 0.04394791
 0.41583999 0.01507814 0.04208619 0.10539076]
[0.22923088 0.0473712  0.04635791 0.04281745 0.01361008 0.04825972
 0.39868169 0.01682104 0.04791676 0.10893326]
[0.23033164 0.05251407 0.04441508 0.04440611 0.015014   0.0521131
 0.37973719 0.0186602  0.05262805 0.11018057]
[0.23062028 0.05476148 0.04392068 0.04655458 0.01659202 0.05207134
 0.36745219 0.02307313 0.05505445 0.10989986]
[0.23255726 0.05939107 0.04549222 0.04919903 0.01808878 0.0524623
 0.35058297 0.02459433 0.05748788 0.11014415]
[0.23006824 0.06200684 0.04673824 0.0512495  0.01917991 0.05464971
 0.33719886 0.02631693 0.06010046 0.1124913 ]
[0.22885556 0.06229898 0.04564537 0.05176949 0.02217939 0.0569532
 0.33218323 0.02986962 0.06067565 0.10956951]
[0.22512576 0.06309    0.04387985 0.05242132 0.02499182 0.05463389
 0.33116566 0.03282354 0.0589199  0.11294827]
[0.22735932 0.06520526 0.04292213 0.05359087 0.0247439  0.05601208
 0.31931842 0.03439261 0.06148081 0.11497461]
step 1.3
step 1.1
step 1.2
[1.23336982e-12 4.66583208e-11 4.69621994e-18 1.68029339e-27
 6.95134859e-36 2.44993778e-02 3.51074395e-01 4.29679165e-33
 1.04695248e-03 6.23379275e-01]
[1.79784250e-12 6.59870657e-09 4.34646934e-09 2.71382365e-20
 2.60573011e-22 2.96384996e-01 4.38333491e-01 2.42025316e-25
 1.05509658e-03 2.64226405e-01]
[3.05686784e-10 1.17805774e-04 4.21101123e-03 2.56075852e-16
 6.01960529e-24 5.20174495e-01 3.02743542e-01 1.13709421e-21
 1.14858605e-03 1.71604559e-01]
[8.15665657e-06 1.51967035e-03 5.71779352e-02 8.09517631e-16
 4.16620031e-24 5.68162259e-01 2.34012129e-01 3.17123230e-18
 1.24363533e-03 1.37876215e-01]
[9.93021718e-04 2.03499484e-03 1.80622992e-01 1.39971217e-12
 6.39521526e-12 4.83986514e-01 2.11359300e-01 2.26514164e-10
 1.11330001e-03 1.19889877e-01]
[1.03144876e-03 3.03890561e-03 2.52596995e-01 1.96510297e-05
 8.54008122e-05 4.29231224e-01 1.99527071e-01 9.83134705e-04
 1.03736145e-03 1.12448808e-01]
[1.01186707e-03 4.19295865e-03 2.88201342e-01 7.86618448e-04
 2.62267924e-04 3.97806675e-01 1.98336992e-01 9.43431275e-04
 1.09760323e-03 1.07360244e-01]
[0.00133644 0.00422909 0.30089685 0.00125613 0.00084499 0.37873264
 0.20256015 0.00071033 0.00128161 0.10815177]
[0.00210378 0.00626643 0.30752246 0.00110379 0.00107275 0.37184491
 0.197519   0.001039   0.00103202 0.11049586]
[0.0031252  0.00848117 0.3064032  0.00117704 0.00281967 0.3748261
 0.19155721 0.00104922 0.00110445 0.10945674]
[0.00622053 0.0134748  0.30508169 0.00115179 0.00342253 0.36820849
 0.19102604 0.00118754 0.00207595 0.10815064]
[0.01767674 0.01563069 0.29868864 0.00103042 0.00400566 0.35362854
 0.19680672 0.00096751 0.00206999 0.10949509]
[0.02563656 0.01958094 0.29373587 0.00100412 0.00425405 0.34294567
 0.1975701  0.00097529 0.00226649 0.1120309 ]
[0.03135043 0.02419844 0.28977413 0.00092265 0.00521958 0.33704479
 0.19606382 0.00096872 0.00329882 0.11115862]
[0.03565402 0.02932877 0.28311977 0.00109218 0.00620224 0.33487937
 0.19457682 0.0009205  0.00412042 0.1101059 ]
[0.04143908 0.03486026 0.28106189 0.00092179 0.00723141 0.3242496
 0.19632755 0.00091369 0.00375555 0.10923918]
[0.04756967 0.04166203 0.27642156 0.00103056 0.00839026 0.31597956
 0.19409374 0.00115391 0.00408435 0.10961436]
[0.05217163 0.04525999 0.26931505 0.00105808 0.01040287 0.31441759
 0.18987513 0.00120434 0.0042443  0.11205102]
[0.05822123 0.0458228  0.26410918 0.00101641 0.0114228  0.31198661
 0.18953317 0.00113519 0.0042739  0.1124787 ]
[0.06176059 0.04864408 0.26159286 0.00100675 0.01172659 0.30616352
 0.191298   0.00107714 0.0045339  0.11219657]
[0.06748536 0.05028915 0.2561017  0.00094341 0.01259378 0.2995319
 0.19412118 0.0008478  0.0048724  0.11321331]
[0.07290403 0.05434671 0.24904991 0.00099972 0.01345399 0.29243899
 0.19581901 0.00080135 0.00526876 0.11491752]
[0.08159088 0.05616006 0.24405338 0.00129281 0.01379056 0.28421172
 0.19565664 0.00147116 0.00625835 0.11551445]
[0.08747204 0.06046364 0.24037231 0.001359   0.01568505 0.27426773
 0.19776111 0.00135846 0.00705438 0.11420628]
[0.09221839 0.06206237 0.23711421 0.00132909 0.01683423 0.27079625
 0.19731507 0.00139932 0.0075759  0.11335518]
[0.09677685 0.06562159 0.23325691 0.00122681 0.01754002 0.26743215
 0.19690507 0.00109417 0.0082179  0.11192852]
[0.09984751 0.06763174 0.23090356 0.00204452 0.0199198  0.26338785
 0.19783909 0.00089206 0.00853649 0.10899739]
[0.10049372 0.06829452 0.22700125 0.00234327 0.02106815 0.26336812
 0.1975371  0.00130165 0.00985176 0.10874046]
[0.10177472 0.06959541 0.22445511 0.00294686 0.02445909 0.26225058
 0.1970503  0.00137528 0.01125243 0.10484022]
[0.10381567 0.07381728 0.2223205  0.00304266 0.02590566 0.25671546
 0.19452336 0.0010925  0.01201071 0.1067562 ]
step 1.3
step 1.1
step 1.2
[1.18232905e-10 6.43769394e-13 3.36086445e-11 1.38231877e-12
 1.36132068e-10 1.05819875e-03 5.88322146e-22 1.07394595e-02
 1.06963136e-03 9.87132710e-01]
[3.07515273e-07 1.89380173e-11 5.23985771e-06 2.08686723e-03
 1.01332101e-03 9.28643333e-04 2.55952546e-14 4.39157536e-03
 4.23973147e-03 9.87334314e-01]
[1.11390010e-03 9.86310057e-10 1.10449987e-03 5.50931722e-02
 1.29915368e-03 9.57869295e-04 9.49665372e-06 5.46049272e-03
 1.26458654e-02 9.22315549e-01]
[1.17812699e-03 4.82475719e-08 2.14409616e-03 1.92837856e-01
 1.35274359e-03 1.00620740e-03 1.02537975e-03 8.79554656e-03
 1.57128790e-02 7.75947116e-01]
[1.06526528e-03 1.93858636e-06 2.27524498e-03 2.93995616e-01
 3.22324557e-03 1.14806916e-03 1.20029204e-03 9.79101293e-03
 2.24902325e-02 6.64809083e-01]
[0.00088283 0.00111104 0.00314576 0.36116553 0.00426121 0.001122
 0.00327077 0.01190288 0.02773419 0.58540377]
[0.00095178 0.00182153 0.00628968 0.40066459 0.00537158 0.00104584
 0.00631344 0.01168487 0.03626815 0.52958855]
[0.00087331 0.00260987 0.01814679 0.42738497 0.00685223 0.00122868
 0.01076548 0.01181359 0.04181776 0.47850733]
[0.00106613 0.00340573 0.03374148 0.43331527 0.00692581 0.00114523
 0.0160442  0.01336463 0.04674253 0.44424899]
[0.00121112 0.00635482 0.0450539  0.44032384 0.00733083 0.00117588
 0.02364725 0.0134612  0.05213228 0.40930887]
[0.00136814 0.01089097 0.06416075 0.43451062 0.00947761 0.00122445
 0.02911986 0.0134874  0.05560983 0.38015037]
[0.0014641  0.01246345 0.07512023 0.4255475  0.01014186 0.00104329
 0.0417275  0.01348122 0.05959339 0.35941746]
[0.00130439 0.01382357 0.08408397 0.40966226 0.01105867 0.00120772
 0.05698509 0.01476891 0.06416377 0.34294166]
[0.00192773 0.01462756 0.09354221 0.39839102 0.01274317 0.00117251
 0.07356556 0.01440243 0.06550211 0.3241257 ]
[0.00234394 0.01928012 0.10368482 0.38544972 0.01431583 0.00099816
 0.08449526 0.0139539  0.06590004 0.30957822]
[0.00224498 0.02294889 0.10867758 0.37218549 0.01599561 0.00096912
 0.08912404 0.01391637 0.0695636  0.30437431]
[0.00231011 0.02723586 0.11287313 0.3646248  0.01714568 0.00150676
 0.09594749 0.01401452 0.06918307 0.29515858]
[0.00286613 0.03221037 0.11946308 0.34860817 0.01820484 0.00130996
 0.10733409 0.01343697 0.069406   0.2871604 ]
[0.00302482 0.03403332 0.12250045 0.33875711 0.01850546 0.00100214
 0.11925707 0.01438877 0.07141232 0.27711856]
[0.00314077 0.03870312 0.1286196  0.32356334 0.02143578 0.00167705
 0.12843655 0.01438205 0.07266737 0.26737436]
[0.00376228 0.04237606 0.13507714 0.31552079 0.02448945 0.00135415
 0.1347585  0.01422796 0.07013998 0.25829369]
[0.00650524 0.044315   0.13678447 0.3067947  0.02645975 0.00210313
 0.14193198 0.01410215 0.06748183 0.25352174]
[0.00663295 0.04762346 0.14008111 0.29642787 0.02736002 0.002222
 0.15239233 0.01362976 0.06907812 0.24455238]
[0.00730607 0.05062912 0.14152453 0.28746653 0.02820684 0.00318165
 0.16234946 0.01432775 0.07019957 0.23480849]
[0.00738113 0.0551033  0.14087102 0.28041155 0.02835802 0.00337985
 0.16751335 0.01357439 0.07128214 0.23212526]
[0.00764782 0.0661118  0.1415936  0.27338885 0.03094546 0.00351209
 0.17054969 0.01443123 0.07302636 0.21879311]
[0.00790558 0.07005992 0.14166312 0.26818066 0.03337331 0.00389934
 0.17583292 0.0134449  0.07255998 0.21308028]
[0.00843421 0.07726863 0.14121275 0.26000413 0.03443348 0.00428893
 0.17420191 0.01458649 0.07312567 0.21244379]
[0.00845144 0.08085611 0.14451317 0.25307212 0.03782804 0.00415315
 0.17224125 0.01510831 0.0742205  0.2095559 ]
[0.0084849  0.08382992 0.14490602 0.25016194 0.0394669  0.00445102
 0.17456054 0.01446071 0.07463098 0.20504707]
step 1.3
step 1.1
step 1.2
[5.05735377e-13 1.35311490e-20 9.99959857e-01 1.53916126e-20
 1.92538270e-22 9.58330723e-18 4.01432452e-05 2.33203532e-16
 8.88728056e-20 1.69852514e-15]
[2.69632727e-06 2.36742667e-18 9.96824958e-01 1.38228893e-19
 2.12930279e-21 2.33975349e-16 3.17225395e-03 9.15079360e-08
 6.51900032e-16 1.47797933e-10]
[1.08246775e-03 1.33146013e-11 9.89399425e-01 3.35285713e-12
 8.41334717e-15 2.18216720e-07 7.41747998e-03 1.04799467e-03
 6.59597612e-10 1.05241357e-03]
[3.29565758e-03 5.24612423e-05 9.73885139e-01 1.21542876e-05
 4.87053009e-07 1.00621571e-03 1.35413667e-02 4.08476106e-03
 1.00959684e-03 3.11216072e-03]
[5.09066727e-03 1.10678248e-03 9.57584391e-01 3.19496286e-03
 1.14032878e-04 2.20304640e-03 1.36033643e-02 6.59922851e-03
 2.04535522e-03 8.45816894e-03]
[6.30445143e-03 2.14279776e-03 9.35031098e-01 9.26637063e-03
 8.14261597e-04 6.35559127e-03 1.47077251e-02 7.38506694e-03
 3.47871914e-03 1.45139179e-02]
[0.00853053 0.00413096 0.89334763 0.01584921 0.00209084 0.01177174
 0.02086632 0.01895957 0.00427967 0.02017353]
[0.00876186 0.0052829  0.86022454 0.03036638 0.0021628  0.01360706
 0.02216589 0.02949836 0.00468685 0.02324335]
[0.01152971 0.00532288 0.82382115 0.03902622 0.00210657 0.01698042
 0.02555111 0.04529127 0.00526134 0.02510934]
[0.01102166 0.00542677 0.77995191 0.052283   0.00220749 0.02375458
 0.02915128 0.06399334 0.00529935 0.02691062]
[0.01366739 0.00527514 0.73937892 0.06318537 0.0021071  0.03150472
 0.03049378 0.08246555 0.0052614  0.02666063]
[0.01582133 0.00535627 0.69193687 0.07190616 0.00211685 0.04068296
 0.03356509 0.10492814 0.00627303 0.02741329]
[0.02101095 0.00575769 0.65863725 0.07501431 0.00217428 0.04836101
 0.0355268  0.11888847 0.00631513 0.02831411]
[0.02201727 0.007326   0.62713527 0.07767388 0.00313996 0.05683267
 0.03796315 0.13324769 0.00631717 0.02834696]
[0.02618464 0.00933486 0.59911308 0.0759162  0.00419576 0.06007109
 0.03881144 0.15067173 0.00633459 0.02936663]
[0.0398937  0.00838238 0.5664535  0.07385912 0.00629453 0.06408958
 0.03846655 0.16618572 0.00634443 0.03003049]
[0.05672702 0.00957746 0.54031748 0.07219681 0.00630045 0.06843845
 0.03793532 0.17215646 0.00622695 0.0301236 ]
[0.08006197 0.00976655 0.51620846 0.0650079  0.00648598 0.07263489
 0.03632333 0.17672017 0.00715969 0.02963106]
[0.0992467  0.00961293 0.49505546 0.06437081 0.00720916 0.07358109
 0.03673351 0.17691669 0.00728806 0.02998559]
[0.11255001 0.01129863 0.46967868 0.06559604 0.00631543 0.07754188
 0.03816652 0.17865793 0.00971984 0.03047506]
[0.12507445 0.01542786 0.44940191 0.06504643 0.00643169 0.08207151
 0.03554751 0.17775993 0.01250393 0.03073478]
[0.13375217 0.01784095 0.42994073 0.06410207 0.00732359 0.08286923
 0.03675146 0.18103876 0.01556033 0.0308207 ]
[0.14206805 0.02027786 0.41770352 0.0635431  0.00844272 0.08380963
 0.03736449 0.17951091 0.01664179 0.03063792]
[0.14718739 0.02110757 0.40266604 0.06341804 0.00949192 0.08862315
 0.0379382  0.1816786  0.01945967 0.02842942]
[0.15372997 0.02172536 0.39176466 0.06425931 0.01046964 0.08879269
 0.03803403 0.18224747 0.02104355 0.02793332]
[0.15626445 0.02591596 0.38376104 0.06809621 0.0125434  0.08837956
 0.03774713 0.17763528 0.02222929 0.02742768]
[0.16802578 0.02623355 0.36734868 0.07018021 0.01447087 0.08931692
 0.03796186 0.17580721 0.02509494 0.02555996]
[0.18034169 0.03051545 0.35329842 0.07029628 0.0158567  0.09072562
 0.03771294 0.16918946 0.02667382 0.02538963]
[0.19230811 0.03358259 0.33448144 0.0714034  0.01680671 0.09192526
 0.03790688 0.16828078 0.02762458 0.02568025]
[0.19667359 0.04013368 0.32775369 0.07387486 0.01684554 0.09185251
 0.03783399 0.16094826 0.02879973 0.02528414]
step 1.3
step 1.1
step 1.2
[9.66904115e-01 4.17750744e-04 2.15082396e-30 3.49234564e-15
 8.63450277e-31 3.26781340e-02 4.58036715e-45 8.80999636e-34
 2.67846451e-13 1.02311580e-17]
[6.07185624e-01 1.03111683e-03 3.06439145e-19 2.08915883e-06
 8.40665827e-11 3.91781169e-01 1.80741239e-37 8.10456007e-27
 4.60309499e-10 7.60712351e-10]
[3.42041404e-01 2.08647255e-03 1.64635552e-12 9.26704082e-03
 1.22637153e-03 6.44333400e-01 6.96958032e-27 8.52672276e-18
 3.31413520e-05 1.01216959e-03]
[2.39007232e-01 3.67223305e-03 2.91710269e-07 1.56238161e-02
 4.20755581e-03 7.34361238e-01 1.07944154e-15 7.38529533e-08
 1.05216354e-03 2.07539556e-03]
[1.84047811e-01 9.73122307e-03 4.41806171e-03 1.78190005e-02
 7.38978904e-03 7.70620710e-01 5.37834615e-05 8.56710494e-04
 2.06160483e-03 3.00130547e-03]
[0.15889191 0.0168353  0.01551746 0.01884458 0.01352524 0.76553366
 0.00085944 0.00134255 0.00470077 0.00394909]
[0.14314723 0.02387524 0.02589178 0.01779916 0.01978656 0.73529213
 0.00080538 0.00102039 0.02401864 0.00836349]
[0.12934815 0.03510459 0.03918268 0.01682646 0.03113269 0.6926018
 0.00161262 0.0009547  0.03854107 0.01469525]
[0.12287043 0.04876259 0.04754119 0.01704326 0.03487774 0.65848583
 0.00098729 0.00102128 0.04868727 0.01972312]
[0.12128666 0.05441425 0.05924737 0.0172577  0.0390602  0.61610072
 0.00154573 0.00164671 0.06598154 0.02345913]
[0.12025707 0.05616169 0.06620063 0.01926385 0.04193469 0.58758566
 0.00141617 0.00114775 0.07796112 0.02807138]
[0.12283262 0.05961802 0.07450353 0.0182296  0.0451892  0.55129996
 0.00184275 0.00131527 0.09493251 0.03023655]
[0.12500821 0.06495578 0.08147425 0.01803803 0.04823559 0.51590742
 0.00292884 0.00255141 0.10987067 0.0310298 ]
[0.13042827 0.06794082 0.09360847 0.01909857 0.04848152 0.47383276
 0.00326464 0.00218001 0.12518317 0.03598177]
[0.13025491 0.07148214 0.09531266 0.02100104 0.04918883 0.45642049
 0.00401995 0.00242545 0.13155985 0.03833468]
[0.1284304  0.07440562 0.10148939 0.02387997 0.05060483 0.43733569
 0.00438898 0.00417811 0.13425104 0.04103598]
[0.12624861 0.07569412 0.10753452 0.02453097 0.05525021 0.41808981
 0.00755653 0.00621604 0.13707443 0.04180476]
[0.12370229 0.07824538 0.1104924  0.02436792 0.05938254 0.39650671
 0.01283818 0.00928316 0.14128335 0.04389806]
[0.12221427 0.08174256 0.11433849 0.02641494 0.06219203 0.37918364
 0.0131976  0.01027121 0.14592097 0.04452429]
[0.12256244 0.08325509 0.11831391 0.02659512 0.06373405 0.35968273
 0.01451678 0.01311692 0.15037053 0.04785244]
[0.12113719 0.08385101 0.12084327 0.0240558  0.06411919 0.34659618
 0.01865451 0.01405757 0.15554014 0.05114514]
[0.12012741 0.08620307 0.12141624 0.02460394 0.06968947 0.33056468
 0.02165393 0.01454766 0.15707647 0.05411714]
[0.11944856 0.08790058 0.12285335 0.02469291 0.07262306 0.31899672
 0.02724466 0.01616379 0.15564758 0.05442878]
[0.12167683 0.08703762 0.12634403 0.02833284 0.07478073 0.30396533
 0.02945387 0.01940189 0.15364006 0.05536681]
[0.12397156 0.08789527 0.12559126 0.02649839 0.07601091 0.2914189
 0.03233639 0.0227383  0.15485207 0.05868695]
[0.11914627 0.08573596 0.12893525 0.02688741 0.07873876 0.28560076
 0.03704536 0.02744691 0.1510248  0.05943854]
[0.1176235  0.08405454 0.12887007 0.02753514 0.08132215 0.281629
 0.03945557 0.03021585 0.14809167 0.06120251]
[0.11679417 0.08425133 0.12861399 0.02754741 0.0840545  0.27671683
 0.03999036 0.03293761 0.14567511 0.06341869]
[0.12057792 0.08288502 0.12817159 0.02813588 0.08594077 0.26652626
 0.04377266 0.03379564 0.1442662  0.06592805]
[0.12036358 0.08330117 0.12860903 0.02928027 0.08869782 0.25739307
 0.04484706 0.03488599 0.14530675 0.06731528]
step 1.3
bc shape torch.Size([10, 10, 512])
step 2
step 2.1
step 2.2
get_images call
per-class-batchnorm:  True
per-class-batchnorm:  True
per-class-batchnorm:  True
per-class-batchnorm:  True
per-class-batchnorm:  True
per-class-batchnorm:  True
per-class-batchnorm:  True
per-class-batchnorm:  True
per-class-batchnorm:  True
per-class-batchnorm:  True
per-class-batchnorm:  True
per-class-batchnorm:  True
per-class-batchnorm:  True
per-class-batchnorm:  True
per-class-batchnorm:  True
per-class-batchnorm:  True
per-class-batchnorm:  True
per-class-batchnorm:  True
per-class-batchnorm:  True
per-class-batchnorm:  True
------------iteration 0----------
total loss 2446.5854899278675
main criterion 78.30594891224226
weighted_aux_loss 2368.279541015625
loss_r_bn_feature 2368.279541015625
------------iteration 100----------
total loss 455.94006035190176
main criterion 36.587277148776785
weighted_aux_loss 419.352783203125
loss_r_bn_feature 419.352783203125
------------iteration 200----------
total loss 331.7851008851952
main criterion 35.18393511371082
weighted_aux_loss 296.6011657714844
loss_r_bn_feature 296.6011657714844
------------iteration 300----------
total loss 358.28216702353365
main criterion 34.0067153633774
weighted_aux_loss 324.27545166015625
loss_r_bn_feature 324.27545166015625
------------iteration 400----------
total loss 458.3344640870043
main criterion 41.12578488778553
weighted_aux_loss 417.20867919921875
loss_r_bn_feature 417.20867919921875
------------iteration 500----------
total loss 340.76464308872886
main criterion 37.98324050083823
weighted_aux_loss 302.7814025878906
loss_r_bn_feature 302.7814025878906
------------iteration 600----------
total loss 321.79923405055064
main criterion 30.709817546644384
weighted_aux_loss 291.08941650390625
loss_r_bn_feature 291.08941650390625
------------iteration 700----------
total loss 318.44576653553173
main criterion 30.736538019906707
weighted_aux_loss 287.709228515625
loss_r_bn_feature 287.709228515625
------------iteration 800----------
total loss 494.56656249530033
main criterion 44.90527709490969
weighted_aux_loss 449.6612854003906
loss_r_bn_feature 449.6612854003906
------------iteration 900----------
total loss 358.56846559469653
main criterion 37.53092897360279
weighted_aux_loss 321.03753662109375
loss_r_bn_feature 321.03753662109375
------------iteration 1000----------
total loss 253.01507892430521
main criterion 27.065982244617725
weighted_aux_loss 225.9490966796875
loss_r_bn_feature 225.9490966796875
------------iteration 1100----------
total loss 225.5566322053106
main criterion 27.715842410388706
weighted_aux_loss 197.84078979492188
loss_r_bn_feature 197.84078979492188
------------iteration 1200----------
total loss 171.20790559849706
main criterion 24.18060762486425
weighted_aux_loss 147.0272979736328
loss_r_bn_feature 147.0272979736328
------------iteration 1300----------
total loss 200.18313216882322
main criterion 30.738399502807592
weighted_aux_loss 169.44473266601562
loss_r_bn_feature 169.44473266601562
------------iteration 1400----------
total loss 204.22592210443474
main criterion 26.68386888177848
weighted_aux_loss 177.54205322265625
loss_r_bn_feature 177.54205322265625
------------iteration 1500----------
total loss 136.01082928140926
main criterion 23.9039338346319
weighted_aux_loss 112.10689544677734
loss_r_bn_feature 112.10689544677734
------------iteration 1600----------
total loss 287.35301075974456
main criterion 41.082502947244585
weighted_aux_loss 246.2705078125
loss_r_bn_feature 246.2705078125
------------iteration 1700----------
total loss 184.1717730962437
main criterion 30.37093081108744
weighted_aux_loss 153.80084228515625
loss_r_bn_feature 153.80084228515625
------------iteration 1800----------
total loss 163.39444201191353
main criterion 26.915544917186963
weighted_aux_loss 136.47889709472656
loss_r_bn_feature 136.47889709472656
------------iteration 1900----------
total loss 140.3840067543451
main criterion 29.877689615673226
weighted_aux_loss 110.50631713867188
loss_r_bn_feature 110.50631713867188
=> using pytorch pre-trained model 'resnet18'
process data from ../recover/syn_data/imagenette/277
  0%|          | 0/300 [00:00<?, ?it/s]  0%|          | 1/300 [00:01<09:36,  1.93s/it]  1%|          | 2/300 [00:02<05:46,  1.16s/it]  1%|          | 3/300 [00:03<04:32,  1.09it/s]  1%|▏         | 4/300 [00:03<03:56,  1.25it/s]  2%|▏         | 5/300 [00:04<03:37,  1.35it/s]  2%|▏         | 6/300 [00:05<03:26,  1.43it/s]  2%|▏         | 7/300 [00:05<03:18,  1.48it/s]  3%|▎         | 8/300 [00:06<03:13,  1.51it/s]  3%|▎         | 9/300 [00:06<03:10,  1.52it/s]  3%|▎         | 10/300 [00:07<03:06,  1.55it/s]  4%|▎         | 11/300 [00:08<03:05,  1.56it/s]  4%|▍         | 12/300 [00:08<03:03,  1.57it/s]  4%|▍         | 13/300 [00:09<03:01,  1.58it/s]  5%|▍         | 14/300 [00:10<03:01,  1.58it/s]  5%|▌         | 15/300 [00:10<03:00,  1.58it/s]  5%|▌         | 16/300 [00:11<02:59,  1.58it/s]  6%|▌         | 17/300 [00:11<02:56,  1.60it/s]  6%|▌         | 18/300 [00:12<02:56,  1.60it/s]  6%|▋         | 19/300 [00:13<02:55,  1.60it/s]  7%|▋         | 20/300 [00:13<02:55,  1.59it/s]  7%|▋         | 21/300 [00:14<02:54,  1.60it/s]  7%|▋         | 22/300 [00:15<02:54,  1.59it/s]  8%|▊         | 23/300 [00:15<02:53,  1.59it/s]  8%|▊         | 24/300 [00:16<02:53,  1.59it/s]  8%|▊         | 25/300 [00:16<02:51,  1.61it/s]  9%|▊         | 26/300 [00:17<02:48,  1.63it/s]  9%|▉         | 27/300 [00:18<02:46,  1.64it/s]  9%|▉         | 28/300 [00:18<02:45,  1.65it/s] 10%|▉         | 29/300 [00:19<02:43,  1.66it/s] 10%|█         | 30/300 [00:19<02:42,  1.67it/s] 10%|█         | 31/300 [00:20<02:42,  1.65it/s] 11%|█         | 32/300 [00:21<02:42,  1.64it/s] 11%|█         | 33/300 [00:21<02:42,  1.64it/s] 11%|█▏        | 34/300 [00:22<02:41,  1.64it/s] 12%|█▏        | 35/300 [00:23<02:40,  1.65it/s] 12%|█▏        | 36/300 [00:23<02:40,  1.65it/s] 12%|█▏        | 37/300 [00:24<02:40,  1.64it/s] 13%|█▎        | 38/300 [00:24<02:39,  1.64it/s] 13%|█▎        | 39/300 [00:25<02:38,  1.65it/s] 13%|█▎        | 40/300 [00:26<02:38,  1.64it/s] 14%|█▎        | 41/300 [00:26<02:38,  1.64it/s] 14%|█▍        | 42/300 [00:27<02:37,  1.64it/s] 14%|█▍        | 43/300 [00:27<02:35,  1.65it/s] 15%|█▍        | 44/300 [00:28<02:34,  1.65it/s] 15%|█▌        | 45/300 [00:29<02:34,  1.66it/s] 15%|█▌        | 46/300 [00:29<02:34,  1.65it/s] 16%|█▌        | 47/300 [00:30<02:32,  1.66it/s] 16%|█▌        | 48/300 [00:30<02:31,  1.66it/s] 16%|█▋        | 49/300 [00:31<02:31,  1.66it/s] 17%|█▋        | 50/300 [00:32<02:31,  1.65it/s] 17%|█▋        | 51/300 [00:32<02:31,  1.64it/s] 17%|█▋        | 52/300 [00:33<02:30,  1.65it/s] 18%|█▊        | 53/300 [00:33<02:30,  1.64it/s] 18%|█▊        | 54/300 [00:34<02:29,  1.65it/s] 18%|█▊        | 55/300 [00:35<02:28,  1.65it/s] 19%|█▊        | 56/300 [00:35<02:28,  1.65it/s] 19%|█▉        | 57/300 [00:36<02:28,  1.64it/s] 19%|█▉        | 58/300 [00:36<02:26,  1.65it/s] 20%|█▉        | 59/300 [00:37<02:25,  1.65it/s] 20%|██        | 60/300 [00:38<02:25,  1.65it/s] 20%|██        | 61/300 [00:38<02:24,  1.66it/s] 21%|██        | 62/300 [00:39<02:23,  1.66it/s] 21%|██        | 63/300 [00:39<02:23,  1.66it/s] 21%|██▏       | 64/300 [00:40<02:22,  1.66it/s] 22%|██▏       | 65/300 [00:41<02:21,  1.66it/s] 22%|██▏       | 66/300 [00:41<02:20,  1.66it/s] 22%|██▏       | 67/300 [00:42<02:20,  1.66it/s] 23%|██▎       | 68/300 [00:42<02:19,  1.67it/s] 23%|██▎       | 69/300 [00:43<02:18,  1.67it/s] 23%|██▎       | 70/300 [00:44<02:18,  1.66it/s] 24%|██▎       | 71/300 [00:44<02:18,  1.66it/s] 24%|██▍       | 72/300 [00:45<02:17,  1.66it/s] 24%|██▍       | 73/300 [00:46<02:17,  1.65it/s] 25%|██▍       | 74/300 [00:46<02:18,  1.64it/s] 25%|██▌       | 75/300 [00:47<02:17,  1.64it/s] 25%|██▌       | 76/300 [00:47<02:16,  1.64it/s] 26%|██▌       | 77/300 [00:48<02:16,  1.64it/s] 26%|██▌       | 78/300 [00:49<02:14,  1.65it/s] 26%|██▋       | 79/300 [00:49<02:13,  1.65it/s] 27%|██▋       | 80/300 [00:50<02:13,  1.65it/s] 27%|██▋       | 81/300 [00:50<02:12,  1.65it/s] 27%|██▋       | 82/300 [00:51<02:13,  1.64it/s] 28%|██▊       | 83/300 [00:52<02:12,  1.64it/s] 28%|██▊       | 84/300 [00:52<02:10,  1.65it/s] 28%|██▊       | 85/300 [00:53<02:10,  1.65it/s] 29%|██▊       | 86/300 [00:53<02:09,  1.65it/s] 29%|██▉       | 87/300 [00:54<02:08,  1.65it/s] 29%|██▉       | 88/300 [00:55<02:08,  1.65it/s] 30%|██▉       | 89/300 [00:55<02:08,  1.65it/s] 30%|███       | 90/300 [00:56<02:08,  1.64it/s] 30%|███       | 91/300 [00:56<02:07,  1.64it/s] 31%|███       | 92/300 [00:57<02:06,  1.64it/s] 31%|███       | 93/300 [00:58<02:05,  1.65it/s] 31%|███▏      | 94/300 [00:58<02:05,  1.64it/s] 32%|███▏      | 95/300 [00:59<02:05,  1.64it/s] 32%|███▏      | 96/300 [01:00<02:05,  1.63it/s] 32%|███▏      | 97/300 [01:00<02:03,  1.64it/s] 33%|███▎      | 98/300 [01:01<02:03,  1.64it/s] 33%|███▎      | 99/300 [01:01<02:02,  1.64it/s] 33%|███▎      | 100/300 [01:02<02:02,  1.64it/s] 34%|███▎      | 101/300 [01:03<02:01,  1.64it/s] 34%|███▍      | 102/300 [01:03<01:59,  1.65it/s] 34%|███▍      | 103/300 [01:04<01:59,  1.65it/s] 35%|███▍      | 104/300 [01:04<01:59,  1.65it/s] 35%|███▌      | 105/300 [01:05<01:58,  1.65it/s] 35%|███▌      | 106/300 [01:06<01:57,  1.65it/s] 36%|███▌      | 107/300 [01:06<01:56,  1.66it/s] 36%|███▌      | 108/300 [01:07<01:56,  1.65it/s] 36%|███▋      | 109/300 [01:07<01:55,  1.65it/s] 37%|███▋      | 110/300 [01:08<01:55,  1.65it/s] 37%|███▋      | 111/300 [01:09<01:54,  1.64it/s] 37%|███▋      | 112/300 [01:09<01:53,  1.66it/s] 38%|███▊      | 113/300 [01:10<01:53,  1.65it/s] 38%|███▊      | 114/300 [01:10<01:52,  1.65it/s] 38%|███▊      | 115/300 [01:11<01:52,  1.65it/s] 39%|███▊      | 116/300 [01:12<01:52,  1.64it/s] 39%|███▉      | 117/300 [01:12<01:50,  1.65it/s] 39%|███▉      | 118/300 [01:13<01:50,  1.65it/s] 40%|███▉      | 119/300 [01:13<01:50,  1.64it/s] 40%|████      | 120/300 [01:14<01:49,  1.64it/s] 40%|████      | 121/300 [01:15<01:48,  1.64it/s] 41%|████      | 122/300 [01:15<01:48,  1.65it/s] 41%|████      | 123/300 [01:16<01:47,  1.64it/s] 41%|████▏     | 124/300 [01:17<01:47,  1.63it/s] 42%|████▏     | 125/300 [01:17<01:46,  1.64it/s] 42%|████▏     | 126/300 [01:18<01:45,  1.64it/s] 42%|████▏     | 127/300 [01:18<01:45,  1.65it/s] 43%|████▎     | 128/300 [01:19<01:44,  1.64it/s] 43%|████▎     | 129/300 [01:20<01:43,  1.65it/s] 43%|████▎     | 130/300 [01:20<01:43,  1.64it/s] 44%|████▎     | 131/300 [01:21<01:43,  1.64it/s] 44%|████▍     | 132/300 [01:21<01:42,  1.64it/s] 44%|████▍     | 133/300 [01:22<01:41,  1.64it/s] 45%|████▍     | 134/300 [01:23<01:40,  1.65it/s] 45%|████▌     | 135/300 [01:23<01:40,  1.65it/s] 45%|████▌     | 136/300 [01:24<01:39,  1.65it/s] 46%|████▌     | 137/300 [01:24<01:38,  1.65it/s] 46%|████▌     | 138/300 [01:25<01:38,  1.64it/s] 46%|████▋     | 139/300 [01:26<01:37,  1.65it/s] 47%|████▋     | 140/300 [01:26<01:36,  1.65it/s] 47%|████▋     | 141/300 [01:27<01:35,  1.66it/s] 47%|████▋     | 142/300 [01:27<01:35,  1.66it/s] 48%|████▊     | 143/300 [01:28<01:34,  1.66it/s] 48%|████▊     | 144/300 [01:29<01:35,  1.64it/s] 48%|████▊     | 145/300 [01:29<01:34,  1.64it/s] 49%|████▊     | 146/300 [01:30<01:33,  1.65it/s] 49%|████▉     | 147/300 [01:30<01:33,  1.64it/s] 49%|████▉     | 148/300 [01:31<01:32,  1.65it/s] 50%|████▉     | 149/300 [01:32<01:31,  1.65it/s] 50%|█████     | 150/300 [01:32<01:30,  1.65it/s] 50%|█████     | 151/300 [01:33<01:30,  1.65it/s] 51%|█████     | 152/300 [01:34<01:30,  1.63it/s] 51%|█████     | 153/300 [01:34<01:29,  1.64it/s] 51%|█████▏    | 154/300 [01:35<01:29,  1.64it/s] 52%|█████▏    | 155/300 [01:35<01:28,  1.63it/s] 52%|█████▏    | 156/300 [01:36<01:28,  1.63it/s] 52%|█████▏    | 157/300 [01:37<01:27,  1.64it/s] 53%|█████▎    | 158/300 [01:37<01:26,  1.64it/s] 53%|█████▎    | 159/300 [01:38<01:25,  1.64it/s] 53%|█████▎    | 160/300 [01:38<01:25,  1.65it/s] 54%|█████▎    | 161/300 [01:39<01:24,  1.64it/s] 54%|█████▍    | 162/300 [01:40<01:23,  1.65it/s] 54%|█████▍    | 163/300 [01:40<01:22,  1.65it/s] 55%|█████▍    | 164/300 [01:41<01:22,  1.65it/s] 55%|█████▌    | 165/300 [01:41<01:21,  1.65it/s] 55%|█████▌    | 166/300 [01:42<01:21,  1.65it/s] 56%|█████▌    | 167/300 [01:43<01:20,  1.66it/s] 56%|█████▌    | 168/300 [01:43<01:19,  1.66it/s] 56%|█████▋    | 169/300 [01:44<01:19,  1.65it/s] 57%|█████▋    | 170/300 [01:44<01:18,  1.65it/s] 57%|█████▋    | 171/300 [01:45<01:18,  1.65it/s] 57%|█████▋    | 172/300 [01:46<01:17,  1.65it/s] 58%|█████▊    | 173/300 [01:46<01:17,  1.64it/s] 58%|█████▊    | 174/300 [01:47<01:17,  1.63it/s] 58%|█████▊    | 175/300 [01:48<01:17,  1.62it/s] 59%|█████▊    | 176/300 [01:48<01:16,  1.62it/s] 59%|█████▉    | 177/300 [01:49<01:15,  1.64it/s] 59%|█████▉    | 178/300 [01:49<01:14,  1.64it/s] 60%|█████▉    | 179/300 [01:50<01:13,  1.64it/s] 60%|██████    | 180/300 [01:51<01:13,  1.64it/s] 60%|██████    | 181/300 [01:51<01:12,  1.64it/s] 61%|██████    | 182/300 [01:52<01:11,  1.65it/s] 61%|██████    | 183/300 [01:52<01:11,  1.64it/s] 61%|██████▏   | 184/300 [01:53<01:10,  1.65it/s] 62%|██████▏   | 185/300 [01:54<01:09,  1.66it/s] 62%|██████▏   | 186/300 [01:54<01:08,  1.66it/s] 62%|██████▏   | 187/300 [01:55<01:08,  1.66it/s] 63%|██████▎   | 188/300 [01:55<01:08,  1.65it/s] 63%|██████▎   | 189/300 [01:56<01:07,  1.65it/s] 63%|██████▎   | 190/300 [01:57<01:06,  1.66it/s] 64%|██████▎   | 191/300 [01:57<01:05,  1.66it/s] 64%|██████▍   | 192/300 [01:58<01:05,  1.65it/s] 64%|██████▍   | 193/300 [01:58<01:04,  1.66it/s] 65%|██████▍   | 194/300 [01:59<01:03,  1.66it/s] 65%|██████▌   | 195/300 [02:00<01:03,  1.65it/s] 65%|██████▌   | 196/300 [02:00<01:03,  1.64it/s] 66%|██████▌   | 197/300 [02:01<01:02,  1.65it/s] 66%|██████▌   | 198/300 [02:01<01:01,  1.65it/s] 66%|██████▋   | 199/300 [02:02<01:01,  1.64it/s] 67%|██████▋   | 200/300 [02:03<01:00,  1.65it/s] 67%|██████▋   | 201/300 [02:03<01:00,  1.64it/s] 67%|██████▋   | 202/300 [02:04<00:59,  1.65it/s] 68%|██████▊   | 203/300 [02:05<00:58,  1.65it/s] 68%|██████▊   | 204/300 [02:05<00:57,  1.66it/s] 68%|██████▊   | 205/300 [02:06<00:57,  1.66it/s] 69%|██████▊   | 206/300 [02:06<00:56,  1.65it/s] 69%|██████▉   | 207/300 [02:07<00:56,  1.65it/s] 69%|██████▉   | 208/300 [02:08<00:55,  1.65it/s] 70%|██████▉   | 209/300 [02:08<00:55,  1.65it/s] 70%|███████   | 210/300 [02:09<00:54,  1.65it/s] 70%|███████   | 211/300 [02:09<00:53,  1.65it/s] 71%|███████   | 212/300 [02:10<00:53,  1.65it/s] 71%|███████   | 213/300 [02:11<00:52,  1.65it/s] 71%|███████▏  | 214/300 [02:11<00:51,  1.65it/s] 72%|███████▏  | 215/300 [02:12<00:51,  1.65it/s] 72%|███████▏  | 216/300 [02:12<00:51,  1.64it/s] 72%|███████▏  | 217/300 [02:13<00:50,  1.65it/s] 73%|███████▎  | 218/300 [02:14<00:49,  1.65it/s] 73%|███████▎  | 219/300 [02:14<00:48,  1.65it/s] 73%|███████▎  | 220/300 [02:15<00:48,  1.64it/s] 74%|███████▎  | 221/300 [02:15<00:48,  1.63it/s] 74%|███████▍  | 222/300 [02:16<00:47,  1.63it/s] 74%|███████▍  | 223/300 [02:17<00:47,  1.62it/s] 75%|███████▍  | 224/300 [02:17<00:47,  1.62it/s] 75%|███████▌  | 225/300 [02:18<00:46,  1.61it/s] 75%|███████▌  | 226/300 [02:19<00:46,  1.60it/s] 76%|███████▌  | 227/300 [02:19<00:45,  1.60it/s] 76%|███████▌  | 228/300 [02:20<00:45,  1.59it/s] 76%|███████▋  | 229/300 [02:20<00:44,  1.60it/s] 77%|███████▋  | 230/300 [02:21<00:43,  1.61it/s] 77%|███████▋  | 231/300 [02:22<00:42,  1.61it/s] 77%|███████▋  | 232/300 [02:22<00:42,  1.60it/s] 78%|███████▊  | 233/300 [02:23<00:41,  1.62it/s] 78%|███████▊  | 234/300 [02:24<00:40,  1.62it/s] 78%|███████▊  | 235/300 [02:24<00:40,  1.62it/s] 79%|███████▊  | 236/300 [02:25<00:39,  1.63it/s] 79%|███████▉  | 237/300 [02:25<00:38,  1.64it/s] 79%|███████▉  | 238/300 [02:26<00:37,  1.63it/s] 80%|███████▉  | 239/300 [02:27<00:37,  1.64it/s] 80%|████████  | 240/300 [02:27<00:36,  1.65it/s] 80%|████████  | 241/300 [02:28<00:35,  1.64it/s] 81%|████████  | 242/300 [02:28<00:35,  1.64it/s] 81%|████████  | 243/300 [02:29<00:34,  1.64it/s] 81%|████████▏ | 244/300 [02:30<00:34,  1.64it/s] 82%|████████▏ | 245/300 [02:30<00:33,  1.65it/s] 82%|████████▏ | 246/300 [02:31<00:32,  1.66it/s] 82%|████████▏ | 247/300 [02:31<00:32,  1.65it/s] 83%|████████▎ | 248/300 [02:32<00:31,  1.65it/s] 83%|████████▎ | 249/300 [02:33<00:31,  1.64it/s] 83%|████████▎ | 250/300 [02:33<00:30,  1.64it/s] 84%|████████▎ | 251/300 [02:34<00:30,  1.63it/s] 84%|████████▍ | 252/300 [02:34<00:29,  1.63it/s] 84%|████████▍ | 253/300 [02:35<00:29,  1.62it/s] 85%|████████▍ | 254/300 [02:36<00:28,  1.61it/s] 85%|████████▌ | 255/300 [02:36<00:28,  1.60it/s] 85%|████████▌ | 256/300 [02:37<00:27,  1.61it/s] 86%|████████▌ | 257/300 [02:38<00:26,  1.61it/s] 86%|████████▌ | 258/300 [02:38<00:26,  1.61it/s] 86%|████████▋ | 259/300 [02:39<00:25,  1.60it/s] 87%|████████▋ | 260/300 [02:40<00:25,  1.59it/s] 87%|████████▋ | 261/300 [02:40<00:24,  1.60it/s] 87%|████████▋ | 262/300 [02:41<00:23,  1.60it/s] 88%|████████▊ | 263/300 [02:41<00:23,  1.60it/s] 88%|████████▊ | 264/300 [02:42<00:22,  1.60it/s] 88%|████████▊ | 265/300 [02:43<00:21,  1.60it/s] 89%|████████▊ | 266/300 [02:43<00:21,  1.59it/s] 89%|████████▉ | 267/300 [02:44<00:20,  1.60it/s] 89%|████████▉ | 268/300 [02:45<00:20,  1.60it/s] 90%|████████▉ | 269/300 [02:45<00:19,  1.59it/s] 90%|█████████ | 270/300 [02:46<00:18,  1.61it/s] 90%|█████████ | 271/300 [02:46<00:18,  1.60it/s] 91%|█████████ | 272/300 [02:47<00:17,  1.60it/s] 91%|█████████ | 273/300 [02:48<00:16,  1.60it/s] 91%|█████████▏| 274/300 [02:48<00:16,  1.59it/s] 92%|█████████▏| 275/300 [02:49<00:15,  1.60it/s] 92%|█████████▏| 276/300 [02:49<00:14,  1.60it/s] 92%|█████████▏| 277/300 [02:50<00:14,  1.61it/s] 93%|█████████▎| 278/300 [02:51<00:13,  1.61it/s] 93%|█████████▎| 279/300 [02:51<00:13,  1.61it/s] 93%|█████████▎| 280/300 [02:52<00:12,  1.61it/s] 94%|█████████▎| 281/300 [02:53<00:11,  1.60it/s] 94%|█████████▍| 282/300 [02:53<00:11,  1.60it/s] 94%|█████████▍| 283/300 [02:54<00:10,  1.60it/s] 95%|█████████▍| 284/300 [02:54<00:10,  1.60it/s] 95%|█████████▌| 285/300 [02:55<00:09,  1.59it/s] 95%|█████████▌| 286/300 [02:56<00:08,  1.60it/s] 96%|█████████▌| 287/300 [02:56<00:08,  1.60it/s] 96%|█████████▌| 288/300 [02:57<00:07,  1.60it/s] 96%|█████████▋| 289/300 [02:58<00:06,  1.61it/s] 97%|█████████▋| 290/300 [02:58<00:06,  1.60it/s] 97%|█████████▋| 291/300 [02:59<00:05,  1.61it/s] 97%|█████████▋| 292/300 [02:59<00:05,  1.60it/s] 98%|█████████▊| 293/300 [03:00<00:04,  1.60it/s] 98%|█████████▊| 294/300 [03:01<00:03,  1.59it/s] 98%|█████████▊| 295/300 [03:01<00:03,  1.60it/s] 99%|█████████▊| 296/300 [03:02<00:02,  1.59it/s] 99%|█████████▉| 297/300 [03:03<00:01,  1.59it/s] 99%|█████████▉| 298/300 [03:03<00:01,  1.60it/s]100%|█████████▉| 299/300 [03:04<00:00,  1.60it/s]100%|██████████| 300/300 [03:05<00:00,  1.59it/s]100%|██████████| 300/300 [03:05<00:00,  1.62it/s]
W&B disabled.
W&B online. Running your script from this directory will now sync to the cloud.
wandb: Currently logged in as: hl57. Use `wandb login --relogin` to force relogin
wandb: wandb version 0.15.12 is available!  To upgrade, please run:
wandb:  $ pip install wandb --upgrade
wandb: Tracking run with wandb version 0.15.10
wandb: Run data is saved locally in /media/techt/One Touch/DD/SRe2L/train/wandb/run-20231022_042050-hxsq5af6
wandb: Run `wandb offline` to turn off syncing.
wandb: Syncing run atomic-glade-449
wandb: ⭐️ View project at https://wandb.ai/hl57/final_rn18_fkd
wandb: 🚀 View run at https://wandb.ai/hl57/final_rn18_fkd/runs/hxsq5af6
======= FKD: dataset info ======
path: ../relabel/FKD_cutmix_fp16/imagenette/277/
num img: 100
batch size: 100
max epoch: 300
================================
load data successfully
=> loading student model 'resnet18'
TRAIN Iter 0: lr = 0.001000,	loss = 0.015579,	Top-1 err = 86.000000,	Top-5 err = 50.000000,	train_time = 3.190791
TEST Iter 0: loss = 26.198611,	Top-1 err = 89.961783,	Top-5 err = 49.859873,	val_time = 12.693163
TRAIN Iter 10: lr = 0.000997,	loss = 0.022071,	Top-1 err = 68.000000,	Top-5 err = 15.000000,	train_time = 2.355110
TEST Iter 10: loss = 27.054921,	Top-1 err = 83.133758,	Top-5 err = 42.522293,	val_time = 12.749641
TRAIN Iter 20: lr = 0.000989,	loss = 0.012531,	Top-1 err = 72.000000,	Top-5 err = 15.000000,	train_time = 2.290484
TEST Iter 20: loss = 10.527337,	Top-1 err = 80.815287,	Top-5 err = 40.433121,	val_time = 12.763308
TRAIN Iter 30: lr = 0.000976,	loss = 0.008819,	Top-1 err = 81.000000,	Top-5 err = 27.000000,	train_time = 2.218235
TEST Iter 30: loss = 6.415179,	Top-1 err = 76.662420,	Top-5 err = 31.515924,	val_time = 12.757585
TRAIN Iter 40: lr = 0.000957,	loss = 0.010785,	Top-1 err = 40.000000,	Top-5 err = 6.000000,	train_time = 2.279076
TEST Iter 40: loss = 7.073309,	Top-1 err = 80.407643,	Top-5 err = 33.732484,	val_time = 12.691258
TRAIN Iter 50: lr = 0.000933,	loss = 0.009748,	Top-1 err = 38.000000,	Top-5 err = 7.000000,	train_time = 2.249246
TEST Iter 50: loss = 8.336170,	Top-1 err = 72.433121,	Top-5 err = 27.923567,	val_time = 12.830985
TRAIN Iter 60: lr = 0.000905,	loss = 0.008867,	Top-1 err = 37.000000,	Top-5 err = 10.000000,	train_time = 2.170416
TEST Iter 60: loss = 4.036956,	Top-1 err = 62.165605,	Top-5 err = 20.433121,	val_time = 12.696838
TRAIN Iter 70: lr = 0.000872,	loss = 0.008862,	Top-1 err = 47.000000,	Top-5 err = 7.000000,	train_time = 2.212842
TEST Iter 70: loss = 6.595029,	Top-1 err = 66.980892,	Top-5 err = 21.375796,	val_time = 12.818069
TRAIN Iter 80: lr = 0.000835,	loss = 0.007689,	Top-1 err = 26.000000,	Top-5 err = 6.000000,	train_time = 2.282855
TEST Iter 80: loss = 6.810360,	Top-1 err = 63.821656,	Top-5 err = 17.579618,	val_time = 12.995430
TRAIN Iter 90: lr = 0.000794,	loss = 0.007309,	Top-1 err = 67.000000,	Top-5 err = 21.000000,	train_time = 2.255459
TEST Iter 90: loss = 3.133851,	Top-1 err = 56.484076,	Top-5 err = 17.452229,	val_time = 12.862572
TRAIN Iter 100: lr = 0.000750,	loss = 0.006681,	Top-1 err = 78.000000,	Top-5 err = 28.000000,	train_time = 2.200219
TEST Iter 100: loss = 4.194460,	Top-1 err = 57.987261,	Top-5 err = 16.229299,	val_time = 12.953103
TRAIN Iter 110: lr = 0.000703,	loss = 0.007336,	Top-1 err = 54.000000,	Top-5 err = 5.000000,	train_time = 2.221915
TEST Iter 110: loss = 4.454290,	Top-1 err = 63.082803,	Top-5 err = 17.095541,	val_time = 12.712982
TRAIN Iter 120: lr = 0.000655,	loss = 0.006077,	Top-1 err = 30.000000,	Top-5 err = 1.000000,	train_time = 2.216314
TEST Iter 120: loss = 4.917007,	Top-1 err = 61.248408,	Top-5 err = 19.719745,	val_time = 12.765270
TRAIN Iter 130: lr = 0.000604,	loss = 0.005591,	Top-1 err = 42.000000,	Top-5 err = 8.000000,	train_time = 2.238484
TEST Iter 130: loss = 4.235593,	Top-1 err = 57.375796,	Top-5 err = 16.713376,	val_time = 12.844144
TRAIN Iter 140: lr = 0.000552,	loss = 0.005524,	Top-1 err = 23.000000,	Top-5 err = 2.000000,	train_time = 2.205428
TEST Iter 140: loss = 2.805297,	Top-1 err = 54.267516,	Top-5 err = 11.414013,	val_time = 12.817642
TRAIN Iter 150: lr = 0.000500,	loss = 0.004931,	Top-1 err = 22.000000,	Top-5 err = 4.000000,	train_time = 2.234319
TEST Iter 150: loss = 3.313490,	Top-1 err = 55.898089,	Top-5 err = 14.114650,	val_time = 12.779706
TRAIN Iter 160: lr = 0.000448,	loss = 0.004358,	Top-1 err = 56.000000,	Top-5 err = 12.000000,	train_time = 2.245582
TEST Iter 160: loss = 3.325919,	Top-1 err = 55.668790,	Top-5 err = 17.121019,	val_time = 12.785780
TRAIN Iter 170: lr = 0.000396,	loss = 0.005576,	Top-1 err = 22.000000,	Top-5 err = 4.000000,	train_time = 2.184746
TEST Iter 170: loss = 3.073165,	Top-1 err = 49.834395,	Top-5 err = 12.050955,	val_time = 12.671590
TRAIN Iter 180: lr = 0.000345,	loss = 0.005277,	Top-1 err = 48.000000,	Top-5 err = 3.000000,	train_time = 2.174697
TEST Iter 180: loss = 2.826678,	Top-1 err = 50.700637,	Top-5 err = 10.216561,	val_time = 12.706199
TRAIN Iter 190: lr = 0.000297,	loss = 0.004594,	Top-1 err = 64.000000,	Top-5 err = 9.000000,	train_time = 2.298550
TEST Iter 190: loss = 2.932466,	Top-1 err = 51.668790,	Top-5 err = 11.159236,	val_time = 12.651747
TRAIN Iter 200: lr = 0.000250,	loss = 0.004067,	Top-1 err = 32.000000,	Top-5 err = 5.000000,	train_time = 2.274334
TEST Iter 200: loss = 2.785054,	Top-1 err = 47.643312,	Top-5 err = 10.267516,	val_time = 12.833081
TRAIN Iter 210: lr = 0.000206,	loss = 0.004226,	Top-1 err = 28.000000,	Top-5 err = 3.000000,	train_time = 2.220285
TEST Iter 210: loss = 2.640694,	Top-1 err = 47.592357,	Top-5 err = 9.121019,	val_time = 12.765402
TRAIN Iter 220: lr = 0.000165,	loss = 0.004684,	Top-1 err = 67.000000,	Top-5 err = 14.000000,	train_time = 2.293975
TEST Iter 220: loss = 2.682457,	Top-1 err = 48.203822,	Top-5 err = 10.242038,	val_time = 13.007680
TRAIN Iter 230: lr = 0.000128,	loss = 0.005293,	Top-1 err = 51.000000,	Top-5 err = 5.000000,	train_time = 2.235542
TEST Iter 230: loss = 2.508845,	Top-1 err = 47.643312,	Top-5 err = 9.757962,	val_time = 12.726369
TRAIN Iter 240: lr = 0.000095,	loss = 0.004014,	Top-1 err = 79.000000,	Top-5 err = 29.000000,	train_time = 2.258895
TEST Iter 240: loss = 2.480453,	Top-1 err = 45.936306,	Top-5 err = 9.324841,	val_time = 12.780322
TRAIN Iter 250: lr = 0.000067,	loss = 0.004207,	Top-1 err = 45.000000,	Top-5 err = 8.000000,	train_time = 2.220077
TEST Iter 250: loss = 2.453431,	Top-1 err = 45.859873,	Top-5 err = 9.095541,	val_time = 12.753783
TRAIN Iter 260: lr = 0.000043,	loss = 0.003534,	Top-1 err = 25.000000,	Top-5 err = 3.000000,	train_time = 2.195362
TEST Iter 260: loss = 2.475939,	Top-1 err = 46.700637,	Top-5 err = 9.146497,	val_time = 12.764955
TRAIN Iter 270: lr = 0.000024,	loss = 0.004453,	Top-1 err = 34.000000,	Top-5 err = 3.000000,	train_time = 2.195115
TEST Iter 270: loss = 2.462916,	Top-1 err = 46.165605,	Top-5 err = 9.095541,	val_time = 12.768281
TRAIN Iter 280: lr = 0.000011,	loss = 0.003417,	Top-1 err = 17.000000,	Top-5 err = 3.000000,	train_time = 2.215159
TEST Iter 280: loss = 2.441152,	Top-1 err = 45.910828,	Top-5 err = 8.917197,	val_time = 12.688748
TRAIN Iter 290: lr = 0.000003,	loss = 0.004357,	Top-1 err = 29.000000,	Top-5 err = 2.000000,	train_time = 2.221440
TEST Iter 290: loss = 2.489976,	Top-1 err = 46.012739,	Top-5 err = 8.917197,	val_time = 12.781153
wandb: Waiting for W&B process to finish... (success).
wandb: - 0.004 MB of 0.004 MB uploaded (0.000 MB deduped)wandb: \ 0.004 MB of 0.026 MB uploaded (0.000 MB deduped)wandb: | 0.004 MB of 0.026 MB uploaded (0.000 MB deduped)wandb: 
wandb: Run history:
wandb:  train/Top1 ▁▂▄▅▅▄▄▅▆▅▆█▃▁▆▆▁▅▅▄▅▇▂▇▇▅▆▆█▆▇▂▆███▆▃▅▅
wandb:  train/Top5 ▁▄▅▆▅▅▅▆▆▇▆█▅▁▇▆▁▆▇▆▆█▂██▇███▇█▁█████▅█▆
wandb: train/epoch ▁▁▁▁▂▂▂▂▂▃▃▃▃▃▃▄▄▄▄▄▅▅▅▅▅▅▆▆▆▆▆▆▇▇▇▇▇███
wandb:  train/loss ▇█▅▄▄▃▃▃▂▂▂▂▂▂▂▂▂▂▂▂▁▂▁▁▁▂▁▁▁▁▁▁▁▁▁▁▁▁▁▁
wandb:    train/lr ███████▇▇▇▇▇▇▆▆▆▅▅▅▅▄▄▄▄▃▃▃▃▂▂▂▂▂▁▁▁▁▁▁▁
wandb:   val/epoch ▁▁▁▂▂▂▂▃▃▃▃▄▄▄▄▅▅▅▅▅▆▆▆▆▇▇▇▇███
wandb:    val/loss ██▃▂▂▃▁▂▂▁▁▂▂▂▁▁▁▁▁▁▁▁▁▁▁▁▁▁▁▁▁
wandb:    val/top1 ▁▂▂▃▃▄▅▅▅▆▆▅▆▆▇▆▆▇▇▇███████████
wandb:    val/top5 ▁▂▃▄▄▅▆▆▇▇▇▇▆▇█▇▇▇█████████████
wandb: 
wandb: Run summary:
wandb:  train/Top1 51.0
wandb:  train/Top5 91.0
wandb: train/epoch 299
wandb:  train/loss 0.0045
wandb:    train/lr 0.0
wandb:   val/epoch 299
wandb:    val/loss 2.49764
wandb:    val/top1 53.93631
wandb:    val/top5 91.03185
wandb: 
wandb: 🚀 View run atomic-glade-449 at: https://wandb.ai/hl57/final_rn18_fkd/runs/hxsq5af6
wandb: ️⚡ View job at https://wandb.ai/hl57/final_rn18_fkd/jobs/QXJ0aWZhY3RDb2xsZWN0aW9uOjk3MzkyNjU3/version_details/v44
wandb: Synced 6 W&B file(s), 0 media file(s), 0 artifact file(s) and 0 other file(s)
wandb: Find logs at: ./wandb/run-20231022_042050-hxsq5af6/logs
TEST Iter 299: loss = 2.497645,	Top-1 err = 46.063694,	Top-5 err = 8.968153,	val_time = 12.699521
