/home/techt/anaconda3/envs/hl/lib/python3.8/site-packages/torchvision/models/_utils.py:208: UserWarning: The parameter 'pretrained' is deprecated since 0.13 and may be removed in the future, please use 'weights' instead.
  warnings.warn(
/home/techt/anaconda3/envs/hl/lib/python3.8/site-packages/torchvision/models/_utils.py:223: UserWarning: Arguments other than a weight enum or `None` for 'weights' are deprecated since 0.13 and may be removed in the future. The current behavior is equivalent to passing `weights=MobileNet_V2_Weights.IMAGENET1K_V1`. You can also use `weights=MobileNet_V2_Weights.DEFAULT` to get the most up-to-date weights.
  warnings.warn(msg)
/home/techt/anaconda3/envs/hl/lib/python3.8/site-packages/torchvision/transforms/functional.py:1603: UserWarning: The default value of the antialias parameter of all the resizing transforms (Resize(), RandomResizedCrop(), etc.) will change from None to True in v0.17, in order to be consistent across the PIL and Tensor backends. To suppress this warning, directly pass antialias=True (recommended, future default), antialias=None (current default, which means False for Tensors and True for PIL), or antialias=False (only works on Tensors - PIL will still use antialiasing). This also applies if you are using the inference transforms from the models weights: update the call to weights.transforms(antialias=True).
  warnings.warn(
r_bn:  0.1
lr:  0.25
step 1
step 1.1
step 1.2
[0.0, 0.0, 0.994, 0.001, 0.0, 0.0, 0.004, 0.002, 0.0, 0.0]
[0.0, 0.0, 0.252, 0.001, 0.0, 0.0, 0.0, 0.746, 0.0, 0.0]
[0.0, 0.0, 0.156, 0.001, 0.0, 0.0, 0.0, 0.842, 0.0, 0.0]
[0.0, 0.0, 0.124, 0.006, 0.001, 0.0, 0.001, 0.868, 0.0, 0.0]
[0.0, 0.0, 0.116, 0.018, 0.001, 0.0, 0.001, 0.863, 0.001, 0.0]
[0.0, 0.0, 0.112, 0.037, 0.002, 0.0, 0.002, 0.845, 0.001, 0.001]
[0.001, 0.0, 0.107, 0.07, 0.002, 0.0, 0.002, 0.817, 0.001, 0.001]
[0.001, 0.0, 0.109, 0.099, 0.002, 0.0, 0.002, 0.786, 0.001, 0.001]
[0.001, 0.0, 0.115, 0.117, 0.002, 0.0, 0.002, 0.76, 0.001, 0.002]
[0.001, 0.0, 0.128, 0.139, 0.002, 0.001, 0.002, 0.725, 0.0, 0.002]
[0.001, 0.0, 0.131, 0.154, 0.002, 0.001, 0.003, 0.705, 0.001, 0.003]
[0.0, 0.0, 0.138, 0.168, 0.003, 0.001, 0.005, 0.681, 0.0, 0.003]
[0.0, 0.0, 0.143, 0.18, 0.003, 0.001, 0.008, 0.66, 0.0, 0.003]
[0.0, 0.0, 0.146, 0.197, 0.004, 0.001, 0.011, 0.636, 0.0, 0.003]
[0.0, 0.0, 0.152, 0.204, 0.005, 0.001, 0.014, 0.618, 0.0, 0.004]
[0.0, 0.0, 0.155, 0.211, 0.006, 0.001, 0.019, 0.602, 0.0, 0.005]
[0.0, 0.0, 0.154, 0.219, 0.007, 0.001, 0.022, 0.589, 0.0, 0.006]
[0.0, 0.0, 0.16, 0.224, 0.007, 0.001, 0.023, 0.576, 0.0, 0.007]
[0.0, 0.0, 0.169, 0.228, 0.008, 0.001, 0.024, 0.559, 0.0, 0.008]
[0.0, 0.0, 0.172, 0.235, 0.01, 0.001, 0.026, 0.546, 0.0, 0.009]
[0.0, 0.0, 0.179, 0.24, 0.011, 0.001, 0.029, 0.529, 0.0, 0.01]
[0.0, 0.0, 0.182, 0.238, 0.013, 0.001, 0.034, 0.521, 0.0, 0.009]
[0.0, 0.0, 0.188, 0.244, 0.017, 0.001, 0.035, 0.503, 0.0, 0.011]
[0.0, 0.0, 0.189, 0.245, 0.018, 0.001, 0.037, 0.496, 0.0, 0.013]
[0.0, 0.0, 0.19, 0.241, 0.024, 0.001, 0.038, 0.49, 0.0, 0.015]
[0.001, 0.001, 0.191, 0.242, 0.026, 0.002, 0.04, 0.481, 0.001, 0.015]
[0.0, 0.0, 0.193, 0.244, 0.029, 0.002, 0.04, 0.471, 0.001, 0.019]
[0.001, 0.001, 0.194, 0.245, 0.032, 0.002, 0.044, 0.461, 0.001, 0.019]
[0.0, 0.0, 0.195, 0.248, 0.035, 0.002, 0.046, 0.45, 0.001, 0.023]
[0.001, 0.001, 0.2, 0.247, 0.039, 0.002, 0.048, 0.438, 0.001, 0.024]
[0.0, 0.0, 0.2, 0.246, 0.043, 0.002, 0.05, 0.433, 0.001, 0.025]
[0.0, 0.0, 0.201, 0.246, 0.046, 0.002, 0.053, 0.423, 0.001, 0.027]
[0.001, 0.001, 0.203, 0.246, 0.051, 0.002, 0.054, 0.413, 0.001, 0.028]
[0.001, 0.001, 0.203, 0.247, 0.054, 0.002, 0.054, 0.407, 0.002, 0.03]
[0.001, 0.001, 0.207, 0.248, 0.058, 0.003, 0.052, 0.396, 0.003, 0.031]
[0.001, 0.0, 0.205, 0.251, 0.064, 0.002, 0.053, 0.389, 0.003, 0.032]
[0.001, 0.001, 0.204, 0.249, 0.067, 0.003, 0.053, 0.382, 0.003, 0.036]
[0.001, 0.0, 0.21, 0.256, 0.068, 0.003, 0.054, 0.368, 0.003, 0.037]
[0.001, 0.001, 0.206, 0.258, 0.074, 0.003, 0.053, 0.363, 0.003, 0.037]
[0.001, 0.001, 0.213, 0.258, 0.076, 0.004, 0.053, 0.351, 0.003, 0.038]
[0.001, 0.001, 0.21, 0.258, 0.081, 0.004, 0.053, 0.347, 0.003, 0.042]
[0.001, 0.002, 0.211, 0.262, 0.083, 0.005, 0.053, 0.335, 0.004, 0.044]
[0.001, 0.002, 0.211, 0.258, 0.084, 0.006, 0.056, 0.328, 0.004, 0.049]
[0.001, 0.002, 0.211, 0.262, 0.085, 0.006, 0.058, 0.319, 0.004, 0.051]
[0.001, 0.002, 0.21, 0.26, 0.088, 0.006, 0.058, 0.313, 0.004, 0.057]
[0.001, 0.002, 0.206, 0.257, 0.093, 0.007, 0.059, 0.307, 0.004, 0.063]
[0.001, 0.002, 0.206, 0.256, 0.094, 0.007, 0.06, 0.303, 0.004, 0.068]
[0.001, 0.003, 0.204, 0.253, 0.096, 0.007, 0.061, 0.298, 0.005, 0.072]
[0.001, 0.003, 0.205, 0.249, 0.098, 0.008, 0.062, 0.293, 0.006, 0.075]
[0.001, 0.003, 0.204, 0.247, 0.101, 0.007, 0.062, 0.286, 0.007, 0.083]
[0.001, 0.005, 0.204, 0.244, 0.104, 0.007, 0.059, 0.28, 0.008, 0.087]
[0.001, 0.006, 0.202, 0.245, 0.106, 0.008, 0.06, 0.274, 0.009, 0.089]
[0.001, 0.007, 0.198, 0.243, 0.106, 0.008, 0.06, 0.27, 0.011, 0.095]
[0.001, 0.011, 0.198, 0.248, 0.107, 0.008, 0.056, 0.261, 0.012, 0.097]
[0.001, 0.013, 0.198, 0.242, 0.108, 0.008, 0.055, 0.257, 0.013, 0.103]
[0.001, 0.016, 0.198, 0.246, 0.106, 0.008, 0.056, 0.249, 0.015, 0.104]
[0.001, 0.015, 0.197, 0.24, 0.106, 0.008, 0.057, 0.246, 0.018, 0.111]
[0.001, 0.016, 0.195, 0.245, 0.106, 0.008, 0.057, 0.238, 0.019, 0.116]
[0.001, 0.017, 0.195, 0.241, 0.108, 0.008, 0.059, 0.232, 0.02, 0.12]
[0.002, 0.017, 0.193, 0.235, 0.11, 0.007, 0.061, 0.227, 0.022, 0.126]
[0.001, 0.017, 0.19, 0.233, 0.109, 0.007, 0.064, 0.222, 0.025, 0.132]
[0.001, 0.017, 0.187, 0.234, 0.108, 0.007, 0.066, 0.218, 0.027, 0.134]
[0.001, 0.017, 0.187, 0.235, 0.108, 0.007, 0.068, 0.214, 0.029, 0.134]
[0.002, 0.017, 0.185, 0.232, 0.108, 0.008, 0.07, 0.213, 0.031, 0.135]
[0.001, 0.017, 0.184, 0.233, 0.108, 0.008, 0.071, 0.211, 0.032, 0.136]
[0.001, 0.018, 0.184, 0.232, 0.108, 0.008, 0.071, 0.205, 0.032, 0.14]
[0.001, 0.018, 0.182, 0.231, 0.109, 0.008, 0.072, 0.201, 0.032, 0.145]
[0.001, 0.019, 0.182, 0.232, 0.11, 0.008, 0.073, 0.199, 0.032, 0.144]
[0.001, 0.019, 0.18, 0.234, 0.111, 0.008, 0.074, 0.196, 0.032, 0.144]
[0.001, 0.02, 0.178, 0.236, 0.115, 0.008, 0.074, 0.192, 0.032, 0.145]
[0.001, 0.02, 0.175, 0.237, 0.117, 0.008, 0.075, 0.189, 0.032, 0.146]
[0.001, 0.02, 0.177, 0.236, 0.117, 0.008, 0.076, 0.186, 0.032, 0.148]
[0.001, 0.021, 0.177, 0.237, 0.117, 0.008, 0.077, 0.181, 0.032, 0.148]
[0.001, 0.021, 0.177, 0.239, 0.118, 0.008, 0.079, 0.177, 0.034, 0.148]
[0.001, 0.021, 0.176, 0.237, 0.118, 0.008, 0.079, 0.175, 0.035, 0.149]
[0.001, 0.021, 0.177, 0.237, 0.117, 0.008, 0.079, 0.171, 0.038, 0.15]
[0.001, 0.021, 0.175, 0.238, 0.119, 0.008, 0.08, 0.169, 0.038, 0.15]
[0.001, 0.022, 0.173, 0.24, 0.119, 0.008, 0.08, 0.167, 0.039, 0.151]
[0.002, 0.022, 0.174, 0.238, 0.119, 0.008, 0.08, 0.164, 0.04, 0.153]
[0.001, 0.022, 0.173, 0.238, 0.119, 0.008, 0.08, 0.162, 0.042, 0.154]
[0.001, 0.022, 0.171, 0.238, 0.12, 0.008, 0.082, 0.161, 0.042, 0.154]
[0.001, 0.024, 0.169, 0.235, 0.12, 0.008, 0.084, 0.161, 0.043, 0.155]
[0.002, 0.023, 0.168, 0.233, 0.116, 0.009, 0.086, 0.159, 0.05, 0.155]
[0.001, 0.024, 0.165, 0.233, 0.117, 0.008, 0.091, 0.16, 0.052, 0.148]
[0.001, 0.024, 0.164, 0.233, 0.117, 0.009, 0.093, 0.157, 0.053, 0.148]
[0.001, 0.025, 0.164, 0.231, 0.116, 0.009, 0.092, 0.156, 0.055, 0.15]
[0.002, 0.026, 0.164, 0.23, 0.116, 0.009, 0.093, 0.155, 0.055, 0.151]
[0.001, 0.027, 0.164, 0.229, 0.115, 0.009, 0.095, 0.155, 0.055, 0.15]
[0.001, 0.029, 0.162, 0.229, 0.115, 0.009, 0.098, 0.154, 0.055, 0.149]
[0.002, 0.03, 0.161, 0.227, 0.115, 0.009, 0.098, 0.153, 0.056, 0.149]
[0.002, 0.03, 0.161, 0.228, 0.116, 0.009, 0.098, 0.152, 0.056, 0.149]
[0.001, 0.03, 0.163, 0.228, 0.115, 0.01, 0.097, 0.147, 0.058, 0.151]
[0.001, 0.032, 0.162, 0.226, 0.115, 0.01, 0.097, 0.146, 0.057, 0.154]
[0.002, 0.033, 0.162, 0.226, 0.116, 0.01, 0.098, 0.143, 0.057, 0.154]
[0.001, 0.034, 0.159, 0.225, 0.118, 0.01, 0.099, 0.143, 0.057, 0.154]
[0.001, 0.035, 0.16, 0.222, 0.118, 0.01, 0.099, 0.142, 0.057, 0.155]
[0.001, 0.035, 0.159, 0.22, 0.12, 0.011, 0.1, 0.143, 0.056, 0.155]
[0.001, 0.035, 0.159, 0.22, 0.121, 0.011, 0.102, 0.142, 0.056, 0.153]
[0.001, 0.035, 0.158, 0.219, 0.122, 0.011, 0.104, 0.141, 0.057, 0.152]
[0.001, 0.035, 0.156, 0.218, 0.125, 0.011, 0.104, 0.141, 0.057, 0.152]
step 1.3
step 1.1
step 1.2
[0.0, 0.995, 0.0, 0.0, 0.005, 0.0, 0.0, 0.0, 0.0, 0.0]
[0.0, 0.971, 0.0, 0.0, 0.027, 0.0, 0.0, 0.0, 0.0, 0.002]
[0.0, 0.885, 0.0, 0.0, 0.111, 0.0, 0.001, 0.0, 0.0, 0.003]
[0.0, 0.653, 0.0, 0.0, 0.343, 0.0, 0.001, 0.0, 0.0, 0.002]
[0.0, 0.423, 0.0, 0.001, 0.57, 0.001, 0.001, 0.001, 0.0, 0.003]
[0.0, 0.338, 0.001, 0.001, 0.647, 0.001, 0.001, 0.002, 0.0, 0.008]
[0.001, 0.297, 0.002, 0.002, 0.676, 0.003, 0.001, 0.002, 0.001, 0.015]
[0.002, 0.27, 0.006, 0.01, 0.673, 0.004, 0.002, 0.004, 0.002, 0.026]
[0.004, 0.253, 0.013, 0.023, 0.641, 0.005, 0.002, 0.005, 0.004, 0.052]
[0.007, 0.246, 0.022, 0.035, 0.611, 0.006, 0.002, 0.005, 0.005, 0.061]
[0.009, 0.24, 0.034, 0.04, 0.588, 0.008, 0.001, 0.005, 0.005, 0.071]
[0.01, 0.233, 0.042, 0.05, 0.567, 0.01, 0.001, 0.005, 0.008, 0.073]
[0.012, 0.229, 0.049, 0.061, 0.534, 0.011, 0.002, 0.005, 0.014, 0.083]
[0.014, 0.226, 0.059, 0.07, 0.513, 0.011, 0.001, 0.005, 0.016, 0.086]
[0.015, 0.223, 0.061, 0.084, 0.487, 0.012, 0.001, 0.006, 0.02, 0.091]
[0.015, 0.218, 0.065, 0.091, 0.466, 0.013, 0.001, 0.008, 0.022, 0.101]
[0.015, 0.225, 0.07, 0.094, 0.445, 0.013, 0.002, 0.01, 0.022, 0.105]
[0.016, 0.224, 0.072, 0.099, 0.427, 0.013, 0.001, 0.013, 0.025, 0.112]
[0.016, 0.225, 0.073, 0.101, 0.41, 0.014, 0.001, 0.014, 0.028, 0.119]
[0.018, 0.221, 0.078, 0.105, 0.391, 0.015, 0.001, 0.015, 0.032, 0.125]
[0.02, 0.212, 0.086, 0.108, 0.375, 0.015, 0.001, 0.015, 0.033, 0.134]
[0.022, 0.212, 0.087, 0.111, 0.363, 0.017, 0.001, 0.016, 0.034, 0.137]
[0.025, 0.211, 0.089, 0.114, 0.343, 0.018, 0.001, 0.017, 0.038, 0.146]
[0.026, 0.207, 0.091, 0.116, 0.333, 0.018, 0.001, 0.018, 0.044, 0.147]
[0.027, 0.211, 0.093, 0.117, 0.318, 0.019, 0.001, 0.02, 0.047, 0.148]
[0.027, 0.213, 0.094, 0.119, 0.305, 0.02, 0.001, 0.02, 0.051, 0.151]
[0.028, 0.211, 0.096, 0.122, 0.297, 0.02, 0.001, 0.02, 0.056, 0.15]
[0.027, 0.209, 0.095, 0.123, 0.286, 0.02, 0.001, 0.021, 0.059, 0.158]
[0.028, 0.209, 0.097, 0.124, 0.274, 0.021, 0.001, 0.023, 0.061, 0.161]
[0.028, 0.206, 0.097, 0.126, 0.268, 0.022, 0.001, 0.024, 0.066, 0.162]
[0.029, 0.209, 0.1, 0.127, 0.26, 0.022, 0.002, 0.026, 0.065, 0.161]
[0.03, 0.207, 0.102, 0.127, 0.253, 0.025, 0.001, 0.027, 0.065, 0.161]
[0.033, 0.206, 0.103, 0.125, 0.246, 0.025, 0.004, 0.028, 0.066, 0.164]
[0.033, 0.21, 0.103, 0.126, 0.238, 0.027, 0.002, 0.028, 0.066, 0.166]
[0.033, 0.209, 0.103, 0.126, 0.235, 0.027, 0.002, 0.029, 0.067, 0.167]
[0.034, 0.207, 0.103, 0.126, 0.232, 0.03, 0.002, 0.028, 0.069, 0.169]
[0.036, 0.207, 0.1, 0.127, 0.225, 0.033, 0.002, 0.027, 0.071, 0.171]
[0.037, 0.206, 0.102, 0.128, 0.221, 0.033, 0.002, 0.028, 0.073, 0.17]
[0.038, 0.207, 0.104, 0.128, 0.214, 0.035, 0.002, 0.028, 0.075, 0.17]
[0.039, 0.203, 0.106, 0.128, 0.21, 0.035, 0.003, 0.027, 0.08, 0.17]
[0.038, 0.201, 0.11, 0.128, 0.206, 0.035, 0.003, 0.029, 0.084, 0.167]
[0.039, 0.201, 0.109, 0.128, 0.204, 0.035, 0.003, 0.029, 0.085, 0.167]
[0.038, 0.205, 0.11, 0.129, 0.199, 0.035, 0.003, 0.03, 0.086, 0.166]
[0.038, 0.204, 0.111, 0.129, 0.193, 0.035, 0.003, 0.03, 0.089, 0.167]
[0.038, 0.205, 0.112, 0.13, 0.186, 0.036, 0.004, 0.031, 0.093, 0.164]
[0.038, 0.203, 0.112, 0.132, 0.18, 0.037, 0.004, 0.031, 0.102, 0.162]
[0.039, 0.202, 0.113, 0.134, 0.175, 0.037, 0.004, 0.031, 0.104, 0.16]
[0.04, 0.203, 0.114, 0.135, 0.17, 0.037, 0.005, 0.031, 0.103, 0.161]
[0.04, 0.201, 0.114, 0.133, 0.169, 0.038, 0.005, 0.032, 0.108, 0.16]
[0.04, 0.2, 0.116, 0.134, 0.167, 0.039, 0.006, 0.032, 0.108, 0.158]
[0.038, 0.203, 0.117, 0.134, 0.165, 0.04, 0.006, 0.033, 0.109, 0.156]
[0.04, 0.204, 0.116, 0.131, 0.163, 0.043, 0.008, 0.032, 0.109, 0.153]
[0.04, 0.205, 0.116, 0.131, 0.158, 0.043, 0.008, 0.033, 0.113, 0.154]
[0.041, 0.2, 0.117, 0.13, 0.154, 0.044, 0.007, 0.036, 0.116, 0.155]
[0.042, 0.202, 0.118, 0.13, 0.152, 0.043, 0.007, 0.037, 0.113, 0.155]
[0.041, 0.2, 0.118, 0.13, 0.15, 0.043, 0.007, 0.042, 0.113, 0.155]
[0.041, 0.201, 0.118, 0.132, 0.148, 0.044, 0.008, 0.043, 0.112, 0.153]
[0.04, 0.201, 0.117, 0.132, 0.146, 0.045, 0.008, 0.043, 0.113, 0.153]
[0.04, 0.199, 0.116, 0.132, 0.143, 0.046, 0.009, 0.044, 0.116, 0.153]
[0.039, 0.197, 0.116, 0.133, 0.142, 0.046, 0.009, 0.043, 0.121, 0.153]
[0.038, 0.195, 0.116, 0.132, 0.145, 0.047, 0.01, 0.044, 0.123, 0.152]
[0.038, 0.192, 0.116, 0.133, 0.141, 0.047, 0.01, 0.044, 0.125, 0.154]
[0.038, 0.193, 0.115, 0.133, 0.142, 0.046, 0.009, 0.043, 0.127, 0.154]
[0.04, 0.19, 0.115, 0.129, 0.139, 0.047, 0.01, 0.045, 0.13, 0.154]
[0.04, 0.191, 0.116, 0.129, 0.136, 0.047, 0.009, 0.046, 0.132, 0.153]
[0.041, 0.193, 0.116, 0.132, 0.128, 0.047, 0.01, 0.047, 0.132, 0.154]
[0.04, 0.192, 0.115, 0.13, 0.128, 0.047, 0.01, 0.049, 0.137, 0.152]
[0.04, 0.193, 0.113, 0.134, 0.125, 0.048, 0.01, 0.051, 0.134, 0.152]
[0.041, 0.191, 0.112, 0.132, 0.125, 0.047, 0.011, 0.056, 0.131, 0.153]
[0.041, 0.191, 0.114, 0.13, 0.121, 0.049, 0.01, 0.058, 0.135, 0.151]
[0.042, 0.188, 0.112, 0.131, 0.121, 0.05, 0.01, 0.059, 0.135, 0.152]
[0.043, 0.19, 0.111, 0.13, 0.12, 0.051, 0.01, 0.058, 0.137, 0.151]
[0.044, 0.186, 0.11, 0.13, 0.118, 0.05, 0.009, 0.06, 0.142, 0.151]
[0.045, 0.186, 0.108, 0.131, 0.12, 0.049, 0.009, 0.059, 0.143, 0.151]
[0.044, 0.185, 0.107, 0.128, 0.12, 0.05, 0.01, 0.06, 0.144, 0.151]
[0.044, 0.186, 0.106, 0.129, 0.119, 0.05, 0.01, 0.061, 0.145, 0.15]
[0.044, 0.184, 0.106, 0.128, 0.119, 0.051, 0.009, 0.061, 0.146, 0.151]
[0.045, 0.181, 0.108, 0.126, 0.116, 0.052, 0.01, 0.062, 0.15, 0.15]
[0.045, 0.185, 0.107, 0.126, 0.114, 0.052, 0.01, 0.063, 0.147, 0.15]
[0.045, 0.184, 0.106, 0.127, 0.114, 0.052, 0.009, 0.064, 0.147, 0.152]
[0.045, 0.184, 0.105, 0.127, 0.117, 0.052, 0.009, 0.065, 0.146, 0.149]
[0.046, 0.184, 0.104, 0.127, 0.115, 0.052, 0.01, 0.066, 0.147, 0.148]
[0.047, 0.182, 0.106, 0.123, 0.111, 0.054, 0.011, 0.068, 0.146, 0.15]
[0.047, 0.183, 0.106, 0.123, 0.11, 0.054, 0.011, 0.069, 0.147, 0.149]
[0.048, 0.182, 0.105, 0.122, 0.113, 0.054, 0.012, 0.07, 0.147, 0.148]
[0.047, 0.18, 0.107, 0.121, 0.108, 0.056, 0.012, 0.071, 0.147, 0.149]
[0.048, 0.183, 0.106, 0.122, 0.111, 0.054, 0.012, 0.071, 0.145, 0.148]
[0.048, 0.179, 0.106, 0.121, 0.11, 0.056, 0.012, 0.074, 0.148, 0.146]
[0.05, 0.18, 0.106, 0.12, 0.108, 0.056, 0.014, 0.074, 0.147, 0.146]
[0.048, 0.182, 0.103, 0.124, 0.113, 0.054, 0.013, 0.073, 0.144, 0.146]
[0.05, 0.179, 0.104, 0.123, 0.11, 0.055, 0.013, 0.074, 0.148, 0.146]
[0.052, 0.177, 0.107, 0.12, 0.107, 0.056, 0.016, 0.074, 0.146, 0.146]
[0.05, 0.178, 0.104, 0.122, 0.11, 0.056, 0.014, 0.072, 0.147, 0.147]
[0.052, 0.175, 0.103, 0.122, 0.108, 0.056, 0.017, 0.075, 0.146, 0.146]
[0.051, 0.177, 0.104, 0.121, 0.108, 0.058, 0.018, 0.072, 0.147, 0.145]
[0.052, 0.179, 0.103, 0.12, 0.11, 0.056, 0.016, 0.073, 0.144, 0.148]
[0.052, 0.173, 0.104, 0.118, 0.106, 0.06, 0.018, 0.077, 0.147, 0.146]
[0.051, 0.177, 0.104, 0.119, 0.107, 0.057, 0.016, 0.073, 0.148, 0.148]
[0.051, 0.177, 0.103, 0.119, 0.108, 0.058, 0.016, 0.073, 0.146, 0.149]
[0.052, 0.177, 0.102, 0.119, 0.109, 0.057, 0.016, 0.073, 0.147, 0.148]
step 1.3
step 1.1
step 1.2
[0.0, 0.1, 0.006, 0.0, 0.0, 0.028, 0.457, 0.0, 0.0, 0.409]
[0.0, 0.031, 0.001, 0.0, 0.001, 0.027, 0.418, 0.0, 0.0, 0.523]
[0.0, 0.012, 0.001, 0.0, 0.001, 0.03, 0.427, 0.0, 0.0, 0.529]
[0.0, 0.006, 0.001, 0.0, 0.001, 0.032, 0.432, 0.0, 0.0, 0.527]
[0.0, 0.007, 0.001, 0.0, 0.003, 0.034, 0.437, 0.001, 0.001, 0.516]
[0.0, 0.016, 0.002, 0.001, 0.005, 0.035, 0.431, 0.001, 0.002, 0.506]
[0.0, 0.024, 0.001, 0.001, 0.007, 0.036, 0.437, 0.001, 0.005, 0.487]
[0.0, 0.031, 0.001, 0.002, 0.007, 0.038, 0.436, 0.001, 0.006, 0.479]
[0.0, 0.04, 0.001, 0.005, 0.006, 0.043, 0.433, 0.001, 0.008, 0.463]
[0.0, 0.051, 0.001, 0.011, 0.006, 0.043, 0.427, 0.001, 0.009, 0.451]
[0.0, 0.057, 0.001, 0.021, 0.007, 0.046, 0.418, 0.001, 0.013, 0.436]
[0.001, 0.062, 0.001, 0.031, 0.007, 0.048, 0.406, 0.001, 0.016, 0.427]
[0.003, 0.067, 0.001, 0.039, 0.007, 0.048, 0.399, 0.001, 0.024, 0.411]
[0.003, 0.072, 0.001, 0.048, 0.007, 0.049, 0.392, 0.001, 0.027, 0.399]
[0.003, 0.075, 0.001, 0.055, 0.009, 0.051, 0.383, 0.002, 0.033, 0.388]
[0.004, 0.078, 0.001, 0.063, 0.009, 0.051, 0.376, 0.002, 0.043, 0.373]
[0.004, 0.08, 0.002, 0.066, 0.009, 0.054, 0.368, 0.002, 0.052, 0.362]
[0.005, 0.084, 0.002, 0.068, 0.009, 0.059, 0.36, 0.002, 0.058, 0.352]
[0.005, 0.083, 0.002, 0.073, 0.009, 0.06, 0.354, 0.003, 0.068, 0.343]
[0.006, 0.083, 0.002, 0.077, 0.01, 0.063, 0.346, 0.002, 0.072, 0.34]
[0.007, 0.087, 0.002, 0.08, 0.011, 0.064, 0.338, 0.002, 0.076, 0.333]
[0.008, 0.093, 0.002, 0.086, 0.012, 0.065, 0.335, 0.002, 0.077, 0.322]
[0.008, 0.093, 0.003, 0.09, 0.012, 0.067, 0.329, 0.002, 0.082, 0.313]
[0.009, 0.096, 0.003, 0.095, 0.012, 0.07, 0.32, 0.002, 0.088, 0.304]
[0.01, 0.096, 0.003, 0.095, 0.013, 0.071, 0.316, 0.002, 0.096, 0.299]
[0.013, 0.096, 0.003, 0.099, 0.014, 0.075, 0.307, 0.003, 0.101, 0.29]
[0.022, 0.093, 0.003, 0.102, 0.016, 0.079, 0.299, 0.002, 0.102, 0.283]
[0.024, 0.086, 0.003, 0.105, 0.019, 0.083, 0.293, 0.002, 0.105, 0.281]
[0.027, 0.083, 0.004, 0.107, 0.021, 0.087, 0.286, 0.003, 0.107, 0.275]
[0.027, 0.082, 0.005, 0.109, 0.021, 0.092, 0.281, 0.002, 0.112, 0.269]
[0.03, 0.08, 0.005, 0.115, 0.022, 0.096, 0.273, 0.002, 0.115, 0.263]
[0.031, 0.08, 0.005, 0.118, 0.024, 0.097, 0.269, 0.003, 0.115, 0.258]
[0.029, 0.081, 0.005, 0.123, 0.024, 0.095, 0.27, 0.002, 0.116, 0.255]
[0.032, 0.083, 0.007, 0.125, 0.027, 0.1, 0.259, 0.003, 0.116, 0.248]
[0.032, 0.082, 0.006, 0.129, 0.028, 0.099, 0.259, 0.003, 0.116, 0.246]
[0.033, 0.084, 0.006, 0.128, 0.028, 0.101, 0.254, 0.003, 0.118, 0.245]
[0.033, 0.083, 0.006, 0.13, 0.029, 0.104, 0.249, 0.003, 0.119, 0.243]
[0.032, 0.083, 0.007, 0.135, 0.027, 0.101, 0.247, 0.003, 0.122, 0.242]
[0.033, 0.086, 0.008, 0.138, 0.028, 0.102, 0.241, 0.003, 0.121, 0.239]
[0.032, 0.086, 0.009, 0.139, 0.029, 0.102, 0.24, 0.004, 0.122, 0.238]
[0.032, 0.087, 0.01, 0.14, 0.029, 0.104, 0.236, 0.005, 0.122, 0.235]
[0.033, 0.086, 0.011, 0.142, 0.031, 0.105, 0.232, 0.005, 0.122, 0.233]
[0.033, 0.084, 0.015, 0.145, 0.032, 0.107, 0.228, 0.006, 0.122, 0.227]
[0.033, 0.082, 0.018, 0.145, 0.033, 0.106, 0.228, 0.006, 0.122, 0.226]
[0.034, 0.079, 0.022, 0.144, 0.035, 0.109, 0.227, 0.006, 0.122, 0.223]
[0.034, 0.078, 0.026, 0.145, 0.033, 0.111, 0.224, 0.006, 0.123, 0.22]
[0.035, 0.078, 0.028, 0.143, 0.037, 0.114, 0.22, 0.007, 0.122, 0.216]
[0.035, 0.077, 0.029, 0.147, 0.034, 0.113, 0.22, 0.007, 0.123, 0.215]
[0.034, 0.077, 0.033, 0.147, 0.034, 0.112, 0.22, 0.008, 0.123, 0.212]
[0.034, 0.076, 0.035, 0.144, 0.037, 0.114, 0.216, 0.01, 0.123, 0.212]
[0.037, 0.075, 0.041, 0.138, 0.039, 0.116, 0.213, 0.01, 0.123, 0.208]
[0.041, 0.073, 0.043, 0.137, 0.036, 0.116, 0.217, 0.01, 0.122, 0.206]
[0.044, 0.07, 0.048, 0.137, 0.036, 0.114, 0.215, 0.011, 0.121, 0.205]
[0.047, 0.072, 0.053, 0.133, 0.041, 0.114, 0.207, 0.012, 0.119, 0.202]
[0.046, 0.07, 0.056, 0.134, 0.04, 0.117, 0.207, 0.011, 0.121, 0.198]
[0.048, 0.07, 0.054, 0.135, 0.04, 0.118, 0.206, 0.012, 0.122, 0.194]
[0.048, 0.069, 0.057, 0.135, 0.04, 0.12, 0.205, 0.013, 0.122, 0.192]
[0.052, 0.071, 0.059, 0.132, 0.039, 0.119, 0.204, 0.014, 0.122, 0.187]
[0.053, 0.075, 0.061, 0.126, 0.04, 0.119, 0.204, 0.015, 0.121, 0.186]
[0.056, 0.078, 0.06, 0.122, 0.041, 0.122, 0.2, 0.016, 0.12, 0.184]
[0.061, 0.074, 0.06, 0.125, 0.042, 0.123, 0.197, 0.017, 0.121, 0.18]
[0.065, 0.076, 0.061, 0.125, 0.042, 0.125, 0.193, 0.019, 0.119, 0.176]
[0.063, 0.079, 0.061, 0.127, 0.043, 0.126, 0.189, 0.018, 0.12, 0.174]
[0.063, 0.08, 0.066, 0.125, 0.041, 0.122, 0.194, 0.018, 0.12, 0.17]
[0.065, 0.082, 0.066, 0.126, 0.044, 0.125, 0.184, 0.019, 0.12, 0.168]
[0.065, 0.083, 0.068, 0.127, 0.044, 0.123, 0.187, 0.019, 0.119, 0.166]
[0.065, 0.085, 0.069, 0.127, 0.044, 0.122, 0.187, 0.019, 0.118, 0.165]
[0.065, 0.086, 0.071, 0.128, 0.044, 0.123, 0.188, 0.019, 0.118, 0.158]
[0.065, 0.084, 0.073, 0.127, 0.045, 0.124, 0.189, 0.02, 0.119, 0.154]
[0.067, 0.085, 0.071, 0.128, 0.047, 0.125, 0.184, 0.019, 0.12, 0.154]
[0.067, 0.085, 0.072, 0.127, 0.048, 0.126, 0.185, 0.019, 0.12, 0.152]
[0.067, 0.085, 0.072, 0.127, 0.05, 0.128, 0.182, 0.019, 0.122, 0.149]
[0.069, 0.086, 0.073, 0.126, 0.05, 0.129, 0.179, 0.02, 0.12, 0.147]
[0.068, 0.086, 0.074, 0.13, 0.05, 0.129, 0.181, 0.021, 0.119, 0.142]
[0.069, 0.085, 0.076, 0.129, 0.051, 0.129, 0.181, 0.02, 0.119, 0.141]
[0.071, 0.085, 0.076, 0.131, 0.052, 0.129, 0.178, 0.02, 0.119, 0.14]
[0.071, 0.085, 0.077, 0.132, 0.051, 0.129, 0.179, 0.021, 0.117, 0.137]
[0.074, 0.082, 0.077, 0.128, 0.054, 0.131, 0.175, 0.021, 0.118, 0.138]
[0.073, 0.083, 0.077, 0.13, 0.057, 0.132, 0.174, 0.02, 0.116, 0.138]
[0.072, 0.085, 0.079, 0.129, 0.051, 0.125, 0.179, 0.021, 0.12, 0.137]
[0.072, 0.084, 0.08, 0.13, 0.053, 0.125, 0.178, 0.021, 0.12, 0.135]
[0.073, 0.083, 0.082, 0.131, 0.053, 0.125, 0.177, 0.021, 0.12, 0.135]
[0.073, 0.081, 0.084, 0.131, 0.054, 0.126, 0.176, 0.022, 0.118, 0.135]
[0.07, 0.08, 0.086, 0.129, 0.052, 0.126, 0.175, 0.026, 0.118, 0.137]
[0.073, 0.081, 0.088, 0.129, 0.053, 0.127, 0.172, 0.028, 0.116, 0.135]
[0.069, 0.08, 0.089, 0.128, 0.053, 0.123, 0.173, 0.033, 0.116, 0.135]
[0.072, 0.078, 0.091, 0.127, 0.062, 0.126, 0.173, 0.031, 0.113, 0.127]
[0.075, 0.079, 0.094, 0.118, 0.062, 0.129, 0.174, 0.032, 0.114, 0.124]
[0.08, 0.078, 0.093, 0.12, 0.062, 0.128, 0.166, 0.034, 0.112, 0.126]
[0.077, 0.078, 0.095, 0.12, 0.065, 0.123, 0.164, 0.034, 0.113, 0.129]
[0.073, 0.078, 0.101, 0.119, 0.065, 0.126, 0.167, 0.033, 0.113, 0.125]
[0.075, 0.077, 0.102, 0.119, 0.069, 0.125, 0.164, 0.034, 0.112, 0.123]
[0.077, 0.077, 0.103, 0.117, 0.069, 0.124, 0.159, 0.039, 0.111, 0.124]
[0.073, 0.077, 0.105, 0.115, 0.07, 0.122, 0.164, 0.033, 0.113, 0.128]
[0.073, 0.076, 0.106, 0.114, 0.071, 0.122, 0.164, 0.033, 0.113, 0.129]
[0.073, 0.075, 0.106, 0.112, 0.068, 0.121, 0.165, 0.035, 0.113, 0.131]
[0.08, 0.078, 0.103, 0.111, 0.074, 0.124, 0.149, 0.042, 0.112, 0.126]
[0.079, 0.076, 0.106, 0.114, 0.073, 0.119, 0.156, 0.038, 0.112, 0.128]
[0.079, 0.075, 0.107, 0.115, 0.073, 0.118, 0.154, 0.038, 0.112, 0.127]
[0.078, 0.076, 0.108, 0.115, 0.074, 0.122, 0.152, 0.038, 0.112, 0.126]
step 1.3
step 1.1
step 1.2
[0.651, 0.002, 0.0, 0.001, 0.0, 0.092, 0.254, 0.0, 0.0, 0.0]
[0.509, 0.034, 0.0, 0.001, 0.0, 0.027, 0.428, 0.0, 0.0, 0.0]
[0.363, 0.141, 0.0, 0.006, 0.001, 0.02, 0.468, 0.0, 0.0, 0.0]
[0.282, 0.234, 0.002, 0.008, 0.001, 0.023, 0.447, 0.001, 0.001, 0.0]
[0.231, 0.288, 0.005, 0.008, 0.005, 0.035, 0.426, 0.002, 0.002, 0.001]
[0.198, 0.316, 0.008, 0.017, 0.016, 0.044, 0.395, 0.002, 0.002, 0.001]
[0.182, 0.32, 0.01, 0.015, 0.044, 0.048, 0.372, 0.003, 0.004, 0.001]
[0.17, 0.308, 0.013, 0.02, 0.077, 0.051, 0.349, 0.003, 0.007, 0.002]
[0.152, 0.297, 0.015, 0.034, 0.1, 0.059, 0.328, 0.003, 0.008, 0.004]
[0.142, 0.276, 0.018, 0.051, 0.111, 0.062, 0.322, 0.004, 0.01, 0.004]
[0.137, 0.256, 0.02, 0.071, 0.127, 0.064, 0.303, 0.003, 0.014, 0.005]
[0.13, 0.238, 0.024, 0.082, 0.14, 0.071, 0.291, 0.003, 0.015, 0.006]
[0.125, 0.23, 0.027, 0.094, 0.141, 0.073, 0.281, 0.003, 0.017, 0.008]
[0.127, 0.222, 0.028, 0.097, 0.143, 0.076, 0.269, 0.004, 0.022, 0.011]
[0.13, 0.212, 0.03, 0.114, 0.147, 0.075, 0.25, 0.004, 0.025, 0.013]
[0.134, 0.215, 0.038, 0.116, 0.155, 0.079, 0.214, 0.004, 0.029, 0.016]
[0.129, 0.197, 0.036, 0.122, 0.151, 0.075, 0.233, 0.005, 0.034, 0.018]
[0.129, 0.191, 0.039, 0.125, 0.156, 0.081, 0.216, 0.006, 0.037, 0.02]
[0.141, 0.192, 0.041, 0.137, 0.159, 0.084, 0.181, 0.008, 0.036, 0.021]
[0.14, 0.182, 0.043, 0.135, 0.156, 0.084, 0.19, 0.008, 0.039, 0.022]
[0.142, 0.177, 0.046, 0.132, 0.158, 0.088, 0.185, 0.009, 0.04, 0.024]
[0.146, 0.175, 0.046, 0.134, 0.161, 0.09, 0.169, 0.009, 0.045, 0.024]
[0.148, 0.174, 0.049, 0.133, 0.163, 0.09, 0.158, 0.01, 0.048, 0.027]
[0.154, 0.17, 0.053, 0.131, 0.162, 0.096, 0.146, 0.012, 0.047, 0.03]
[0.156, 0.169, 0.055, 0.129, 0.162, 0.098, 0.138, 0.011, 0.049, 0.032]
[0.16, 0.168, 0.058, 0.127, 0.16, 0.104, 0.125, 0.012, 0.049, 0.036]
[0.14, 0.156, 0.057, 0.127, 0.158, 0.101, 0.152, 0.011, 0.06, 0.037]
[0.156, 0.165, 0.063, 0.123, 0.157, 0.11, 0.117, 0.013, 0.051, 0.045]
[0.152, 0.161, 0.062, 0.121, 0.159, 0.112, 0.119, 0.014, 0.054, 0.047]
[0.154, 0.164, 0.063, 0.122, 0.156, 0.112, 0.11, 0.015, 0.053, 0.05]
[0.156, 0.165, 0.067, 0.119, 0.156, 0.114, 0.103, 0.016, 0.053, 0.052]
[0.132, 0.142, 0.069, 0.129, 0.143, 0.106, 0.152, 0.016, 0.065, 0.046]
[0.132, 0.145, 0.069, 0.124, 0.148, 0.107, 0.139, 0.017, 0.068, 0.05]
[0.141, 0.153, 0.071, 0.113, 0.155, 0.116, 0.114, 0.018, 0.061, 0.057]
[0.128, 0.142, 0.071, 0.121, 0.149, 0.107, 0.137, 0.018, 0.073, 0.054]
[0.137, 0.149, 0.073, 0.112, 0.153, 0.116, 0.112, 0.02, 0.066, 0.061]
[0.124, 0.137, 0.074, 0.123, 0.142, 0.107, 0.138, 0.023, 0.074, 0.06]
[0.138, 0.149, 0.074, 0.115, 0.144, 0.115, 0.102, 0.033, 0.062, 0.069]
[0.122, 0.132, 0.073, 0.121, 0.135, 0.106, 0.131, 0.04, 0.076, 0.065]
[0.139, 0.147, 0.078, 0.112, 0.138, 0.12, 0.092, 0.044, 0.057, 0.074]
[0.117, 0.128, 0.079, 0.119, 0.13, 0.11, 0.138, 0.041, 0.074, 0.063]
[0.114, 0.124, 0.079, 0.12, 0.125, 0.11, 0.146, 0.043, 0.077, 0.063]
[0.125, 0.132, 0.08, 0.114, 0.136, 0.115, 0.107, 0.049, 0.069, 0.074]
[0.11, 0.121, 0.082, 0.121, 0.121, 0.106, 0.148, 0.046, 0.079, 0.064]
[0.129, 0.14, 0.08, 0.111, 0.128, 0.122, 0.093, 0.055, 0.06, 0.081]
[0.097, 0.105, 0.079, 0.133, 0.108, 0.096, 0.179, 0.049, 0.093, 0.061]
[0.12, 0.125, 0.084, 0.118, 0.125, 0.117, 0.106, 0.058, 0.069, 0.08]
[0.118, 0.126, 0.083, 0.114, 0.125, 0.12, 0.103, 0.061, 0.067, 0.081]
[0.123, 0.132, 0.085, 0.109, 0.128, 0.119, 0.088, 0.067, 0.061, 0.088]
[0.113, 0.123, 0.081, 0.112, 0.124, 0.116, 0.115, 0.062, 0.076, 0.078]
[0.093, 0.102, 0.08, 0.134, 0.107, 0.097, 0.171, 0.057, 0.092, 0.067]
[0.117, 0.124, 0.086, 0.113, 0.124, 0.119, 0.096, 0.069, 0.068, 0.083]
[0.124, 0.134, 0.09, 0.109, 0.124, 0.119, 0.079, 0.076, 0.055, 0.091]
[0.106, 0.121, 0.083, 0.11, 0.122, 0.121, 0.11, 0.069, 0.078, 0.08]
[0.103, 0.12, 0.084, 0.111, 0.122, 0.119, 0.112, 0.069, 0.079, 0.08]
[0.092, 0.101, 0.083, 0.132, 0.106, 0.099, 0.16, 0.063, 0.093, 0.07]
[0.105, 0.12, 0.082, 0.117, 0.118, 0.117, 0.113, 0.071, 0.079, 0.078]
[0.092, 0.103, 0.087, 0.125, 0.105, 0.099, 0.163, 0.065, 0.094, 0.067]
[0.107, 0.119, 0.088, 0.113, 0.119, 0.117, 0.101, 0.075, 0.076, 0.084]
[0.111, 0.121, 0.088, 0.111, 0.122, 0.117, 0.094, 0.079, 0.072, 0.086]
[0.12, 0.13, 0.092, 0.105, 0.118, 0.119, 0.076, 0.085, 0.061, 0.094]
[0.091, 0.101, 0.087, 0.134, 0.106, 0.098, 0.149, 0.067, 0.095, 0.071]
[0.112, 0.123, 0.089, 0.107, 0.122, 0.119, 0.09, 0.083, 0.072, 0.084]
[0.091, 0.102, 0.089, 0.128, 0.107, 0.098, 0.153, 0.069, 0.092, 0.071]
[0.107, 0.119, 0.088, 0.11, 0.117, 0.113, 0.106, 0.083, 0.078, 0.077]
[0.118, 0.125, 0.094, 0.106, 0.119, 0.117, 0.076, 0.088, 0.063, 0.094]
[0.092, 0.101, 0.088, 0.131, 0.108, 0.096, 0.145, 0.073, 0.093, 0.073]
[0.109, 0.119, 0.091, 0.108, 0.12, 0.116, 0.096, 0.084, 0.075, 0.083]
[0.092, 0.101, 0.089, 0.127, 0.106, 0.094, 0.15, 0.072, 0.096, 0.072]
[0.106, 0.117, 0.092, 0.111, 0.116, 0.113, 0.103, 0.084, 0.077, 0.08]
[0.109, 0.12, 0.091, 0.109, 0.119, 0.113, 0.095, 0.084, 0.076, 0.083]
[0.105, 0.116, 0.089, 0.107, 0.117, 0.113, 0.106, 0.083, 0.083, 0.08]
[0.091, 0.101, 0.088, 0.127, 0.107, 0.094, 0.147, 0.074, 0.099, 0.072]
[0.104, 0.118, 0.092, 0.11, 0.118, 0.113, 0.101, 0.084, 0.08, 0.081]
[0.098, 0.111, 0.09, 0.115, 0.115, 0.104, 0.124, 0.078, 0.089, 0.077]
[0.105, 0.117, 0.092, 0.112, 0.118, 0.113, 0.1, 0.084, 0.079, 0.081]
[0.089, 0.1, 0.089, 0.125, 0.105, 0.091, 0.154, 0.073, 0.104, 0.07]
[0.103, 0.113, 0.095, 0.112, 0.115, 0.111, 0.107, 0.081, 0.084, 0.079]
[0.105, 0.115, 0.094, 0.111, 0.117, 0.11, 0.101, 0.083, 0.082, 0.082]
[0.115, 0.124, 0.098, 0.103, 0.12, 0.108, 0.075, 0.094, 0.072, 0.093]
[0.09, 0.103, 0.089, 0.125, 0.108, 0.097, 0.139, 0.076, 0.1, 0.074]
[0.102, 0.113, 0.096, 0.11, 0.117, 0.106, 0.107, 0.083, 0.086, 0.081]
[0.115, 0.125, 0.098, 0.104, 0.119, 0.108, 0.071, 0.094, 0.071, 0.095]
[0.09, 0.103, 0.088, 0.128, 0.106, 0.095, 0.135, 0.077, 0.103, 0.076]
[0.104, 0.113, 0.098, 0.108, 0.118, 0.108, 0.101, 0.084, 0.084, 0.083]
[0.088, 0.1, 0.088, 0.128, 0.107, 0.091, 0.143, 0.075, 0.106, 0.073]
[0.103, 0.111, 0.099, 0.112, 0.116, 0.105, 0.106, 0.081, 0.084, 0.082]
[0.106, 0.113, 0.099, 0.106, 0.118, 0.109, 0.096, 0.086, 0.082, 0.086]
[0.105, 0.112, 0.099, 0.109, 0.118, 0.105, 0.099, 0.084, 0.082, 0.087]
[0.088, 0.098, 0.087, 0.132, 0.104, 0.088, 0.146, 0.075, 0.11, 0.072]
[0.103, 0.109, 0.098, 0.111, 0.116, 0.101, 0.109, 0.082, 0.087, 0.084]
[0.103, 0.111, 0.099, 0.11, 0.116, 0.101, 0.106, 0.082, 0.087, 0.086]
[0.103, 0.111, 0.099, 0.106, 0.117, 0.099, 0.107, 0.084, 0.087, 0.087]
[0.117, 0.127, 0.098, 0.103, 0.115, 0.105, 0.068, 0.096, 0.071, 0.098]
[0.09, 0.1, 0.088, 0.128, 0.103, 0.09, 0.135, 0.08, 0.105, 0.081]
[0.102, 0.107, 0.099, 0.107, 0.116, 0.1, 0.104, 0.089, 0.086, 0.09]
[0.094, 0.103, 0.096, 0.113, 0.111, 0.096, 0.12, 0.085, 0.095, 0.087]
[0.101, 0.105, 0.099, 0.107, 0.113, 0.104, 0.106, 0.088, 0.087, 0.09]
[0.105, 0.114, 0.101, 0.106, 0.115, 0.102, 0.086, 0.092, 0.08, 0.098]
[0.085, 0.095, 0.09, 0.136, 0.098, 0.085, 0.144, 0.078, 0.113, 0.076]
step 1.3
step 1.1
step 1.2
[0.0, 0.0, 0.0, 0.0, 0.0, 0.0, 1.0, 0.0, 0.0, 0.0]
[0.0, 0.0, 0.0, 0.0, 0.008, 0.0, 0.992, 0.0, 0.0, 0.0]
[0.0, 0.0, 0.0, 0.0, 0.173, 0.0, 0.827, 0.0, 0.0, 0.0]
[0.0, 0.0, 0.0, 0.0, 0.36, 0.0, 0.64, 0.0, 0.0, 0.0]
[0.001, 0.0, 0.0, 0.0, 0.481, 0.0, 0.518, 0.0, 0.0, 0.0]
[0.001, 0.0, 0.0, 0.001, 0.552, 0.0, 0.446, 0.0, 0.0, 0.0]
[0.002, 0.0, 0.0, 0.001, 0.597, 0.0, 0.4, 0.0, 0.0, 0.0]
[0.002, 0.0, 0.0, 0.001, 0.614, 0.002, 0.38, 0.0, 0.0, 0.0]
[0.004, 0.0, 0.0, 0.0, 0.623, 0.003, 0.367, 0.0, 0.001, 0.0]
[0.005, 0.0, 0.001, 0.0, 0.626, 0.007, 0.358, 0.0, 0.002, 0.0]
[0.005, 0.0, 0.001, 0.001, 0.619, 0.008, 0.362, 0.001, 0.002, 0.0]
[0.006, 0.001, 0.001, 0.001, 0.61, 0.011, 0.368, 0.001, 0.002, 0.0]
[0.008, 0.002, 0.001, 0.002, 0.604, 0.013, 0.367, 0.002, 0.002, 0.0]
[0.009, 0.002, 0.001, 0.004, 0.595, 0.016, 0.368, 0.002, 0.003, 0.0]
[0.009, 0.003, 0.001, 0.009, 0.584, 0.02, 0.369, 0.001, 0.004, 0.001]
[0.008, 0.006, 0.001, 0.013, 0.575, 0.023, 0.366, 0.002, 0.005, 0.0]
[0.008, 0.008, 0.001, 0.02, 0.568, 0.025, 0.362, 0.002, 0.006, 0.001]
[0.008, 0.008, 0.001, 0.029, 0.562, 0.029, 0.354, 0.002, 0.006, 0.001]
[0.01, 0.009, 0.001, 0.037, 0.553, 0.032, 0.348, 0.003, 0.007, 0.001]
[0.011, 0.012, 0.001, 0.039, 0.543, 0.036, 0.347, 0.003, 0.008, 0.001]
[0.013, 0.017, 0.001, 0.05, 0.534, 0.038, 0.335, 0.003, 0.009, 0.001]
[0.015, 0.019, 0.001, 0.055, 0.52, 0.041, 0.335, 0.004, 0.009, 0.001]
[0.017, 0.02, 0.001, 0.064, 0.505, 0.044, 0.333, 0.005, 0.01, 0.001]
[0.018, 0.021, 0.002, 0.072, 0.49, 0.052, 0.327, 0.007, 0.011, 0.001]
[0.021, 0.024, 0.002, 0.077, 0.474, 0.055, 0.325, 0.008, 0.013, 0.001]
[0.025, 0.025, 0.002, 0.08, 0.46, 0.059, 0.325, 0.01, 0.014, 0.001]
[0.026, 0.025, 0.002, 0.085, 0.456, 0.063, 0.316, 0.012, 0.014, 0.001]
[0.027, 0.026, 0.002, 0.095, 0.446, 0.067, 0.303, 0.018, 0.015, 0.001]
[0.027, 0.026, 0.004, 0.103, 0.428, 0.07, 0.304, 0.021, 0.016, 0.001]
[0.03, 0.03, 0.005, 0.108, 0.422, 0.075, 0.29, 0.022, 0.016, 0.002]
[0.031, 0.031, 0.007, 0.117, 0.408, 0.077, 0.285, 0.025, 0.018, 0.002]
[0.032, 0.031, 0.006, 0.125, 0.394, 0.083, 0.279, 0.027, 0.019, 0.003]
[0.033, 0.031, 0.007, 0.127, 0.385, 0.085, 0.276, 0.031, 0.021, 0.003]
[0.033, 0.032, 0.008, 0.13, 0.376, 0.088, 0.274, 0.034, 0.022, 0.003]
[0.036, 0.032, 0.008, 0.134, 0.364, 0.092, 0.267, 0.038, 0.026, 0.004]
[0.036, 0.031, 0.008, 0.138, 0.36, 0.093, 0.262, 0.04, 0.027, 0.005]
[0.036, 0.032, 0.009, 0.138, 0.353, 0.097, 0.257, 0.045, 0.028, 0.006]
[0.036, 0.035, 0.009, 0.145, 0.34, 0.096, 0.25, 0.051, 0.03, 0.007]
[0.037, 0.039, 0.009, 0.149, 0.332, 0.097, 0.247, 0.053, 0.03, 0.008]
[0.038, 0.039, 0.009, 0.15, 0.323, 0.098, 0.249, 0.054, 0.032, 0.009]
[0.039, 0.04, 0.009, 0.151, 0.315, 0.1, 0.246, 0.056, 0.033, 0.01]
[0.042, 0.041, 0.009, 0.156, 0.305, 0.1, 0.245, 0.058, 0.035, 0.009]
[0.042, 0.044, 0.009, 0.155, 0.299, 0.098, 0.241, 0.063, 0.038, 0.01]
[0.049, 0.046, 0.01, 0.155, 0.292, 0.098, 0.233, 0.066, 0.039, 0.011]
[0.049, 0.047, 0.01, 0.154, 0.286, 0.1, 0.226, 0.071, 0.045, 0.012]
[0.049, 0.05, 0.01, 0.157, 0.278, 0.097, 0.222, 0.076, 0.046, 0.016]
[0.05, 0.048, 0.01, 0.16, 0.275, 0.096, 0.22, 0.077, 0.048, 0.016]
[0.052, 0.048, 0.01, 0.16, 0.267, 0.099, 0.214, 0.084, 0.049, 0.017]
[0.06, 0.05, 0.011, 0.162, 0.26, 0.098, 0.205, 0.089, 0.049, 0.017]
[0.065, 0.049, 0.011, 0.161, 0.258, 0.1, 0.195, 0.092, 0.05, 0.018]
[0.074, 0.052, 0.012, 0.162, 0.255, 0.099, 0.185, 0.091, 0.051, 0.018]
[0.082, 0.056, 0.012, 0.159, 0.252, 0.096, 0.178, 0.095, 0.052, 0.019]
[0.081, 0.056, 0.013, 0.158, 0.247, 0.098, 0.173, 0.1, 0.054, 0.02]
[0.086, 0.059, 0.012, 0.154, 0.245, 0.098, 0.168, 0.102, 0.054, 0.021]
[0.09, 0.059, 0.012, 0.153, 0.24, 0.101, 0.166, 0.101, 0.056, 0.021]
[0.091, 0.061, 0.012, 0.152, 0.239, 0.103, 0.162, 0.103, 0.056, 0.022]
[0.097, 0.061, 0.012, 0.151, 0.236, 0.102, 0.158, 0.106, 0.055, 0.022]
[0.103, 0.062, 0.013, 0.148, 0.23, 0.103, 0.155, 0.108, 0.056, 0.023]
[0.103, 0.063, 0.013, 0.146, 0.229, 0.103, 0.153, 0.112, 0.056, 0.023]
[0.107, 0.061, 0.013, 0.146, 0.224, 0.105, 0.149, 0.113, 0.058, 0.024]
[0.112, 0.06, 0.014, 0.146, 0.219, 0.105, 0.146, 0.115, 0.058, 0.025]
[0.116, 0.061, 0.014, 0.143, 0.215, 0.105, 0.144, 0.117, 0.058, 0.026]
[0.12, 0.063, 0.014, 0.142, 0.211, 0.107, 0.141, 0.117, 0.059, 0.027]
[0.122, 0.066, 0.015, 0.14, 0.207, 0.109, 0.138, 0.117, 0.06, 0.027]
[0.123, 0.067, 0.015, 0.14, 0.202, 0.109, 0.137, 0.119, 0.06, 0.028]
[0.127, 0.065, 0.016, 0.149, 0.197, 0.11, 0.136, 0.109, 0.063, 0.028]
[0.123, 0.064, 0.019, 0.154, 0.194, 0.113, 0.135, 0.104, 0.065, 0.028]
[0.121, 0.068, 0.021, 0.153, 0.194, 0.113, 0.134, 0.101, 0.064, 0.031]
[0.124, 0.068, 0.023, 0.154, 0.192, 0.113, 0.131, 0.103, 0.064, 0.028]
[0.122, 0.071, 0.026, 0.157, 0.187, 0.11, 0.132, 0.102, 0.063, 0.029]
[0.123, 0.072, 0.026, 0.159, 0.184, 0.109, 0.131, 0.101, 0.064, 0.029]
[0.123, 0.072, 0.028, 0.158, 0.185, 0.11, 0.131, 0.1, 0.064, 0.03]
[0.123, 0.072, 0.028, 0.157, 0.184, 0.112, 0.129, 0.1, 0.065, 0.029]
[0.126, 0.073, 0.029, 0.158, 0.181, 0.111, 0.128, 0.1, 0.065, 0.029]
[0.126, 0.071, 0.032, 0.159, 0.18, 0.112, 0.126, 0.1, 0.064, 0.03]
[0.129, 0.07, 0.033, 0.16, 0.18, 0.111, 0.126, 0.1, 0.065, 0.028]
[0.128, 0.071, 0.034, 0.16, 0.176, 0.113, 0.124, 0.099, 0.064, 0.03]
[0.13, 0.071, 0.034, 0.16, 0.176, 0.112, 0.124, 0.1, 0.064, 0.029]
[0.133, 0.071, 0.036, 0.157, 0.174, 0.113, 0.122, 0.1, 0.064, 0.029]
[0.132, 0.071, 0.038, 0.157, 0.172, 0.114, 0.121, 0.099, 0.065, 0.029]
[0.134, 0.071, 0.041, 0.156, 0.171, 0.114, 0.12, 0.099, 0.066, 0.03]
[0.135, 0.069, 0.042, 0.156, 0.171, 0.113, 0.119, 0.1, 0.067, 0.028]
[0.135, 0.07, 0.041, 0.157, 0.168, 0.113, 0.12, 0.099, 0.069, 0.028]
[0.137, 0.071, 0.042, 0.157, 0.168, 0.113, 0.118, 0.099, 0.068, 0.028]
[0.136, 0.07, 0.042, 0.158, 0.167, 0.113, 0.118, 0.099, 0.069, 0.028]
[0.138, 0.068, 0.043, 0.16, 0.167, 0.112, 0.116, 0.098, 0.068, 0.029]
[0.138, 0.07, 0.044, 0.16, 0.164, 0.113, 0.117, 0.098, 0.069, 0.028]
[0.139, 0.069, 0.044, 0.161, 0.162, 0.113, 0.116, 0.097, 0.069, 0.029]
[0.139, 0.069, 0.045, 0.161, 0.164, 0.113, 0.115, 0.099, 0.068, 0.028]
[0.138, 0.07, 0.045, 0.161, 0.159, 0.114, 0.116, 0.097, 0.07, 0.029]
[0.138, 0.07, 0.047, 0.161, 0.157, 0.114, 0.116, 0.096, 0.072, 0.029]
[0.138, 0.07, 0.048, 0.16, 0.156, 0.114, 0.116, 0.095, 0.073, 0.03]
[0.139, 0.071, 0.049, 0.158, 0.155, 0.115, 0.114, 0.096, 0.072, 0.031]
[0.14, 0.07, 0.05, 0.158, 0.154, 0.114, 0.115, 0.097, 0.073, 0.03]
[0.141, 0.07, 0.051, 0.158, 0.151, 0.114, 0.116, 0.096, 0.072, 0.031]
[0.14, 0.07, 0.053, 0.158, 0.151, 0.113, 0.116, 0.095, 0.072, 0.031]
[0.14, 0.073, 0.055, 0.155, 0.151, 0.113, 0.116, 0.094, 0.073, 0.032]
[0.14, 0.073, 0.053, 0.156, 0.155, 0.109, 0.115, 0.097, 0.072, 0.03]
[0.141, 0.075, 0.055, 0.154, 0.148, 0.112, 0.115, 0.094, 0.073, 0.033]
[0.139, 0.075, 0.056, 0.153, 0.152, 0.111, 0.114, 0.093, 0.074, 0.032]
step 1.3
step 1.1
step 1.2
[0.232, 0.579, 0.0, 0.0, 0.131, 0.0, 0.0, 0.058, 0.0, 0.0]
[0.535, 0.367, 0.0, 0.0, 0.053, 0.004, 0.0, 0.041, 0.0, 0.0]
[0.689, 0.199, 0.0, 0.0, 0.053, 0.023, 0.0, 0.034, 0.0, 0.001]
[0.56, 0.14, 0.001, 0.0, 0.06, 0.195, 0.0, 0.043, 0.0, 0.001]
[0.451, 0.101, 0.001, 0.001, 0.07, 0.321, 0.0, 0.054, 0.001, 0.001]
[0.401, 0.089, 0.001, 0.001, 0.071, 0.369, 0.0, 0.065, 0.001, 0.001]
[0.364, 0.09, 0.002, 0.001, 0.073, 0.395, 0.001, 0.071, 0.001, 0.002]
[0.357, 0.089, 0.002, 0.001, 0.074, 0.396, 0.001, 0.072, 0.001, 0.007]
[0.341, 0.097, 0.006, 0.002, 0.077, 0.388, 0.001, 0.078, 0.001, 0.008]
[0.329, 0.106, 0.007, 0.002, 0.079, 0.382, 0.001, 0.084, 0.001, 0.008]
[0.323, 0.114, 0.009, 0.002, 0.08, 0.373, 0.001, 0.088, 0.001, 0.009]
[0.312, 0.119, 0.01, 0.002, 0.084, 0.368, 0.002, 0.091, 0.001, 0.01]
[0.305, 0.125, 0.016, 0.003, 0.086, 0.361, 0.002, 0.089, 0.002, 0.013]
[0.295, 0.127, 0.025, 0.004, 0.088, 0.353, 0.002, 0.086, 0.002, 0.018]
[0.291, 0.134, 0.03, 0.004, 0.088, 0.348, 0.002, 0.082, 0.002, 0.02]
[0.288, 0.136, 0.032, 0.005, 0.09, 0.337, 0.002, 0.084, 0.002, 0.024]
[0.284, 0.135, 0.038, 0.006, 0.091, 0.33, 0.004, 0.085, 0.002, 0.026]
[0.278, 0.133, 0.042, 0.007, 0.092, 0.32, 0.007, 0.087, 0.003, 0.03]
[0.272, 0.131, 0.047, 0.007, 0.092, 0.314, 0.011, 0.088, 0.003, 0.034]
[0.263, 0.134, 0.052, 0.008, 0.093, 0.303, 0.015, 0.088, 0.004, 0.041]
[0.259, 0.132, 0.067, 0.01, 0.09, 0.287, 0.017, 0.088, 0.003, 0.047]
[0.258, 0.131, 0.086, 0.011, 0.088, 0.264, 0.024, 0.086, 0.004, 0.049]
[0.251, 0.126, 0.09, 0.012, 0.086, 0.257, 0.031, 0.092, 0.004, 0.053]
[0.247, 0.122, 0.093, 0.012, 0.084, 0.247, 0.037, 0.098, 0.005, 0.055]
[0.244, 0.123, 0.099, 0.012, 0.084, 0.237, 0.037, 0.101, 0.008, 0.055]
[0.243, 0.122, 0.103, 0.013, 0.086, 0.226, 0.039, 0.104, 0.008, 0.057]
[0.236, 0.121, 0.106, 0.014, 0.084, 0.225, 0.042, 0.104, 0.008, 0.06]
[0.232, 0.119, 0.111, 0.015, 0.082, 0.22, 0.045, 0.108, 0.01, 0.059]
[0.23, 0.119, 0.109, 0.016, 0.079, 0.217, 0.049, 0.11, 0.011, 0.059]
[0.226, 0.119, 0.111, 0.017, 0.081, 0.213, 0.051, 0.109, 0.014, 0.06]
[0.222, 0.119, 0.111, 0.017, 0.08, 0.212, 0.051, 0.109, 0.015, 0.062]
[0.215, 0.119, 0.114, 0.019, 0.078, 0.209, 0.051, 0.112, 0.019, 0.063]
[0.215, 0.119, 0.114, 0.021, 0.077, 0.206, 0.052, 0.111, 0.022, 0.063]
[0.214, 0.12, 0.115, 0.021, 0.076, 0.202, 0.052, 0.113, 0.023, 0.064]
[0.211, 0.12, 0.116, 0.021, 0.075, 0.201, 0.053, 0.114, 0.024, 0.064]
[0.208, 0.122, 0.112, 0.022, 0.076, 0.198, 0.054, 0.115, 0.027, 0.065]
[0.201, 0.123, 0.112, 0.023, 0.074, 0.196, 0.055, 0.118, 0.033, 0.066]
[0.194, 0.117, 0.114, 0.024, 0.072, 0.195, 0.055, 0.119, 0.045, 0.066]
[0.193, 0.117, 0.109, 0.025, 0.074, 0.188, 0.057, 0.116, 0.055, 0.066]
[0.189, 0.116, 0.111, 0.025, 0.07, 0.189, 0.055, 0.12, 0.058, 0.066]
[0.188, 0.118, 0.111, 0.026, 0.069, 0.184, 0.056, 0.118, 0.064, 0.066]
[0.182, 0.118, 0.111, 0.027, 0.069, 0.18, 0.054, 0.118, 0.073, 0.067]
[0.176, 0.121, 0.11, 0.03, 0.067, 0.177, 0.055, 0.117, 0.079, 0.068]
[0.172, 0.119, 0.108, 0.034, 0.066, 0.173, 0.057, 0.117, 0.084, 0.07]
[0.171, 0.12, 0.107, 0.036, 0.066, 0.169, 0.058, 0.116, 0.088, 0.069]
[0.167, 0.117, 0.107, 0.038, 0.065, 0.169, 0.059, 0.117, 0.091, 0.068]
[0.166, 0.116, 0.108, 0.04, 0.065, 0.168, 0.059, 0.117, 0.094, 0.068]
[0.16, 0.118, 0.106, 0.042, 0.068, 0.164, 0.061, 0.113, 0.101, 0.067]
[0.157, 0.117, 0.104, 0.042, 0.066, 0.163, 0.064, 0.113, 0.106, 0.068]
[0.154, 0.118, 0.104, 0.045, 0.067, 0.16, 0.063, 0.114, 0.107, 0.068]
[0.152, 0.117, 0.103, 0.046, 0.065, 0.159, 0.065, 0.113, 0.11, 0.069]
[0.148, 0.117, 0.102, 0.048, 0.065, 0.157, 0.064, 0.116, 0.114, 0.07]
[0.144, 0.119, 0.103, 0.05, 0.063, 0.154, 0.066, 0.116, 0.115, 0.07]
[0.14, 0.119, 0.104, 0.053, 0.062, 0.154, 0.066, 0.115, 0.116, 0.07]
[0.137, 0.119, 0.104, 0.056, 0.061, 0.153, 0.067, 0.116, 0.117, 0.07]
[0.134, 0.122, 0.102, 0.058, 0.061, 0.15, 0.068, 0.115, 0.121, 0.07]
[0.129, 0.123, 0.101, 0.059, 0.06, 0.149, 0.068, 0.116, 0.123, 0.07]
[0.127, 0.125, 0.101, 0.06, 0.061, 0.147, 0.07, 0.115, 0.123, 0.07]
[0.125, 0.126, 0.101, 0.062, 0.06, 0.145, 0.071, 0.114, 0.125, 0.07]
[0.125, 0.123, 0.101, 0.063, 0.06, 0.147, 0.071, 0.116, 0.125, 0.069]
[0.123, 0.125, 0.101, 0.064, 0.06, 0.143, 0.073, 0.114, 0.127, 0.07]
[0.12, 0.124, 0.1, 0.064, 0.061, 0.142, 0.075, 0.113, 0.131, 0.071]
[0.118, 0.124, 0.1, 0.066, 0.06, 0.141, 0.077, 0.114, 0.129, 0.071]
[0.117, 0.124, 0.099, 0.068, 0.057, 0.141, 0.078, 0.113, 0.128, 0.074]
[0.117, 0.12, 0.101, 0.07, 0.059, 0.143, 0.076, 0.115, 0.126, 0.074]
[0.114, 0.119, 0.099, 0.073, 0.06, 0.137, 0.078, 0.11, 0.135, 0.076]
[0.112, 0.118, 0.101, 0.073, 0.062, 0.141, 0.074, 0.115, 0.13, 0.075]
[0.111, 0.116, 0.1, 0.075, 0.064, 0.137, 0.076, 0.111, 0.133, 0.076]
[0.111, 0.116, 0.099, 0.075, 0.064, 0.138, 0.075, 0.113, 0.132, 0.077]
[0.108, 0.116, 0.099, 0.077, 0.064, 0.138, 0.075, 0.113, 0.133, 0.079]
[0.105, 0.117, 0.1, 0.078, 0.065, 0.137, 0.076, 0.113, 0.133, 0.078]
[0.105, 0.116, 0.099, 0.08, 0.065, 0.136, 0.077, 0.112, 0.133, 0.079]
[0.105, 0.113, 0.099, 0.084, 0.065, 0.136, 0.077, 0.11, 0.133, 0.077]
[0.102, 0.113, 0.104, 0.085, 0.063, 0.141, 0.074, 0.109, 0.132, 0.077]
[0.101, 0.114, 0.102, 0.086, 0.063, 0.139, 0.075, 0.112, 0.131, 0.078]
[0.102, 0.11, 0.099, 0.088, 0.064, 0.135, 0.077, 0.112, 0.133, 0.078]
[0.101, 0.11, 0.099, 0.09, 0.067, 0.134, 0.078, 0.11, 0.133, 0.079]
[0.101, 0.109, 0.098, 0.092, 0.065, 0.133, 0.078, 0.11, 0.134, 0.08]
[0.1, 0.111, 0.099, 0.092, 0.063, 0.133, 0.077, 0.113, 0.132, 0.08]
[0.1, 0.112, 0.101, 0.091, 0.064, 0.133, 0.076, 0.112, 0.132, 0.079]
[0.1, 0.11, 0.097, 0.095, 0.066, 0.131, 0.079, 0.108, 0.132, 0.08]
[0.1, 0.111, 0.101, 0.092, 0.063, 0.13, 0.078, 0.111, 0.132, 0.08]
[0.099, 0.111, 0.103, 0.092, 0.065, 0.132, 0.077, 0.11, 0.131, 0.079]
[0.099, 0.11, 0.101, 0.094, 0.066, 0.128, 0.079, 0.108, 0.133, 0.081]
[0.1, 0.11, 0.103, 0.095, 0.064, 0.126, 0.079, 0.108, 0.134, 0.082]
[0.1, 0.11, 0.106, 0.095, 0.065, 0.123, 0.08, 0.106, 0.133, 0.082]
[0.1, 0.11, 0.106, 0.096, 0.066, 0.121, 0.08, 0.105, 0.135, 0.082]
[0.1, 0.109, 0.109, 0.097, 0.065, 0.119, 0.08, 0.104, 0.136, 0.083]
[0.098, 0.11, 0.107, 0.097, 0.064, 0.118, 0.078, 0.108, 0.135, 0.084]
[0.098, 0.11, 0.108, 0.097, 0.064, 0.12, 0.081, 0.103, 0.135, 0.085]
[0.097, 0.11, 0.109, 0.096, 0.065, 0.12, 0.08, 0.104, 0.133, 0.086]
[0.096, 0.11, 0.108, 0.096, 0.064, 0.12, 0.08, 0.105, 0.134, 0.086]
[0.095, 0.11, 0.109, 0.097, 0.063, 0.118, 0.08, 0.107, 0.132, 0.087]
[0.097, 0.111, 0.108, 0.098, 0.065, 0.114, 0.08, 0.104, 0.134, 0.088]
[0.096, 0.111, 0.108, 0.098, 0.065, 0.114, 0.079, 0.106, 0.134, 0.089]
[0.096, 0.11, 0.107, 0.1, 0.065, 0.114, 0.081, 0.106, 0.133, 0.089]
[0.096, 0.111, 0.105, 0.101, 0.067, 0.111, 0.081, 0.103, 0.135, 0.09]
[0.097, 0.112, 0.117, 0.096, 0.066, 0.115, 0.075, 0.107, 0.13, 0.085]
[0.095, 0.112, 0.108, 0.099, 0.066, 0.112, 0.08, 0.105, 0.133, 0.088]
[0.095, 0.113, 0.109, 0.099, 0.066, 0.114, 0.08, 0.104, 0.133, 0.087]
step 1.3
step 1.1
step 1.2
[0.954, 0.0, 0.0, 0.0, 0.002, 0.0, 0.0, 0.0, 0.0, 0.044]
[0.978, 0.0, 0.0, 0.0, 0.002, 0.001, 0.0, 0.0, 0.001, 0.018]
[0.981, 0.0, 0.0, 0.0, 0.002, 0.001, 0.0, 0.0, 0.005, 0.011]
[0.964, 0.001, 0.0, 0.0, 0.002, 0.001, 0.001, 0.001, 0.015, 0.016]
[0.954, 0.001, 0.0, 0.0, 0.002, 0.002, 0.001, 0.001, 0.012, 0.026]
[0.937, 0.001, 0.0, 0.0, 0.002, 0.002, 0.001, 0.002, 0.022, 0.033]
[0.913, 0.001, 0.001, 0.001, 0.001, 0.003, 0.002, 0.007, 0.027, 0.043]
[0.881, 0.003, 0.004, 0.001, 0.002, 0.005, 0.003, 0.013, 0.042, 0.046]
[0.839, 0.004, 0.006, 0.001, 0.002, 0.008, 0.005, 0.027, 0.059, 0.05]
[0.789, 0.005, 0.009, 0.001, 0.002, 0.008, 0.008, 0.051, 0.075, 0.052]
[0.756, 0.006, 0.012, 0.001, 0.002, 0.009, 0.015, 0.061, 0.082, 0.054]
[0.729, 0.008, 0.015, 0.001, 0.004, 0.009, 0.021, 0.069, 0.09, 0.053]
[0.683, 0.011, 0.025, 0.001, 0.004, 0.011, 0.03, 0.084, 0.098, 0.052]
[0.647, 0.012, 0.028, 0.001, 0.005, 0.011, 0.043, 0.097, 0.106, 0.049]
[0.607, 0.013, 0.038, 0.001, 0.006, 0.012, 0.055, 0.101, 0.121, 0.046]
[0.584, 0.012, 0.044, 0.001, 0.007, 0.013, 0.065, 0.109, 0.122, 0.043]
[0.565, 0.013, 0.049, 0.002, 0.007, 0.012, 0.074, 0.111, 0.123, 0.043]
[0.545, 0.014, 0.056, 0.002, 0.007, 0.011, 0.084, 0.111, 0.127, 0.042]
[0.519, 0.016, 0.06, 0.002, 0.007, 0.012, 0.093, 0.111, 0.136, 0.044]
[0.509, 0.016, 0.063, 0.003, 0.008, 0.011, 0.096, 0.111, 0.138, 0.045]
[0.495, 0.016, 0.071, 0.004, 0.008, 0.011, 0.105, 0.106, 0.137, 0.047]
[0.488, 0.015, 0.075, 0.004, 0.009, 0.012, 0.106, 0.104, 0.139, 0.049]
[0.477, 0.016, 0.078, 0.004, 0.009, 0.012, 0.108, 0.107, 0.138, 0.051]
[0.462, 0.017, 0.083, 0.004, 0.009, 0.012, 0.113, 0.109, 0.138, 0.054]
[0.457, 0.018, 0.086, 0.004, 0.009, 0.012, 0.117, 0.106, 0.134, 0.057]
[0.443, 0.02, 0.087, 0.005, 0.008, 0.013, 0.123, 0.104, 0.137, 0.06]
[0.428, 0.022, 0.09, 0.005, 0.008, 0.014, 0.124, 0.109, 0.138, 0.061]
[0.418, 0.024, 0.093, 0.005, 0.009, 0.013, 0.128, 0.108, 0.137, 0.065]
[0.404, 0.027, 0.097, 0.006, 0.009, 0.014, 0.13, 0.106, 0.14, 0.068]
[0.392, 0.026, 0.097, 0.006, 0.009, 0.013, 0.139, 0.106, 0.14, 0.07]
[0.375, 0.027, 0.103, 0.006, 0.01, 0.013, 0.141, 0.11, 0.145, 0.069]
[0.365, 0.027, 0.106, 0.006, 0.011, 0.014, 0.142, 0.115, 0.143, 0.07]
[0.354, 0.028, 0.108, 0.007, 0.012, 0.015, 0.147, 0.115, 0.142, 0.073]
[0.349, 0.029, 0.111, 0.007, 0.011, 0.015, 0.147, 0.112, 0.143, 0.076]
[0.337, 0.03, 0.114, 0.006, 0.012, 0.015, 0.152, 0.113, 0.145, 0.076]
[0.327, 0.032, 0.117, 0.006, 0.012, 0.015, 0.158, 0.114, 0.142, 0.077]
[0.316, 0.037, 0.116, 0.007, 0.013, 0.015, 0.16, 0.12, 0.139, 0.077]
[0.309, 0.042, 0.116, 0.007, 0.013, 0.015, 0.161, 0.122, 0.137, 0.078]
[0.299, 0.044, 0.115, 0.007, 0.013, 0.015, 0.167, 0.124, 0.136, 0.08]
[0.293, 0.046, 0.116, 0.008, 0.013, 0.015, 0.168, 0.124, 0.137, 0.081]
[0.286, 0.048, 0.116, 0.009, 0.013, 0.014, 0.172, 0.125, 0.135, 0.083]
[0.275, 0.049, 0.12, 0.01, 0.013, 0.014, 0.174, 0.129, 0.134, 0.083]
[0.268, 0.051, 0.122, 0.012, 0.013, 0.015, 0.174, 0.13, 0.132, 0.082]
[0.261, 0.051, 0.125, 0.014, 0.014, 0.014, 0.172, 0.132, 0.131, 0.085]
[0.257, 0.055, 0.125, 0.014, 0.014, 0.015, 0.173, 0.132, 0.13, 0.085]
[0.25, 0.058, 0.124, 0.016, 0.013, 0.014, 0.173, 0.132, 0.133, 0.087]
[0.245, 0.06, 0.125, 0.016, 0.014, 0.015, 0.17, 0.131, 0.133, 0.089]
[0.239, 0.063, 0.13, 0.016, 0.014, 0.016, 0.17, 0.13, 0.131, 0.091]
[0.236, 0.065, 0.13, 0.017, 0.015, 0.016, 0.17, 0.132, 0.131, 0.089]
[0.234, 0.067, 0.132, 0.016, 0.015, 0.015, 0.17, 0.131, 0.131, 0.089]
[0.229, 0.069, 0.133, 0.016, 0.016, 0.016, 0.17, 0.132, 0.13, 0.088]
[0.225, 0.07, 0.136, 0.017, 0.016, 0.016, 0.171, 0.132, 0.129, 0.089]
[0.22, 0.072, 0.139, 0.018, 0.016, 0.015, 0.17, 0.133, 0.129, 0.088]
[0.218, 0.072, 0.14, 0.018, 0.017, 0.015, 0.17, 0.133, 0.13, 0.088]
[0.215, 0.072, 0.14, 0.019, 0.016, 0.015, 0.171, 0.133, 0.13, 0.088]
[0.215, 0.073, 0.141, 0.021, 0.017, 0.015, 0.168, 0.132, 0.131, 0.088]
[0.208, 0.075, 0.139, 0.022, 0.017, 0.015, 0.167, 0.134, 0.132, 0.09]
[0.205, 0.076, 0.141, 0.024, 0.017, 0.015, 0.163, 0.136, 0.132, 0.091]
[0.207, 0.076, 0.143, 0.022, 0.017, 0.015, 0.164, 0.134, 0.131, 0.091]
[0.201, 0.078, 0.147, 0.023, 0.017, 0.014, 0.163, 0.135, 0.131, 0.091]
[0.197, 0.078, 0.148, 0.024, 0.018, 0.014, 0.161, 0.136, 0.132, 0.092]
[0.195, 0.08, 0.148, 0.024, 0.019, 0.015, 0.159, 0.136, 0.132, 0.093]
[0.196, 0.082, 0.15, 0.022, 0.019, 0.014, 0.159, 0.135, 0.131, 0.091]
[0.191, 0.084, 0.149, 0.024, 0.019, 0.014, 0.157, 0.136, 0.132, 0.093]
[0.187, 0.085, 0.156, 0.024, 0.019, 0.014, 0.157, 0.134, 0.132, 0.092]
[0.183, 0.086, 0.159, 0.024, 0.02, 0.014, 0.156, 0.134, 0.132, 0.092]
[0.183, 0.086, 0.16, 0.023, 0.021, 0.014, 0.157, 0.133, 0.132, 0.091]
[0.181, 0.086, 0.159, 0.024, 0.021, 0.014, 0.157, 0.134, 0.133, 0.092]
[0.178, 0.087, 0.159, 0.024, 0.022, 0.014, 0.156, 0.134, 0.133, 0.092]
[0.176, 0.088, 0.161, 0.024, 0.024, 0.014, 0.154, 0.134, 0.134, 0.091]
[0.172, 0.09, 0.162, 0.025, 0.025, 0.014, 0.153, 0.135, 0.135, 0.091]
[0.169, 0.091, 0.166, 0.024, 0.025, 0.014, 0.152, 0.134, 0.132, 0.091]
[0.168, 0.094, 0.164, 0.025, 0.026, 0.014, 0.152, 0.133, 0.133, 0.091]
[0.166, 0.095, 0.165, 0.025, 0.027, 0.014, 0.151, 0.135, 0.133, 0.09]
[0.165, 0.096, 0.165, 0.026, 0.027, 0.014, 0.15, 0.134, 0.132, 0.091]
[0.163, 0.096, 0.165, 0.025, 0.027, 0.014, 0.152, 0.135, 0.13, 0.092]
[0.161, 0.096, 0.165, 0.026, 0.027, 0.015, 0.152, 0.135, 0.13, 0.093]
[0.159, 0.097, 0.164, 0.026, 0.028, 0.016, 0.149, 0.134, 0.133, 0.094]
[0.155, 0.097, 0.167, 0.027, 0.028, 0.017, 0.151, 0.133, 0.132, 0.092]
[0.152, 0.097, 0.163, 0.026, 0.03, 0.017, 0.151, 0.133, 0.134, 0.096]
[0.153, 0.098, 0.166, 0.027, 0.029, 0.017, 0.151, 0.133, 0.134, 0.092]
[0.153, 0.098, 0.166, 0.027, 0.029, 0.017, 0.15, 0.131, 0.135, 0.092]
[0.153, 0.097, 0.168, 0.026, 0.029, 0.018, 0.15, 0.13, 0.137, 0.092]
[0.153, 0.098, 0.168, 0.026, 0.029, 0.018, 0.15, 0.129, 0.136, 0.092]
[0.152, 0.098, 0.169, 0.026, 0.03, 0.019, 0.149, 0.13, 0.136, 0.091]
[0.152, 0.097, 0.169, 0.027, 0.03, 0.019, 0.148, 0.13, 0.138, 0.09]
[0.151, 0.098, 0.169, 0.027, 0.031, 0.018, 0.146, 0.131, 0.139, 0.092]
[0.151, 0.098, 0.168, 0.026, 0.031, 0.019, 0.145, 0.131, 0.139, 0.092]
[0.15, 0.097, 0.17, 0.026, 0.031, 0.02, 0.145, 0.131, 0.139, 0.091]
[0.149, 0.098, 0.17, 0.027, 0.031, 0.019, 0.145, 0.13, 0.139, 0.092]
[0.152, 0.097, 0.17, 0.026, 0.031, 0.02, 0.145, 0.129, 0.139, 0.092]
[0.147, 0.098, 0.167, 0.028, 0.033, 0.02, 0.143, 0.131, 0.138, 0.095]
[0.147, 0.098, 0.169, 0.027, 0.032, 0.02, 0.143, 0.133, 0.139, 0.091]
[0.146, 0.097, 0.169, 0.028, 0.033, 0.02, 0.144, 0.133, 0.139, 0.091]
[0.148, 0.097, 0.169, 0.028, 0.033, 0.021, 0.143, 0.131, 0.139, 0.089]
[0.147, 0.097, 0.17, 0.028, 0.034, 0.021, 0.143, 0.132, 0.138, 0.088]
[0.15, 0.097, 0.17, 0.029, 0.036, 0.021, 0.141, 0.131, 0.138, 0.087]
[0.146, 0.097, 0.17, 0.029, 0.037, 0.021, 0.144, 0.132, 0.139, 0.086]
[0.144, 0.097, 0.17, 0.029, 0.039, 0.022, 0.143, 0.132, 0.138, 0.086]
[0.148, 0.096, 0.17, 0.029, 0.039, 0.022, 0.143, 0.132, 0.138, 0.084]
step 1.3
step 1.1
step 1.2
[0.0, 0.0, 0.0, 0.0, 0.0, 0.0, 1.0, 0.0, 0.0, 0.0]
[0.0, 0.0, 0.0, 0.0, 0.0, 0.0, 0.999, 0.001, 0.0, 0.0]
[0.0, 0.0, 0.0, 0.0, 0.0, 0.0, 0.994, 0.004, 0.001, 0.0]
[0.002, 0.0, 0.0, 0.0, 0.0, 0.001, 0.957, 0.035, 0.004, 0.0]
[0.004, 0.0, 0.0, 0.0, 0.001, 0.001, 0.746, 0.241, 0.007, 0.0]
[0.003, 0.001, 0.002, 0.001, 0.001, 0.001, 0.547, 0.427, 0.016, 0.001]
[0.004, 0.001, 0.002, 0.001, 0.001, 0.001, 0.444, 0.518, 0.025, 0.002]
[0.004, 0.001, 0.003, 0.001, 0.001, 0.001, 0.392, 0.565, 0.027, 0.003]
[0.004, 0.002, 0.004, 0.002, 0.001, 0.001, 0.363, 0.586, 0.033, 0.003]
[0.004, 0.005, 0.005, 0.002, 0.003, 0.002, 0.358, 0.581, 0.036, 0.004]
[0.004, 0.005, 0.005, 0.003, 0.004, 0.001, 0.355, 0.575, 0.042, 0.004]
[0.005, 0.005, 0.005, 0.004, 0.008, 0.002, 0.352, 0.566, 0.046, 0.008]
[0.005, 0.006, 0.005, 0.004, 0.012, 0.002, 0.353, 0.555, 0.048, 0.011]
[0.005, 0.008, 0.005, 0.003, 0.024, 0.001, 0.354, 0.539, 0.049, 0.012]
[0.005, 0.009, 0.006, 0.004, 0.042, 0.002, 0.344, 0.524, 0.052, 0.012]
[0.004, 0.012, 0.006, 0.003, 0.056, 0.001, 0.342, 0.509, 0.055, 0.012]
[0.005, 0.014, 0.007, 0.004, 0.074, 0.002, 0.33, 0.495, 0.056, 0.014]
[0.005, 0.015, 0.007, 0.005, 0.083, 0.002, 0.33, 0.48, 0.058, 0.015]
[0.005, 0.017, 0.007, 0.006, 0.1, 0.001, 0.323, 0.462, 0.061, 0.018]
[0.005, 0.017, 0.008, 0.008, 0.113, 0.001, 0.32, 0.45, 0.061, 0.018]
[0.005, 0.022, 0.007, 0.01, 0.12, 0.002, 0.315, 0.437, 0.062, 0.02]
[0.005, 0.024, 0.007, 0.014, 0.131, 0.001, 0.31, 0.423, 0.062, 0.022]
[0.005, 0.025, 0.008, 0.017, 0.141, 0.002, 0.305, 0.413, 0.063, 0.023]
[0.005, 0.026, 0.007, 0.018, 0.15, 0.002, 0.302, 0.402, 0.062, 0.026]
[0.006, 0.028, 0.007, 0.02, 0.159, 0.002, 0.295, 0.39, 0.063, 0.03]
[0.006, 0.032, 0.007, 0.023, 0.163, 0.002, 0.29, 0.383, 0.063, 0.03]
[0.006, 0.035, 0.008, 0.028, 0.167, 0.003, 0.287, 0.371, 0.062, 0.032]
[0.007, 0.039, 0.007, 0.031, 0.172, 0.002, 0.283, 0.363, 0.063, 0.033]
[0.008, 0.04, 0.007, 0.034, 0.175, 0.002, 0.277, 0.355, 0.064, 0.037]
[0.01, 0.044, 0.007, 0.041, 0.177, 0.003, 0.274, 0.344, 0.063, 0.038]
[0.01, 0.052, 0.007, 0.046, 0.179, 0.002, 0.264, 0.336, 0.062, 0.04]
[0.011, 0.054, 0.007, 0.051, 0.179, 0.003, 0.26, 0.332, 0.061, 0.043]
[0.013, 0.059, 0.007, 0.055, 0.183, 0.003, 0.253, 0.321, 0.058, 0.047]
[0.014, 0.068, 0.008, 0.058, 0.181, 0.003, 0.25, 0.314, 0.056, 0.049]
[0.016, 0.072, 0.008, 0.06, 0.183, 0.003, 0.254, 0.303, 0.052, 0.049]
[0.019, 0.084, 0.007, 0.06, 0.187, 0.003, 0.247, 0.295, 0.049, 0.049]
[0.022, 0.089, 0.007, 0.062, 0.189, 0.003, 0.245, 0.286, 0.047, 0.049]
[0.023, 0.089, 0.007, 0.066, 0.189, 0.003, 0.245, 0.279, 0.048, 0.05]
[0.024, 0.092, 0.007, 0.067, 0.188, 0.004, 0.25, 0.267, 0.049, 0.05]
[0.025, 0.102, 0.007, 0.068, 0.19, 0.005, 0.244, 0.261, 0.049, 0.051]
[0.028, 0.103, 0.008, 0.07, 0.189, 0.005, 0.243, 0.255, 0.048, 0.052]
[0.028, 0.106, 0.008, 0.072, 0.192, 0.005, 0.24, 0.25, 0.048, 0.052]
[0.028, 0.106, 0.009, 0.072, 0.192, 0.006, 0.245, 0.242, 0.049, 0.052]
[0.029, 0.107, 0.009, 0.074, 0.191, 0.006, 0.245, 0.237, 0.049, 0.053]
[0.03, 0.106, 0.009, 0.079, 0.189, 0.007, 0.242, 0.232, 0.052, 0.053]
[0.03, 0.106, 0.009, 0.085, 0.187, 0.007, 0.243, 0.228, 0.052, 0.054]
[0.03, 0.106, 0.009, 0.09, 0.181, 0.007, 0.243, 0.226, 0.052, 0.054]
[0.03, 0.107, 0.01, 0.094, 0.18, 0.008, 0.242, 0.223, 0.052, 0.055]
[0.03, 0.108, 0.01, 0.098, 0.177, 0.009, 0.238, 0.221, 0.052, 0.056]
[0.03, 0.11, 0.01, 0.102, 0.174, 0.008, 0.239, 0.219, 0.051, 0.057]
[0.03, 0.11, 0.01, 0.106, 0.171, 0.009, 0.241, 0.214, 0.052, 0.057]
[0.031, 0.108, 0.01, 0.111, 0.166, 0.009, 0.238, 0.213, 0.053, 0.061]
[0.032, 0.109, 0.01, 0.118, 0.159, 0.009, 0.235, 0.209, 0.056, 0.062]
[0.031, 0.109, 0.011, 0.124, 0.158, 0.011, 0.228, 0.208, 0.057, 0.063]
[0.031, 0.108, 0.01, 0.127, 0.155, 0.012, 0.223, 0.207, 0.059, 0.068]
[0.032, 0.111, 0.011, 0.13, 0.152, 0.012, 0.225, 0.204, 0.059, 0.064]
[0.034, 0.112, 0.011, 0.129, 0.151, 0.014, 0.224, 0.201, 0.059, 0.065]
[0.033, 0.115, 0.011, 0.133, 0.147, 0.014, 0.224, 0.198, 0.06, 0.066]
[0.034, 0.117, 0.011, 0.137, 0.142, 0.014, 0.223, 0.198, 0.06, 0.064]
[0.033, 0.121, 0.01, 0.14, 0.14, 0.015, 0.221, 0.196, 0.061, 0.064]
[0.033, 0.122, 0.011, 0.141, 0.139, 0.016, 0.217, 0.193, 0.06, 0.067]
[0.033, 0.123, 0.011, 0.141, 0.137, 0.016, 0.217, 0.192, 0.061, 0.069]
[0.033, 0.125, 0.01, 0.144, 0.134, 0.017, 0.216, 0.191, 0.059, 0.07]
[0.034, 0.125, 0.01, 0.143, 0.132, 0.017, 0.216, 0.189, 0.06, 0.072]
[0.034, 0.125, 0.01, 0.144, 0.131, 0.018, 0.212, 0.189, 0.06, 0.076]
[0.034, 0.126, 0.01, 0.146, 0.13, 0.018, 0.211, 0.187, 0.059, 0.078]
[0.035, 0.127, 0.011, 0.147, 0.13, 0.018, 0.21, 0.184, 0.059, 0.079]
[0.034, 0.128, 0.01, 0.15, 0.129, 0.018, 0.208, 0.184, 0.059, 0.08]
[0.034, 0.13, 0.011, 0.15, 0.129, 0.018, 0.205, 0.182, 0.059, 0.082]
[0.035, 0.133, 0.01, 0.151, 0.126, 0.019, 0.203, 0.179, 0.06, 0.083]
[0.035, 0.133, 0.011, 0.152, 0.129, 0.018, 0.205, 0.176, 0.06, 0.082]
[0.037, 0.132, 0.011, 0.152, 0.127, 0.019, 0.203, 0.173, 0.063, 0.083]
[0.036, 0.134, 0.011, 0.155, 0.127, 0.019, 0.201, 0.172, 0.062, 0.084]
[0.037, 0.133, 0.012, 0.156, 0.129, 0.019, 0.199, 0.17, 0.061, 0.085]
[0.036, 0.132, 0.011, 0.158, 0.128, 0.02, 0.199, 0.17, 0.062, 0.085]
[0.036, 0.131, 0.011, 0.159, 0.128, 0.02, 0.198, 0.169, 0.062, 0.084]
[0.036, 0.131, 0.011, 0.16, 0.128, 0.021, 0.197, 0.168, 0.062, 0.086]
[0.038, 0.133, 0.012, 0.158, 0.126, 0.022, 0.195, 0.167, 0.063, 0.087]
[0.038, 0.132, 0.012, 0.158, 0.126, 0.022, 0.195, 0.167, 0.063, 0.088]
[0.037, 0.131, 0.011, 0.159, 0.126, 0.023, 0.194, 0.167, 0.064, 0.087]
[0.037, 0.129, 0.012, 0.159, 0.126, 0.025, 0.193, 0.168, 0.065, 0.087]
[0.038, 0.13, 0.011, 0.159, 0.125, 0.026, 0.192, 0.167, 0.065, 0.086]
[0.039, 0.131, 0.011, 0.16, 0.125, 0.027, 0.192, 0.162, 0.066, 0.087]
[0.039, 0.13, 0.011, 0.162, 0.124, 0.028, 0.187, 0.166, 0.065, 0.087]
[0.039, 0.13, 0.011, 0.161, 0.124, 0.029, 0.185, 0.166, 0.065, 0.089]
[0.04, 0.13, 0.011, 0.161, 0.123, 0.029, 0.184, 0.166, 0.066, 0.09]
[0.039, 0.131, 0.011, 0.161, 0.123, 0.031, 0.182, 0.166, 0.065, 0.091]
[0.04, 0.131, 0.011, 0.16, 0.124, 0.031, 0.18, 0.166, 0.066, 0.093]
[0.041, 0.132, 0.012, 0.16, 0.124, 0.031, 0.179, 0.164, 0.067, 0.091]
[0.04, 0.133, 0.011, 0.16, 0.124, 0.033, 0.176, 0.164, 0.067, 0.091]
[0.041, 0.133, 0.011, 0.16, 0.124, 0.034, 0.176, 0.164, 0.067, 0.091]
[0.042, 0.134, 0.011, 0.161, 0.122, 0.035, 0.173, 0.164, 0.068, 0.09]
[0.042, 0.134, 0.012, 0.16, 0.122, 0.036, 0.173, 0.163, 0.068, 0.092]
[0.04, 0.132, 0.011, 0.159, 0.123, 0.038, 0.172, 0.163, 0.068, 0.093]
[0.041, 0.133, 0.012, 0.16, 0.121, 0.039, 0.171, 0.161, 0.068, 0.094]
[0.04, 0.131, 0.012, 0.159, 0.122, 0.039, 0.172, 0.163, 0.068, 0.094]
[0.041, 0.131, 0.012, 0.159, 0.121, 0.039, 0.171, 0.163, 0.068, 0.095]
[0.041, 0.132, 0.012, 0.16, 0.12, 0.04, 0.171, 0.16, 0.068, 0.096]
[0.041, 0.129, 0.012, 0.159, 0.12, 0.042, 0.171, 0.162, 0.069, 0.096]
[0.043, 0.128, 0.013, 0.16, 0.12, 0.043, 0.169, 0.16, 0.068, 0.096]
step 1.3
step 1.1
step 1.2
[0.935, 0.0, 0.011, 0.054, 0.0, 0.0, 0.0, 0.0, 0.0, 0.0]
[0.315, 0.0, 0.017, 0.664, 0.004, 0.001, 0.0, 0.0, 0.0, 0.0]
[0.197, 0.0, 0.024, 0.76, 0.016, 0.002, 0.001, 0.001, 0.0, 0.0]
[0.159, 0.001, 0.029, 0.783, 0.017, 0.005, 0.003, 0.001, 0.0, 0.002]
[0.153, 0.002, 0.033, 0.776, 0.018, 0.009, 0.004, 0.001, 0.0, 0.002]
[0.161, 0.002, 0.037, 0.75, 0.02, 0.018, 0.004, 0.002, 0.001, 0.004]
[0.174, 0.002, 0.038, 0.72, 0.021, 0.026, 0.005, 0.003, 0.002, 0.008]
[0.187, 0.003, 0.039, 0.687, 0.022, 0.036, 0.005, 0.005, 0.002, 0.013]
[0.197, 0.004, 0.04, 0.653, 0.023, 0.05, 0.005, 0.008, 0.004, 0.016]
[0.204, 0.006, 0.044, 0.619, 0.023, 0.058, 0.005, 0.015, 0.004, 0.021]
[0.2, 0.007, 0.045, 0.586, 0.024, 0.071, 0.005, 0.026, 0.006, 0.029]
[0.19, 0.008, 0.047, 0.55, 0.024, 0.088, 0.005, 0.039, 0.008, 0.039]
[0.179, 0.008, 0.047, 0.523, 0.025, 0.099, 0.005, 0.055, 0.013, 0.047]
[0.171, 0.008, 0.046, 0.489, 0.024, 0.108, 0.005, 0.079, 0.015, 0.054]
[0.162, 0.008, 0.045, 0.47, 0.025, 0.117, 0.005, 0.096, 0.015, 0.056]
[0.157, 0.008, 0.044, 0.444, 0.025, 0.126, 0.005, 0.116, 0.016, 0.058]
[0.148, 0.009, 0.042, 0.422, 0.025, 0.138, 0.006, 0.129, 0.018, 0.062]
[0.143, 0.01, 0.04, 0.409, 0.026, 0.139, 0.006, 0.141, 0.022, 0.064]
[0.139, 0.01, 0.043, 0.399, 0.026, 0.139, 0.007, 0.144, 0.028, 0.065]
[0.133, 0.012, 0.041, 0.385, 0.026, 0.143, 0.007, 0.151, 0.028, 0.074]
[0.133, 0.012, 0.041, 0.363, 0.026, 0.146, 0.008, 0.164, 0.029, 0.077]
[0.132, 0.013, 0.042, 0.346, 0.027, 0.147, 0.009, 0.175, 0.031, 0.08]
[0.132, 0.013, 0.041, 0.33, 0.028, 0.149, 0.009, 0.187, 0.033, 0.079]
[0.136, 0.013, 0.042, 0.321, 0.029, 0.146, 0.009, 0.188, 0.033, 0.082]
[0.139, 0.014, 0.042, 0.311, 0.03, 0.145, 0.009, 0.197, 0.033, 0.081]
[0.141, 0.017, 0.04, 0.302, 0.028, 0.144, 0.008, 0.204, 0.034, 0.081]
[0.148, 0.019, 0.041, 0.296, 0.029, 0.143, 0.008, 0.203, 0.034, 0.08]
[0.147, 0.02, 0.04, 0.284, 0.03, 0.141, 0.009, 0.213, 0.035, 0.081]
[0.148, 0.021, 0.04, 0.279, 0.029, 0.141, 0.009, 0.215, 0.036, 0.082]
[0.149, 0.023, 0.041, 0.273, 0.029, 0.139, 0.009, 0.219, 0.036, 0.081]
[0.151, 0.023, 0.041, 0.26, 0.03, 0.139, 0.009, 0.229, 0.036, 0.083]
[0.151, 0.023, 0.042, 0.251, 0.029, 0.138, 0.009, 0.238, 0.036, 0.083]
[0.148, 0.025, 0.042, 0.245, 0.029, 0.137, 0.009, 0.243, 0.038, 0.083]
[0.152, 0.025, 0.043, 0.24, 0.03, 0.135, 0.009, 0.246, 0.038, 0.082]
[0.15, 0.026, 0.043, 0.236, 0.03, 0.136, 0.009, 0.247, 0.04, 0.082]
[0.151, 0.029, 0.043, 0.23, 0.03, 0.137, 0.009, 0.25, 0.039, 0.082]
[0.149, 0.032, 0.043, 0.226, 0.03, 0.135, 0.009, 0.252, 0.042, 0.082]
[0.152, 0.032, 0.043, 0.222, 0.03, 0.135, 0.009, 0.253, 0.042, 0.082]
[0.156, 0.033, 0.043, 0.216, 0.031, 0.132, 0.01, 0.256, 0.041, 0.083]
[0.157, 0.034, 0.043, 0.211, 0.031, 0.132, 0.01, 0.258, 0.042, 0.083]
[0.157, 0.034, 0.043, 0.207, 0.031, 0.133, 0.009, 0.259, 0.042, 0.084]
[0.157, 0.034, 0.043, 0.202, 0.031, 0.135, 0.01, 0.261, 0.043, 0.085]
[0.156, 0.036, 0.043, 0.198, 0.032, 0.135, 0.01, 0.263, 0.044, 0.084]
[0.157, 0.036, 0.042, 0.195, 0.032, 0.136, 0.01, 0.263, 0.044, 0.086]
[0.161, 0.037, 0.042, 0.193, 0.031, 0.133, 0.01, 0.262, 0.044, 0.086]
[0.161, 0.037, 0.042, 0.186, 0.031, 0.132, 0.01, 0.268, 0.046, 0.086]
[0.164, 0.037, 0.041, 0.181, 0.032, 0.127, 0.009, 0.273, 0.049, 0.086]
[0.17, 0.037, 0.041, 0.177, 0.033, 0.123, 0.01, 0.274, 0.05, 0.085]
[0.172, 0.037, 0.041, 0.173, 0.032, 0.122, 0.01, 0.277, 0.051, 0.085]
[0.168, 0.04, 0.041, 0.169, 0.031, 0.121, 0.01, 0.282, 0.052, 0.086]
[0.17, 0.041, 0.041, 0.167, 0.031, 0.122, 0.01, 0.276, 0.054, 0.088]
[0.163, 0.044, 0.041, 0.161, 0.032, 0.122, 0.01, 0.28, 0.058, 0.089]
[0.161, 0.046, 0.041, 0.159, 0.033, 0.12, 0.01, 0.28, 0.061, 0.089]
[0.163, 0.047, 0.041, 0.157, 0.032, 0.118, 0.01, 0.28, 0.061, 0.089]
[0.159, 0.05, 0.041, 0.157, 0.032, 0.117, 0.01, 0.28, 0.064, 0.09]
[0.164, 0.05, 0.041, 0.153, 0.033, 0.115, 0.009, 0.281, 0.066, 0.088]
[0.163, 0.051, 0.041, 0.152, 0.032, 0.115, 0.009, 0.28, 0.068, 0.088]
[0.162, 0.05, 0.041, 0.15, 0.033, 0.116, 0.01, 0.279, 0.07, 0.088]
[0.162, 0.053, 0.041, 0.148, 0.033, 0.115, 0.009, 0.278, 0.072, 0.088]
[0.16, 0.054, 0.04, 0.148, 0.032, 0.115, 0.01, 0.277, 0.077, 0.087]
[0.159, 0.056, 0.039, 0.144, 0.033, 0.112, 0.011, 0.279, 0.083, 0.085]
[0.159, 0.062, 0.039, 0.144, 0.033, 0.112, 0.011, 0.275, 0.08, 0.085]
[0.158, 0.063, 0.039, 0.142, 0.033, 0.113, 0.011, 0.275, 0.081, 0.085]
[0.158, 0.063, 0.039, 0.139, 0.032, 0.112, 0.011, 0.277, 0.084, 0.085]
[0.16, 0.064, 0.039, 0.136, 0.033, 0.112, 0.011, 0.277, 0.085, 0.084]
[0.161, 0.064, 0.039, 0.134, 0.033, 0.111, 0.011, 0.275, 0.087, 0.085]
[0.164, 0.064, 0.038, 0.133, 0.032, 0.111, 0.012, 0.274, 0.088, 0.085]
[0.165, 0.065, 0.039, 0.131, 0.033, 0.109, 0.011, 0.273, 0.09, 0.084]
[0.167, 0.066, 0.039, 0.129, 0.031, 0.109, 0.012, 0.273, 0.09, 0.085]
[0.168, 0.066, 0.038, 0.126, 0.033, 0.107, 0.012, 0.274, 0.09, 0.086]
[0.168, 0.069, 0.038, 0.123, 0.032, 0.107, 0.012, 0.277, 0.089, 0.086]
[0.168, 0.073, 0.037, 0.121, 0.032, 0.106, 0.012, 0.276, 0.089, 0.086]
[0.167, 0.075, 0.037, 0.119, 0.032, 0.105, 0.013, 0.277, 0.089, 0.086]
[0.168, 0.078, 0.038, 0.118, 0.031, 0.102, 0.012, 0.276, 0.089, 0.088]
[0.168, 0.081, 0.038, 0.117, 0.033, 0.101, 0.013, 0.275, 0.088, 0.087]
[0.167, 0.083, 0.037, 0.117, 0.031, 0.1, 0.013, 0.275, 0.091, 0.086]
[0.168, 0.084, 0.037, 0.116, 0.031, 0.101, 0.013, 0.273, 0.092, 0.085]
[0.168, 0.086, 0.037, 0.116, 0.032, 0.101, 0.012, 0.27, 0.092, 0.086]
[0.169, 0.086, 0.037, 0.115, 0.033, 0.098, 0.013, 0.27, 0.093, 0.088]
[0.169, 0.086, 0.037, 0.113, 0.031, 0.099, 0.013, 0.268, 0.095, 0.088]
[0.169, 0.087, 0.037, 0.112, 0.031, 0.098, 0.013, 0.27, 0.095, 0.088]
[0.169, 0.088, 0.037, 0.11, 0.032, 0.098, 0.013, 0.269, 0.095, 0.088]
[0.169, 0.088, 0.037, 0.11, 0.031, 0.099, 0.013, 0.27, 0.096, 0.088]
[0.168, 0.089, 0.036, 0.111, 0.033, 0.099, 0.013, 0.268, 0.095, 0.088]
[0.168, 0.089, 0.037, 0.111, 0.033, 0.099, 0.013, 0.268, 0.095, 0.088]
[0.168, 0.089, 0.037, 0.11, 0.032, 0.1, 0.013, 0.266, 0.096, 0.088]
[0.168, 0.089, 0.037, 0.109, 0.032, 0.1, 0.013, 0.266, 0.096, 0.088]
[0.17, 0.09, 0.037, 0.109, 0.032, 0.1, 0.013, 0.266, 0.096, 0.089]
[0.17, 0.09, 0.037, 0.109, 0.032, 0.101, 0.013, 0.263, 0.097, 0.088]
[0.171, 0.09, 0.037, 0.109, 0.032, 0.101, 0.013, 0.262, 0.097, 0.088]
[0.171, 0.09, 0.037, 0.108, 0.033, 0.102, 0.013, 0.262, 0.097, 0.088]
[0.172, 0.09, 0.037, 0.108, 0.032, 0.102, 0.013, 0.261, 0.097, 0.089]
[0.171, 0.091, 0.037, 0.108, 0.032, 0.102, 0.013, 0.261, 0.097, 0.089]
[0.169, 0.093, 0.037, 0.107, 0.033, 0.101, 0.013, 0.26, 0.098, 0.089]
[0.167, 0.095, 0.037, 0.107, 0.033, 0.101, 0.013, 0.261, 0.098, 0.089]
[0.165, 0.097, 0.037, 0.106, 0.032, 0.101, 0.013, 0.26, 0.098, 0.09]
[0.165, 0.097, 0.037, 0.106, 0.032, 0.102, 0.013, 0.26, 0.098, 0.09]
[0.164, 0.098, 0.037, 0.107, 0.033, 0.101, 0.013, 0.26, 0.098, 0.09]
[0.164, 0.098, 0.037, 0.106, 0.033, 0.101, 0.013, 0.258, 0.098, 0.091]
[0.164, 0.099, 0.037, 0.106, 0.031, 0.102, 0.013, 0.259, 0.099, 0.09]
step 1.3
step 1.1
step 1.2
[0.001, 0.0, 0.011, 0.984, 0.0, 0.0, 0.0, 0.0, 0.0, 0.003]
[0.086, 0.002, 0.03, 0.849, 0.002, 0.0, 0.0, 0.0, 0.026, 0.004]
[0.205, 0.004, 0.048, 0.589, 0.015, 0.0, 0.0, 0.0, 0.135, 0.004]
[0.247, 0.018, 0.058, 0.415, 0.021, 0.001, 0.0, 0.0, 0.235, 0.005]
[0.267, 0.03, 0.062, 0.303, 0.029, 0.001, 0.002, 0.001, 0.301, 0.004]
[0.289, 0.036, 0.077, 0.258, 0.033, 0.002, 0.004, 0.001, 0.294, 0.005]
[0.271, 0.091, 0.065, 0.225, 0.052, 0.006, 0.013, 0.001, 0.273, 0.005]
[0.291, 0.097, 0.066, 0.196, 0.062, 0.009, 0.024, 0.001, 0.25, 0.004]
[0.29, 0.117, 0.063, 0.181, 0.067, 0.011, 0.031, 0.001, 0.234, 0.005]
[0.293, 0.134, 0.066, 0.161, 0.07, 0.01, 0.039, 0.002, 0.22, 0.005]
[0.292, 0.134, 0.067, 0.15, 0.08, 0.014, 0.045, 0.002, 0.21, 0.005]
[0.289, 0.141, 0.073, 0.146, 0.081, 0.015, 0.048, 0.002, 0.2, 0.005]
[0.292, 0.141, 0.075, 0.138, 0.091, 0.017, 0.049, 0.002, 0.189, 0.006]
[0.285, 0.144, 0.076, 0.132, 0.098, 0.017, 0.052, 0.005, 0.184, 0.006]
[0.286, 0.138, 0.078, 0.13, 0.106, 0.02, 0.052, 0.005, 0.178, 0.006]
[0.283, 0.135, 0.079, 0.125, 0.111, 0.024, 0.053, 0.008, 0.176, 0.006]
[0.279, 0.135, 0.08, 0.122, 0.11, 0.03, 0.055, 0.009, 0.172, 0.006]
[0.265, 0.136, 0.081, 0.116, 0.121, 0.041, 0.054, 0.012, 0.166, 0.007]
[0.26, 0.136, 0.079, 0.109, 0.129, 0.05, 0.051, 0.016, 0.162, 0.007]
[0.252, 0.136, 0.079, 0.105, 0.133, 0.058, 0.051, 0.019, 0.158, 0.008]
[0.249, 0.133, 0.078, 0.103, 0.131, 0.067, 0.048, 0.022, 0.157, 0.011]
[0.239, 0.133, 0.077, 0.099, 0.133, 0.078, 0.047, 0.023, 0.156, 0.014]
[0.235, 0.132, 0.076, 0.097, 0.133, 0.082, 0.046, 0.027, 0.154, 0.019]
[0.229, 0.13, 0.077, 0.095, 0.133, 0.084, 0.047, 0.03, 0.151, 0.024]
[0.228, 0.128, 0.077, 0.092, 0.133, 0.085, 0.047, 0.031, 0.15, 0.028]
[0.222, 0.125, 0.076, 0.094, 0.133, 0.087, 0.048, 0.035, 0.149, 0.03]
[0.219, 0.123, 0.078, 0.089, 0.136, 0.09, 0.047, 0.036, 0.149, 0.032]
[0.213, 0.12, 0.077, 0.093, 0.138, 0.091, 0.047, 0.039, 0.149, 0.033]
[0.213, 0.119, 0.078, 0.09, 0.138, 0.094, 0.048, 0.038, 0.148, 0.034]
[0.205, 0.119, 0.076, 0.093, 0.139, 0.097, 0.048, 0.04, 0.146, 0.036]
[0.204, 0.118, 0.077, 0.09, 0.14, 0.099, 0.048, 0.04, 0.146, 0.037]
[0.202, 0.118, 0.078, 0.088, 0.142, 0.101, 0.049, 0.042, 0.145, 0.037]
[0.199, 0.117, 0.079, 0.087, 0.142, 0.101, 0.05, 0.042, 0.145, 0.039]
[0.197, 0.117, 0.078, 0.087, 0.144, 0.101, 0.051, 0.042, 0.145, 0.038]
[0.196, 0.115, 0.077, 0.089, 0.145, 0.101, 0.051, 0.043, 0.143, 0.039]
[0.192, 0.114, 0.078, 0.089, 0.145, 0.102, 0.051, 0.045, 0.143, 0.042]
[0.191, 0.111, 0.078, 0.089, 0.143, 0.102, 0.052, 0.049, 0.144, 0.043]
[0.188, 0.109, 0.08, 0.083, 0.145, 0.102, 0.053, 0.05, 0.143, 0.045]
[0.184, 0.107, 0.078, 0.088, 0.146, 0.103, 0.055, 0.052, 0.142, 0.046]
[0.186, 0.108, 0.079, 0.082, 0.146, 0.106, 0.054, 0.051, 0.142, 0.047]
[0.184, 0.107, 0.08, 0.082, 0.146, 0.106, 0.055, 0.052, 0.141, 0.047]
[0.181, 0.108, 0.081, 0.081, 0.147, 0.106, 0.056, 0.053, 0.14, 0.048]
[0.182, 0.107, 0.081, 0.08, 0.146, 0.108, 0.056, 0.054, 0.139, 0.049]
[0.181, 0.105, 0.081, 0.079, 0.146, 0.108, 0.056, 0.055, 0.138, 0.051]
[0.18, 0.103, 0.078, 0.081, 0.147, 0.109, 0.056, 0.058, 0.138, 0.049]
[0.178, 0.103, 0.078, 0.08, 0.148, 0.109, 0.057, 0.06, 0.138, 0.049]
[0.175, 0.103, 0.079, 0.081, 0.148, 0.11, 0.057, 0.061, 0.137, 0.05]
[0.173, 0.101, 0.079, 0.082, 0.149, 0.11, 0.057, 0.063, 0.135, 0.051]
[0.171, 0.104, 0.082, 0.077, 0.148, 0.11, 0.057, 0.065, 0.133, 0.052]
[0.171, 0.1, 0.08, 0.079, 0.149, 0.112, 0.058, 0.067, 0.133, 0.052]
[0.17, 0.1, 0.077, 0.079, 0.149, 0.113, 0.057, 0.069, 0.134, 0.051]
[0.167, 0.104, 0.081, 0.074, 0.146, 0.115, 0.058, 0.069, 0.132, 0.054]
[0.166, 0.102, 0.082, 0.074, 0.147, 0.116, 0.06, 0.069, 0.131, 0.052]
[0.165, 0.102, 0.081, 0.062, 0.145, 0.117, 0.059, 0.086, 0.131, 0.052]
[0.165, 0.101, 0.081, 0.062, 0.144, 0.114, 0.061, 0.094, 0.129, 0.05]
[0.16, 0.101, 0.08, 0.062, 0.144, 0.113, 0.063, 0.093, 0.133, 0.051]
[0.158, 0.1, 0.082, 0.061, 0.142, 0.114, 0.065, 0.096, 0.132, 0.051]
[0.157, 0.099, 0.081, 0.059, 0.143, 0.115, 0.065, 0.096, 0.134, 0.051]
[0.155, 0.1, 0.081, 0.059, 0.141, 0.116, 0.067, 0.097, 0.134, 0.051]
[0.153, 0.1, 0.083, 0.059, 0.139, 0.117, 0.068, 0.098, 0.131, 0.051]
[0.15, 0.099, 0.081, 0.061, 0.14, 0.119, 0.067, 0.1, 0.133, 0.05]
[0.15, 0.099, 0.083, 0.059, 0.138, 0.12, 0.069, 0.099, 0.132, 0.051]
[0.149, 0.098, 0.081, 0.061, 0.138, 0.121, 0.068, 0.101, 0.132, 0.051]
[0.146, 0.1, 0.085, 0.058, 0.139, 0.12, 0.069, 0.099, 0.133, 0.051]
[0.145, 0.097, 0.082, 0.059, 0.137, 0.121, 0.069, 0.104, 0.134, 0.052]
[0.143, 0.098, 0.081, 0.059, 0.137, 0.122, 0.069, 0.106, 0.134, 0.051]
[0.14, 0.1, 0.083, 0.057, 0.14, 0.121, 0.069, 0.105, 0.134, 0.05]
[0.141, 0.099, 0.084, 0.056, 0.138, 0.121, 0.07, 0.104, 0.135, 0.052]
[0.141, 0.098, 0.082, 0.058, 0.137, 0.123, 0.069, 0.103, 0.137, 0.051]
[0.143, 0.097, 0.085, 0.057, 0.136, 0.123, 0.069, 0.102, 0.134, 0.053]
[0.141, 0.098, 0.086, 0.057, 0.136, 0.121, 0.07, 0.102, 0.135, 0.053]
[0.141, 0.097, 0.087, 0.057, 0.135, 0.122, 0.07, 0.102, 0.135, 0.053]
[0.138, 0.099, 0.083, 0.057, 0.137, 0.122, 0.07, 0.108, 0.135, 0.05]
[0.139, 0.101, 0.084, 0.055, 0.139, 0.124, 0.071, 0.104, 0.132, 0.051]
[0.137, 0.098, 0.084, 0.058, 0.137, 0.124, 0.07, 0.104, 0.136, 0.052]
[0.135, 0.1, 0.083, 0.057, 0.138, 0.124, 0.071, 0.104, 0.136, 0.051]
[0.136, 0.099, 0.086, 0.057, 0.138, 0.124, 0.072, 0.102, 0.134, 0.053]
[0.136, 0.1, 0.082, 0.058, 0.138, 0.124, 0.072, 0.103, 0.136, 0.051]
[0.136, 0.097, 0.084, 0.059, 0.137, 0.124, 0.072, 0.104, 0.135, 0.052]
[0.134, 0.097, 0.083, 0.059, 0.136, 0.124, 0.072, 0.108, 0.134, 0.052]
[0.137, 0.102, 0.083, 0.057, 0.137, 0.124, 0.073, 0.105, 0.132, 0.05]
[0.138, 0.097, 0.085, 0.058, 0.135, 0.125, 0.073, 0.104, 0.133, 0.052]
[0.139, 0.099, 0.086, 0.058, 0.136, 0.125, 0.071, 0.102, 0.132, 0.051]
[0.136, 0.101, 0.083, 0.058, 0.137, 0.124, 0.072, 0.105, 0.133, 0.051]
[0.132, 0.099, 0.083, 0.058, 0.137, 0.126, 0.073, 0.107, 0.133, 0.051]
[0.136, 0.103, 0.084, 0.057, 0.138, 0.125, 0.072, 0.105, 0.131, 0.05]
[0.136, 0.1, 0.085, 0.058, 0.137, 0.127, 0.071, 0.105, 0.132, 0.051]
[0.138, 0.1, 0.085, 0.057, 0.136, 0.126, 0.073, 0.103, 0.132, 0.051]
[0.134, 0.101, 0.083, 0.058, 0.138, 0.126, 0.073, 0.104, 0.133, 0.05]
[0.137, 0.099, 0.085, 0.058, 0.134, 0.127, 0.073, 0.103, 0.131, 0.052]
[0.136, 0.103, 0.083, 0.057, 0.136, 0.126, 0.074, 0.104, 0.13, 0.051]
[0.131, 0.098, 0.084, 0.058, 0.136, 0.127, 0.075, 0.108, 0.131, 0.051]
[0.133, 0.098, 0.085, 0.059, 0.135, 0.127, 0.074, 0.106, 0.133, 0.052]
[0.133, 0.1, 0.083, 0.058, 0.138, 0.126, 0.074, 0.106, 0.131, 0.051]
[0.133, 0.098, 0.085, 0.059, 0.136, 0.127, 0.072, 0.105, 0.133, 0.052]
[0.133, 0.099, 0.082, 0.059, 0.136, 0.127, 0.073, 0.107, 0.132, 0.051]
[0.132, 0.096, 0.083, 0.06, 0.134, 0.128, 0.073, 0.109, 0.134, 0.051]
[0.132, 0.098, 0.083, 0.059, 0.136, 0.128, 0.074, 0.108, 0.131, 0.05]
[0.133, 0.097, 0.085, 0.059, 0.135, 0.127, 0.075, 0.106, 0.132, 0.051]
[0.133, 0.101, 0.084, 0.058, 0.137, 0.127, 0.074, 0.106, 0.129, 0.051]
step 1.3
bc shape torch.Size([10, 10, 512])
step 2
step 2.1
step 2.2
get_images call
per-class-batchnorm:  True
per-class-batchnorm:  True
per-class-batchnorm:  True
per-class-batchnorm:  True
per-class-batchnorm:  True
per-class-batchnorm:  True
per-class-batchnorm:  True
per-class-batchnorm:  True
per-class-batchnorm:  True
per-class-batchnorm:  True
per-class-batchnorm:  True
per-class-batchnorm:  True
per-class-batchnorm:  True
per-class-batchnorm:  True
per-class-batchnorm:  True
per-class-batchnorm:  True
per-class-batchnorm:  True
per-class-batchnorm:  True
per-class-batchnorm:  True
per-class-batchnorm:  True
------------iteration 0----------
total loss 327.21094003016674
main criterion 87.10322823817454
weighted_aux_loss 240.1077117919922
loss_r_bn_feature 2401.0771484375
------------iteration 100----------
total loss 115.69287645064718
main criterion 45.057363144983114
weighted_aux_loss 70.63551330566406
loss_r_bn_feature 706.3551025390625
------------iteration 200----------
total loss 87.02246746074954
main criterion 39.49058040630619
weighted_aux_loss 47.53188705444336
loss_r_bn_feature 475.3188781738281
------------iteration 300----------
total loss 74.92336627584329
main criterion 31.514442173060086
weighted_aux_loss 43.4089241027832
loss_r_bn_feature 434.0892333984375
------------iteration 400----------
total loss 66.81357962898285
main criterion 27.302620003738713
weighted_aux_loss 39.51095962524414
loss_r_bn_feature 395.1095886230469
------------iteration 500----------
total loss 67.51865293090324
main criterion 30.334651008295825
weighted_aux_loss 37.18400192260742
loss_r_bn_feature 371.84002685546875
------------iteration 600----------
total loss 79.49000826696161
main criterion 38.27120867589715
weighted_aux_loss 41.21879959106445
loss_r_bn_feature 412.18798828125
------------iteration 700----------
total loss 99.06260633827313
main criterion 49.110064986954775
weighted_aux_loss 49.95254135131836
loss_r_bn_feature 499.5254211425781
------------iteration 800----------
total loss 74.41356491797296
main criterion 35.386392829349916
weighted_aux_loss 39.02717208862305
loss_r_bn_feature 390.2716979980469
------------iteration 900----------
total loss 52.45933154501627
main criterion 24.361852678439117
weighted_aux_loss 28.09747886657715
loss_r_bn_feature 280.97479248046875
------------iteration 1000----------
total loss 54.63939793797584
main criterion 26.21680196019264
weighted_aux_loss 28.422595977783203
loss_r_bn_feature 284.2259521484375
------------iteration 1100----------
total loss 49.29708155394661
main criterion 23.19020327330696
weighted_aux_loss 26.10687828063965
loss_r_bn_feature 261.06878662109375
------------iteration 1200----------
total loss 52.577274162508694
main criterion 26.606326896883694
weighted_aux_loss 25.970947265625
loss_r_bn_feature 259.70947265625
------------iteration 1300----------
total loss 37.663547789165776
main criterion 19.161701475689213
weighted_aux_loss 18.501846313476562
loss_r_bn_feature 185.01846313476562
------------iteration 1400----------
total loss 41.59103428421092
main criterion 20.607233396149397
weighted_aux_loss 20.983800888061523
loss_r_bn_feature 209.83799743652344
------------iteration 1500----------
total loss 32.595526615242406
main criterion 18.482062259773656
weighted_aux_loss 14.11346435546875
loss_r_bn_feature 141.1346435546875
------------iteration 1600----------
total loss 34.01418131192642
main criterion 19.701809104284823
weighted_aux_loss 14.312372207641602
loss_r_bn_feature 143.12371826171875
------------iteration 1700----------
total loss 29.818791505677787
main criterion 16.890632745606986
weighted_aux_loss 12.9281587600708
loss_r_bn_feature 129.28158569335938
------------iteration 1800----------
total loss 27.26889268266843
main criterion 15.522330678579072
weighted_aux_loss 11.746562004089355
loss_r_bn_feature 117.46561431884766
------------iteration 1900----------
total loss 35.103680553564715
main criterion 20.520848217138933
weighted_aux_loss 14.582832336425781
loss_r_bn_feature 145.8283233642578
=> using pytorch pre-trained model 'resnet18'
process data from ../recover/syn_data/imagenette/278
  0%|          | 0/300 [00:00<?, ?it/s]  0%|          | 1/300 [00:01<09:29,  1.91s/it]  1%|          | 2/300 [00:02<05:41,  1.14s/it]  1%|          | 3/300 [00:03<04:22,  1.13it/s]  1%|         | 4/300 [00:03<03:46,  1.31it/s]  2%|         | 5/300 [00:04<03:27,  1.42it/s]  2%|         | 6/300 [00:04<03:13,  1.52it/s]  2%|         | 7/300 [00:05<03:06,  1.57it/s]  3%|         | 8/300 [00:06<03:02,  1.60it/s]  3%|         | 9/300 [00:06<02:57,  1.64it/s]  3%|         | 10/300 [00:07<02:53,  1.67it/s]  4%|         | 11/300 [00:07<02:52,  1.68it/s]  4%|         | 12/300 [00:08<02:51,  1.68it/s]  4%|         | 13/300 [00:08<02:50,  1.68it/s]  5%|         | 14/300 [00:09<02:49,  1.69it/s]  5%|         | 15/300 [00:10<02:49,  1.68it/s]  5%|         | 16/300 [00:10<02:49,  1.68it/s]  6%|         | 17/300 [00:11<02:46,  1.70it/s]  6%|         | 18/300 [00:11<02:48,  1.68it/s]  6%|         | 19/300 [00:12<02:45,  1.70it/s]  7%|         | 20/300 [00:13<02:44,  1.70it/s]  7%|         | 21/300 [00:13<02:45,  1.69it/s]  7%|         | 22/300 [00:14<02:45,  1.68it/s]  8%|         | 23/300 [00:14<02:42,  1.71it/s]  8%|         | 24/300 [00:15<02:42,  1.70it/s]  8%|         | 25/300 [00:16<02:42,  1.69it/s]  9%|         | 26/300 [00:16<02:40,  1.71it/s]  9%|         | 27/300 [00:17<02:40,  1.71it/s]  9%|         | 28/300 [00:17<02:38,  1.72it/s] 10%|         | 29/300 [00:18<02:39,  1.70it/s] 10%|         | 30/300 [00:18<02:40,  1.68it/s] 10%|         | 31/300 [00:19<02:41,  1.66it/s] 11%|         | 32/300 [00:20<02:39,  1.69it/s] 11%|         | 33/300 [00:20<02:39,  1.68it/s] 11%|        | 34/300 [00:21<02:39,  1.67it/s] 12%|        | 35/300 [00:22<02:40,  1.66it/s] 12%|        | 36/300 [00:22<02:36,  1.68it/s] 12%|        | 37/300 [00:23<02:36,  1.68it/s] 13%|        | 38/300 [00:23<02:37,  1.67it/s] 13%|        | 39/300 [00:24<02:34,  1.69it/s] 13%|        | 40/300 [00:24<02:32,  1.70it/s] 14%|        | 41/300 [00:25<02:31,  1.71it/s] 14%|        | 42/300 [00:26<02:30,  1.72it/s] 14%|        | 43/300 [00:26<02:30,  1.71it/s] 15%|        | 44/300 [00:27<02:30,  1.70it/s] 15%|        | 45/300 [00:27<02:30,  1.70it/s] 15%|        | 46/300 [00:28<02:30,  1.69it/s] 16%|        | 47/300 [00:29<02:29,  1.69it/s] 16%|        | 48/300 [00:29<02:29,  1.68it/s] 16%|        | 49/300 [00:30<02:29,  1.68it/s] 17%|        | 50/300 [00:30<02:29,  1.68it/s] 17%|        | 51/300 [00:31<02:26,  1.70it/s] 17%|        | 52/300 [00:32<02:24,  1.71it/s] 18%|        | 53/300 [00:32<02:25,  1.70it/s] 18%|        | 54/300 [00:33<02:23,  1.71it/s] 18%|        | 55/300 [00:33<02:24,  1.69it/s] 19%|        | 56/300 [00:34<02:25,  1.68it/s] 19%|        | 57/300 [00:34<02:23,  1.69it/s] 19%|        | 58/300 [00:35<02:23,  1.68it/s] 20%|        | 59/300 [00:36<02:22,  1.69it/s] 20%|        | 60/300 [00:36<02:22,  1.69it/s] 20%|        | 61/300 [00:37<02:22,  1.68it/s] 21%|        | 62/300 [00:37<02:23,  1.66it/s] 21%|        | 63/300 [00:38<02:21,  1.68it/s] 21%|       | 64/300 [00:39<02:19,  1.69it/s] 22%|       | 65/300 [00:39<02:17,  1.71it/s] 22%|       | 66/300 [00:40<02:16,  1.71it/s] 22%|       | 67/300 [00:40<02:15,  1.72it/s] 23%|       | 68/300 [00:41<02:13,  1.73it/s] 23%|       | 69/300 [00:41<02:12,  1.74it/s] 23%|       | 70/300 [00:42<02:12,  1.74it/s] 24%|       | 71/300 [00:43<02:13,  1.72it/s] 24%|       | 72/300 [00:43<02:14,  1.69it/s] 24%|       | 73/300 [00:44<02:15,  1.68it/s] 25%|       | 74/300 [00:44<02:13,  1.69it/s] 25%|       | 75/300 [00:45<02:12,  1.69it/s] 25%|       | 76/300 [00:46<02:13,  1.68it/s] 26%|       | 77/300 [00:46<02:09,  1.72it/s] 26%|       | 78/300 [00:47<02:09,  1.72it/s] 26%|       | 79/300 [00:47<02:07,  1.73it/s] 27%|       | 80/300 [00:48<02:07,  1.72it/s] 27%|       | 81/300 [00:49<02:05,  1.75it/s] 27%|       | 82/300 [00:49<02:03,  1.77it/s] 28%|       | 83/300 [00:50<02:02,  1.78it/s] 28%|       | 84/300 [00:50<02:03,  1.75it/s] 28%|       | 85/300 [00:51<02:02,  1.76it/s] 29%|       | 86/300 [00:51<02:02,  1.75it/s] 29%|       | 87/300 [00:52<02:03,  1.72it/s] 29%|       | 88/300 [00:52<02:01,  1.75it/s] 30%|       | 89/300 [00:53<01:59,  1.77it/s] 30%|       | 90/300 [00:54<01:58,  1.77it/s] 30%|       | 91/300 [00:54<01:57,  1.78it/s] 31%|       | 92/300 [00:55<01:57,  1.77it/s] 31%|       | 93/300 [00:55<01:56,  1.78it/s] 31%|      | 94/300 [00:56<01:56,  1.77it/s] 32%|      | 95/300 [00:56<01:55,  1.78it/s] 32%|      | 96/300 [00:57<01:54,  1.78it/s] 32%|      | 97/300 [00:58<01:55,  1.75it/s] 33%|      | 98/300 [00:58<01:54,  1.77it/s] 33%|      | 99/300 [00:59<01:53,  1.77it/s] 33%|      | 100/300 [00:59<01:52,  1.78it/s] 34%|      | 101/300 [01:00<01:52,  1.77it/s] 34%|      | 102/300 [01:00<01:51,  1.78it/s] 34%|      | 103/300 [01:01<01:50,  1.78it/s] 35%|      | 104/300 [01:02<01:51,  1.75it/s] 35%|      | 105/300 [01:02<01:52,  1.74it/s] 35%|      | 106/300 [01:03<01:52,  1.72it/s] 36%|      | 107/300 [01:03<01:51,  1.74it/s] 36%|      | 108/300 [01:04<01:49,  1.76it/s] 36%|      | 109/300 [01:04<01:48,  1.77it/s] 37%|      | 110/300 [01:05<01:48,  1.75it/s] 37%|      | 111/300 [01:06<01:47,  1.77it/s] 37%|      | 112/300 [01:06<01:47,  1.75it/s] 38%|      | 113/300 [01:07<01:46,  1.75it/s] 38%|      | 114/300 [01:07<01:45,  1.76it/s] 38%|      | 115/300 [01:08<01:46,  1.74it/s] 39%|      | 116/300 [01:08<01:47,  1.72it/s] 39%|      | 117/300 [01:09<01:46,  1.72it/s] 39%|      | 118/300 [01:10<01:45,  1.72it/s] 40%|      | 119/300 [01:10<01:45,  1.71it/s] 40%|      | 120/300 [01:11<01:45,  1.70it/s] 40%|      | 121/300 [01:11<01:43,  1.73it/s] 41%|      | 122/300 [01:12<01:43,  1.72it/s] 41%|      | 123/300 [01:12<01:42,  1.72it/s] 41%|     | 124/300 [01:13<01:41,  1.73it/s] 42%|     | 125/300 [01:14<01:40,  1.74it/s] 42%|     | 126/300 [01:14<01:40,  1.73it/s] 42%|     | 127/300 [01:15<01:41,  1.71it/s] 43%|     | 128/300 [01:15<01:39,  1.73it/s] 43%|     | 129/300 [01:16<01:39,  1.72it/s] 43%|     | 130/300 [01:17<01:39,  1.71it/s] 44%|     | 131/300 [01:17<01:38,  1.72it/s] 44%|     | 132/300 [01:18<01:37,  1.73it/s] 44%|     | 133/300 [01:18<01:36,  1.73it/s] 45%|     | 134/300 [01:19<01:35,  1.74it/s] 45%|     | 135/300 [01:19<01:35,  1.74it/s] 45%|     | 136/300 [01:20<01:34,  1.74it/s] 46%|     | 137/300 [01:21<01:34,  1.73it/s] 46%|     | 138/300 [01:21<01:32,  1.74it/s] 46%|     | 139/300 [01:22<01:32,  1.74it/s] 47%|     | 140/300 [01:22<01:31,  1.74it/s] 47%|     | 141/300 [01:23<01:31,  1.74it/s] 47%|     | 142/300 [01:23<01:30,  1.75it/s] 48%|     | 143/300 [01:24<01:28,  1.77it/s] 48%|     | 144/300 [01:25<01:28,  1.77it/s] 48%|     | 145/300 [01:25<01:28,  1.75it/s] 49%|     | 146/300 [01:26<01:28,  1.74it/s] 49%|     | 147/300 [01:26<01:27,  1.74it/s] 49%|     | 148/300 [01:27<01:27,  1.73it/s] 50%|     | 149/300 [01:27<01:26,  1.74it/s] 50%|     | 150/300 [01:28<01:25,  1.76it/s] 50%|     | 151/300 [01:29<01:24,  1.76it/s] 51%|     | 152/300 [01:29<01:24,  1.75it/s] 51%|     | 153/300 [01:30<01:24,  1.74it/s] 51%|    | 154/300 [01:30<01:23,  1.75it/s] 52%|    | 155/300 [01:31<01:23,  1.74it/s] 52%|    | 156/300 [01:31<01:22,  1.73it/s] 52%|    | 157/300 [01:32<01:21,  1.74it/s] 53%|    | 158/300 [01:33<01:20,  1.76it/s] 53%|    | 159/300 [01:33<01:20,  1.75it/s] 53%|    | 160/300 [01:34<01:20,  1.75it/s] 54%|    | 161/300 [01:34<01:20,  1.72it/s] 54%|    | 162/300 [01:35<01:21,  1.69it/s] 54%|    | 163/300 [01:36<01:21,  1.68it/s] 55%|    | 164/300 [01:36<01:20,  1.68it/s] 55%|    | 165/300 [01:37<01:19,  1.69it/s] 55%|    | 166/300 [01:37<01:18,  1.70it/s] 56%|    | 167/300 [01:38<01:17,  1.71it/s] 56%|    | 168/300 [01:38<01:17,  1.70it/s] 56%|    | 169/300 [01:39<01:16,  1.70it/s] 57%|    | 170/300 [01:40<01:16,  1.70it/s] 57%|    | 171/300 [01:40<01:15,  1.71it/s] 57%|    | 172/300 [01:41<01:14,  1.73it/s] 58%|    | 173/300 [01:41<01:14,  1.70it/s] 58%|    | 174/300 [01:42<01:14,  1.70it/s] 58%|    | 175/300 [01:43<01:13,  1.71it/s] 59%|    | 176/300 [01:43<01:12,  1.72it/s] 59%|    | 177/300 [01:44<01:11,  1.72it/s] 59%|    | 178/300 [01:44<01:11,  1.72it/s] 60%|    | 179/300 [01:45<01:10,  1.71it/s] 60%|    | 180/300 [01:45<01:10,  1.71it/s] 60%|    | 181/300 [01:46<01:09,  1.72it/s] 61%|    | 182/300 [01:47<01:09,  1.70it/s] 61%|    | 183/300 [01:47<01:08,  1.70it/s] 61%|   | 184/300 [01:48<01:07,  1.71it/s] 62%|   | 185/300 [01:48<01:07,  1.70it/s] 62%|   | 186/300 [01:49<01:08,  1.68it/s] 62%|   | 187/300 [01:50<01:07,  1.67it/s] 63%|   | 188/300 [01:50<01:05,  1.70it/s] 63%|   | 189/300 [01:51<01:04,  1.71it/s] 63%|   | 190/300 [01:51<01:05,  1.69it/s] 64%|   | 191/300 [01:52<01:04,  1.68it/s] 64%|   | 192/300 [01:53<01:03,  1.70it/s] 64%|   | 193/300 [01:53<01:02,  1.71it/s] 65%|   | 194/300 [01:54<01:02,  1.70it/s] 65%|   | 195/300 [01:54<01:02,  1.68it/s] 65%|   | 196/300 [01:55<01:02,  1.67it/s] 66%|   | 197/300 [01:56<01:00,  1.69it/s] 66%|   | 198/300 [01:56<01:00,  1.68it/s] 66%|   | 199/300 [01:57<01:00,  1.68it/s] 67%|   | 200/300 [01:57<00:59,  1.68it/s] 67%|   | 201/300 [01:58<00:58,  1.68it/s] 67%|   | 202/300 [01:59<00:57,  1.69it/s] 68%|   | 203/300 [01:59<00:56,  1.71it/s] 68%|   | 204/300 [02:00<00:56,  1.70it/s] 68%|   | 205/300 [02:00<00:55,  1.71it/s] 69%|   | 206/300 [02:01<00:54,  1.72it/s] 69%|   | 207/300 [02:01<00:53,  1.72it/s] 69%|   | 208/300 [02:02<00:53,  1.72it/s] 70%|   | 209/300 [02:03<00:52,  1.72it/s] 70%|   | 210/300 [02:03<00:52,  1.71it/s] 70%|   | 211/300 [02:04<00:52,  1.70it/s] 71%|   | 212/300 [02:04<00:52,  1.68it/s] 71%|   | 213/300 [02:05<00:50,  1.71it/s] 71%|  | 214/300 [02:06<00:50,  1.72it/s] 72%|  | 215/300 [02:06<00:49,  1.71it/s] 72%|  | 216/300 [02:07<00:49,  1.71it/s] 72%|  | 217/300 [02:07<00:48,  1.70it/s] 73%|  | 218/300 [02:08<00:47,  1.71it/s] 73%|  | 219/300 [02:08<00:47,  1.72it/s] 73%|  | 220/300 [02:09<00:46,  1.70it/s] 74%|  | 221/300 [02:10<00:46,  1.69it/s] 74%|  | 222/300 [02:10<00:46,  1.68it/s] 74%|  | 223/300 [02:11<00:45,  1.69it/s] 75%|  | 224/300 [02:11<00:45,  1.68it/s] 75%|  | 225/300 [02:12<00:44,  1.70it/s] 75%|  | 226/300 [02:13<00:44,  1.68it/s] 76%|  | 227/300 [02:13<00:42,  1.70it/s] 76%|  | 228/300 [02:14<00:42,  1.68it/s] 76%|  | 229/300 [02:14<00:41,  1.71it/s] 77%|  | 230/300 [02:15<00:41,  1.68it/s] 77%|  | 231/300 [02:16<00:40,  1.70it/s] 77%|  | 232/300 [02:16<00:40,  1.69it/s] 78%|  | 233/300 [02:17<00:39,  1.68it/s] 78%|  | 234/300 [02:17<00:39,  1.69it/s] 78%|  | 235/300 [02:18<00:38,  1.67it/s] 79%|  | 236/300 [02:19<00:38,  1.65it/s] 79%|  | 237/300 [02:19<00:37,  1.67it/s] 79%|  | 238/300 [02:20<00:36,  1.69it/s] 80%|  | 239/300 [02:20<00:35,  1.70it/s] 80%|  | 240/300 [02:21<00:35,  1.71it/s] 80%|  | 241/300 [02:21<00:34,  1.71it/s] 81%|  | 242/300 [02:22<00:34,  1.69it/s] 81%|  | 243/300 [02:23<00:33,  1.68it/s] 81%| | 244/300 [02:23<00:32,  1.70it/s] 82%| | 245/300 [02:24<00:32,  1.69it/s] 82%| | 246/300 [02:24<00:32,  1.67it/s] 82%| | 247/300 [02:25<00:31,  1.70it/s] 83%| | 248/300 [02:26<00:30,  1.70it/s] 83%| | 249/300 [02:26<00:30,  1.68it/s] 83%| | 250/300 [02:27<00:29,  1.69it/s] 84%| | 251/300 [02:27<00:29,  1.68it/s] 84%| | 252/300 [02:28<00:28,  1.70it/s] 84%| | 253/300 [02:29<00:27,  1.70it/s] 85%| | 254/300 [02:29<00:26,  1.72it/s] 85%| | 255/300 [02:30<00:26,  1.70it/s] 85%| | 256/300 [02:30<00:25,  1.70it/s] 86%| | 257/300 [02:31<00:25,  1.69it/s] 86%| | 258/300 [02:32<00:24,  1.68it/s] 86%| | 259/300 [02:32<00:24,  1.68it/s] 87%| | 260/300 [02:33<00:23,  1.70it/s] 87%| | 261/300 [02:33<00:23,  1.68it/s] 87%| | 262/300 [02:34<00:22,  1.67it/s] 88%| | 263/300 [02:35<00:22,  1.66it/s] 88%| | 264/300 [02:35<00:21,  1.65it/s] 88%| | 265/300 [02:36<00:21,  1.66it/s] 89%| | 266/300 [02:36<00:20,  1.68it/s] 89%| | 267/300 [02:37<00:19,  1.68it/s] 89%| | 268/300 [02:38<00:19,  1.65it/s] 90%| | 269/300 [02:38<00:18,  1.66it/s] 90%| | 270/300 [02:39<00:17,  1.68it/s] 90%| | 271/300 [02:39<00:17,  1.67it/s] 91%| | 272/300 [02:40<00:16,  1.69it/s] 91%| | 273/300 [02:40<00:15,  1.70it/s] 91%|| 274/300 [02:41<00:15,  1.69it/s] 92%|| 275/300 [02:42<00:14,  1.71it/s] 92%|| 276/300 [02:42<00:14,  1.71it/s] 92%|| 277/300 [02:43<00:13,  1.67it/s] 93%|| 278/300 [02:44<00:13,  1.64it/s] 93%|| 279/300 [02:44<00:12,  1.64it/s] 93%|| 280/300 [02:45<00:12,  1.64it/s] 94%|| 281/300 [02:45<00:11,  1.68it/s] 94%|| 282/300 [02:46<00:10,  1.68it/s] 94%|| 283/300 [02:46<00:10,  1.67it/s] 95%|| 284/300 [02:47<00:09,  1.66it/s] 95%|| 285/300 [02:48<00:09,  1.66it/s] 95%|| 286/300 [02:48<00:08,  1.66it/s] 96%|| 287/300 [02:49<00:07,  1.63it/s] 96%|| 288/300 [02:50<00:07,  1.64it/s] 96%|| 289/300 [02:50<00:06,  1.62it/s] 97%|| 290/300 [02:51<00:06,  1.64it/s] 97%|| 291/300 [02:51<00:05,  1.65it/s] 97%|| 292/300 [02:52<00:04,  1.67it/s] 98%|| 293/300 [02:53<00:04,  1.66it/s] 98%|| 294/300 [02:53<00:03,  1.66it/s] 98%|| 295/300 [02:54<00:02,  1.68it/s] 99%|| 296/300 [02:54<00:02,  1.70it/s] 99%|| 297/300 [02:55<00:01,  1.70it/s] 99%|| 298/300 [02:56<00:01,  1.69it/s]100%|| 299/300 [02:56<00:00,  1.68it/s]100%|| 300/300 [02:57<00:00,  1.70it/s]100%|| 300/300 [02:57<00:00,  1.69it/s]
W&B disabled.
W&B online. Running your script from this directory will now sync to the cloud.
wandb: Currently logged in as: hl57. Use `wandb login --relogin` to force relogin
wandb: wandb version 0.15.12 is available!  To upgrade, please run:
wandb:  $ pip install wandb --upgrade
wandb: Tracking run with wandb version 0.15.10
wandb: Run data is saved locally in /media/techt/One Touch/DD/SRe2L/train/wandb/run-20231022_103312-3gpt000i
wandb: Run `wandb offline` to turn off syncing.
wandb: Syncing run snowy-cherry-451
wandb:  View project at https://wandb.ai/hl57/final_rn18_fkd
wandb:  View run at https://wandb.ai/hl57/final_rn18_fkd/runs/3gpt000i
======= FKD: dataset info ======
path: ../relabel/FKD_cutmix_fp16/imagenette/278/
num img: 100
batch size: 100
max epoch: 300
================================
load data successfully
=> loading student model 'resnet18'
TRAIN Iter 0: lr = 0.001000,	loss = 0.022423,	Top-1 err = 93.000000,	Top-5 err = 52.000000,	train_time = 3.225567
TEST Iter 0: loss = 31.907522,	Top-1 err = 89.961783,	Top-5 err = 49.859873,	val_time = 12.926401
TRAIN Iter 10: lr = 0.000997,	loss = 0.022496,	Top-1 err = 55.000000,	Top-5 err = 11.000000,	train_time = 2.239705
TEST Iter 10: loss = 15.454116,	Top-1 err = 80.509554,	Top-5 err = 43.108280,	val_time = 12.845218
TRAIN Iter 20: lr = 0.000989,	loss = 0.012659,	Top-1 err = 47.000000,	Top-5 err = 5.000000,	train_time = 2.247092
TEST Iter 20: loss = 16.176310,	Top-1 err = 79.592357,	Top-5 err = 39.515924,	val_time = 12.790621
TRAIN Iter 30: lr = 0.000976,	loss = 0.008311,	Top-1 err = 44.000000,	Top-5 err = 8.000000,	train_time = 2.244672
TEST Iter 30: loss = 10.529415,	Top-1 err = 76.509554,	Top-5 err = 28.942675,	val_time = 12.717524
TRAIN Iter 40: lr = 0.000957,	loss = 0.008343,	Top-1 err = 41.000000,	Top-5 err = 5.000000,	train_time = 2.195143
TEST Iter 40: loss = 5.746460,	Top-1 err = 67.235669,	Top-5 err = 24.968153,	val_time = 12.816562
TRAIN Iter 50: lr = 0.000933,	loss = 0.007530,	Top-1 err = 29.000000,	Top-5 err = 3.000000,	train_time = 2.201615
TEST Iter 50: loss = 6.096962,	Top-1 err = 67.847134,	Top-5 err = 26.522293,	val_time = 12.843181
TRAIN Iter 60: lr = 0.000905,	loss = 0.005442,	Top-1 err = 25.000000,	Top-5 err = 3.000000,	train_time = 2.224968
TEST Iter 60: loss = 4.689114,	Top-1 err = 68.789809,	Top-5 err = 21.707006,	val_time = 12.766272
TRAIN Iter 70: lr = 0.000872,	loss = 0.004972,	Top-1 err = 33.000000,	Top-5 err = 4.000000,	train_time = 2.264308
TEST Iter 70: loss = 4.912050,	Top-1 err = 60.713376,	Top-5 err = 17.910828,	val_time = 12.792452
TRAIN Iter 80: lr = 0.000835,	loss = 0.005266,	Top-1 err = 17.000000,	Top-5 err = 4.000000,	train_time = 2.286757
TEST Iter 80: loss = 3.930788,	Top-1 err = 59.541401,	Top-5 err = 15.363057,	val_time = 12.818115
TRAIN Iter 90: lr = 0.000794,	loss = 0.004027,	Top-1 err = 61.000000,	Top-5 err = 7.000000,	train_time = 2.258732
TEST Iter 90: loss = 3.509589,	Top-1 err = 57.197452,	Top-5 err = 15.057325,	val_time = 12.775681
TRAIN Iter 100: lr = 0.000750,	loss = 0.004796,	Top-1 err = 48.000000,	Top-5 err = 12.000000,	train_time = 2.284459
TEST Iter 100: loss = 3.956352,	Top-1 err = 58.547771,	Top-5 err = 13.834395,	val_time = 12.774238
TRAIN Iter 110: lr = 0.000703,	loss = 0.004961,	Top-1 err = 62.000000,	Top-5 err = 7.000000,	train_time = 2.255030
TEST Iter 110: loss = 3.254860,	Top-1 err = 53.834395,	Top-5 err = 13.146497,	val_time = 12.839168
TRAIN Iter 120: lr = 0.000655,	loss = 0.004215,	Top-1 err = 51.000000,	Top-5 err = 8.000000,	train_time = 2.243589
TEST Iter 120: loss = 2.563479,	Top-1 err = 50.649682,	Top-5 err = 11.057325,	val_time = 12.784923
TRAIN Iter 130: lr = 0.000604,	loss = 0.004010,	Top-1 err = 21.000000,	Top-5 err = 3.000000,	train_time = 2.224315
TEST Iter 130: loss = 2.865485,	Top-1 err = 51.261146,	Top-5 err = 10.649682,	val_time = 12.926001
TRAIN Iter 140: lr = 0.000552,	loss = 0.002946,	Top-1 err = 11.000000,	Top-5 err = 2.000000,	train_time = 2.238424
TEST Iter 140: loss = 2.608628,	Top-1 err = 52.407643,	Top-5 err = 11.923567,	val_time = 12.819880
TRAIN Iter 150: lr = 0.000500,	loss = 0.003746,	Top-1 err = 9.000000,	Top-5 err = 2.000000,	train_time = 2.272923
TEST Iter 150: loss = 2.406684,	Top-1 err = 46.547771,	Top-5 err = 9.681529,	val_time = 12.800626
TRAIN Iter 160: lr = 0.000448,	loss = 0.003758,	Top-1 err = 66.000000,	Top-5 err = 15.000000,	train_time = 2.232203
TEST Iter 160: loss = 2.734223,	Top-1 err = 51.617834,	Top-5 err = 12.178344,	val_time = 12.921257
TRAIN Iter 170: lr = 0.000396,	loss = 0.002893,	Top-1 err = 17.000000,	Top-5 err = 1.000000,	train_time = 2.244195
TEST Iter 170: loss = 2.413862,	Top-1 err = 48.484076,	Top-5 err = 10.012739,	val_time = 12.778584
TRAIN Iter 180: lr = 0.000345,	loss = 0.002841,	Top-1 err = 20.000000,	Top-5 err = 3.000000,	train_time = 2.233642
TEST Iter 180: loss = 2.339188,	Top-1 err = 47.898089,	Top-5 err = 10.929936,	val_time = 12.853604
TRAIN Iter 190: lr = 0.000297,	loss = 0.003141,	Top-1 err = 39.000000,	Top-5 err = 3.000000,	train_time = 2.247797
TEST Iter 190: loss = 2.276970,	Top-1 err = 46.649682,	Top-5 err = 9.070064,	val_time = 12.811140
TRAIN Iter 200: lr = 0.000250,	loss = 0.003256,	Top-1 err = 26.000000,	Top-5 err = 5.000000,	train_time = 2.253705
TEST Iter 200: loss = 2.179671,	Top-1 err = 47.643312,	Top-5 err = 8.968153,	val_time = 12.812754
TRAIN Iter 210: lr = 0.000206,	loss = 0.002473,	Top-1 err = 82.000000,	Top-5 err = 24.000000,	train_time = 2.202538
TEST Iter 210: loss = 2.113076,	Top-1 err = 45.757962,	Top-5 err = 9.248408,	val_time = 12.830104
TRAIN Iter 220: lr = 0.000165,	loss = 0.002624,	Top-1 err = 15.000000,	Top-5 err = 2.000000,	train_time = 2.285704
TEST Iter 220: loss = 1.894307,	Top-1 err = 45.197452,	Top-5 err = 8.458599,	val_time = 12.761301
TRAIN Iter 230: lr = 0.000128,	loss = 0.003219,	Top-1 err = 65.000000,	Top-5 err = 11.000000,	train_time = 2.245479
TEST Iter 230: loss = 2.153391,	Top-1 err = 45.605096,	Top-5 err = 8.560510,	val_time = 12.869108
TRAIN Iter 240: lr = 0.000095,	loss = 0.003149,	Top-1 err = 45.000000,	Top-5 err = 5.000000,	train_time = 2.210521
TEST Iter 240: loss = 1.847646,	Top-1 err = 41.681529,	Top-5 err = 7.796178,	val_time = 12.973557
TRAIN Iter 250: lr = 0.000067,	loss = 0.002336,	Top-1 err = 6.000000,	Top-5 err = 1.000000,	train_time = 2.297344
TEST Iter 250: loss = 1.861299,	Top-1 err = 42.726115,	Top-5 err = 7.974522,	val_time = 12.772378
TRAIN Iter 260: lr = 0.000043,	loss = 0.002827,	Top-1 err = 15.000000,	Top-5 err = 2.000000,	train_time = 2.284037
TEST Iter 260: loss = 1.959293,	Top-1 err = 43.694268,	Top-5 err = 7.974522,	val_time = 12.809844
TRAIN Iter 270: lr = 0.000024,	loss = 0.002636,	Top-1 err = 8.000000,	Top-5 err = 2.000000,	train_time = 2.249212
TEST Iter 270: loss = 1.923922,	Top-1 err = 43.464968,	Top-5 err = 7.821656,	val_time = 12.866425
TRAIN Iter 280: lr = 0.000011,	loss = 0.002742,	Top-1 err = 8.000000,	Top-5 err = 1.000000,	train_time = 2.222916
TEST Iter 280: loss = 1.907850,	Top-1 err = 43.108280,	Top-5 err = 7.974522,	val_time = 12.764851
TRAIN Iter 290: lr = 0.000003,	loss = 0.003618,	Top-1 err = 53.000000,	Top-5 err = 6.000000,	train_time = 2.222469
TEST Iter 290: loss = 1.904839,	Top-1 err = 43.082803,	Top-5 err = 7.923567,	val_time = 12.813239
wandb: Waiting for W&B process to finish... (success).
wandb: - 0.004 MB of 0.004 MB uploaded (0.000 MB deduped)wandb: \ 0.004 MB of 0.004 MB uploaded (0.000 MB deduped)wandb: | 0.004 MB of 0.004 MB uploaded (0.000 MB deduped)wandb: / 0.004 MB of 0.004 MB uploaded (0.000 MB deduped)wandb: 
wandb: Run history:
wandb:  train/Top1 
wandb:  train/Top5 
wandb: train/epoch 
wandb:  train/loss 
wandb:    train/lr 
wandb:   val/epoch 
wandb:    val/loss 
wandb:    val/top1 
wandb:    val/top5 
wandb: 
wandb: Run summary:
wandb:  train/Top1 72.0
wandb:  train/Top5 96.0
wandb: train/epoch 299
wandb:  train/loss 0.00264
wandb:    train/lr 0.0
wandb:   val/epoch 299
wandb:    val/loss 1.8943
wandb:    val/top1 56.94268
wandb:    val/top5 92.25478
wandb: 
wandb:  View run snowy-cherry-451 at: https://wandb.ai/hl57/final_rn18_fkd/runs/3gpt000i
wandb:  View job at https://wandb.ai/hl57/final_rn18_fkd/jobs/QXJ0aWZhY3RDb2xsZWN0aW9uOjk3MzkyNjU3/version_details/v46
wandb: Synced 6 W&B file(s), 0 media file(s), 0 artifact file(s) and 0 other file(s)
wandb: Find logs at: ./wandb/run-20231022_103312-3gpt000i/logs
TEST Iter 299: loss = 1.894298,	Top-1 err = 43.057325,	Top-5 err = 7.745223,	val_time = 12.772154
