r_bn:  10.0
lr:  0.25
Traceback (most recent call last):
  File "data_synthesis.py", line 395, in <module>
    bc, sample_weights = get_bary(args)
  File "data_synthesis.py", line 231, in get_bary
    feature_hook = EmbedderHook(model_teacher.module.vit_bn_model.head_drop)
  File "/home/techt/anaconda3/envs/hl/lib/python3.8/site-packages/torch/nn/modules/module.py", line 1614, in __getattr__
    raise AttributeError("'{}' object has no attribute '{}'".format(
AttributeError: 'VisionTransformer' object has no attribute 'head_drop'
=> using pytorch pre-trained model 'ViT'
process data from ../recover/syn_data/imagenette/598
Traceback (most recent call last):
  File "generate_soft_label.py", line 253, in <module>
    main()
  File "generate_soft_label.py", line 126, in main
    main_worker(args.gpu, ngpus_per_node, args)
  File "generate_soft_label.py", line 198, in main_worker
    bary_weights_map = load_weights_file(args.data, os.path.join(args.data, 'sample_weights.txt'))
  File "/media/techt/One Touch/DD/SRe2L/relabel/utils_fkd.py", line 314, in load_weights_file
    with open(weight_path, 'r') as f:
FileNotFoundError: [Errno 2] No such file or directory: '../recover/syn_data/imagenette/598/sample_weights.txt'
Traceback (most recent call last):
  File "train_FKD.py", line 367, in <module>
    main()
  File "train_FKD.py", line 101, in main
    bary_weights_map = load_weights_file(args.train_dir, os.path.join(args.train_dir, 'sample_weights.txt'))
  File "/media/techt/One Touch/DD/SRe2L/train/../relabel/utils_fkd.py", line 314, in load_weights_file
    with open(weight_path, 'r') as f:
FileNotFoundError: [Errno 2] No such file or directory: '../recover/syn_data/imagenette/598/sample_weights.txt'
