data_synthesis.py:169: SyntaxWarning: 'str' object is not callable; perhaps you missed a comma?
  print('Duration per iteration: ' (ed_time - st_time) / 2000)
/home/techt/anaconda3/envs/hl/lib/python3.8/site-packages/torchvision/models/_utils.py:208: UserWarning: The parameter 'pretrained' is deprecated since 0.13 and may be removed in the future, please use 'weights' instead.
  warnings.warn(
/home/techt/anaconda3/envs/hl/lib/python3.8/site-packages/torchvision/models/_utils.py:223: UserWarning: Arguments other than a weight enum or `None` for 'weights' are deprecated since 0.13 and may be removed in the future. The current behavior is equivalent to passing `weights=MobileNet_V2_Weights.IMAGENET1K_V1`. You can also use `weights=MobileNet_V2_Weights.DEFAULT` to get the most up-to-date weights.
  warnings.warn(msg)
/home/techt/anaconda3/envs/hl/lib/python3.8/site-packages/torchvision/transforms/functional.py:1603: UserWarning: The default value of the antialias parameter of all the resizing transforms (Resize(), RandomResizedCrop(), etc.) will change from None to True in v0.17, in order to be consistent across the PIL and Tensor backends. To suppress this warning, directly pass antialias=True (recommended, future default), antialias=None (current default, which means False for Tensors and True for PIL), or antialias=False (only works on Tensors - PIL will still use antialiasing). This also applies if you are using the inference transforms from the models weights: update the call to weights.transforms(antialias=True).
  warnings.warn(
r_bn:  30.0
lr:  0.1
ipc_id =  0
get_images call
------------iteration 0----------
total loss 12984.5048828125
main criterion 5.666996002197266
weighted_aux_loss 12978.837890625
loss_r_bn_feature 432.6279296875
------------iteration 100----------
total loss 5376.6533203125
main criterion 6.377288818359375
weighted_aux_loss 5370.27587890625
loss_r_bn_feature 179.0092010498047
------------iteration 200----------
total loss 5219.46044921875
main criterion 2.957007646560669
weighted_aux_loss 5216.50341796875
loss_r_bn_feature 173.88345336914062
------------iteration 300----------
total loss 2733.58154296875
main criterion 6.462713718414307
weighted_aux_loss 2727.118896484375
loss_r_bn_feature 90.90396118164062
------------iteration 400----------
total loss 2418.39404296875
main criterion 3.9785187244415283
weighted_aux_loss 2414.41552734375
loss_r_bn_feature 80.48051452636719
------------iteration 500----------
total loss 1909.7257080078125
main criterion 2.7455732822418213
weighted_aux_loss 1906.9801025390625
loss_r_bn_feature 63.566001892089844
------------iteration 600----------
total loss 3064.826416015625
main criterion 4.011989593505859
weighted_aux_loss 3060.814453125
loss_r_bn_feature 102.02714538574219
------------iteration 700----------
total loss 2673.43408203125
main criterion 4.665935516357422
weighted_aux_loss 2668.76806640625
loss_r_bn_feature 88.95893859863281
------------iteration 800----------
total loss 1757.1890869140625
main criterion 5.2352800369262695
weighted_aux_loss 1751.953857421875
loss_r_bn_feature 58.398460388183594
------------iteration 900----------
total loss 3085.450927734375
main criterion 5.0708136558532715
weighted_aux_loss 3080.380126953125
loss_r_bn_feature 102.67933654785156
------------iteration 1000----------
total loss 1634.6514892578125
main criterion 5.353612899780273
weighted_aux_loss 1629.2978515625
loss_r_bn_feature 54.30992889404297
------------iteration 1100----------
total loss 4748.14892578125
main criterion 2.7069294452667236
weighted_aux_loss 4745.44189453125
loss_r_bn_feature 158.181396484375
------------iteration 1200----------
total loss 1708.5218505859375
main criterion 8.127158164978027
weighted_aux_loss 1700.3946533203125
loss_r_bn_feature 56.6798210144043
------------iteration 1300----------
total loss 1745.8275146484375
main criterion 5.546917915344238
weighted_aux_loss 1740.2806396484375
loss_r_bn_feature 58.00935363769531
------------iteration 1400----------
total loss 1137.2806396484375
main criterion 4.33094596862793
weighted_aux_loss 1132.94970703125
loss_r_bn_feature 37.764991760253906
------------iteration 1500----------
total loss 1248.7481689453125
main criterion 5.659212112426758
weighted_aux_loss 1243.0889892578125
loss_r_bn_feature 41.43629837036133
------------iteration 1600----------
total loss 1442.8038330078125
main criterion 5.98583984375
weighted_aux_loss 1436.8179931640625
loss_r_bn_feature 47.8939323425293
------------iteration 1700----------
total loss 1016.2420043945312
main criterion 5.599061965942383
weighted_aux_loss 1010.6429443359375
loss_r_bn_feature 33.6880989074707
------------iteration 1800----------
total loss 1156.3060302734375
main criterion 4.249641418457031
weighted_aux_loss 1152.056396484375
loss_r_bn_feature 38.401878356933594
------------iteration 1900----------
total loss 2090.46337890625
main criterion 3.224362373352051
weighted_aux_loss 2087.239013671875
loss_r_bn_feature 69.57463073730469
Traceback (most recent call last):
  File "data_synthesis.py", line 401, in <module>
    main_syn(args)
  File "data_synthesis.py", line 297, in main_syn
    get_images(args, model_teacher, hook_for_display, ipc_id, bc_i=bc_i)
  File "data_synthesis.py", line 169, in get_images
    print('Duration per iteration: ' (ed_time - st_time) / 2000)
TypeError: 'str' object is not callable
