nohup: ignoring input
=> using pytorch pre-trained model 'resnet18'
process data from ../recover/syn_data/tiny-imagenet/t4
  0%|          | 0/10 [00:00<?, ?it/s] 10%|█         | 1/10 [00:02<00:18,  2.06s/it] 20%|██        | 2/10 [00:02<00:10,  1.33s/it] 30%|███       | 3/10 [00:03<00:07,  1.06s/it] 40%|████      | 4/10 [00:04<00:05,  1.07it/s] 50%|█████     | 5/10 [00:05<00:04,  1.19it/s] 60%|██████    | 6/10 [00:05<00:03,  1.25it/s] 70%|███████   | 7/10 [00:06<00:02,  1.29it/s] 80%|████████  | 8/10 [00:07<00:01,  1.34it/s] 90%|█████████ | 9/10 [00:07<00:00,  1.35it/s]100%|██████████| 10/10 [00:08<00:00,  1.38it/s]100%|██████████| 10/10 [00:08<00:00,  1.17it/s]
usage: FKD Training on ImageNet-1K [-h]
                                   [--dataset {imagenet,tiny-imagenet,imagenette}]
                                   [--batch-size BATCH_SIZE] [--input-size S]
                                   [--gradient-accumulation-steps GRADIENT_ACCUMULATION_STEPS]
                                   [--start-epoch START_EPOCH]
                                   [--epochs EPOCHS] [-j WORKERS]
                                   [--train-dir TRAIN_DIR] [--val-dir VAL_DIR]
                                   [--output-dir OUTPUT_DIR]
                                   [--exp-name EXP_NAME] [--cos] [--sgd]
                                   [-lr LEARNING_RATE] [--momentum MOMENTUM]
                                   [--weight-decay WEIGHT_DECAY]
                                   [--adamw-lr ADAMW_LR]
                                   [--adamw-weight-decay ADAMW_WEIGHT_DECAY]
                                   [--model MODEL] [--keep-topk KEEP_TOPK]
                                   [-T TEMPERATURE] [--fkd-path FKD_PATH]
                                   [--mix-type {mixup,cutmix,None}]
                                   [--fkd_seed FKD_SEED]
FKD Training on ImageNet-1K: error: unrecognized arguments: Touch/data/tiny-imagenet/val
