nohup: ignoring input
=> using pytorch pre-trained model 'resnet18'
process data from ../recover/syn_data/tiny-imagenet/t5
  0%|          | 0/10 [00:00<?, ?it/s] 10%|█         | 1/10 [00:37<05:33, 37.10s/it] 20%|██        | 2/10 [00:41<02:21, 17.65s/it] 30%|███       | 3/10 [00:41<01:09,  9.94s/it] 40%|████      | 4/10 [00:42<00:37,  6.31s/it] 50%|█████     | 5/10 [00:43<00:21,  4.30s/it] 60%|██████    | 6/10 [00:44<00:12,  3.09s/it] 70%|███████   | 7/10 [00:44<00:06,  2.32s/it] 80%|████████  | 8/10 [00:45<00:03,  1.82s/it] 90%|█████████ | 9/10 [00:46<00:01,  1.48s/it]100%|██████████| 10/10 [00:47<00:00,  1.26s/it]100%|██████████| 10/10 [00:47<00:00,  4.71s/it]
usage: FKD Training on ImageNet-1K [-h]
                                   [--dataset {imagenet,tiny-imagenet,imagenette}]
                                   [--batch-size BATCH_SIZE] [--input-size S]
                                   [--gradient-accumulation-steps GRADIENT_ACCUMULATION_STEPS]
                                   [--start-epoch START_EPOCH]
                                   [--epochs EPOCHS] [-j WORKERS]
                                   [--train-dir TRAIN_DIR] [--val-dir VAL_DIR]
                                   [--output-dir OUTPUT_DIR]
                                   [--exp-name EXP_NAME] [--cos] [--sgd]
                                   [-lr LEARNING_RATE] [--momentum MOMENTUM]
                                   [--weight-decay WEIGHT_DECAY]
                                   [--adamw-lr ADAMW_LR]
                                   [--adamw-weight-decay ADAMW_WEIGHT_DECAY]
                                   [--model MODEL] [--keep-topk KEEP_TOPK]
                                   [-T TEMPERATURE] [--fkd-path FKD_PATH]
                                   [--mix-type {mixup,cutmix,None}]
                                   [--fkd_seed FKD_SEED]
FKD Training on ImageNet-1K: error: unrecognized arguments: Touch/data/tiny-imagenet/val
