nohup: ignoring input
Not using distributed mode
Namespace(amp=False, augmix_severity=0, auto_augment=None, backend='pil', batch_size=32, bias_weight_decay=None, cache_dataset=False, clip_grad_norm=None, cutmix_alpha=0.0, data_path='/media/techt/DATA/data/imagenette', dataset='imagenette', device='cuda', dist_url='env://', distributed=False, epochs=50, exp_name='zz', interpolation='bilinear', label_smoothing=0.0, lr=0.025, lr_gamma=0.1, lr_min=0.0, lr_scheduler='cosine', lr_step_size=30, lr_warmup_decay=0.01, lr_warmup_epochs=0, lr_warmup_method='constant', mixup_alpha=0.0, model='resnet18', model_ema=False, model_ema_decay=0.99998, model_ema_steps=32, momentum=0.9, norm_weight_decay=None, opt='sgd', output_dir='./output', print_freq=10, ra_magnitude=0, ra_reps=3, ra_sampler=False, random_erase=0.0, resume='', save_dir='./output/imagenette_resnet18/zz', start_epoch=0, sync_bn=False, test_only=False, train_crop_size=224, transformer_embedding_decay=None, use_deterministic_algorithms=False, use_v2=False, val_crop_size=224, val_resize_size=256, weight_decay=0.0001, weights=None, workers=16, world_size=1)
Loading data
Loading training data
Took 0.16295170783996582
Loading validation data
Creating data loaders
Creating model
Start training
Epoch: [0]  [  0/296]  eta: 0:37:20  lr: 0.025  img/s: 11.446985750896854  loss: 2.2544 (2.2544)  acc1: 12.5000 (12.5000)  acc5: 59.3750 (59.3750)  time: 7.5707  data: 4.7751  max mem: 3152
Epoch: [0]  [ 10/296]  eta: 0:03:23  lr: 0.025  img/s: 1290.4682184852943  loss: 2.7162 (2.7054)  acc1: 12.5000 (12.5000)  acc5: 53.1250 (52.8409)  time: 0.7106  data: 0.4342  max mem: 3152
Epoch: [0]  [ 20/296]  eta: 0:02:09  lr: 0.025  img/s: 1146.229369315513  loss: 3.0169 (3.0164)  acc1: 12.5000 (13.8393)  acc5: 53.1250 (54.0179)  time: 0.1141  data: 0.0897  max mem: 3152
Epoch: [0]  [ 30/296]  eta: 0:01:35  lr: 0.025  img/s: 1258.8065239207301  loss: 2.9538 (2.9502)  acc1: 12.5000 (14.3145)  acc5: 59.3750 (56.1492)  time: 0.1636  data: 0.1381  max mem: 3152
Epoch: [0]  [ 40/296]  eta: 0:01:40  lr: 0.025  img/s: 1272.6764206673556  loss: 2.6918 (2.8936)  acc1: 15.6250 (15.3201)  acc5: 59.3750 (57.4695)  time: 0.3126  data: 0.2865  max mem: 3152
Epoch: [0]  [ 50/296]  eta: 0:01:25  lr: 0.025  img/s: 1307.78259768099  loss: 2.6268 (2.8266)  acc1: 15.6250 (15.8088)  acc5: 62.5000 (57.8431)  time: 0.3362  data: 0.3111  max mem: 3152
Epoch: [0]  [ 60/296]  eta: 0:01:17  lr: 0.025  img/s: 1228.7737505607486  loss: 2.5641 (2.7660)  acc1: 18.7500 (16.3422)  acc5: 62.5000 (59.1189)  time: 0.1963  data: 0.1705  max mem: 3152
Epoch: [0]  [ 70/296]  eta: 0:01:19  lr: 0.025  img/s: 1203.1206009430073  loss: 2.4123 (2.7130)  acc1: 15.6250 (16.4613)  acc5: 65.6250 (59.7711)  time: 0.3623  data: 0.3341  max mem: 3152
Epoch: [0]  [ 80/296]  eta: 0:01:07  lr: 0.025  img/s: 1308.8028083861532  loss: 2.3616 (2.6705)  acc1: 15.6250 (17.2068)  acc5: 62.5000 (60.3009)  time: 0.2642  data: 0.2367  max mem: 3152
Epoch: [0]  [ 90/296]  eta: 0:01:07  lr: 0.025  img/s: 1288.7335016851182  loss: 2.2278 (2.6144)  acc1: 25.0000 (18.0975)  acc5: 68.7500 (61.6758)  time: 0.2367  data: 0.2106  max mem: 3152
Epoch: [0]  [100/296]  eta: 0:01:04  lr: 0.025  img/s: 1023.2739526550528  loss: 2.1618 (2.5719)  acc1: 21.8750 (18.6572)  acc5: 71.8750 (62.8094)  time: 0.4042  data: 0.3783  max mem: 3152
Epoch: [0]  [110/296]  eta: 0:00:56  lr: 0.025  img/s: 863.5419071332523  loss: 2.1602 (2.5313)  acc1: 25.0000 (19.4538)  acc5: 71.8750 (63.8232)  time: 0.1971  data: 0.1677  max mem: 3152
Epoch: [0]  [120/296]  eta: 0:00:55  lr: 0.025  img/s: 1291.0143801160027  loss: 2.0887 (2.4861)  acc1: 28.1250 (20.2738)  acc5: 75.0000 (65.0052)  time: 0.2327  data: 0.2011  max mem: 3152
Epoch: [0]  [130/296]  eta: 0:00:50  lr: 0.025  img/s: 1363.3916541383935  loss: 2.0367 (2.4504)  acc1: 28.1250 (20.9685)  acc5: 75.0000 (65.7681)  time: 0.3076  data: 0.2808  max mem: 3152
Epoch: [0]  [140/296]  eta: 0:00:45  lr: 0.025  img/s: 1290.1209016196472  loss: 2.0380 (2.4290)  acc1: 25.0000 (21.4317)  acc5: 75.0000 (66.2234)  time: 0.1579  data: 0.1334  max mem: 3152
Epoch: [0]  [150/296]  eta: 0:00:44  lr: 0.025  img/s: 1275.4459480006083  loss: 2.0434 (2.4013)  acc1: 28.1250 (21.8129)  acc5: 75.0000 (67.0944)  time: 0.3072  data: 0.2821  max mem: 3152
Epoch: [0]  [160/296]  eta: 0:00:39  lr: 0.025  img/s: 1331.340171007995  loss: 1.9930 (2.3740)  acc1: 28.1250 (22.4379)  acc5: 78.1250 (67.6436)  time: 0.2530  data: 0.2284  max mem: 3152
Epoch: [0]  [170/296]  eta: 0:00:36  lr: 0.025  img/s: 1274.7796784028417  loss: 1.9344 (2.3460)  acc1: 31.2500 (23.0811)  acc5: 78.1250 (68.4942)  time: 0.2071  data: 0.1827  max mem: 3152
Epoch: [0]  [180/296]  eta: 0:00:33  lr: 0.025  img/s: 1264.3918908734645  loss: 1.9637 (2.3252)  acc1: 31.2500 (23.5843)  acc5: 78.1250 (69.0953)  time: 0.3135  data: 0.2888  max mem: 3152
Epoch: [0]  [190/296]  eta: 0:00:29  lr: 0.025  img/s: 1353.9703618517285  loss: 1.9682 (2.3093)  acc1: 31.2500 (24.0674)  acc5: 78.1250 (69.6335)  time: 0.1361  data: 0.1118  max mem: 3152
Epoch: [0]  [200/296]  eta: 0:00:27  lr: 0.025  img/s: 1257.6270157323163  loss: 1.8848 (2.2860)  acc1: 34.3750 (24.8134)  acc5: 81.2500 (70.3358)  time: 0.2289  data: 0.2047  max mem: 3152
Epoch: [0]  [210/296]  eta: 0:00:23  lr: 0.025  img/s: 1310.4000781059312  loss: 1.8719 (2.2700)  acc1: 34.3750 (25.1185)  acc5: 81.2500 (70.7790)  time: 0.2569  data: 0.2325  max mem: 3152
Epoch: [0]  [220/296]  eta: 0:00:20  lr: 0.025  img/s: 1324.6782799222274  loss: 1.9867 (2.2580)  acc1: 31.2500 (25.4525)  acc5: 81.2500 (71.2387)  time: 0.1262  data: 0.1016  max mem: 3152
Epoch: [0]  [230/296]  eta: 0:00:17  lr: 0.025  img/s: 1331.142111892412  loss: 1.8567 (2.2385)  acc1: 37.5000 (26.0146)  acc5: 84.3750 (71.8074)  time: 0.2158  data: 0.1914  max mem: 3152
Epoch: [0]  [240/296]  eta: 0:00:14  lr: 0.025  img/s: 1263.9394293247951  loss: 1.7832 (2.2254)  acc1: 37.5000 (26.5301)  acc5: 81.2500 (72.1732)  time: 0.1983  data: 0.1734  max mem: 3152
Epoch: [0]  [250/296]  eta: 0:00:12  lr: 0.025  img/s: 1138.0459736978216  loss: 1.8989 (2.2116)  acc1: 34.3750 (26.8675)  acc5: 78.1250 (72.3606)  time: 0.2581  data: 0.2325  max mem: 3152
Epoch: [0]  [260/296]  eta: 0:00:09  lr: 0.025  img/s: 1033.2706780809262  loss: 1.9100 (2.2028)  acc1: 34.3750 (27.0594)  acc5: 75.0000 (72.5934)  time: 0.2109  data: 0.1846  max mem: 3152
Epoch: [0]  [270/296]  eta: 0:00:06  lr: 0.025  img/s: 1354.024998738966  loss: 1.8368 (2.1873)  acc1: 37.5000 (27.5023)  acc5: 84.3750 (73.0512)  time: 0.1825  data: 0.1536  max mem: 3152
Epoch: [0]  [280/296]  eta: 0:00:04  lr: 0.025  img/s: 1287.9296818024795  loss: 1.7342 (2.1725)  acc1: 37.5000 (27.8803)  acc5: 87.5000 (73.5765)  time: 0.2606  data: 0.2325  max mem: 3152
Epoch: [0]  [290/296]  eta: 0:00:01  lr: 0.025  img/s: 1335.6858467846266  loss: 1.6830 (2.1572)  acc1: 37.5000 (28.4257)  acc5: 84.3750 (73.9261)  time: 0.1143  data: 0.0895  max mem: 3152
Epoch: [0] Total time: 0:01:14
Test:   [  0/123]  eta: 0:11:22  loss: 1.6382 (1.6382)  acc1: 62.5000 (62.5000)  acc5: 90.6250 (90.6250)  time: 5.5456  data: 5.5325  max mem: 3152
Test:   [100/123]  eta: 0:00:04  loss: 2.7206 (1.9156)  acc1: 6.2500 (36.2314)  acc5: 75.0000 (85.3960)  time: 0.1310  data: 0.1224  max mem: 3152
Test:  Total time: 0:00:23
Test:  Acc@1 39.873 Acc@5 85.682
Epoch: [1]  [  0/296]  eta: 0:03:14  lr: 0.024975334105353394  img/s: 1008.5264684445045  loss: 1.7289 (1.7289)  acc1: 40.6250 (40.6250)  acc5: 90.6250 (90.6250)  time: 0.6559  data: 0.6242  max mem: 3152
Epoch: [1]  [ 10/296]  eta: 0:00:26  lr: 0.024975334105353394  img/s: 1278.1910367026646  loss: 1.7289 (1.7065)  acc1: 43.7500 (43.1818)  acc5: 90.6250 (89.2045)  time: 0.0931  data: 0.0680  max mem: 3152
Epoch: [1]  [ 20/296]  eta: 0:00:16  lr: 0.024975334105353394  img/s: 1103.8277532423742  loss: 1.7077 (1.7190)  acc1: 40.6250 (42.1131)  acc5: 87.5000 (86.9048)  time: 0.0315  data: 0.0063  max mem: 3152
Epoch: [1]  [ 30/296]  eta: 0:00:13  lr: 0.024975334105353394  img/s: 1291.921532390028  loss: 1.7273 (1.7595)  acc1: 37.5000 (41.0282)  acc5: 81.2500 (85.5847)  time: 0.0252  data: 0.0001  max mem: 3152
Epoch: [1]  [ 40/296]  eta: 0:00:11  lr: 0.024975334105353394  img/s: 1317.513428616303  loss: 1.7866 (1.7641)  acc1: 37.5000 (40.4726)  acc5: 81.2500 (85.3659)  time: 0.0244  data: 0.0001  max mem: 3152
Epoch: [1]  [ 50/296]  eta: 0:00:09  lr: 0.024975334105353394  img/s: 1238.0110317855629  loss: 1.7866 (1.7709)  acc1: 37.5000 (39.3995)  acc5: 84.3750 (85.3554)  time: 0.0250  data: 0.0001  max mem: 3152
Epoch: [1]  [ 60/296]  eta: 0:00:08  lr: 0.024975334105353394  img/s: 1266.4439328175126  loss: 1.7212 (1.7463)  acc1: 37.5000 (40.4713)  acc5: 87.5000 (85.9119)  time: 0.0258  data: 0.0001  max mem: 3152
Epoch: [1]  [ 70/296]  eta: 0:00:08  lr: 0.024975334105353394  img/s: 1230.091355671237  loss: 1.6638 (1.7499)  acc1: 43.7500 (40.4930)  acc5: 87.5000 (85.9155)  time: 0.0260  data: 0.0001  max mem: 3152
Epoch: [1]  [ 80/296]  eta: 0:00:07  lr: 0.024975334105353394  img/s: 1233.686857731125  loss: 1.6915 (1.7394)  acc1: 43.7500 (40.9722)  acc5: 84.3750 (85.9954)  time: 0.0261  data: 0.0001  max mem: 3152
Epoch: [1]  [ 90/296]  eta: 0:00:06  lr: 0.024975334105353394  img/s: 1309.7990475446952  loss: 1.6915 (1.7326)  acc1: 43.7500 (41.4835)  acc5: 84.3750 (85.9547)  time: 0.0254  data: 0.0001  max mem: 3152
Epoch: [1]  [100/296]  eta: 0:00:06  lr: 0.024975334105353394  img/s: 1322.9677877222725  loss: 1.6894 (1.7239)  acc1: 43.7500 (42.0483)  acc5: 84.3750 (86.2314)  time: 0.0248  data: 0.0001  max mem: 3152
Epoch: [1]  [110/296]  eta: 0:00:05  lr: 0.024975334105353394  img/s: 1242.7682478541467  loss: 1.6894 (1.7198)  acc1: 43.7500 (42.2860)  acc5: 84.3750 (86.3176)  time: 0.0248  data: 0.0001  max mem: 3152
Epoch: [1]  [120/296]  eta: 0:00:05  lr: 0.024975334105353394  img/s: 1244.681386959465  loss: 1.7928 (1.7241)  acc1: 43.7500 (42.3554)  acc5: 84.3750 (86.2087)  time: 0.0255  data: 0.0001  max mem: 3152
Epoch: [1]  [130/296]  eta: 0:00:05  lr: 0.024975334105353394  img/s: 1276.6834205269665  loss: 1.7928 (1.7216)  acc1: 40.6250 (42.4857)  acc5: 84.3750 (86.1880)  time: 0.0258  data: 0.0001  max mem: 3152
Epoch: [1]  [140/296]  eta: 0:00:04  lr: 0.024975334105353394  img/s: 1255.9676598293158  loss: 1.4981 (1.7069)  acc1: 46.8750 (42.9965)  acc5: 87.5000 (86.3254)  time: 0.0257  data: 0.0001  max mem: 3152
Epoch: [1]  [150/296]  eta: 0:00:04  lr: 0.024975334105353394  img/s: 1228.6950089714014  loss: 1.4952 (1.7045)  acc1: 46.8750 (43.2119)  acc5: 87.5000 (86.4031)  time: 0.0256  data: 0.0001  max mem: 3152
Epoch: [1]  [160/296]  eta: 0:00:04  lr: 0.024975334105353394  img/s: 1289.8977251977358  loss: 1.6211 (1.7048)  acc1: 43.7500 (43.2453)  acc5: 87.5000 (86.4130)  time: 0.0254  data: 0.0001  max mem: 3152
Epoch: [1]  [170/296]  eta: 0:00:03  lr: 0.024975334105353394  img/s: 1324.7567290134728  loss: 1.5967 (1.7029)  acc1: 43.7500 (43.2931)  acc5: 84.3750 (86.3121)  time: 0.0250  data: 0.0001  max mem: 3152
Epoch: [1]  [180/296]  eta: 0:00:03  lr: 0.024975334105353394  img/s: 1320.3258865771481  loss: 1.6980 (1.7027)  acc1: 43.7500 (43.4047)  acc5: 84.3750 (86.2224)  time: 0.0245  data: 0.0001  max mem: 3152
Epoch: [1]  [190/296]  eta: 0:00:03  lr: 0.024975334105353394  img/s: 1285.9676346877964  loss: 1.6980 (1.6971)  acc1: 43.7500 (43.5373)  acc5: 87.5000 (86.3384)  time: 0.0246  data: 0.0001  max mem: 3152
Epoch: [1]  [200/296]  eta: 0:00:02  lr: 0.024975334105353394  img/s: 1315.0993836898265  loss: 1.6067 (1.6903)  acc1: 46.8750 (43.9521)  acc5: 87.5000 (86.4583)  time: 0.0247  data: 0.0002  max mem: 3152
Epoch: [1]  [210/296]  eta: 0:00:02  lr: 0.024975334105353394  img/s: 1317.9274155538099  loss: 1.5926 (1.6849)  acc1: 50.0000 (44.0610)  acc5: 90.6250 (86.6558)  time: 0.0246  data: 0.0002  max mem: 3152
Epoch: [1]  [220/296]  eta: 0:00:02  lr: 0.024975334105353394  img/s: 1312.8225673930906  loss: 1.5137 (1.6781)  acc1: 50.0000 (44.2590)  acc5: 90.6250 (86.8495)  time: 0.0245  data: 0.0001  max mem: 3152
Epoch: [1]  [230/296]  eta: 0:00:01  lr: 0.024975334105353394  img/s: 1323.0069098758981  loss: 1.4937 (1.6715)  acc1: 50.0000 (44.4264)  acc5: 90.6250 (86.9724)  time: 0.0245  data: 0.0001  max mem: 3152
Epoch: [1]  [240/296]  eta: 0:00:01  lr: 0.024975334105353394  img/s: 1279.6534141830177  loss: 1.5665 (1.6677)  acc1: 43.7500 (44.5799)  acc5: 90.6250 (87.1369)  time: 0.0246  data: 0.0001  max mem: 3152
Epoch: [1]  [250/296]  eta: 0:00:01  lr: 0.024975334105353394  img/s: 1230.147726543668  loss: 1.5803 (1.6636)  acc1: 46.8750 (44.7087)  acc5: 90.6250 (87.1763)  time: 0.0251  data: 0.0001  max mem: 3152
Epoch: [1]  [260/296]  eta: 0:00:01  lr: 0.024975334105353394  img/s: 1314.2108726304245  loss: 1.6801 (1.6665)  acc1: 40.6250 (44.6240)  acc5: 87.5000 (87.0809)  time: 0.0254  data: 0.0001  max mem: 3152
Epoch: [1]  [270/296]  eta: 0:00:00  lr: 0.024975334105353394  img/s: 1329.6783039429365  loss: 1.5897 (1.6619)  acc1: 40.6250 (44.6264)  acc5: 87.5000 (87.2117)  time: 0.0247  data: 0.0001  max mem: 3152
Epoch: [1]  [280/296]  eta: 0:00:00  lr: 0.024975334105353394  img/s: 1340.9704066340294  loss: 1.4511 (1.6549)  acc1: 46.8750 (44.8399)  acc5: 90.6250 (87.3554)  time: 0.0242  data: 0.0001  max mem: 3152
Epoch: [1]  [290/296]  eta: 0:00:00  lr: 0.024975334105353394  img/s: 1340.5284300310618  loss: 1.4511 (1.6504)  acc1: 50.0000 (45.0387)  acc5: 87.5000 (87.3174)  time: 0.0241  data: 0.0000  max mem: 3152
Epoch: [1] Total time: 0:00:08
Test:   [  0/123]  eta: 0:01:19  loss: 0.9871 (0.9871)  acc1: 68.7500 (68.7500)  acc5: 93.7500 (93.7500)  time: 0.6487  data: 0.6404  max mem: 3152
Test:   [100/123]  eta: 0:00:00  loss: 1.8030 (1.4333)  acc1: 43.7500 (51.5161)  acc5: 84.3750 (91.3057)  time: 0.0120  data: 0.0037  max mem: 3152
Test:  Total time: 0:00:02
Test:  Acc@1 52.306 Acc@5 91.185
Epoch: [2]  [  0/296]  eta: 0:02:48  lr: 0.024901433766430975  img/s: 1228.89750773682  loss: 1.7553 (1.7553)  acc1: 37.5000 (37.5000)  acc5: 84.3750 (84.3750)  time: 0.5677  data: 0.5416  max mem: 3152
Epoch: [2]  [ 10/296]  eta: 0:00:24  lr: 0.024901433766430975  img/s: 1205.1515488910838  loss: 1.7391 (1.6161)  acc1: 43.7500 (45.1705)  acc5: 87.5000 (88.3523)  time: 0.0868  data: 0.0608  max mem: 3152
Epoch: [2]  [ 20/296]  eta: 0:00:16  lr: 0.024901433766430975  img/s: 1218.5327607651593  loss: 1.6044 (1.5769)  acc1: 43.7500 (46.5774)  acc5: 87.5000 (88.5417)  time: 0.0326  data: 0.0064  max mem: 3152
Epoch: [2]  [ 30/296]  eta: 0:00:12  lr: 0.024901433766430975  img/s: 1235.0945799208614  loss: 1.4247 (1.5295)  acc1: 50.0000 (48.4879)  acc5: 90.6250 (89.4153)  time: 0.0262  data: 0.0002  max mem: 3152
Epoch: [2]  [ 40/296]  eta: 0:00:10  lr: 0.024901433766430975  img/s: 1228.526310971982  loss: 1.5230 (1.5452)  acc1: 50.0000 (49.0854)  acc5: 90.6250 (89.1006)  time: 0.0261  data: 0.0002  max mem: 3152
Epoch: [2]  [ 50/296]  eta: 0:00:09  lr: 0.024901433766430975  img/s: 1258.6412596003263  loss: 1.5180 (1.5290)  acc1: 46.8750 (48.8358)  acc5: 90.6250 (89.6446)  time: 0.0261  data: 0.0001  max mem: 3152
Epoch: [2]  [ 60/296]  eta: 0:00:08  lr: 0.024901433766430975  img/s: 1308.4710653564186  loss: 1.4179 (1.5071)  acc1: 53.1250 (49.8463)  acc5: 90.6250 (89.8053)  time: 0.0267  data: 0.0001  max mem: 3152
Epoch: [2]  [ 70/296]  eta: 0:00:08  lr: 0.024901433766430975  img/s: 874.018181344586  loss: 1.4148 (1.5032)  acc1: 53.1250 (50.2641)  acc5: 90.6250 (89.8768)  time: 0.0275  data: 0.0002  max mem: 3152
Epoch: [2]  [ 80/296]  eta: 0:00:07  lr: 0.024901433766430975  img/s: 1322.6939974180325  loss: 1.4790 (1.4980)  acc1: 50.0000 (50.3858)  acc5: 90.6250 (90.1235)  time: 0.0273  data: 0.0002  max mem: 3152
Epoch: [2]  [ 90/296]  eta: 0:00:06  lr: 0.024901433766430975  img/s: 1269.3664220322312  loss: 1.5017 (1.5038)  acc1: 50.0000 (50.3777)  acc5: 90.6250 (90.1442)  time: 0.0261  data: 0.0002  max mem: 3152
Epoch: [2]  [100/296]  eta: 0:00:06  lr: 0.024901433766430975  img/s: 1312.976678666458  loss: 1.4823 (1.5040)  acc1: 50.0000 (50.2166)  acc5: 90.6250 (90.1300)  time: 0.0250  data: 0.0002  max mem: 3152
Epoch: [2]  [110/296]  eta: 0:00:06  lr: 0.024901433766430975  img/s: 1301.8082074858635  loss: 1.4430 (1.5018)  acc1: 50.0000 (50.1408)  acc5: 93.7500 (90.4279)  time: 0.0259  data: 0.0002  max mem: 3152
Epoch: [2]  [120/296]  eta: 0:00:05  lr: 0.024901433766430975  img/s: 1298.77230941921  loss: 1.5619 (1.5075)  acc1: 50.0000 (49.8709)  acc5: 90.6250 (90.1343)  time: 0.0258  data: 0.0002  max mem: 3152
Epoch: [2]  [130/296]  eta: 0:00:05  lr: 0.024901433766430975  img/s: 1242.2621363716298  loss: 1.4944 (1.4975)  acc1: 50.0000 (50.3817)  acc5: 90.6250 (90.2672)  time: 0.0249  data: 0.0001  max mem: 3152
Epoch: [2]  [140/296]  eta: 0:00:04  lr: 0.024901433766430975  img/s: 1326.5111829296013  loss: 1.3293 (1.4998)  acc1: 56.2500 (50.3103)  acc5: 90.6250 (90.1374)  time: 0.0248  data: 0.0001  max mem: 3152
Epoch: [2]  [150/296]  eta: 0:00:04  lr: 0.024901433766430975  img/s: 1289.0057911164465  loss: 1.3721 (1.4960)  acc1: 53.1250 (50.6829)  acc5: 90.6250 (90.2111)  time: 0.0248  data: 0.0001  max mem: 3152
Epoch: [2]  [160/296]  eta: 0:00:04  lr: 0.024901433766430975  img/s: 1312.1166867075306  loss: 1.4501 (1.4963)  acc1: 53.1250 (50.5435)  acc5: 90.6250 (90.1786)  time: 0.0251  data: 0.0002  max mem: 3152
Epoch: [2]  [170/296]  eta: 0:00:03  lr: 0.024901433766430975  img/s: 1261.7887206099406  loss: 1.4559 (1.4946)  acc1: 46.8750 (50.3472)  acc5: 90.6250 (90.3326)  time: 0.0249  data: 0.0002  max mem: 3152
Epoch: [2]  [180/296]  eta: 0:00:03  lr: 0.024901433766430975  img/s: 1308.4200428933516  loss: 1.4559 (1.4924)  acc1: 46.8750 (50.4316)  acc5: 93.7500 (90.5041)  time: 0.0250  data: 0.0002  max mem: 3152
Epoch: [2]  [190/296]  eta: 0:00:03  lr: 0.024901433766430975  img/s: 1309.3901506282682  loss: 1.4759 (1.4972)  acc1: 50.0000 (50.4418)  acc5: 93.7500 (90.4777)  time: 0.0251  data: 0.0002  max mem: 3152
Epoch: [2]  [200/296]  eta: 0:00:02  lr: 0.024901433766430975  img/s: 1316.1052352889265  loss: 1.3823 (1.4910)  acc1: 53.1250 (50.7307)  acc5: 90.6250 (90.5162)  time: 0.0248  data: 0.0001  max mem: 3152
Epoch: [2]  [210/296]  eta: 0:00:02  lr: 0.024901433766430975  img/s: 1291.3994534888195  loss: 1.3497 (1.4848)  acc1: 56.2500 (50.8886)  acc5: 90.6250 (90.4769)  time: 0.0247  data: 0.0001  max mem: 3152
Epoch: [2]  [220/296]  eta: 0:00:02  lr: 0.024901433766430975  img/s: 1312.0012512218964  loss: 1.2817 (1.4851)  acc1: 53.1250 (50.8060)  acc5: 87.5000 (90.4553)  time: 0.0248  data: 0.0001  max mem: 3152
Epoch: [2]  [230/296]  eta: 0:00:01  lr: 0.024901433766430975  img/s: 1306.7003650878644  loss: 1.4229 (1.4815)  acc1: 50.0000 (50.9470)  acc5: 90.6250 (90.5303)  time: 0.0250  data: 0.0002  max mem: 3152
Epoch: [2]  [240/296]  eta: 0:00:01  lr: 0.024901433766430975  img/s: 1226.505542305197  loss: 1.4229 (1.4784)  acc1: 56.2500 (51.1929)  acc5: 93.7500 (90.5342)  time: 0.0263  data: 0.0002  max mem: 3152
Epoch: [2]  [250/296]  eta: 0:00:01  lr: 0.024901433766430975  img/s: 1281.9022368245114  loss: 1.3803 (1.4755)  acc1: 56.2500 (51.3446)  acc5: 90.6250 (90.5627)  time: 0.0263  data: 0.0002  max mem: 3152
Epoch: [2]  [260/296]  eta: 0:00:01  lr: 0.024901433766430975  img/s: 1306.0391760000778  loss: 1.3788 (1.4743)  acc1: 53.1250 (51.3530)  acc5: 90.6250 (90.5891)  time: 0.0248  data: 0.0001  max mem: 3152
Epoch: [2]  [270/296]  eta: 0:00:00  lr: 0.024901433766430975  img/s: 1243.6779836916235  loss: 1.3259 (1.4677)  acc1: 53.1250 (51.3838)  acc5: 90.6250 (90.6827)  time: 0.0246  data: 0.0001  max mem: 3152
Epoch: [2]  [280/296]  eta: 0:00:00  lr: 0.024901433766430975  img/s: 1341.0106007773238  loss: 1.3291 (1.4670)  acc1: 56.2500 (51.3790)  acc5: 93.7500 (90.6695)  time: 0.0244  data: 0.0001  max mem: 3152
Epoch: [2]  [290/296]  eta: 0:00:00  lr: 0.024901433766430975  img/s: 1350.3876368319382  loss: 1.4289 (1.4681)  acc1: 50.0000 (51.3746)  acc5: 93.7500 (90.6894)  time: 0.0242  data: 0.0000  max mem: 3152
Epoch: [2] Total time: 0:00:08
Test:   [  0/123]  eta: 0:01:36  loss: 0.9155 (0.9155)  acc1: 78.1250 (78.1250)  acc5: 90.6250 (90.6250)  time: 0.7816  data: 0.7733  max mem: 3152
Test:   [100/123]  eta: 0:00:00  loss: 0.8805 (1.5400)  acc1: 75.0000 (49.1646)  acc5: 93.7500 (90.4084)  time: 0.0168  data: 0.0085  max mem: 3152
Test:  Total time: 0:00:02
Test:  Acc@1 49.401 Acc@5 89.452
